<?xml version="1.0" encoding="UTF-8"?>
<testsuites name="Login_Registration" time="177" tests="13" failures="0" errors="0">
   <testsuite name="Login_Registration" tests="13" failures="0" errors="0" time="177" timestamp="2018-03-23 16:12:17" hostname="user - BrainPc" id="Test Suites/Login_Registration">
      <properties>
         <property name="deviceName" value=""/>
         <property name="devicePlatform" value=""/>
         <property name="logFolder" value="C:\\Users\\user\\Katalon Studio\\Route_report_WEB\\Reports\\Login_Registration\\20180323_161215"/>
         <property name="logFiles" value="C:\\Users\\user\\Katalon Studio\\Route_report_WEB\\Reports\\Login_Registration\\20180323_161215\\execution0.log"/>
         <property name="attachments" value=""/>
         <property name="hostName" value="user - BrainPc"/>
         <property name="os" value="Windows 8.1 64bit"/>
         <property name="katalonVersion" value="5.3.1.1"/>
         <property name="browser" value="Chrome 65.0.3325.181"/>
         <property name="hostAddress" value="10.1.2.105"/>
         <property name="sessionId" value="7257aaffde55779b426b031a2d8353ee"/>
         <property name="seleniumVersion" value="3.7.1"/>
         <property name="proxyInformation" value="ProxyInformation{proxyOption=NO_PROXY, proxyServerType=HTTP, password=, proxyServerAddress=, proxyServerPort=0}"/>
         <property name="platform" value="Windows 8.1"/>
      </properties>
      <testcase name="Test Cases/Login_Registration_Test_Cases/Login_Reg-Login with a valid email and password" classname="Test Cases/Login_Registration_Test_Cases/Login_Reg-Login with a valid email and password" status="PASSED">
         <system-out><![CDATA[2018-03-23 16:12:17 - [TEST_CASE][PASSED] - Test Cases/Login_Registration_Test_Cases/Login_Reg-Login with a valid email and password: Test Cases/Login_Registration_Test_Cases/Login_Reg-Login with a valid email and password

2018-03-23 16:12:18 - [TEST_STEP][PASSED] - openBrowser: Browser is opened with url: ''

2018-03-23 16:12:21 - [MESSAGE][PASSED] - Browser is opened with url: ''

2018-03-23 16:12:21 - [TEST_STEP][PASSED] - navigateToUrl: Navigate to 'https://www.route-report.com/' successfully

2018-03-23 16:12:26 - [MESSAGE][PASSED] - Navigate to 'https://www.route-report.com/' successfully

2018-03-23 16:12:26 - [TEST_STEP][PASSED] - maximizeWindow: Current window maximized

2018-03-23 16:12:27 - [MESSAGE][PASSED] - Current window maximized

2018-03-23 16:12:27 - [TEST_STEP][PASSED] - click: Object: 'Object Repository/Login_registration/span_Login' is clicked on

2018-03-23 16:12:27 - [MESSAGE][PASSED] - Object: 'Object Repository/Login_registration/span_Login' is clicked on

2018-03-23 16:12:27 - [TEST_STEP][PASSED] - setText: Text 'rostyslav.biliaiev@route-report.com' is set on object 'Object Repository/Login_registration/input_in_login'

2018-03-23 16:12:28 - [MESSAGE][PASSED] - Text 'rostyslav.biliaiev@route-report.com' is set on object 'Object Repository/Login_registration/input_in_login'

2018-03-23 16:12:28 - [TEST_STEP][PASSED] - setText: Text '111111' is set on object 'Object Repository/Login_registration/input_in_password'

2018-03-23 16:12:29 - [MESSAGE][PASSED] - Text '111111' is set on object 'Object Repository/Login_registration/input_in_password'

2018-03-23 16:12:29 - [TEST_STEP][PASSED] - click: Object: 'Object Repository/Login_registration/button_LOG IN' is clicked on

2018-03-23 16:12:29 - [MESSAGE][PASSED] - Object: 'Object Repository/Login_registration/button_LOG IN' is clicked on

2018-03-23 16:12:29 - [TEST_STEP][PASSED] - verifyElementPresent: Object 'Object Repository/Login_registration/span_My spoken languages' is present

2018-03-23 16:12:34 - [MESSAGE][PASSED] - Object 'Object Repository/Login_registration/span_My spoken languages' is present

2018-03-23 16:12:34 - [TEST_STEP][PASSED] - closeBrowser: Browser is closed

2018-03-23 16:12:34 - [MESSAGE][PASSED] - Browser is closed]]></system-out>
         <system-err><![CDATA[]]></system-err>
      </testcase>
      <testcase name="Test Cases/Login_Registration_Test_Cases/Login_Reg-Log in with incorrect invalid email or password" classname="Test Cases/Login_Registration_Test_Cases/Login_Reg-Log in with incorrect invalid email or password" status="PASSED">
         <system-out><![CDATA[2018-03-23 16:12:34 - [TEST_CASE][PASSED] - Test Cases/Login_Registration_Test_Cases/Login_Reg-Log in with incorrect invalid email or password: Test Cases/Login_Registration_Test_Cases/Login_Reg-Log in with incorrect invalid email or password

2018-03-23 16:12:35 - [TEST_STEP][PASSED] - openBrowser: Browser is opened with url: ''

2018-03-23 16:12:37 - [MESSAGE][PASSED] - Browser is opened with url: ''

2018-03-23 16:12:37 - [TEST_STEP][PASSED] - navigateToUrl: Navigate to 'https://www.route-report.com/' successfully

2018-03-23 16:12:40 - [MESSAGE][PASSED] - Navigate to 'https://www.route-report.com/' successfully

2018-03-23 16:12:40 - [TEST_STEP][PASSED] - maximizeWindow: Current window maximized

2018-03-23 16:12:41 - [MESSAGE][PASSED] - Current window maximized

2018-03-23 16:12:41 - [TEST_STEP][PASSED] - click: Object: 'Object Repository/Login_registration/span_Login' is clicked on

2018-03-23 16:12:41 - [MESSAGE][PASSED] - Object: 'Object Repository/Login_registration/span_Login' is clicked on

2018-03-23 16:12:41 - [TEST_STEP][PASSED] - setText: Text 'wrongmail@mail.mail' is set on object 'Object Repository/Login_registration/input_in_login'

2018-03-23 16:12:43 - [MESSAGE][PASSED] - Text 'wrongmail@mail.mail' is set on object 'Object Repository/Login_registration/input_in_login'

2018-03-23 16:12:43 - [TEST_STEP][PASSED] - setText: Text '1111111' is set on object 'Object Repository/Login_registration/input_in_password'

2018-03-23 16:12:43 - [MESSAGE][PASSED] - Text '1111111' is set on object 'Object Repository/Login_registration/input_in_password'

2018-03-23 16:12:43 - [TEST_STEP][PASSED] - click: Object: 'Object Repository/Login_registration/button_LOG IN' is clicked on

2018-03-23 16:12:43 - [MESSAGE][PASSED] - Object: 'Object Repository/Login_registration/button_LOG IN' is clicked on

2018-03-23 16:12:43 - [TEST_STEP][PASSED] - verifyElementPresent: Object 'Object Repository/Login_registration/Error_message_Verify_pass_and_email' is present

2018-03-23 16:12:44 - [MESSAGE][PASSED] - Object 'Object Repository/Login_registration/Error_message_Verify_pass_and_email' is present

2018-03-23 16:12:44 - [TEST_STEP][PASSED] - closeBrowser: Browser is closed

2018-03-23 16:12:45 - [MESSAGE][PASSED] - Browser is closed]]></system-out>
         <system-err><![CDATA[]]></system-err>
      </testcase>
      <testcase name="Test Cases/Login_Registration_Test_Cases/Login_Reg-Entering non-valid mail in the mail input field" classname="Test Cases/Login_Registration_Test_Cases/Login_Reg-Entering non-valid mail in the mail input field" status="PASSED">
         <system-out><![CDATA[2018-03-23 16:12:45 - [TEST_CASE][PASSED] - Test Cases/Login_Registration_Test_Cases/Login_Reg-Entering non-valid mail in the mail input field: Test Cases/Login_Registration_Test_Cases/Login_Reg-Entering non-valid mail in the mail input field

2018-03-23 16:12:45 - [TEST_STEP][PASSED] - openBrowser: Browser is opened with url: ''

2018-03-23 16:12:51 - [MESSAGE][PASSED] - Browser is opened with url: ''

2018-03-23 16:12:51 - [TEST_STEP][PASSED] - navigateToUrl: Navigate to 'https://www.route-report.com/' successfully

2018-03-23 16:12:57 - [MESSAGE][PASSED] - Navigate to 'https://www.route-report.com/' successfully

2018-03-23 16:12:57 - [TEST_STEP][PASSED] - maximizeWindow: Current window maximized

2018-03-23 16:12:58 - [MESSAGE][PASSED] - Current window maximized

2018-03-23 16:12:58 - [TEST_STEP][PASSED] - click: Object: 'Object Repository/Login_registration/a_JOIN US NOW' is clicked on

2018-03-23 16:12:58 - [MESSAGE][PASSED] - Object: 'Object Repository/Login_registration/a_JOIN US NOW' is clicked on

2018-03-23 16:12:58 - [TEST_STEP][PASSED] - setText: Text 'sgfsjhdgf' is set on object 'Object Repository/Login_registration/input_in_login'

2018-03-23 16:12:59 - [MESSAGE][PASSED] - Text 'sgfsjhdgf' is set on object 'Object Repository/Login_registration/input_in_login'

2018-03-23 16:12:59 - [TEST_STEP][PASSED] - verifyElementPresent: Object 'Object Repository/Login_registration/Error_message_Please enter a valid email' is present

2018-03-23 16:13:00 - [MESSAGE][PASSED] - Object 'Object Repository/Login_registration/Error_message_Please enter a valid email' is present

2018-03-23 16:13:00 - [TEST_STEP][PASSED] - closeBrowser: Browser is closed

2018-03-23 16:13:01 - [MESSAGE][PASSED] - Browser is closed]]></system-out>
         <system-err><![CDATA[]]></system-err>
      </testcase>
      <testcase name="Test Cases/Login_Registration_Test_Cases/Login_Reg-Login with input only mail (no password)" classname="Test Cases/Login_Registration_Test_Cases/Login_Reg-Login with input only mail (no password)" status="PASSED">
         <system-out><![CDATA[2018-03-23 16:13:01 - [TEST_CASE][PASSED] - Test Cases/Login_Registration_Test_Cases/Login_Reg-Login with input only mail (no password): Test Cases/Login_Registration_Test_Cases/Login_Reg-Login with input only mail (no password)

2018-03-23 16:13:01 - [TEST_STEP][PASSED] - openBrowser: Browser is opened with url: ''

2018-03-23 16:13:07 - [MESSAGE][PASSED] - Browser is opened with url: ''

2018-03-23 16:13:07 - [TEST_STEP][PASSED] - navigateToUrl: Navigate to 'https://www.route-report.com/' successfully

2018-03-23 16:13:14 - [MESSAGE][PASSED] - Navigate to 'https://www.route-report.com/' successfully

2018-03-23 16:13:14 - [TEST_STEP][PASSED] - maximizeWindow: Current window maximized

2018-03-23 16:13:15 - [MESSAGE][PASSED] - Current window maximized

2018-03-23 16:13:15 - [TEST_STEP][PASSED] - click: Object: 'Object Repository/Login_registration/span_Login' is clicked on

2018-03-23 16:13:15 - [MESSAGE][PASSED] - Object: 'Object Repository/Login_registration/span_Login' is clicked on

2018-03-23 16:13:15 - [TEST_STEP][PASSED] - setText: Text 'rostyslav.biliaiev@route-report.com' is set on object 'Object Repository/Login_registration/input_in_login'

2018-03-23 16:13:16 - [MESSAGE][PASSED] - Text 'rostyslav.biliaiev@route-report.com' is set on object 'Object Repository/Login_registration/input_in_login'

2018-03-23 16:13:16 - [TEST_STEP][PASSED] - click: Object: 'Object Repository/Login_registration/button_LOG IN' is clicked on

2018-03-23 16:13:16 - [MESSAGE][PASSED] - Object: 'Object Repository/Login_registration/button_LOG IN' is clicked on

2018-03-23 16:13:16 - [TEST_STEP][PASSED] - verifyElementPresent: Object 'Object Repository/Login_registration/Error_message_Required field' is present

2018-03-23 16:13:16 - [MESSAGE][PASSED] - Object 'Object Repository/Login_registration/Error_message_Required field' is present

2018-03-23 16:13:16 - [TEST_STEP][PASSED] - closeBrowser: Browser is closed

2018-03-23 16:13:17 - [MESSAGE][PASSED] - Browser is closed]]></system-out>
         <system-err><![CDATA[]]></system-err>
      </testcase>
      <testcase name="Test Cases/Login_Registration_Test_Cases/Login_Reg-Login with password only (no mail)" classname="Test Cases/Login_Registration_Test_Cases/Login_Reg-Login with password only (no mail)" status="PASSED">
         <system-out><![CDATA[2018-03-23 16:13:17 - [TEST_CASE][PASSED] - Test Cases/Login_Registration_Test_Cases/Login_Reg-Login with password only (no mail): Test Cases/Login_Registration_Test_Cases/Login_Reg-Login with password only (no mail)

2018-03-23 16:13:17 - [TEST_STEP][PASSED] - openBrowser: Browser is opened with url: ''

2018-03-23 16:13:19 - [MESSAGE][PASSED] - Browser is opened with url: ''

2018-03-23 16:13:19 - [TEST_STEP][PASSED] - navigateToUrl: Navigate to 'https://www.route-report.com/' successfully

2018-03-23 16:13:23 - [MESSAGE][PASSED] - Navigate to 'https://www.route-report.com/' successfully

2018-03-23 16:13:23 - [TEST_STEP][PASSED] - maximizeWindow: Current window maximized

2018-03-23 16:13:24 - [MESSAGE][PASSED] - Current window maximized

2018-03-23 16:13:24 - [TEST_STEP][PASSED] - click: Object: 'Object Repository/Login_registration/span_Login' is clicked on

2018-03-23 16:13:24 - [MESSAGE][PASSED] - Object: 'Object Repository/Login_registration/span_Login' is clicked on

2018-03-23 16:13:24 - [TEST_STEP][PASSED] - setText: Text '111111' is set on object 'Object Repository/Login_registration/input_in_password'

2018-03-23 16:13:25 - [MESSAGE][PASSED] - Text '111111' is set on object 'Object Repository/Login_registration/input_in_password'

2018-03-23 16:13:25 - [TEST_STEP][PASSED] - delay: Delayed 2 second(s)

2018-03-23 16:13:27 - [MESSAGE][PASSED] - Delayed 2 second(s)

2018-03-23 16:13:27 - [TEST_STEP][PASSED] - click: Object: 'Object Repository/Login_registration/button_LOG IN' is clicked on

2018-03-23 16:13:27 - [MESSAGE][PASSED] - Object: 'Object Repository/Login_registration/button_LOG IN' is clicked on

2018-03-23 16:13:27 - [TEST_STEP][PASSED] - verifyElementPresent: Object 'Object Repository/Login_registration/Error_message_Required field' is present

2018-03-23 16:13:27 - [MESSAGE][PASSED] - Object 'Object Repository/Login_registration/Error_message_Required field' is present

2018-03-23 16:13:27 - [TEST_STEP][PASSED] - closeBrowser: Browser is closed

2018-03-23 16:13:28 - [MESSAGE][PASSED] - Browser is closed]]></system-out>
         <system-err><![CDATA[]]></system-err>
      </testcase>
      <testcase name="Test Cases/Login_Registration_Test_Cases/Login_Reg-Recovering the password with the wrong key" classname="Test Cases/Login_Registration_Test_Cases/Login_Reg-Recovering the password with the wrong key" status="PASSED">
         <system-out><![CDATA[2018-03-23 16:13:28 - [TEST_CASE][PASSED] - Test Cases/Login_Registration_Test_Cases/Login_Reg-Recovering the password with the wrong key: Test Cases/Login_Registration_Test_Cases/Login_Reg-Recovering the password with the wrong key

2018-03-23 16:13:28 - [TEST_STEP][PASSED] - openBrowser: Browser is opened with url: ''

2018-03-23 16:13:30 - [MESSAGE][PASSED] - Browser is opened with url: ''

2018-03-23 16:13:30 - [TEST_STEP][PASSED] - navigateToUrl: Navigate to 'https://www.route-report.com/' successfully

2018-03-23 16:13:33 - [MESSAGE][PASSED] - Navigate to 'https://www.route-report.com/' successfully

2018-03-23 16:13:33 - [TEST_STEP][PASSED] - maximizeWindow: Current window maximized

2018-03-23 16:13:35 - [MESSAGE][PASSED] - Current window maximized

2018-03-23 16:13:35 - [TEST_STEP][PASSED] - click: Object: 'Object Repository/Login_registration/span_Login' is clicked on

2018-03-23 16:13:35 - [MESSAGE][PASSED] - Object: 'Object Repository/Login_registration/span_Login' is clicked on

2018-03-23 16:13:35 - [TEST_STEP][PASSED] - setText: Text 'rostyslav.biliaiev@route-report.com' is set on object 'Object Repository/Login_registration/input_in_login'

2018-03-23 16:13:36 - [MESSAGE][PASSED] - Text 'rostyslav.biliaiev@route-report.com' is set on object 'Object Repository/Login_registration/input_in_login'

2018-03-23 16:13:36 - [TEST_STEP][PASSED] - click: Object: 'Object Repository/Login_registration/div_Forgot password' is clicked on

2018-03-23 16:13:36 - [MESSAGE][PASSED] - Object: 'Object Repository/Login_registration/div_Forgot password' is clicked on

2018-03-23 16:13:36 - [TEST_STEP][PASSED] - delay: Delayed 2 second(s)

2018-03-23 16:13:38 - [MESSAGE][PASSED] - Delayed 2 second(s)

2018-03-23 16:13:38 - [TEST_STEP][PASSED] - setText: Text '111111' is set on object 'Object Repository/Login_registration/input_in_key_password_recover'

2018-03-23 16:13:39 - [MESSAGE][PASSED] - Text '111111' is set on object 'Object Repository/Login_registration/input_in_key_password_recover'

2018-03-23 16:13:39 - [TEST_STEP][PASSED] - setText: Text '111111' is set on object 'Object Repository/Login_registration/input_in_password_new'

2018-03-23 16:13:39 - [MESSAGE][PASSED] - Text '111111' is set on object 'Object Repository/Login_registration/input_in_password_new'

2018-03-23 16:13:39 - [TEST_STEP][PASSED] - setText: Text '111111111' is set on object 'Object Repository/Login_registration/input_in_password_confirm'

2018-03-23 16:13:39 - [MESSAGE][PASSED] - Text '111111111' is set on object 'Object Repository/Login_registration/input_in_password_confirm'

2018-03-23 16:13:39 - [TEST_STEP][PASSED] - click: Object: 'Object Repository/Login_registration/button_LOG IN_recover_password' is clicked on

2018-03-23 16:13:39 - [MESSAGE][PASSED] - Object: 'Object Repository/Login_registration/button_LOG IN_recover_password' is clicked on

2018-03-23 16:13:39 - [TEST_STEP][PASSED] - waitForElementPresent: Object 'Object Repository/Login_registration/Error_message_Passwords do not match' is present

2018-03-23 16:13:40 - [MESSAGE][PASSED] - Object 'Object Repository/Login_registration/Error_message_Passwords do not match' is present

2018-03-23 16:13:40 - [TEST_STEP][PASSED] - closeBrowser: Browser is closed

2018-03-23 16:13:41 - [MESSAGE][PASSED] - Browser is closed]]></system-out>
         <system-err><![CDATA[]]></system-err>
      </testcase>
      <testcase name="Test Cases/Login_Registration_Test_Cases/Login_Reg-Password recovery with no key input" classname="Test Cases/Login_Registration_Test_Cases/Login_Reg-Password recovery with no key input" status="PASSED">
         <system-out><![CDATA[2018-03-23 16:13:41 - [TEST_CASE][PASSED] - Test Cases/Login_Registration_Test_Cases/Login_Reg-Password recovery with no key input: Test Cases/Login_Registration_Test_Cases/Login_Reg-Password recovery with no key input

2018-03-23 16:13:41 - [TEST_STEP][PASSED] - openBrowser: Browser is opened with url: ''

2018-03-23 16:13:43 - [MESSAGE][PASSED] - Browser is opened with url: ''

2018-03-23 16:13:43 - [TEST_STEP][PASSED] - navigateToUrl: Navigate to 'https://www.route-report.com/' successfully

2018-03-23 16:13:47 - [MESSAGE][PASSED] - Navigate to 'https://www.route-report.com/' successfully

2018-03-23 16:13:47 - [TEST_STEP][PASSED] - maximizeWindow: Current window maximized

2018-03-23 16:13:48 - [MESSAGE][PASSED] - Current window maximized

2018-03-23 16:13:48 - [TEST_STEP][PASSED] - click: Object: 'Object Repository/Login_registration/span_Login' is clicked on

2018-03-23 16:13:48 - [MESSAGE][PASSED] - Object: 'Object Repository/Login_registration/span_Login' is clicked on

2018-03-23 16:13:48 - [TEST_STEP][PASSED] - setText: Text 'rostyslav.biliaiev@route-report.com' is set on object 'Object Repository/Login_registration/input_in_login'

2018-03-23 16:13:49 - [MESSAGE][PASSED] - Text 'rostyslav.biliaiev@route-report.com' is set on object 'Object Repository/Login_registration/input_in_login'

2018-03-23 16:13:49 - [TEST_STEP][PASSED] - click: Object: 'Object Repository/Login_registration/div_Forgot password' is clicked on

2018-03-23 16:13:49 - [MESSAGE][PASSED] - Object: 'Object Repository/Login_registration/div_Forgot password' is clicked on

2018-03-23 16:13:49 - [TEST_STEP][PASSED] - delay: Delayed 2 second(s)

2018-03-23 16:13:51 - [MESSAGE][PASSED] - Delayed 2 second(s)

2018-03-23 16:13:51 - [TEST_STEP][PASSED] - setText: Text '111111' is set on object 'Object Repository/Login_registration/input_in_password_new'

2018-03-23 16:13:52 - [MESSAGE][PASSED] - Text '111111' is set on object 'Object Repository/Login_registration/input_in_password_new'

2018-03-23 16:13:52 - [TEST_STEP][PASSED] - setText: Text '111111' is set on object 'Object Repository/Login_registration/input_in_password_confirm'

2018-03-23 16:13:52 - [MESSAGE][PASSED] - Text '111111' is set on object 'Object Repository/Login_registration/input_in_password_confirm'

2018-03-23 16:13:52 - [TEST_STEP][PASSED] - click: Object: 'Object Repository/Login_registration/button_LOG IN_recover_password' is clicked on

2018-03-23 16:13:52 - [MESSAGE][PASSED] - Object: 'Object Repository/Login_registration/button_LOG IN_recover_password' is clicked on

2018-03-23 16:13:52 - [TEST_STEP][PASSED] - waitForElementPresent: Object 'Object Repository/Login_registration/Error_message_Required field' is present

2018-03-23 16:13:52 - [MESSAGE][PASSED] - Object 'Object Repository/Login_registration/Error_message_Required field' is present

2018-03-23 16:13:52 - [TEST_STEP][PASSED] - closeBrowser: Browser is closed

2018-03-23 16:13:53 - [MESSAGE][PASSED] - Browser is closed]]></system-out>
         <system-err><![CDATA[]]></system-err>
      </testcase>
      <testcase name="Test Cases/Login_Registration_Test_Cases/Login_reg- Password recovery with different new passwords" classname="Test Cases/Login_Registration_Test_Cases/Login_reg- Password recovery with different new passwords" status="PASSED">
         <system-out><![CDATA[2018-03-23 16:13:53 - [TEST_CASE][PASSED] - Test Cases/Login_Registration_Test_Cases/Login_reg- Password recovery with different new passwords: Test Cases/Login_Registration_Test_Cases/Login_reg- Password recovery with different new passwords

2018-03-23 16:13:53 - [TEST_STEP][PASSED] - openBrowser: Browser is opened with url: ''

2018-03-23 16:13:55 - [MESSAGE][PASSED] - Browser is opened with url: ''

2018-03-23 16:13:55 - [TEST_STEP][PASSED] - navigateToUrl: Navigate to 'https://www.route-report.com/' successfully

2018-03-23 16:13:58 - [MESSAGE][PASSED] - Navigate to 'https://www.route-report.com/' successfully

2018-03-23 16:13:58 - [TEST_STEP][PASSED] - maximizeWindow: Current window maximized

2018-03-23 16:14:00 - [MESSAGE][PASSED] - Current window maximized

2018-03-23 16:14:00 - [TEST_STEP][PASSED] - click: Object: 'Object Repository/Login_registration/span_Login' is clicked on

2018-03-23 16:14:00 - [MESSAGE][PASSED] - Object: 'Object Repository/Login_registration/span_Login' is clicked on

2018-03-23 16:14:00 - [TEST_STEP][PASSED] - setText: Text 'rostyslav.biliaiev@route-report.com' is set on object 'Object Repository/Login_registration/input_in_login'

2018-03-23 16:14:01 - [MESSAGE][PASSED] - Text 'rostyslav.biliaiev@route-report.com' is set on object 'Object Repository/Login_registration/input_in_login'

2018-03-23 16:14:01 - [TEST_STEP][PASSED] - delay: Delayed 1 second(s)

2018-03-23 16:14:02 - [MESSAGE][PASSED] - Delayed 1 second(s)

2018-03-23 16:14:02 - [TEST_STEP][PASSED] - click: Object: 'Object Repository/Login_registration/div_Forgot password' is clicked on

2018-03-23 16:14:02 - [MESSAGE][PASSED] - Object: 'Object Repository/Login_registration/div_Forgot password' is clicked on

2018-03-23 16:14:02 - [TEST_STEP][PASSED] - delay: Delayed 1 second(s)

2018-03-23 16:14:03 - [MESSAGE][PASSED] - Delayed 1 second(s)

2018-03-23 16:14:03 - [TEST_STEP][PASSED] - setText: Text '111111' is set on object 'Object Repository/Login_registration/input_in_key_password_recover'

2018-03-23 16:14:03 - [MESSAGE][PASSED] - Text '111111' is set on object 'Object Repository/Login_registration/input_in_key_password_recover'

2018-03-23 16:14:03 - [TEST_STEP][PASSED] - setText: Text '111111' is set on object 'Object Repository/Login_registration/input_in_password_new'

2018-03-23 16:14:03 - [MESSAGE][PASSED] - Text '111111' is set on object 'Object Repository/Login_registration/input_in_password_new'

2018-03-23 16:14:03 - [TEST_STEP][PASSED] - setText: Text '1111111' is set on object 'Object Repository/Login_registration/input_in_password_confirm'

2018-03-23 16:14:04 - [MESSAGE][PASSED] - Text '1111111' is set on object 'Object Repository/Login_registration/input_in_password_confirm'

2018-03-23 16:14:04 - [TEST_STEP][PASSED] - click: Object: 'Object Repository/Login_registration/button_LOG IN_recover_password' is clicked on

2018-03-23 16:14:04 - [MESSAGE][PASSED] - Object: 'Object Repository/Login_registration/button_LOG IN_recover_password' is clicked on

2018-03-23 16:14:04 - [TEST_STEP][PASSED] - waitForElementPresent: Object 'Object Repository/Login_registration/Error_message_Key entered incorrectly' is not present after 5 second(s)

2018-03-23 16:14:09 - [MESSAGE][WARNING] - Object 'Object Repository/Login_registration/Error_message_Key entered incorrectly' is not present after 5 second(s)

2018-03-23 16:14:09 - [TEST_STEP][PASSED] - closeBrowser: Browser is closed

2018-03-23 16:14:10 - [MESSAGE][PASSED] - Browser is closed]]></system-out>
         <system-err><![CDATA[]]></system-err>
      </testcase>
      <testcase name="Test Cases/Login_Registration_Test_Cases/Login_Reg-Registration using valid Nick and Mail" classname="Test Cases/Login_Registration_Test_Cases/Login_Reg-Registration using valid Nick and Mail" status="PASSED">
         <system-out><![CDATA[2018-03-23 16:14:10 - [TEST_CASE][PASSED] - Test Cases/Login_Registration_Test_Cases/Login_Reg-Registration using valid Nick and Mail: Test Cases/Login_Registration_Test_Cases/Login_Reg-Registration using valid Nick and Mail

2018-03-23 16:14:10 - [TEST_STEP][PASSED] - openBrowser: Browser is opened with url: ''

2018-03-23 16:14:12 - [MESSAGE][PASSED] - Browser is opened with url: ''

2018-03-23 16:14:12 - [TEST_STEP][PASSED] - navigateToUrl: Navigate to 'https://www.route-report.com/' successfully

2018-03-23 16:14:16 - [MESSAGE][PASSED] - Navigate to 'https://www.route-report.com/' successfully

2018-03-23 16:14:16 - [TEST_STEP][PASSED] - maximizeWindow: Current window maximized

2018-03-23 16:14:17 - [MESSAGE][PASSED] - Current window maximized

2018-03-23 16:14:17 - [TEST_STEP][PASSED] - click: Object: 'Object Repository/Login_registration/span_Login' is clicked on

2018-03-23 16:14:17 - [MESSAGE][PASSED] - Object: 'Object Repository/Login_registration/span_Login' is clicked on

2018-03-23 16:14:17 - [TEST_STEP][PASSED] - Statement - x = org.apache.commons.lang.RandomStringUtils.randomNumeric(8): null

2018-03-23 16:14:17 - [TEST_STEP][PASSED] - setText: Text '67382674' is set on object 'Object Repository/Login_registration/input_in_nickname'

2018-03-23 16:14:18 - [MESSAGE][PASSED] - Text '67382674' is set on object 'Object Repository/Login_registration/input_in_nickname'

2018-03-23 16:14:18 - [TEST_STEP][PASSED] - setText: Text '67382674@randommail.com' is set on object 'Object Repository/Login_registration/input_in_email_registration_field'

2018-03-23 16:14:19 - [MESSAGE][PASSED] - Text '67382674@randommail.com' is set on object 'Object Repository/Login_registration/input_in_email_registration_field'

2018-03-23 16:14:19 - [TEST_STEP][PASSED] - click: Object: 'Object Repository/Login_registration/button_SIGN UP' is clicked on

2018-03-23 16:14:19 - [MESSAGE][PASSED] - Object: 'Object Repository/Login_registration/button_SIGN UP' is clicked on

2018-03-23 16:14:19 - [TEST_STEP][PASSED] - waitForElementPresent: Object 'Object Repository/Login_registration/span_My spoken languages' is present

2018-03-23 16:14:24 - [MESSAGE][PASSED] - Object 'Object Repository/Login_registration/span_My spoken languages' is present

2018-03-23 16:14:24 - [TEST_STEP][PASSED] - verifyElementText: Actual text and expected text of test object 'Object Repository/Login_registration/span_mail_field_account' are matched.

2018-03-23 16:14:24 - [MESSAGE][PASSED] - Actual text and expected text of test object 'Object Repository/Login_registration/span_mail_field_account' are matched.

2018-03-23 16:14:24 - [TEST_STEP][PASSED] - closeBrowser: Browser is closed

2018-03-23 16:14:25 - [MESSAGE][PASSED] - Browser is closed]]></system-out>
         <system-err><![CDATA[]]></system-err>
      </testcase>
      <testcase name="Test Cases/Login_Registration_Test_Cases/Login_Reg-Entering a non-valid nickname" classname="Test Cases/Login_Registration_Test_Cases/Login_Reg-Entering a non-valid nickname" status="PASSED">
         <system-out><![CDATA[2018-03-23 16:14:25 - [TEST_CASE][PASSED] - Test Cases/Login_Registration_Test_Cases/Login_Reg-Entering a non-valid nickname: Test Cases/Login_Registration_Test_Cases/Login_Reg-Entering a non-valid nickname

2018-03-23 16:14:25 - [TEST_STEP][PASSED] - openBrowser: Browser is opened with url: ''

2018-03-23 16:14:27 - [MESSAGE][PASSED] - Browser is opened with url: ''

2018-03-23 16:14:27 - [TEST_STEP][PASSED] - navigateToUrl: Navigate to 'https://www.route-report.com/' successfully

2018-03-23 16:14:33 - [MESSAGE][PASSED] - Navigate to 'https://www.route-report.com/' successfully

2018-03-23 16:14:33 - [TEST_STEP][PASSED] - maximizeWindow: Current window maximized

2018-03-23 16:14:34 - [MESSAGE][PASSED] - Current window maximized

2018-03-23 16:14:34 - [TEST_STEP][PASSED] - click: Object: 'Object Repository/Login_registration/span_Login' is clicked on

2018-03-23 16:14:34 - [MESSAGE][PASSED] - Object: 'Object Repository/Login_registration/span_Login' is clicked on

2018-03-23 16:14:34 - [TEST_STEP][PASSED] - setText: Text 'kajsghfja@^&%#$роывпа' is set on object 'Object Repository/Login_registration/input_in_nickname'

2018-03-23 16:14:35 - [MESSAGE][PASSED] - Text 'kajsghfja@^&%#$роывпа' is set on object 'Object Repository/Login_registration/input_in_nickname'

2018-03-23 16:14:35 - [TEST_STEP][PASSED] - waitForElementPresent: Object 'Object Repository/Login_registration/Error_message_non_valid_nick_or_mail' is present

2018-03-23 16:14:35 - [MESSAGE][WARNING] - Timeout '0' is invalid. Using default page load timeout: '30'

2018-03-23 16:14:36 - [MESSAGE][PASSED] - Object 'Object Repository/Login_registration/Error_message_non_valid_nick_or_mail' is present

2018-03-23 16:14:36 - [TEST_STEP][PASSED] - closeBrowser: Browser is closed

2018-03-23 16:14:37 - [MESSAGE][PASSED] - Browser is closed]]></system-out>
         <system-err><![CDATA[]]></system-err>
      </testcase>
      <testcase name="Test Cases/Login_Registration_Test_Cases/Login_Reg-Entering non-valid mail" classname="Test Cases/Login_Registration_Test_Cases/Login_Reg-Entering non-valid mail" status="PASSED">
         <system-out><![CDATA[2018-03-23 16:14:37 - [TEST_CASE][PASSED] - Test Cases/Login_Registration_Test_Cases/Login_Reg-Entering non-valid mail: Test Cases/Login_Registration_Test_Cases/Login_Reg-Entering non-valid mail

2018-03-23 16:14:37 - [TEST_STEP][PASSED] - openBrowser: Browser is opened with url: ''

2018-03-23 16:14:40 - [MESSAGE][PASSED] - Browser is opened with url: ''

2018-03-23 16:14:40 - [TEST_STEP][PASSED] - navigateToUrl: Navigate to 'https://www.route-report.com/' successfully

2018-03-23 16:14:43 - [MESSAGE][PASSED] - Navigate to 'https://www.route-report.com/' successfully

2018-03-23 16:14:43 - [TEST_STEP][PASSED] - maximizeWindow: Current window maximized

2018-03-23 16:14:45 - [MESSAGE][PASSED] - Current window maximized

2018-03-23 16:14:45 - [TEST_STEP][PASSED] - click: Object: 'Object Repository/Login_registration/span_Login' is clicked on

2018-03-23 16:14:45 - [MESSAGE][PASSED] - Object: 'Object Repository/Login_registration/span_Login' is clicked on

2018-03-23 16:14:45 - [TEST_STEP][PASSED] - setText: Text 'nickname' is set on object 'Object Repository/Login_registration/input_in_nickname'

2018-03-23 16:14:45 - [MESSAGE][PASSED] - Text 'nickname' is set on object 'Object Repository/Login_registration/input_in_nickname'

2018-03-23 16:14:45 - [TEST_STEP][PASSED] - setText: Text 'kajsghfja@^&%#$роывпа' is set on object 'Object Repository/Login_registration/input_in_email_registration_field'

2018-03-23 16:14:46 - [MESSAGE][PASSED] - Text 'kajsghfja@^&%#$роывпа' is set on object 'Object Repository/Login_registration/input_in_email_registration_field'

2018-03-23 16:14:46 - [TEST_STEP][PASSED] - waitForElementPresent: Object 'Object Repository/Login_registration/Error_message_non_valid_nick_or_mail' is not present after 1 second(s)

2018-03-23 16:14:47 - [MESSAGE][WARNING] - Object 'Object Repository/Login_registration/Error_message_non_valid_nick_or_mail' is not present after 1 second(s)

2018-03-23 16:14:47 - [TEST_STEP][PASSED] - closeBrowser: Browser is closed

2018-03-23 16:14:48 - [MESSAGE][PASSED] - Browser is closed]]></system-out>
         <system-err><![CDATA[]]></system-err>
      </testcase>
      <testcase name="Test Cases/Login_Registration_Test_Cases/Login_Reg-Registration without Mail" classname="Test Cases/Login_Registration_Test_Cases/Login_Reg-Registration without Mail" status="PASSED">
         <system-out><![CDATA[2018-03-23 16:14:48 - [TEST_CASE][PASSED] - Test Cases/Login_Registration_Test_Cases/Login_Reg-Registration without Mail: Test Cases/Login_Registration_Test_Cases/Login_Reg-Registration without Mail

2018-03-23 16:14:48 - [TEST_STEP][PASSED] - openBrowser: Browser is opened with url: ''

2018-03-23 16:14:50 - [MESSAGE][PASSED] - Browser is opened with url: ''

2018-03-23 16:14:50 - [TEST_STEP][PASSED] - navigateToUrl: Navigate to 'https://www.route-report.com/' successfully

2018-03-23 16:14:54 - [MESSAGE][PASSED] - Navigate to 'https://www.route-report.com/' successfully

2018-03-23 16:14:54 - [TEST_STEP][PASSED] - maximizeWindow: Current window maximized

2018-03-23 16:14:56 - [MESSAGE][PASSED] - Current window maximized

2018-03-23 16:14:56 - [TEST_STEP][PASSED] - click: Object: 'Object Repository/Login_registration/span_Login' is clicked on

2018-03-23 16:14:56 - [MESSAGE][PASSED] - Object: 'Object Repository/Login_registration/span_Login' is clicked on

2018-03-23 16:14:56 - [TEST_STEP][PASSED] - setText: Text 'nickname' is set on object 'Object Repository/Login_registration/input_in_nickname'

2018-03-23 16:14:57 - [MESSAGE][PASSED] - Text 'nickname' is set on object 'Object Repository/Login_registration/input_in_nickname'

2018-03-23 16:14:57 - [TEST_STEP][PASSED] - waitForElementPresent: Object 'Object Repository/Login_registration/Error_message_non_valid_nick_or_mail' is not present after 1 second(s)

2018-03-23 16:14:58 - [MESSAGE][WARNING] - Object 'Object Repository/Login_registration/Error_message_non_valid_nick_or_mail' is not present after 1 second(s)

2018-03-23 16:14:58 - [TEST_STEP][PASSED] - closeBrowser: Browser is closed

2018-03-23 16:14:59 - [MESSAGE][PASSED] - Browser is closed]]></system-out>
         <system-err><![CDATA[]]></system-err>
      </testcase>
      <testcase name="Test Cases/Login_Registration_Test_Cases/Login_Reg-Registration without Nickname" classname="Test Cases/Login_Registration_Test_Cases/Login_Reg-Registration without Nickname" status="PASSED">
         <system-out><![CDATA[2018-03-23 16:14:59 - [TEST_CASE][PASSED] - Test Cases/Login_Registration_Test_Cases/Login_Reg-Registration without Nickname: Test Cases/Login_Registration_Test_Cases/Login_Reg-Registration without Nickname

2018-03-23 16:14:59 - [TEST_STEP][PASSED] - openBrowser: Browser is opened with url: ''

2018-03-23 16:15:05 - [MESSAGE][PASSED] - Browser is opened with url: ''

2018-03-23 16:15:05 - [TEST_STEP][PASSED] - navigateToUrl: Navigate to 'https://www.route-report.com/' successfully

2018-03-23 16:15:09 - [MESSAGE][PASSED] - Navigate to 'https://www.route-report.com/' successfully

2018-03-23 16:15:09 - [TEST_STEP][PASSED] - maximizeWindow: Current window maximized

2018-03-23 16:15:10 - [MESSAGE][PASSED] - Current window maximized

2018-03-23 16:15:10 - [TEST_STEP][PASSED] - click: Object: 'Object Repository/Login_registration/span_Login' is clicked on

2018-03-23 16:15:10 - [MESSAGE][PASSED] - Object: 'Object Repository/Login_registration/span_Login' is clicked on

2018-03-23 16:15:10 - [TEST_STEP][PASSED] - setText: Text 'mailwichdoesnotexist@mailwichdoesnotexist.com' is set on object 'Object Repository/Login_registration/input_in_email_registration_field'

2018-03-23 16:15:12 - [MESSAGE][PASSED] - Text 'mailwichdoesnotexist@mailwichdoesnotexist.com' is set on object 'Object Repository/Login_registration/input_in_email_registration_field'

2018-03-23 16:15:12 - [TEST_STEP][PASSED] - click: Object: 'Object Repository/Login_registration/button_SIGN UP' is clicked on

2018-03-23 16:15:12 - [MESSAGE][PASSED] - Object: 'Object Repository/Login_registration/button_SIGN UP' is clicked on

2018-03-23 16:15:12 - [TEST_STEP][PASSED] - waitForElementPresent: Object 'Object Repository/Login_registration/Error_message_non_valid_nick_or_mail' is not present after 1 second(s)

2018-03-23 16:15:13 - [MESSAGE][WARNING] - Object 'Object Repository/Login_registration/Error_message_non_valid_nick_or_mail' is not present after 1 second(s)

2018-03-23 16:15:13 - [TEST_STEP][PASSED] - closeBrowser: Browser is closed

2018-03-23 16:15:14 - [MESSAGE][PASSED] - Browser is closed]]></system-out>
         <system-err><![CDATA[]]></system-err>
      </testcase>
      <system-out><![CDATA[2018-03-23 16:12:17 - [TEST_SUITE][PASSED] - Login_Registration: Test Cases/Login_Registration_Test_Cases/Login_Reg-Registration without Nickname]]></system-out>
      <system-err><![CDATA[]]></system-err>
   </testsuite>
</testsuites>
