<?xml version="1.0" encoding="UTF-8"?>
<testsuites name="Clicks_without_logging" time="366" tests="10" failures="1" errors="0">
   <testsuite name="Clicks_without_logging" tests="10" failures="1" errors="0" time="366" timestamp="2018-03-29 15:35:57" hostname="user - BrainPc" id="Test Suites/Clicks_without_logging">
      <properties>
         <property name="deviceName" value=""/>
         <property name="devicePlatform" value=""/>
         <property name="logFolder" value="C:\\Users\\user\\Katalon Studio\\Route_report_WEB\\Reports\\Clicks_without_logging\\20180329_153545"/>
         <property name="logFiles" value="C:\\Users\\user\\Katalon Studio\\Route_report_WEB\\Reports\\Clicks_without_logging\\20180329_153545\\execution0.log"/>
         <property name="attachments" value="C:\\Users\\user\\Katalon Studio\\Route_report_WEB\\Reports\\Clicks_without_logging\\20180329_153545\\1522327071627.png"/>
         <property name="hostName" value="user - BrainPc"/>
         <property name="os" value="Windows 8.1 64bit"/>
         <property name="katalonVersion" value="5.3.1.1"/>
         <property name="browser" value="Chrome 65.0.3325.181"/>
         <property name="hostAddress" value="192.168.137.2"/>
         <property name="sessionId" value="233bdcf75f5bc02680c8886553a29bf7"/>
         <property name="seleniumVersion" value="3.7.1"/>
         <property name="proxyInformation" value="ProxyInformation{proxyOption=NO_PROXY, proxyServerType=HTTP, password=, proxyServerAddress=, proxyServerPort=0}"/>
         <property name="platform" value="Windows 8.1"/>
      </properties>
      <testcase name="Test Cases/Clicks_with_out_login/Clicks (About Us) - without logging" classname="Test Cases/Clicks_with_out_login/Clicks (About Us) - without logging" status="PASSED">
         <system-out><![CDATA[2018-03-29 15:35:57 - [TEST_CASE][PASSED] - Test Cases/Clicks_with_out_login/Clicks (About Us) - without logging: Test Cases/Clicks_with_out_login/Clicks (About Us) - without logging

2018-03-29 15:35:58 - [TEST_STEP][PASSED] - openBrowser: Browser is opened with url: ''

2018-03-29 15:36:01 - [MESSAGE][PASSED] - Browser is opened with url: ''

2018-03-29 15:36:01 - [TEST_STEP][PASSED] - navigateToUrl: Navigate to 'https://www.route-report.com/' successfully

2018-03-29 15:36:04 - [MESSAGE][PASSED] - Navigate to 'https://www.route-report.com/' successfully

2018-03-29 15:36:04 - [TEST_STEP][PASSED] - maximizeWindow: Current window maximized

2018-03-29 15:36:05 - [MESSAGE][PASSED] - Current window maximized

2018-03-29 15:36:05 - [TEST_STEP][PASSED] - click: Object: 'Object Repository/About US/Button_JOIN US NOW' is clicked on

2018-03-29 15:36:05 - [MESSAGE][PASSED] - Object: 'Object Repository/About US/Button_JOIN US NOW' is clicked on

2018-03-29 15:36:05 - [TEST_STEP][PASSED] - delay: Delayed 1 second(s)

2018-03-29 15:36:06 - [MESSAGE][PASSED] - Delayed 1 second(s)

2018-03-29 15:36:06 - [TEST_STEP][PASSED] - verifyElementPresent: Object 'Object Repository/About US/Close_button_registration_pop-up' is present

2018-03-29 15:36:06 - [MESSAGE][PASSED] - Object 'Object Repository/About US/Close_button_registration_pop-up' is present

2018-03-29 15:36:06 - [TEST_STEP][PASSED] - click: Object: 'Object Repository/About US/Close_button_registration_pop-up' is clicked on

2018-03-29 15:36:06 - [MESSAGE][PASSED] - Object: 'Object Repository/About US/Close_button_registration_pop-up' is clicked on

2018-03-29 15:36:06 - [TEST_STEP][PASSED] - click: Object: 'Object Repository/About US/Button_Sign_Up' is clicked on

2018-03-29 15:36:07 - [MESSAGE][PASSED] - Object: 'Object Repository/About US/Button_Sign_Up' is clicked on

2018-03-29 15:36:07 - [TEST_STEP][PASSED] - delay: Delayed 1 second(s)

2018-03-29 15:36:08 - [MESSAGE][PASSED] - Delayed 1 second(s)

2018-03-29 15:36:08 - [TEST_STEP][PASSED] - verifyElementPresent: Object 'Object Repository/About US/Close_button_registration_pop-up' is present

2018-03-29 15:36:08 - [MESSAGE][PASSED] - Object 'Object Repository/About US/Close_button_registration_pop-up' is present

2018-03-29 15:36:08 - [TEST_STEP][PASSED] - click: Object: 'Object Repository/About US/Close_button_registration_pop-up' is clicked on

2018-03-29 15:36:08 - [MESSAGE][PASSED] - Object: 'Object Repository/About US/Close_button_registration_pop-up' is clicked on

2018-03-29 15:36:08 - [TEST_STEP][PASSED] - click: Object: 'Object Repository/About US/Icon_Button_Sign_Up' is clicked on

2018-03-29 15:36:08 - [MESSAGE][PASSED] - Object: 'Object Repository/About US/Icon_Button_Sign_Up' is clicked on

2018-03-29 15:36:08 - [TEST_STEP][PASSED] - delay: Delayed 1 second(s)

2018-03-29 15:36:09 - [MESSAGE][PASSED] - Delayed 1 second(s)

2018-03-29 15:36:09 - [TEST_STEP][PASSED] - verifyElementPresent: Object 'Object Repository/About US/Close_button_registration_pop-up' is present

2018-03-29 15:36:09 - [MESSAGE][PASSED] - Object 'Object Repository/About US/Close_button_registration_pop-up' is present

2018-03-29 15:36:09 - [TEST_STEP][PASSED] - click: Object: 'Object Repository/About US/Close_button_registration_pop-up' is clicked on

2018-03-29 15:36:09 - [MESSAGE][PASSED] - Object: 'Object Repository/About US/Close_button_registration_pop-up' is clicked on

2018-03-29 15:36:09 - [TEST_STEP][PASSED] - click: Object: 'Object Repository/About US/Botton_Manual' is clicked on

2018-03-29 15:36:09 - [MESSAGE][PASSED] - Object: 'Object Repository/About US/Botton_Manual' is clicked on

2018-03-29 15:36:09 - [TEST_STEP][PASSED] - switchToWindowTitle: Switched to window with title: 'User manual - Route Report'

2018-03-29 15:36:12 - [MESSAGE][PASSED] - Switched to window with title: 'User manual - Route Report'

2018-03-29 15:36:12 - [TEST_STEP][PASSED] - Statement - titleWindowManual_1 = com.kms.katalon.core.webui.keyword.WebUiBuiltInKeywords.getWindowTitle(): Current window's title is: 'User manual - Route Report'

2018-03-29 15:36:12 - [MESSAGE][PASSED] - Current window's title is: 'User manual - Route Report'

2018-03-29 15:36:12 - [TEST_STEP][PASSED] - verifyMatch: Actual text 'User manual - Route Report' and expected text 'User manual - Route Report' are matched 

2018-03-29 15:36:12 - [MESSAGE][PASSED] - Actual text 'User manual - Route Report' and expected text 'User manual - Route Report' are matched 

2018-03-29 15:36:12 - [TEST_STEP][PASSED] - closeWindowTitle: Window with title: 'User manual - Route Report' is closed

2018-03-29 15:36:12 - [MESSAGE][PASSED] - Window with title: 'User manual - Route Report' is closed

2018-03-29 15:36:12 - [TEST_STEP][PASSED] - switchToWindowTitle: Switched to window with title: 'Route Report - Earn money while traveling'

2018-03-29 15:36:13 - [MESSAGE][PASSED] - Switched to window with title: 'Route Report - Earn money while traveling'

2018-03-29 15:36:13 - [TEST_STEP][PASSED] - click: Object: 'Object Repository/About US/Icon_Button_Manual' is clicked on

2018-03-29 15:36:13 - [MESSAGE][PASSED] - Object: 'Object Repository/About US/Icon_Button_Manual' is clicked on

2018-03-29 15:36:13 - [TEST_STEP][PASSED] - switchToWindowTitle: Switched to window with title: 'User manual - Route Report'

2018-03-29 15:36:14 - [MESSAGE][PASSED] - Switched to window with title: 'User manual - Route Report'

2018-03-29 15:36:14 - [TEST_STEP][PASSED] - Statement - titleWindowManual_2 = com.kms.katalon.core.webui.keyword.WebUiBuiltInKeywords.getWindowTitle(): Current window's title is: 'User manual - Route Report'

2018-03-29 15:36:14 - [MESSAGE][PASSED] - Current window's title is: 'User manual - Route Report'

2018-03-29 15:36:14 - [TEST_STEP][PASSED] - verifyMatch: Actual text 'User manual - Route Report' and expected text 'User manual - Route Report' are matched 

2018-03-29 15:36:14 - [MESSAGE][PASSED] - Actual text 'User manual - Route Report' and expected text 'User manual - Route Report' are matched 

2018-03-29 15:36:14 - [TEST_STEP][PASSED] - closeWindowTitle: Window with title: 'User manual - Route Report' is closed

2018-03-29 15:36:14 - [MESSAGE][PASSED] - Window with title: 'User manual - Route Report' is closed

2018-03-29 15:36:14 - [TEST_STEP][PASSED] - switchToWindowTitle: Switched to window with title: 'Route Report - Earn money while traveling'

2018-03-29 15:36:14 - [MESSAGE][PASSED] - Switched to window with title: 'Route Report - Earn money while traveling'

2018-03-29 15:36:14 - [TEST_STEP][PASSED] - click: Object: 'Object Repository/About US/Button_Add_report' is clicked on

2018-03-29 15:36:15 - [MESSAGE][PASSED] - Object: 'Object Repository/About US/Button_Add_report' is clicked on

2018-03-29 15:36:15 - [TEST_STEP][PASSED] - waitForElementPresent: Object 'Object Repository/About US/Pop_up_select_kind_of_travel' is not present after 5 second(s)

2018-03-29 15:36:20 - [MESSAGE][WARNING] - Object 'Object Repository/About US/Pop_up_select_kind_of_travel' is not present after 5 second(s)

2018-03-29 15:36:20 - [TEST_STEP][PASSED] - Statement - titleWindowAdd_report_1 = com.kms.katalon.core.webui.keyword.WebUiBuiltInKeywords.getWindowTitle(): Current window's title is: 'Write report - Route Report'

2018-03-29 15:36:20 - [MESSAGE][PASSED] - Current window's title is: 'Write report - Route Report'

2018-03-29 15:36:20 - [TEST_STEP][PASSED] - back: Navigate back successfully

2018-03-29 15:36:21 - [MESSAGE][PASSED] - Navigate back successfully

2018-03-29 15:36:21 - [TEST_STEP][PASSED] - click: Object: 'Object Repository/About US/Icon_Button_Add_report' is clicked on

2018-03-29 15:36:21 - [MESSAGE][PASSED] - Object: 'Object Repository/About US/Icon_Button_Add_report' is clicked on

2018-03-29 15:36:21 - [TEST_STEP][PASSED] - waitForElementPresent: Object 'Object Repository/About US/Pop_up_select_kind_of_travel' is not present after 5 second(s)

2018-03-29 15:36:27 - [MESSAGE][WARNING] - Object 'Object Repository/About US/Pop_up_select_kind_of_travel' is not present after 5 second(s)

2018-03-29 15:36:27 - [TEST_STEP][PASSED] - closeWindowTitle: Window with title: 'Write report - Route Report' is closed

2018-03-29 15:36:28 - [MESSAGE][PASSED] - Window with title: 'Write report - Route Report' is closed

2018-03-29 15:36:28 - [TEST_STEP][PASSED] - switchToWindowTitle: Switched to window with title: 'Route Report - Earn money while traveling'

2018-03-29 15:36:28 - [MESSAGE][PASSED] - Switched to window with title: 'Route Report - Earn money while traveling'

2018-03-29 15:36:28 - [TEST_STEP][PASSED] - click: Object: 'Object Repository/About US/Icon_FAQ' is clicked on

2018-03-29 15:36:29 - [MESSAGE][PASSED] - Object: 'Object Repository/About US/Icon_FAQ' is clicked on

2018-03-29 15:36:29 - [TEST_STEP][PASSED] - switchToWindowTitle: Switched to window with title: 'FAQ - Route Report'

2018-03-29 15:36:30 - [MESSAGE][PASSED] - Switched to window with title: 'FAQ - Route Report'

2018-03-29 15:36:30 - [TEST_STEP][PASSED] - Statement - titleWindowFAQ_1 = com.kms.katalon.core.webui.keyword.WebUiBuiltInKeywords.getWindowTitle(): Current window's title is: 'FAQ - Route Report'

2018-03-29 15:36:30 - [MESSAGE][PASSED] - Current window's title is: 'FAQ - Route Report'

2018-03-29 15:36:30 - [TEST_STEP][PASSED] - verifyMatch: Actual text 'FAQ - Route Report' and expected text 'FAQ - Route Report' are matched 

2018-03-29 15:36:30 - [MESSAGE][PASSED] - Actual text 'FAQ - Route Report' and expected text 'FAQ - Route Report' are matched 

2018-03-29 15:36:30 - [TEST_STEP][PASSED] - closeWindowTitle: Window with title: 'FAQ - Route Report' is closed

2018-03-29 15:36:30 - [MESSAGE][PASSED] - Window with title: 'FAQ - Route Report' is closed

2018-03-29 15:36:30 - [TEST_STEP][PASSED] - switchToWindowTitle: Switched to window with title: 'Route Report - Earn money while traveling'

2018-03-29 15:36:30 - [MESSAGE][PASSED] - Switched to window with title: 'Route Report - Earn money while traveling'

2018-03-29 15:36:30 - [TEST_STEP][PASSED] - click: Object: 'Object Repository/About US/Button_Get_paid' is clicked on

2018-03-29 15:36:30 - [MESSAGE][PASSED] - Object: 'Object Repository/About US/Button_Get_paid' is clicked on

2018-03-29 15:36:30 - [TEST_STEP][PASSED] - switchToWindowTitle: Switched to window with title: 'FAQ - Route Report'

2018-03-29 15:36:31 - [MESSAGE][PASSED] - Switched to window with title: 'FAQ - Route Report'

2018-03-29 15:36:31 - [TEST_STEP][PASSED] - Statement - titleWindowFAQ_2 = com.kms.katalon.core.webui.keyword.WebUiBuiltInKeywords.getWindowTitle(): Current window's title is: 'FAQ - Route Report'

2018-03-29 15:36:31 - [MESSAGE][PASSED] - Current window's title is: 'FAQ - Route Report'

2018-03-29 15:36:31 - [TEST_STEP][PASSED] - verifyMatch: Actual text 'FAQ - Route Report' and expected text 'FAQ - Route Report' are matched 

2018-03-29 15:36:31 - [MESSAGE][PASSED] - Actual text 'FAQ - Route Report' and expected text 'FAQ - Route Report' are matched 

2018-03-29 15:36:31 - [TEST_STEP][PASSED] - closeBrowser: Browser is closed

2018-03-29 15:36:32 - [MESSAGE][PASSED] - Browser is closed]]></system-out>
         <system-err><![CDATA[]]></system-err>
      </testcase>
      <testcase name="Test Cases/Clicks_with_out_login/Clicks (Author-page) - without logging" classname="Test Cases/Clicks_with_out_login/Clicks (Author-page) - without logging" status="PASSED">
         <system-out><![CDATA[2018-03-29 15:36:32 - [TEST_CASE][PASSED] - Test Cases/Clicks_with_out_login/Clicks (Author-page) - without logging: Test Cases/Clicks_with_out_login/Clicks (Author-page) - without logging

2018-03-29 15:36:32 - [TEST_STEP][PASSED] - openBrowser: Browser is opened with url: ''

2018-03-29 15:36:35 - [MESSAGE][PASSED] - Browser is opened with url: ''

2018-03-29 15:36:35 - [TEST_STEP][PASSED] - navigateToUrl: Navigate to 'https://www.route-report.com/' successfully

2018-03-29 15:36:38 - [MESSAGE][PASSED] - Navigate to 'https://www.route-report.com/' successfully

2018-03-29 15:36:38 - [TEST_STEP][PASSED] - maximizeWindow: Current window maximized

2018-03-29 15:36:39 - [MESSAGE][PASSED] - Current window maximized

2018-03-29 15:36:39 - [TEST_STEP][PASSED] - click: Object: 'Object Repository/Header-Footer/Header buttons/Header_Button__Authors' is clicked on

2018-03-29 15:36:42 - [MESSAGE][PASSED] - Object: 'Object Repository/Header-Footer/Header buttons/Header_Button__Authors' is clicked on

2018-03-29 15:36:42 - [TEST_STEP][PASSED] - waitForElementPresent: Object 'Object Repository/Header-Footer/Ver_Buttons/ver_block_TOP AUTHORS' is present

2018-03-29 15:36:42 - [MESSAGE][PASSED] - Object 'Object Repository/Header-Footer/Ver_Buttons/ver_block_TOP AUTHORS' is present

2018-03-29 15:36:42 - [TEST_STEP][PASSED] - click: Object: 'Object Repository/Search_Authors/link_Ana Maria Diez Venezuela01' is clicked on

2018-03-29 15:36:42 - [MESSAGE][PASSED] - Object: 'Object Repository/Search_Authors/link_Ana Maria Diez Venezuela01' is clicked on

2018-03-29 15:36:42 - [TEST_STEP][PASSED] - switchToWindowIndex: Switched to window with index: '1'

2018-03-29 15:36:42 - [MESSAGE][PASSED] - Switched to window with index: '1'

2018-03-29 15:36:42 - [TEST_STEP][PASSED] - waitForElementPresent: Object 'Object Repository/Header-Footer/Ver_Buttons/ver_Authors_page' is present

2018-03-29 15:36:49 - [MESSAGE][PASSED] - Object 'Object Repository/Header-Footer/Ver_Buttons/ver_Authors_page' is present

2018-03-29 15:36:49 - [TEST_STEP][PASSED] - click: Object: 'Object Repository/Author_page/Button_follow' is clicked on

2018-03-29 15:36:49 - [MESSAGE][PASSED] - Object: 'Object Repository/Author_page/Button_follow' is clicked on

2018-03-29 15:36:49 - [TEST_STEP][PASSED] - delay: Delayed 1 second(s)

2018-03-29 15:36:50 - [MESSAGE][PASSED] - Delayed 1 second(s)

2018-03-29 15:36:50 - [TEST_STEP][PASSED] - click: Object: 'Object Repository/Author_page/Close_button_registration_pop-up' is clicked on

2018-03-29 15:36:50 - [MESSAGE][PASSED] - Object: 'Object Repository/Author_page/Close_button_registration_pop-up' is clicked on

2018-03-29 15:36:50 - [TEST_STEP][PASSED] - click: Object: 'Object Repository/Author_page/Button_cart' is clicked on

2018-03-29 15:36:51 - [MESSAGE][PASSED] - Object: 'Object Repository/Author_page/Button_cart' is clicked on

2018-03-29 15:36:51 - [TEST_STEP][PASSED] - delay: Delayed 1 second(s)

2018-03-29 15:36:52 - [MESSAGE][PASSED] - Delayed 1 second(s)

2018-03-29 15:36:52 - [TEST_STEP][PASSED] - click: Object: 'Object Repository/Author_page/Close_button_registration_pop-up' is clicked on

2018-03-29 15:36:52 - [MESSAGE][PASSED] - Object: 'Object Repository/Author_page/Close_button_registration_pop-up' is clicked on

2018-03-29 15:36:52 - [TEST_STEP][PASSED] - click: Object: 'Object Repository/Author_page/Button_favorite' is clicked on

2018-03-29 15:36:52 - [MESSAGE][PASSED] - Object: 'Object Repository/Author_page/Button_favorite' is clicked on

2018-03-29 15:36:52 - [TEST_STEP][PASSED] - delay: Delayed 1 second(s)

2018-03-29 15:36:53 - [MESSAGE][PASSED] - Delayed 1 second(s)

2018-03-29 15:36:53 - [TEST_STEP][PASSED] - click: Object: 'Object Repository/Author_page/Close_button_registration_pop-up' is clicked on

2018-03-29 15:36:53 - [MESSAGE][PASSED] - Object: 'Object Repository/Author_page/Close_button_registration_pop-up' is clicked on

2018-03-29 15:36:53 - [TEST_STEP][PASSED] - click: Object: 'Object Repository/Author_page/button_compare' is clicked on

2018-03-29 15:36:53 - [MESSAGE][PASSED] - Object: 'Object Repository/Author_page/button_compare' is clicked on

2018-03-29 15:36:53 - [TEST_STEP][PASSED] - delay: Delayed 1 second(s)

2018-03-29 15:36:54 - [MESSAGE][PASSED] - Delayed 1 second(s)

2018-03-29 15:36:54 - [TEST_STEP][PASSED] - click: Object: 'Object Repository/Author_page/Close_button_registration_pop-up' is clicked on

2018-03-29 15:36:54 - [MESSAGE][PASSED] - Object: 'Object Repository/Author_page/Close_button_registration_pop-up' is clicked on

2018-03-29 15:36:54 - [TEST_STEP][PASSED] - click: Object: 'Object Repository/Author_page/button_posts' is clicked on

2018-03-29 15:36:54 - [MESSAGE][PASSED] - Object: 'Object Repository/Author_page/button_posts' is clicked on

2018-03-29 15:36:54 - [TEST_STEP][PASSED] - delay: Delayed 1 second(s)

2018-03-29 15:36:56 - [MESSAGE][PASSED] - Delayed 1 second(s)

2018-03-29 15:36:56 - [TEST_STEP][PASSED] - click: Object: 'Object Repository/Author_page/button_reports' is clicked on

2018-03-29 15:36:56 - [MESSAGE][PASSED] - Object: 'Object Repository/Author_page/button_reports' is clicked on

2018-03-29 15:36:56 - [TEST_STEP][PASSED] - delay: Delayed 1 second(s)

2018-03-29 15:36:57 - [MESSAGE][PASSED] - Delayed 1 second(s)

2018-03-29 15:36:57 - [TEST_STEP][PASSED] - click: Object: 'Object Repository/Author_page/button_detail_report_inf' is clicked on

2018-03-29 15:36:57 - [MESSAGE][PASSED] - Object: 'Object Repository/Author_page/button_detail_report_inf' is clicked on

2018-03-29 15:36:57 - [TEST_STEP][PASSED] - switchToWindowIndex: Switched to window with index: '2'

2018-03-29 15:36:57 - [MESSAGE][PASSED] - Switched to window with index: '2'

2018-03-29 15:36:57 - [TEST_STEP][PASSED] - verifyElementPresent: Object 'Object Repository/Author_page/ver_detail_page_loaded' is present

2018-03-29 15:36:57 - [MESSAGE][WARNING] - Timeout '0' is invalid. Using default page load timeout: '30'

2018-03-29 15:37:00 - [MESSAGE][PASSED] - Object 'Object Repository/Author_page/ver_detail_page_loaded' is present

2018-03-29 15:37:00 - [TEST_STEP][PASSED] - closeBrowser: Browser is closed

2018-03-29 15:37:01 - [MESSAGE][PASSED] - Browser is closed]]></system-out>
         <system-err><![CDATA[]]></system-err>
      </testcase>
      <testcase name="Test Cases/Clicks_with_out_login/Clicks (Authors) - without logging" classname="Test Cases/Clicks_with_out_login/Clicks (Authors) - without logging" status="FAILED">
         <failure type="FAILED" message="Unable to click on object 'Object Repository/Search_Authors/Button_Compare_report_row_Search_page' (Root cause: com.kms.katalon.core.webui.exception.WebElementNotFoundException: Web element with id: 'Object Repository/Search_Authors/Button_Compare_report_row_Search_page' located by 'By.xpath: .//*[@id='author_activity']/div[1]/div[2]/div/div/div[2]/div[5]/div[2]/i' not found)"/>
         <system-out><![CDATA[2018-03-29 15:37:01 - [TEST_CASE][FAILED] - Test Cases/Clicks_with_out_login/Clicks (Authors) - without logging: Test Cases/Clicks_with_out_login/Clicks (Authors) - without logging FAILED because (of) Unable to click on object 'Object Repository/Search_Authors/Button_Compare_report_row_Search_page' (Root cause: com.kms.katalon.core.webui.exception.WebElementNotFoundException: Web element with id: 'Object Repository/Search_Authors/Button_Compare_report_row_Search_page' located by 'By.xpath: .//*[@id='author_activity']/div[1]/div[2]/div/div/div[2]/div[5]/div[2]/i' not found)

2018-03-29 15:37:01 - [TEST_STEP][PASSED] - openBrowser: Browser is opened with url: ''

2018-03-29 15:37:03 - [MESSAGE][PASSED] - Browser is opened with url: ''

2018-03-29 15:37:03 - [TEST_STEP][PASSED] - navigateToUrl: Navigate to 'https://www.route-report.com/' successfully

2018-03-29 15:37:07 - [MESSAGE][PASSED] - Navigate to 'https://www.route-report.com/' successfully

2018-03-29 15:37:07 - [TEST_STEP][PASSED] - maximizeWindow: Current window maximized

2018-03-29 15:37:08 - [MESSAGE][PASSED] - Current window maximized

2018-03-29 15:37:08 - [TEST_STEP][PASSED] - click: Object: 'Object Repository/Search_Authors/a_Authors' is clicked on

2018-03-29 15:37:10 - [MESSAGE][PASSED] - Object: 'Object Repository/Search_Authors/a_Authors' is clicked on

2018-03-29 15:37:10 - [TEST_STEP][PASSED] - waitForElementPresent: Object 'Object Repository/Search_Authors/price_button_authors' is present

2018-03-29 15:37:16 - [MESSAGE][PASSED] - Object 'Object Repository/Search_Authors/price_button_authors' is present

2018-03-29 15:37:16 - [TEST_STEP][PASSED] - click: Object: 'Object Repository/Search_Authors/price_button_authors' is clicked on

2018-03-29 15:37:16 - [MESSAGE][PASSED] - Object: 'Object Repository/Search_Authors/price_button_authors' is clicked on

2018-03-29 15:37:16 - [TEST_STEP][PASSED] - delay: Delayed 1 second(s)

2018-03-29 15:37:17 - [MESSAGE][PASSED] - Delayed 1 second(s)

2018-03-29 15:37:17 - [TEST_STEP][PASSED] - click: Object: 'Object Repository/Search_Authors/Close_button_registration_pop-up' is clicked on

2018-03-29 15:37:17 - [MESSAGE][PASSED] - Object: 'Object Repository/Search_Authors/Close_button_registration_pop-up' is clicked on

2018-03-29 15:37:17 - [TEST_STEP][PASSED] - click: Object: 'Object Repository/Search_Authors/Button_add_to_favorite_Search_page' is clicked on

2018-03-29 15:37:18 - [MESSAGE][PASSED] - Object: 'Object Repository/Search_Authors/Button_add_to_favorite_Search_page' is clicked on

2018-03-29 15:37:18 - [TEST_STEP][PASSED] - waitForElementPresent: Object 'Object Repository/Search_Authors/button_SIGN UP' is present

2018-03-29 15:37:18 - [MESSAGE][PASSED] - Object 'Object Repository/Search_Authors/button_SIGN UP' is present

2018-03-29 15:37:18 - [TEST_STEP][PASSED] - delay: Delayed 1 second(s)

2018-03-29 15:37:19 - [MESSAGE][PASSED] - Delayed 1 second(s)

2018-03-29 15:37:19 - [TEST_STEP][PASSED] - click: Object: 'Object Repository/Search_Authors/Close_button_registration_pop-up' is clicked on

2018-03-29 15:37:19 - [MESSAGE][PASSED] - Object: 'Object Repository/Search_Authors/Close_button_registration_pop-up' is clicked on

2018-03-29 15:37:19 - [TEST_STEP][FAILED] - click: Unable to click on object 'Object Repository/Search_Authors/Button_Compare_report_row_Search_page' (Root cause: com.kms.katalon.core.webui.exception.WebElementNotFoundException: Web element with id: 'Object Repository/Search_Authors/Button_Compare_report_row_Search_page' located by 'By.xpath: .//*[@id='author_activity']/div[1]/div[2]/div/div/div[2]/div[5]/div[2]/i' not found)

2018-03-29 15:37:52 - [MESSAGE][FAILED] - Unable to click on object 'Object Repository/Search_Authors/Button_Compare_report_row_Search_page' (Root cause: com.kms.katalon.core.webui.exception.WebElementNotFoundException: Web element with id: 'Object Repository/Search_Authors/Button_Compare_report_row_Search_page' located by 'By.xpath: .//*[@id='author_activity']/div[1]/div[2]/div/div/div[2]/div[5]/div[2]/i' not found)
[[ATTACHMENT|C:\\Users\\user\\Katalon Studio\\Route_report_WEB\\Reports\\Clicks_without_logging\\20180329_153545\\1522327071627.png]]]]></system-out>
         <system-err><![CDATA[2018-03-29 15:37:01 - [TEST_CASE][FAILED] - Test Cases/Clicks_with_out_login/Clicks (Authors) - without logging: Test Cases/Clicks_with_out_login/Clicks (Authors) - without logging FAILED because (of) Unable to click on object 'Object Repository/Search_Authors/Button_Compare_report_row_Search_page' (Root cause: com.kms.katalon.core.webui.exception.WebElementNotFoundException: Web element with id: 'Object Repository/Search_Authors/Button_Compare_report_row_Search_page' located by 'By.xpath: .//*[@id='author_activity']/div[1]/div[2]/div/div/div[2]/div[5]/div[2]/i' not found)]]></system-err>
      </testcase>
      <testcase name="Test Cases/Clicks_with_out_login/Clicks (Contact US) - without logging" classname="Test Cases/Clicks_with_out_login/Clicks (Contact US) - without logging" status="PASSED">
         <system-out><![CDATA[2018-03-29 15:37:52 - [TEST_CASE][PASSED] - Test Cases/Clicks_with_out_login/Clicks (Contact US) - without logging: Test Cases/Clicks_with_out_login/Clicks (Contact US) - without logging

2018-03-29 15:37:52 - [TEST_STEP][PASSED] - openBrowser: Browser is opened with url: ''

2018-03-29 15:37:52 - [MESSAGE][WARNING] - A browser is already opened. Closing browser and opening a new one

2018-03-29 15:37:55 - [MESSAGE][PASSED] - Browser is opened with url: ''

2018-03-29 15:37:55 - [TEST_STEP][PASSED] - navigateToUrl: Navigate to 'https://www.route-report.com/' successfully

2018-03-29 15:37:58 - [MESSAGE][PASSED] - Navigate to 'https://www.route-report.com/' successfully

2018-03-29 15:37:58 - [TEST_STEP][PASSED] - maximizeWindow: Current window maximized

2018-03-29 15:37:59 - [MESSAGE][PASSED] - Current window maximized

2018-03-29 15:37:59 - [TEST_STEP][PASSED] - click: Object: 'Object Repository/Header-Footer/Header buttons/Header_Button_Contact us' is clicked on

2018-03-29 15:38:00 - [MESSAGE][PASSED] - Object: 'Object Repository/Header-Footer/Header buttons/Header_Button_Contact us' is clicked on

2018-03-29 15:38:00 - [TEST_STEP][PASSED] - waitForElementPresent: Object 'Object Repository/Header-Footer/Ver_Buttons/ver_Contact form' is present

2018-03-29 15:38:00 - [MESSAGE][PASSED] - Object 'Object Repository/Header-Footer/Ver_Buttons/ver_Contact form' is present

2018-03-29 15:38:00 - [TEST_STEP][PASSED] - click: Object: 'Object Repository/Page_Contact us - Route Report/button_Send' is clicked on

2018-03-29 15:38:01 - [MESSAGE][PASSED] - Object: 'Object Repository/Page_Contact us - Route Report/button_Send' is clicked on

2018-03-29 15:38:01 - [TEST_STEP][PASSED] - verifyElementPresent: Object 'Object Repository/Page_Contact us - Route Report/error_Please provide your email' is present

2018-03-29 15:38:01 - [MESSAGE][WARNING] - Timeout '0' is invalid. Using default page load timeout: '30'

2018-03-29 15:38:01 - [MESSAGE][PASSED] - Object 'Object Repository/Page_Contact us - Route Report/error_Please provide your email' is present

2018-03-29 15:38:01 - [TEST_STEP][PASSED] - verifyElementPresent: Object 'Object Repository/Page_Contact us - Route Report/error_Please write your message' is present

2018-03-29 15:38:01 - [MESSAGE][WARNING] - Timeout '0' is invalid. Using default page load timeout: '30'

2018-03-29 15:38:01 - [MESSAGE][PASSED] - Object 'Object Repository/Page_Contact us - Route Report/error_Please write your message' is present

2018-03-29 15:38:01 - [TEST_STEP][PASSED] - verifyElementPresent: Object 'Object Repository/Page_Contact us - Route Report/error_Select the subject of your' is present

2018-03-29 15:38:01 - [MESSAGE][WARNING] - Timeout '0' is invalid. Using default page load timeout: '30'

2018-03-29 15:38:01 - [MESSAGE][PASSED] - Object 'Object Repository/Page_Contact us - Route Report/error_Select the subject of your' is present

2018-03-29 15:38:01 - [TEST_STEP][PASSED] - setText: Text 'rostyslav.biliaiev@route-report.com' is set on object 'Object Repository/Page_Contact us - Route Report/input_email'

2018-03-29 15:38:01 - [MESSAGE][PASSED] - Text 'rostyslav.biliaiev@route-report.com' is set on object 'Object Repository/Page_Contact us - Route Report/input_email'

2018-03-29 15:38:01 - [TEST_STEP][PASSED] - click: Object: 'Object Repository/Page_Contact us - Route Report/input_subject-name-input' is clicked on

2018-03-29 15:38:01 - [MESSAGE][PASSED] - Object: 'Object Repository/Page_Contact us - Route Report/input_subject-name-input' is clicked on

2018-03-29 15:38:01 - [TEST_STEP][PASSED] - click: Object: 'Object Repository/Page_Contact us - Route Report/Dropdown_element' is clicked on

2018-03-29 15:38:01 - [MESSAGE][PASSED] - Object: 'Object Repository/Page_Contact us - Route Report/Dropdown_element' is clicked on

2018-03-29 15:38:01 - [TEST_STEP][PASSED] - setText: Text 'Automated test executed' is set on object 'Object Repository/Page_Contact us - Route Report/textarea_message'

2018-03-29 15:38:01 - [MESSAGE][PASSED] - Text 'Automated test executed' is set on object 'Object Repository/Page_Contact us - Route Report/textarea_message'

2018-03-29 15:38:01 - [TEST_STEP][PASSED] - click: Object: 'Object Repository/Page_Contact us - Route Report/button_Send' is clicked on

2018-03-29 15:38:02 - [MESSAGE][PASSED] - Object: 'Object Repository/Page_Contact us - Route Report/button_Send' is clicked on

2018-03-29 15:38:02 - [TEST_STEP][PASSED] - delay: Delayed 1 second(s)

2018-03-29 15:38:03 - [MESSAGE][PASSED] - Delayed 1 second(s)

2018-03-29 15:38:03 - [TEST_STEP][PASSED] - verifyElementVisible: Object 'Object Repository/Page_Contact us - Route Report/Message is sent Thank you' is visible

2018-03-29 15:38:03 - [MESSAGE][PASSED] - Object 'Object Repository/Page_Contact us - Route Report/Message is sent Thank you' is visible

2018-03-29 15:38:03 - [TEST_STEP][PASSED] - closeBrowser: Browser is closed

2018-03-29 15:38:03 - [MESSAGE][PASSED] - Browser is closed]]></system-out>
         <system-err><![CDATA[]]></system-err>
      </testcase>
      <testcase name="Test Cases/Clicks_with_out_login/Clicks (Detail_report_page)" classname="Test Cases/Clicks_with_out_login/Clicks (Detail_report_page)" status="PASSED">
         <system-out><![CDATA[2018-03-29 15:38:03 - [TEST_CASE][PASSED] - Test Cases/Clicks_with_out_login/Clicks (Detail_report_page): Test Cases/Clicks_with_out_login/Clicks (Detail_report_page)

2018-03-29 15:38:04 - [TEST_STEP][PASSED] - openBrowser: Browser is opened with url: ''

2018-03-29 15:38:06 - [MESSAGE][PASSED] - Browser is opened with url: ''

2018-03-29 15:38:06 - [TEST_STEP][PASSED] - navigateToUrl: Navigate to 'https://www.route-report.com/' successfully

2018-03-29 15:38:08 - [MESSAGE][PASSED] - Navigate to 'https://www.route-report.com/' successfully

2018-03-29 15:38:08 - [TEST_STEP][PASSED] - maximizeWindow: Current window maximized

2018-03-29 15:38:10 - [MESSAGE][PASSED] - Current window maximized

2018-03-29 15:38:10 - [TEST_STEP][PASSED] - click: Object: 'Object Repository/Header-Footer/Header buttons/Header_Button__Authors' is clicked on

2018-03-29 15:38:12 - [MESSAGE][PASSED] - Object: 'Object Repository/Header-Footer/Header buttons/Header_Button__Authors' is clicked on

2018-03-29 15:38:12 - [TEST_STEP][PASSED] - waitForElementPresent: Object 'Object Repository/Header-Footer/Ver_Buttons/ver_block_TOP AUTHORS' is present

2018-03-29 15:38:12 - [MESSAGE][PASSED] - Object 'Object Repository/Header-Footer/Ver_Buttons/ver_block_TOP AUTHORS' is present

2018-03-29 15:38:12 - [TEST_STEP][PASSED] - delay: Delayed 2 second(s)

2018-03-29 15:38:14 - [MESSAGE][PASSED] - Delayed 2 second(s)

2018-03-29 15:38:14 - [TEST_STEP][PASSED] - click: Object: 'Object Repository/Search_Authors/link_Ana Maria Diez Venezuela01' is clicked on

2018-03-29 15:38:18 - [MESSAGE][PASSED] - Object: 'Object Repository/Search_Authors/link_Ana Maria Diez Venezuela01' is clicked on

2018-03-29 15:38:18 - [TEST_STEP][PASSED] - switchToWindowIndex: Switched to window with index: '1'

2018-03-29 15:38:18 - [MESSAGE][PASSED] - Switched to window with index: '1'

2018-03-29 15:38:18 - [TEST_STEP][PASSED] - waitForElementPresent: Object 'Object Repository/Header-Footer/Ver_Buttons/ver_Authors_page' is present

2018-03-29 15:38:20 - [MESSAGE][PASSED] - Object 'Object Repository/Header-Footer/Ver_Buttons/ver_Authors_page' is present

2018-03-29 15:38:20 - [TEST_STEP][PASSED] - click: Object: 'Object Repository/Author_page/button_detail_report_inf' is clicked on

2018-03-29 15:38:20 - [MESSAGE][PASSED] - Object: 'Object Repository/Author_page/button_detail_report_inf' is clicked on

2018-03-29 15:38:20 - [TEST_STEP][PASSED] - switchToWindowIndex: Switched to window with index: '2'

2018-03-29 15:38:20 - [MESSAGE][PASSED] - Switched to window with index: '2'

2018-03-29 15:38:20 - [TEST_STEP][PASSED] - verifyElementPresent: Object 'Object Repository/Author_page/ver_detail_page_loaded' is present

2018-03-29 15:38:20 - [MESSAGE][WARNING] - Timeout '0' is invalid. Using default page load timeout: '30'

2018-03-29 15:38:23 - [MESSAGE][PASSED] - Object 'Object Repository/Author_page/ver_detail_page_loaded' is present

2018-03-29 15:38:23 - [TEST_STEP][PASSED] - click: Object: 'Object Repository/Detail_report_page/Button_favorite' is clicked on

2018-03-29 15:38:23 - [MESSAGE][PASSED] - Object: 'Object Repository/Detail_report_page/Button_favorite' is clicked on

2018-03-29 15:38:23 - [TEST_STEP][PASSED] - delay: Delayed 1 second(s)

2018-03-29 15:38:24 - [MESSAGE][PASSED] - Delayed 1 second(s)

2018-03-29 15:38:24 - [TEST_STEP][PASSED] - click: Object: 'Object Repository/Detail_report_page/Close_button_registration_pop-up' is clicked on

2018-03-29 15:38:24 - [MESSAGE][PASSED] - Object: 'Object Repository/Detail_report_page/Close_button_registration_pop-up' is clicked on

2018-03-29 15:38:24 - [TEST_STEP][PASSED] - click: Object: 'Object Repository/Detail_report_page/button_compare' is clicked on

2018-03-29 15:38:25 - [MESSAGE][PASSED] - Object: 'Object Repository/Detail_report_page/button_compare' is clicked on

2018-03-29 15:38:25 - [TEST_STEP][PASSED] - delay: Delayed 1 second(s)

2018-03-29 15:38:26 - [MESSAGE][PASSED] - Delayed 1 second(s)

2018-03-29 15:38:26 - [TEST_STEP][PASSED] - click: Object: 'Object Repository/Detail_report_page/Close_button_registration_pop-up' is clicked on

2018-03-29 15:38:26 - [MESSAGE][PASSED] - Object: 'Object Repository/Detail_report_page/Close_button_registration_pop-up' is clicked on

2018-03-29 15:38:26 - [TEST_STEP][PASSED] - click: Object: 'Object Repository/Detail_report_page/Button_cart' is clicked on

2018-03-29 15:38:26 - [MESSAGE][PASSED] - Object: 'Object Repository/Detail_report_page/Button_cart' is clicked on

2018-03-29 15:38:26 - [TEST_STEP][PASSED] - delay: Delayed 1 second(s)

2018-03-29 15:38:27 - [MESSAGE][PASSED] - Delayed 1 second(s)

2018-03-29 15:38:27 - [TEST_STEP][PASSED] - click: Object: 'Object Repository/Detail_report_page/Close_button_registration_pop-up' is clicked on

2018-03-29 15:38:27 - [MESSAGE][PASSED] - Object: 'Object Repository/Detail_report_page/Close_button_registration_pop-up' is clicked on

2018-03-29 15:38:27 - [TEST_STEP][PASSED] - click: Object: 'Object Repository/Detail_report_page/Photos_link' is clicked on

2018-03-29 15:38:27 - [MESSAGE][PASSED] - Object: 'Object Repository/Detail_report_page/Photos_link' is clicked on

2018-03-29 15:38:27 - [TEST_STEP][PASSED] - verifyElementPresent: Object 'Object Repository/Detail_report_page/ver_photo' is present

2018-03-29 15:38:27 - [MESSAGE][PASSED] - Object 'Object Repository/Detail_report_page/ver_photo' is present

2018-03-29 15:38:27 - [TEST_STEP][PASSED] - delay: Delayed 2 second(s)

2018-03-29 15:38:29 - [MESSAGE][PASSED] - Delayed 2 second(s)

2018-03-29 15:38:29 - [TEST_STEP][PASSED] - click: Object: 'Object Repository/Detail_report_page/Button_close_images' is clicked on

2018-03-29 15:38:29 - [MESSAGE][PASSED] - Object: 'Object Repository/Detail_report_page/Button_close_images' is clicked on

2018-03-29 15:38:29 - [TEST_STEP][PASSED] - click: Object: 'Object Repository/Detail_report_page/Button_more' is clicked on

2018-03-29 15:38:30 - [MESSAGE][PASSED] - Object: 'Object Repository/Detail_report_page/Button_more' is clicked on

2018-03-29 15:38:30 - [TEST_STEP][PASSED] - switchToWindowIndex: Switched to window with index: '3'

2018-03-29 15:38:30 - [MESSAGE][PASSED] - Switched to window with index: '3'

2018-03-29 15:38:30 - [TEST_STEP][PASSED] - verifyElementPresent: Object 'Object Repository/Detail_report_page/ver_view_report' is present

2018-03-29 15:38:32 - [MESSAGE][PASSED] - Object 'Object Repository/Detail_report_page/ver_view_report' is present

2018-03-29 15:38:32 - [TEST_STEP][PASSED] - closeWindowIndex: Window with index 3 is closed

2018-03-29 15:38:33 - [MESSAGE][PASSED] - Window with index 3 is closed

2018-03-29 15:38:33 - [TEST_STEP][PASSED] - switchToWindowIndex: Switched to window with index: '2'

2018-03-29 15:38:33 - [MESSAGE][PASSED] - Switched to window with index: '2'

2018-03-29 15:38:33 - [TEST_STEP][PASSED] - click: Object: 'Object Repository/Detail_report_page/Avatar_photo_link' is clicked on

2018-03-29 15:38:33 - [MESSAGE][PASSED] - Object: 'Object Repository/Detail_report_page/Avatar_photo_link' is clicked on

2018-03-29 15:38:33 - [TEST_STEP][PASSED] - switchToWindowIndex: Switched to window with index: '3'

2018-03-29 15:38:33 - [MESSAGE][PASSED] - Switched to window with index: '3'

2018-03-29 15:38:33 - [TEST_STEP][PASSED] - verifyElementPresent: Object 'Object Repository/Detail_report_page/ver_Authors_page_loaded' is present

2018-03-29 15:38:35 - [MESSAGE][PASSED] - Object 'Object Repository/Detail_report_page/ver_Authors_page_loaded' is present

2018-03-29 15:38:35 - [TEST_STEP][PASSED] - closeBrowser: Browser is closed

2018-03-29 15:38:36 - [MESSAGE][PASSED] - Browser is closed]]></system-out>
         <system-err><![CDATA[]]></system-err>
      </testcase>
      <testcase name="Test Cases/Clicks_with_out_login/Clicks (FAQ)" classname="Test Cases/Clicks_with_out_login/Clicks (FAQ)" status="PASSED">
         <system-out><![CDATA[2018-03-29 15:38:36 - [TEST_CASE][PASSED] - Test Cases/Clicks_with_out_login/Clicks (FAQ): Test Cases/Clicks_with_out_login/Clicks (FAQ)

2018-03-29 15:38:36 - [TEST_STEP][PASSED] - openBrowser: Browser is opened with url: ''

2018-03-29 15:38:38 - [MESSAGE][PASSED] - Browser is opened with url: ''

2018-03-29 15:38:38 - [TEST_STEP][PASSED] - navigateToUrl: Navigate to 'https://www.route-report.com/' successfully

2018-03-29 15:38:42 - [MESSAGE][PASSED] - Navigate to 'https://www.route-report.com/' successfully

2018-03-29 15:38:42 - [TEST_STEP][PASSED] - maximizeWindow: Current window maximized

2018-03-29 15:38:43 - [MESSAGE][PASSED] - Current window maximized

2018-03-29 15:38:43 - [TEST_STEP][PASSED] - click: Object: 'Object Repository/Header-Footer/Footer buttons/Footer_Button_FAQ' is clicked on

2018-03-29 15:38:44 - [MESSAGE][PASSED] - Object: 'Object Repository/Header-Footer/Footer buttons/Footer_Button_FAQ' is clicked on

2018-03-29 15:38:44 - [TEST_STEP][PASSED] - waitForElementPresent: Object 'Object Repository/Header-Footer/Ver_Buttons/ver_FAQ' is present

2018-03-29 15:38:44 - [MESSAGE][PASSED] - Object 'Object Repository/Header-Footer/Ver_Buttons/ver_FAQ' is present

2018-03-29 15:38:44 - [TEST_STEP][PASSED] - click: Object: 'Object Repository/Page_FAQ/div_BUYING REPORT' is clicked on

2018-03-29 15:38:45 - [MESSAGE][PASSED] - Object: 'Object Repository/Page_FAQ/div_BUYING REPORT' is clicked on

2018-03-29 15:38:45 - [TEST_STEP][PASSED] - click: Object: 'Object Repository/Page_FAQ/div_SELLING A REPORT' is clicked on

2018-03-29 15:38:45 - [MESSAGE][PASSED] - Object: 'Object Repository/Page_FAQ/div_SELLING A REPORT' is clicked on

2018-03-29 15:38:45 - [TEST_STEP][PASSED] - click: Object: 'Object Repository/Page_FAQ/div_CREATING A REPORT' is clicked on

2018-03-29 15:38:45 - [MESSAGE][PASSED] - Object: 'Object Repository/Page_FAQ/div_CREATING A REPORT' is clicked on

2018-03-29 15:38:45 - [TEST_STEP][PASSED] - delay: Delayed 2 second(s)

2018-03-29 15:38:47 - [MESSAGE][PASSED] - Delayed 2 second(s)

2018-03-29 15:38:47 - [TEST_STEP][PASSED] - closeBrowser: Browser is closed

2018-03-29 15:38:48 - [MESSAGE][PASSED] - Browser is closed]]></system-out>
         <system-err><![CDATA[]]></system-err>
      </testcase>
      <testcase name="Test Cases/Clicks_with_out_login/Clicks (Header_Footer)" classname="Test Cases/Clicks_with_out_login/Clicks (Header_Footer)" status="PASSED">
         <system-out><![CDATA[2018-03-29 15:38:48 - [TEST_CASE][PASSED] - Test Cases/Clicks_with_out_login/Clicks (Header_Footer): Test Cases/Clicks_with_out_login/Clicks (Header_Footer)

2018-03-29 15:38:48 - [TEST_STEP][PASSED] - openBrowser: Browser is opened with url: ''

2018-03-29 15:38:50 - [MESSAGE][PASSED] - Browser is opened with url: ''

2018-03-29 15:38:50 - [TEST_STEP][PASSED] - navigateToUrl: Navigate to 'https://www.route-report.com/' successfully

2018-03-29 15:38:53 - [MESSAGE][PASSED] - Navigate to 'https://www.route-report.com/' successfully

2018-03-29 15:38:53 - [TEST_STEP][PASSED] - maximizeWindow: Current window maximized

2018-03-29 15:38:55 - [MESSAGE][PASSED] - Current window maximized

2018-03-29 15:38:55 - [TEST_STEP][PASSED] - click: Object: 'Object Repository/Header-Footer/Header buttons/Header_Button_Create a report' is clicked on

2018-03-29 15:38:55 - [MESSAGE][PASSED] - Object: 'Object Repository/Header-Footer/Header buttons/Header_Button_Create a report' is clicked on

2018-03-29 15:38:55 - [TEST_STEP][PASSED] - waitForElementPresent: Object 'Object Repository/Header-Footer/Ver_Buttons/ver_Pop_up_select_kind_of_travel' is not present after 2 second(s)

2018-03-29 15:39:01 - [MESSAGE][WARNING] - Object 'Object Repository/Header-Footer/Ver_Buttons/ver_Pop_up_select_kind_of_travel' is not present after 2 second(s)

2018-03-29 15:39:01 - [TEST_STEP][PASSED] - back: Navigate back successfully

2018-03-29 15:39:01 - [MESSAGE][PASSED] - Navigate back successfully

2018-03-29 15:39:01 - [TEST_STEP][PASSED] - click: Object: 'Object Repository/Header-Footer/Header buttons/Header_Button_Create a report' is clicked on

2018-03-29 15:39:02 - [MESSAGE][PASSED] - Object: 'Object Repository/Header-Footer/Header buttons/Header_Button_Create a report' is clicked on

2018-03-29 15:39:02 - [TEST_STEP][PASSED] - waitForElementPresent: Object 'Object Repository/Header-Footer/Ver_Buttons/ver_Pop_up_select_kind_of_travel' is not present after 2 second(s)

2018-03-29 15:39:05 - [MESSAGE][WARNING] - Object 'Object Repository/Header-Footer/Ver_Buttons/ver_Pop_up_select_kind_of_travel' is not present after 2 second(s)

2018-03-29 15:39:05 - [TEST_STEP][PASSED] - back: Navigate back successfully

2018-03-29 15:39:06 - [MESSAGE][PASSED] - Navigate back successfully

2018-03-29 15:39:06 - [TEST_STEP][PASSED] - click: Object: 'Object Repository/Header-Footer/Header buttons/Header_Button_About us' is clicked on

2018-03-29 15:39:06 - [MESSAGE][PASSED] - Object: 'Object Repository/Header-Footer/Header buttons/Header_Button_About us' is clicked on

2018-03-29 15:39:06 - [TEST_STEP][PASSED] - waitForElementPresent: Object 'Object Repository/Header-Footer/Ver_Buttons/ver_JOIN US NOW' is present

2018-03-29 15:39:06 - [MESSAGE][PASSED] - Object 'Object Repository/Header-Footer/Ver_Buttons/ver_JOIN US NOW' is present

2018-03-29 15:39:06 - [TEST_STEP][PASSED] - click: Object: 'Object Repository/Header-Footer/Header buttons/Header_Button_Search report' is clicked on

2018-03-29 15:39:08 - [MESSAGE][PASSED] - Object: 'Object Repository/Header-Footer/Header buttons/Header_Button_Search report' is clicked on

2018-03-29 15:39:08 - [TEST_STEP][PASSED] - waitForElementPresent: Object 'Object Repository/Header-Footer/Ver_Buttons/ver_Search block' is not present after 2 second(s)

2018-03-29 15:39:10 - [MESSAGE][WARNING] - Object 'Object Repository/Header-Footer/Ver_Buttons/ver_Search block' is not present after 2 second(s)

2018-03-29 15:39:10 - [TEST_STEP][PASSED] - click: Object: 'Object Repository/Header-Footer/Header buttons/Header_Button__Authors' is clicked on

2018-03-29 15:39:13 - [MESSAGE][PASSED] - Object: 'Object Repository/Header-Footer/Header buttons/Header_Button__Authors' is clicked on

2018-03-29 15:39:13 - [TEST_STEP][PASSED] - waitForElementPresent: Object 'Object Repository/Header-Footer/Ver_Buttons/ver_block_TOP AUTHORS' is present

2018-03-29 15:39:14 - [MESSAGE][PASSED] - Object 'Object Repository/Header-Footer/Ver_Buttons/ver_block_TOP AUTHORS' is present

2018-03-29 15:39:14 - [TEST_STEP][PASSED] - click: Object: 'Object Repository/Header-Footer/Header buttons/Header_Button_User Manual' is clicked on

2018-03-29 15:39:15 - [MESSAGE][PASSED] - Object: 'Object Repository/Header-Footer/Header buttons/Header_Button_User Manual' is clicked on

2018-03-29 15:39:15 - [TEST_STEP][PASSED] - waitForElementPresent: Object 'Object Repository/Header-Footer/Ver_Buttons/ver_Users Manual' is present

2018-03-29 15:39:15 - [MESSAGE][PASSED] - Object 'Object Repository/Header-Footer/Ver_Buttons/ver_Users Manual' is present

2018-03-29 15:39:15 - [TEST_STEP][PASSED] - click: Object: 'Object Repository/Header-Footer/Header buttons/Header_Button_FAQ' is clicked on

2018-03-29 15:39:16 - [MESSAGE][PASSED] - Object: 'Object Repository/Header-Footer/Header buttons/Header_Button_FAQ' is clicked on

2018-03-29 15:39:16 - [TEST_STEP][PASSED] - waitForElementPresent: Object 'Object Repository/Header-Footer/Ver_Buttons/ver_FAQ' is present

2018-03-29 15:39:16 - [MESSAGE][PASSED] - Object 'Object Repository/Header-Footer/Ver_Buttons/ver_FAQ' is present

2018-03-29 15:39:16 - [TEST_STEP][PASSED] - click: Object: 'Object Repository/Header-Footer/Header buttons/Header_Button_Contact us' is clicked on

2018-03-29 15:39:17 - [MESSAGE][PASSED] - Object: 'Object Repository/Header-Footer/Header buttons/Header_Button_Contact us' is clicked on

2018-03-29 15:39:17 - [TEST_STEP][PASSED] - waitForElementPresent: Object 'Object Repository/Header-Footer/Ver_Buttons/ver_Contact form' is present

2018-03-29 15:39:17 - [MESSAGE][PASSED] - Object 'Object Repository/Header-Footer/Ver_Buttons/ver_Contact form' is present

2018-03-29 15:39:17 - [TEST_STEP][PASSED] - click: Object: 'Object Repository/Header-Footer/Header buttons/Header_Button_NewsOffers' is clicked on

2018-03-29 15:39:19 - [MESSAGE][PASSED] - Object: 'Object Repository/Header-Footer/Header buttons/Header_Button_NewsOffers' is clicked on

2018-03-29 15:39:19 - [TEST_STEP][PASSED] - waitForElementPresent: Object 'Object Repository/Header-Footer/Ver_Buttons/ver_news' is present

2018-03-29 15:39:19 - [MESSAGE][PASSED] - Object 'Object Repository/Header-Footer/Ver_Buttons/ver_news' is present

2018-03-29 15:39:19 - [TEST_STEP][PASSED] - click: Object: 'Object Repository/Header-Footer/Footer buttons/Footer_Button_About us' is clicked on

2018-03-29 15:39:19 - [MESSAGE][PASSED] - Object: 'Object Repository/Header-Footer/Footer buttons/Footer_Button_About us' is clicked on

2018-03-29 15:39:19 - [TEST_STEP][PASSED] - waitForElementPresent: Object 'Object Repository/Header-Footer/Ver_Buttons/ver_JOIN US NOW' is present

2018-03-29 15:39:19 - [MESSAGE][PASSED] - Object 'Object Repository/Header-Footer/Ver_Buttons/ver_JOIN US NOW' is present

2018-03-29 15:39:19 - [TEST_STEP][PASSED] - click: Object: 'Object Repository/Header-Footer/Footer buttons/Footer_Button_Search report' is clicked on

2018-03-29 15:39:21 - [MESSAGE][PASSED] - Object: 'Object Repository/Header-Footer/Footer buttons/Footer_Button_Search report' is clicked on

2018-03-29 15:39:21 - [TEST_STEP][PASSED] - waitForElementPresent: Object 'Object Repository/Header-Footer/Ver_Buttons/ver_Search block' is not present after 2 second(s)

2018-03-29 15:39:23 - [MESSAGE][WARNING] - Object 'Object Repository/Header-Footer/Ver_Buttons/ver_Search block' is not present after 2 second(s)

2018-03-29 15:39:23 - [TEST_STEP][PASSED] - click: Object: 'Object Repository/Header-Footer/Footer buttons/Footer_Button_Authors' is clicked on

2018-03-29 15:39:25 - [MESSAGE][PASSED] - Object: 'Object Repository/Header-Footer/Footer buttons/Footer_Button_Authors' is clicked on

2018-03-29 15:39:25 - [TEST_STEP][PASSED] - waitForElementPresent: Object 'Object Repository/Header-Footer/Ver_Buttons/ver_block_TOP AUTHORS' is present

2018-03-29 15:39:25 - [MESSAGE][PASSED] - Object 'Object Repository/Header-Footer/Ver_Buttons/ver_block_TOP AUTHORS' is present

2018-03-29 15:39:25 - [TEST_STEP][PASSED] - click: Object: 'Object Repository/Header-Footer/Footer buttons/Footer_Button_User Manual' is clicked on

2018-03-29 15:39:26 - [MESSAGE][PASSED] - Object: 'Object Repository/Header-Footer/Footer buttons/Footer_Button_User Manual' is clicked on

2018-03-29 15:39:26 - [TEST_STEP][PASSED] - waitForElementPresent: Object 'Object Repository/Header-Footer/Ver_Buttons/ver_Users Manual' is present

2018-03-29 15:39:26 - [MESSAGE][PASSED] - Object 'Object Repository/Header-Footer/Ver_Buttons/ver_Users Manual' is present

2018-03-29 15:39:26 - [TEST_STEP][PASSED] - click: Object: 'Object Repository/Header-Footer/Footer buttons/Footer_Button_FAQ' is clicked on

2018-03-29 15:39:27 - [MESSAGE][PASSED] - Object: 'Object Repository/Header-Footer/Footer buttons/Footer_Button_FAQ' is clicked on

2018-03-29 15:39:27 - [TEST_STEP][PASSED] - waitForElementPresent: Object 'Object Repository/Header-Footer/Ver_Buttons/ver_FAQ' is present

2018-03-29 15:39:27 - [MESSAGE][PASSED] - Object 'Object Repository/Header-Footer/Ver_Buttons/ver_FAQ' is present

2018-03-29 15:39:27 - [TEST_STEP][PASSED] - click: Object: 'Object Repository/Header-Footer/Footer buttons/Footer_Button_Contact us' is clicked on

2018-03-29 15:39:28 - [MESSAGE][PASSED] - Object: 'Object Repository/Header-Footer/Footer buttons/Footer_Button_Contact us' is clicked on

2018-03-29 15:39:28 - [TEST_STEP][PASSED] - waitForElementPresent: Object 'Object Repository/Header-Footer/Ver_Buttons/ver_Contact form' is present

2018-03-29 15:39:28 - [MESSAGE][PASSED] - Object 'Object Repository/Header-Footer/Ver_Buttons/ver_Contact form' is present

2018-03-29 15:39:28 - [TEST_STEP][PASSED] - click: Object: 'Object Repository/Header-Footer/Footer buttons/Footer_Button_NewsOffers' is clicked on

2018-03-29 15:39:29 - [MESSAGE][PASSED] - Object: 'Object Repository/Header-Footer/Footer buttons/Footer_Button_NewsOffers' is clicked on

2018-03-29 15:39:29 - [TEST_STEP][PASSED] - waitForElementPresent: Object 'Object Repository/Header-Footer/Ver_Buttons/ver_news' is present

2018-03-29 15:39:29 - [MESSAGE][PASSED] - Object 'Object Repository/Header-Footer/Ver_Buttons/ver_news' is present

2018-03-29 15:39:29 - [TEST_STEP][PASSED] - closeBrowser: Browser is closed

2018-03-29 15:39:30 - [MESSAGE][PASSED] - Browser is closed]]></system-out>
         <system-err><![CDATA[]]></system-err>
      </testcase>
      <testcase name="Test Cases/Clicks_with_out_login/Clicks (Manual)" classname="Test Cases/Clicks_with_out_login/Clicks (Manual)" status="PASSED">
         <system-out><![CDATA[2018-03-29 15:39:30 - [TEST_CASE][PASSED] - Test Cases/Clicks_with_out_login/Clicks (Manual): Test Cases/Clicks_with_out_login/Clicks (Manual)

2018-03-29 15:39:30 - [TEST_STEP][PASSED] - openBrowser: Browser is opened with url: ''

2018-03-29 15:39:32 - [MESSAGE][PASSED] - Browser is opened with url: ''

2018-03-29 15:39:32 - [TEST_STEP][PASSED] - navigateToUrl: Navigate to 'https://www.route-report.com/' successfully

2018-03-29 15:39:35 - [MESSAGE][PASSED] - Navigate to 'https://www.route-report.com/' successfully

2018-03-29 15:39:35 - [TEST_STEP][PASSED] - maximizeWindow: Current window maximized

2018-03-29 15:39:36 - [MESSAGE][PASSED] - Current window maximized

2018-03-29 15:39:36 - [TEST_STEP][PASSED] - click: Object: 'Object Repository/Header-Footer/Footer buttons/Footer_Button_User Manual' is clicked on

2018-03-29 15:39:38 - [MESSAGE][PASSED] - Object: 'Object Repository/Header-Footer/Footer buttons/Footer_Button_User Manual' is clicked on

2018-03-29 15:39:38 - [TEST_STEP][PASSED] - waitForElementPresent: Object 'Object Repository/Header-Footer/Ver_Buttons/ver_Users Manual' is present

2018-03-29 15:39:38 - [MESSAGE][PASSED] - Object 'Object Repository/Header-Footer/Ver_Buttons/ver_Users Manual' is present

2018-03-29 15:39:38 - [TEST_STEP][PASSED] - click: Object: 'Object Repository/Header-Footer/Manual/nav_button_Trip vocabulary_manual' is clicked on

2018-03-29 15:39:38 - [MESSAGE][PASSED] - Object: 'Object Repository/Header-Footer/Manual/nav_button_Trip vocabulary_manual' is clicked on

2018-03-29 15:39:38 - [TEST_STEP][PASSED] - waitForElementVisible: Object 'Object Repository/Header-Footer/Manual/nav_button_Types of trips_manual' is visible

2018-03-29 15:39:39 - [MESSAGE][PASSED] - Object 'Object Repository/Header-Footer/Manual/nav_button_Types of trips_manual' is visible

2018-03-29 15:39:39 - [TEST_STEP][PASSED] - closeBrowser: Browser is closed

2018-03-29 15:39:39 - [MESSAGE][PASSED] - Browser is closed]]></system-out>
         <system-err><![CDATA[]]></system-err>
      </testcase>
      <testcase name="Test Cases/Clicks_with_out_login/Clicks (News) - without logging" classname="Test Cases/Clicks_with_out_login/Clicks (News) - without logging" status="PASSED">
         <system-out><![CDATA[2018-03-29 15:39:39 - [TEST_CASE][PASSED] - Test Cases/Clicks_with_out_login/Clicks (News) - without logging: Test Cases/Clicks_with_out_login/Clicks (News) - without logging

2018-03-29 15:39:39 - [TEST_STEP][PASSED] - openBrowser: Browser is opened with url: ''

2018-03-29 15:39:41 - [MESSAGE][PASSED] - Browser is opened with url: ''

2018-03-29 15:39:41 - [TEST_STEP][PASSED] - navigateToUrl: Navigate to 'https://www.route-report.com/' successfully

2018-03-29 15:39:44 - [MESSAGE][PASSED] - Navigate to 'https://www.route-report.com/' successfully

2018-03-29 15:39:44 - [TEST_STEP][PASSED] - maximizeWindow: Current window maximized

2018-03-29 15:39:45 - [MESSAGE][PASSED] - Current window maximized

2018-03-29 15:39:45 - [TEST_STEP][PASSED] - click: Object: 'Object Repository/Header-Footer/Header buttons/Header_Button_NewsOffers' is clicked on

2018-03-29 15:39:47 - [MESSAGE][PASSED] - Object: 'Object Repository/Header-Footer/Header buttons/Header_Button_NewsOffers' is clicked on

2018-03-29 15:39:48 - [TEST_STEP][PASSED] - verifyElementPresent: Object 'Object Repository/Header-Footer/Ver_Buttons/ver_news' is present

2018-03-29 15:39:48 - [MESSAGE][PASSED] - Object 'Object Repository/Header-Footer/Ver_Buttons/ver_news' is present

2018-03-29 15:39:48 - [TEST_STEP][PASSED] - click: Object: 'Object Repository/Page_NewsOffers/Icon-likes news' is clicked on

2018-03-29 15:39:48 - [MESSAGE][PASSED] - Object: 'Object Repository/Page_NewsOffers/Icon-likes news' is clicked on

2018-03-29 15:39:48 - [TEST_STEP][PASSED] - verifyElementPresent: Object 'Object Repository/Page_NewsOffers/ver-pop up login' is present

2018-03-29 15:39:48 - [MESSAGE][PASSED] - Object 'Object Repository/Page_NewsOffers/ver-pop up login' is present

2018-03-29 15:39:48 - [TEST_STEP][PASSED] - delay: Delayed 2 second(s)

2018-03-29 15:39:50 - [MESSAGE][PASSED] - Delayed 2 second(s)

2018-03-29 15:39:50 - [TEST_STEP][PASSED] - click: Object: 'Object Repository/Page_NewsOffers/Close_button_registration_pop-up' is clicked on

2018-03-29 15:39:50 - [MESSAGE][PASSED] - Object: 'Object Repository/Page_NewsOffers/Close_button_registration_pop-up' is clicked on

2018-03-29 15:39:50 - [TEST_STEP][PASSED] - click: Object: 'Object Repository/Page_NewsOffers/Icon-comments news' is clicked on

2018-03-29 15:39:50 - [MESSAGE][PASSED] - Object: 'Object Repository/Page_NewsOffers/Icon-comments news' is clicked on

2018-03-29 15:39:50 - [TEST_STEP][PASSED] - verifyElementPresent: Object 'Object Repository/Page_NewsOffers/ver-pop up login' is present

2018-03-29 15:39:50 - [MESSAGE][PASSED] - Object 'Object Repository/Page_NewsOffers/ver-pop up login' is present

2018-03-29 15:39:50 - [TEST_STEP][PASSED] - delay: Delayed 2 second(s)

2018-03-29 15:39:52 - [MESSAGE][PASSED] - Delayed 2 second(s)

2018-03-29 15:39:52 - [TEST_STEP][PASSED] - click: Object: 'Object Repository/Page_NewsOffers/Close_button_registration_pop-up' is clicked on

2018-03-29 15:39:53 - [MESSAGE][PASSED] - Object: 'Object Repository/Page_NewsOffers/Close_button_registration_pop-up' is clicked on

2018-03-29 15:39:53 - [TEST_STEP][PASSED] - click: Object: 'Object Repository/Page_NewsOffers/News_How to travel with passive' is clicked on

2018-03-29 15:39:53 - [MESSAGE][PASSED] - Object: 'Object Repository/Page_NewsOffers/News_How to travel with passive' is clicked on

2018-03-29 15:39:53 - [TEST_STEP][PASSED] - switchToWindowIndex: Switched to window with index: '1'

2018-03-29 15:39:53 - [MESSAGE][PASSED] - Switched to window with index: '1'

2018-03-29 15:39:53 - [TEST_STEP][PASSED] - verifyElementPresent: Object 'Object Repository/Page_NewsOffers/ver_new is loaded' is present

2018-03-29 15:39:54 - [MESSAGE][PASSED] - Object 'Object Repository/Page_NewsOffers/ver_new is loaded' is present

2018-03-29 15:39:54 - [TEST_STEP][PASSED] - click: Object: 'Object Repository/Page_NewsOffers/Icon likes vi news inside top' is clicked on

2018-03-29 15:39:54 - [MESSAGE][PASSED] - Object: 'Object Repository/Page_NewsOffers/Icon likes vi news inside top' is clicked on

2018-03-29 15:39:54 - [TEST_STEP][PASSED] - verifyElementPresent: Object 'Object Repository/Page_NewsOffers/ver-pop up login' is present

2018-03-29 15:39:55 - [MESSAGE][PASSED] - Object 'Object Repository/Page_NewsOffers/ver-pop up login' is present

2018-03-29 15:39:55 - [TEST_STEP][PASSED] - delay: Delayed 2 second(s)

2018-03-29 15:39:57 - [MESSAGE][PASSED] - Delayed 2 second(s)

2018-03-29 15:39:57 - [TEST_STEP][PASSED] - click: Object: 'Object Repository/Page_NewsOffers/Close_button_registration_pop-up' is clicked on

2018-03-29 15:39:57 - [MESSAGE][PASSED] - Object: 'Object Repository/Page_NewsOffers/Close_button_registration_pop-up' is clicked on

2018-03-29 15:39:57 - [TEST_STEP][PASSED] - click: Object: 'Object Repository/Page_NewsOffers/Icon-comments news inside' is clicked on

2018-03-29 15:39:57 - [MESSAGE][PASSED] - Object: 'Object Repository/Page_NewsOffers/Icon-comments news inside' is clicked on

2018-03-29 15:39:57 - [TEST_STEP][PASSED] - verifyElementPresent: Object 'Object Repository/Page_NewsOffers/ver-pop up login' is present

2018-03-29 15:39:57 - [MESSAGE][PASSED] - Object 'Object Repository/Page_NewsOffers/ver-pop up login' is present

2018-03-29 15:39:57 - [TEST_STEP][PASSED] - delay: Delayed 2 second(s)

2018-03-29 15:39:59 - [MESSAGE][PASSED] - Delayed 2 second(s)

2018-03-29 15:39:59 - [TEST_STEP][PASSED] - click: Object: 'Object Repository/Page_NewsOffers/Close_button_registration_pop-up' is clicked on

2018-03-29 15:39:59 - [MESSAGE][PASSED] - Object: 'Object Repository/Page_NewsOffers/Close_button_registration_pop-up' is clicked on

2018-03-29 15:39:59 - [TEST_STEP][PASSED] - click: Object: 'Object Repository/Page_NewsOffers/Icon likes vi news inside bottom ' is clicked on

2018-03-29 15:39:59 - [MESSAGE][PASSED] - Object: 'Object Repository/Page_NewsOffers/Icon likes vi news inside bottom ' is clicked on

2018-03-29 15:39:59 - [TEST_STEP][PASSED] - verifyElementPresent: Object 'Object Repository/Page_NewsOffers/ver-pop up login' is present

2018-03-29 15:39:59 - [MESSAGE][PASSED] - Object 'Object Repository/Page_NewsOffers/ver-pop up login' is present

2018-03-29 15:39:59 - [TEST_STEP][PASSED] - delay: Delayed 2 second(s)

2018-03-29 15:40:01 - [MESSAGE][PASSED] - Delayed 2 second(s)

2018-03-29 15:40:01 - [TEST_STEP][PASSED] - click: Object: 'Object Repository/Page_NewsOffers/Close_button_registration_pop-up' is clicked on

2018-03-29 15:40:01 - [MESSAGE][PASSED] - Object: 'Object Repository/Page_NewsOffers/Close_button_registration_pop-up' is clicked on

2018-03-29 15:40:01 - [TEST_STEP][PASSED] - closeBrowser: Browser is closed

2018-03-29 15:40:02 - [MESSAGE][PASSED] - Browser is closed]]></system-out>
         <system-err><![CDATA[]]></system-err>
      </testcase>
      <testcase name="Test Cases/Clicks_with_out_login/Clicks (Seach) - without logging" classname="Test Cases/Clicks_with_out_login/Clicks (Seach) - without logging" status="PASSED">
         <system-out><![CDATA[2018-03-29 15:40:02 - [TEST_CASE][PASSED] - Test Cases/Clicks_with_out_login/Clicks (Seach) - without logging: Test Cases/Clicks_with_out_login/Clicks (Seach) - without logging

2018-03-29 15:40:02 - [TEST_STEP][PASSED] - openBrowser: Browser is opened with url: ''

2018-03-29 15:40:04 - [MESSAGE][PASSED] - Browser is opened with url: ''

2018-03-29 15:40:04 - [TEST_STEP][PASSED] - navigateToUrl: Navigate to 'https://www.route-report.com/' successfully

2018-03-29 15:40:07 - [MESSAGE][PASSED] - Navigate to 'https://www.route-report.com/' successfully

2018-03-29 15:40:07 - [TEST_STEP][PASSED] - maximizeWindow: Current window maximized

2018-03-29 15:40:08 - [MESSAGE][PASSED] - Current window maximized

2018-03-29 15:40:08 - [TEST_STEP][PASSED] - click: Object: 'Object Repository/Search_Authors/a_Search report' is clicked on

2018-03-29 15:40:11 - [MESSAGE][PASSED] - Object: 'Object Repository/Search_Authors/a_Search report' is clicked on

2018-03-29 15:40:11 - [TEST_STEP][PASSED] - setText: Text 'Chacagua' is set on object 'Object Repository/Search_Authors/input_search'

2018-03-29 15:40:11 - [MESSAGE][PASSED] - Text 'Chacagua' is set on object 'Object Repository/Search_Authors/input_search'

2018-03-29 15:40:11 - [TEST_STEP][PASSED] - delay: Delayed 5 second(s)

2018-03-29 15:40:16 - [MESSAGE][PASSED] - Delayed 5 second(s)

2018-03-29 15:40:16 - [TEST_STEP][PASSED] - click: Object: 'Object Repository/Search_Authors/price_button_search' is clicked on

2018-03-29 15:40:16 - [MESSAGE][PASSED] - Object: 'Object Repository/Search_Authors/price_button_search' is clicked on

2018-03-29 15:40:16 - [TEST_STEP][PASSED] - waitForElementPresent: Object 'Object Repository/Search_Authors/button_SIGN UP' is present

2018-03-29 15:40:17 - [MESSAGE][PASSED] - Object 'Object Repository/Search_Authors/button_SIGN UP' is present

2018-03-29 15:40:17 - [TEST_STEP][PASSED] - delay: Delayed 1 second(s)

2018-03-29 15:40:18 - [MESSAGE][PASSED] - Delayed 1 second(s)

2018-03-29 15:40:18 - [TEST_STEP][PASSED] - click: Object: 'Object Repository/Search_Authors/Close_button_registration_pop-up' is clicked on

2018-03-29 15:40:18 - [MESSAGE][PASSED] - Object: 'Object Repository/Search_Authors/Close_button_registration_pop-up' is clicked on

2018-03-29 15:40:18 - [TEST_STEP][PASSED] - click: Object: 'Object Repository/Search_Authors/Button_Follow author_Search_page' is clicked on

2018-03-29 15:40:18 - [MESSAGE][PASSED] - Object: 'Object Repository/Search_Authors/Button_Follow author_Search_page' is clicked on

2018-03-29 15:40:18 - [TEST_STEP][PASSED] - waitForElementPresent: Object 'Object Repository/Search_Authors/button_SIGN UP' is present

2018-03-29 15:40:18 - [MESSAGE][PASSED] - Object 'Object Repository/Search_Authors/button_SIGN UP' is present

2018-03-29 15:40:18 - [TEST_STEP][PASSED] - delay: Delayed 1 second(s)

2018-03-29 15:40:19 - [MESSAGE][PASSED] - Delayed 1 second(s)

2018-03-29 15:40:19 - [TEST_STEP][PASSED] - click: Object: 'Object Repository/Search_Authors/Close_button_registration_pop-up' is clicked on

2018-03-29 15:40:19 - [MESSAGE][PASSED] - Object: 'Object Repository/Search_Authors/Close_button_registration_pop-up' is clicked on

2018-03-29 15:40:19 - [TEST_STEP][PASSED] - click: Object: 'Object Repository/Search_Authors/Button_add_to_favorite_Search_page' is clicked on

2018-03-29 15:40:19 - [MESSAGE][PASSED] - Object: 'Object Repository/Search_Authors/Button_add_to_favorite_Search_page' is clicked on

2018-03-29 15:40:19 - [TEST_STEP][PASSED] - waitForElementPresent: Object 'Object Repository/Search_Authors/button_SIGN UP' is present

2018-03-29 15:40:19 - [MESSAGE][PASSED] - Object 'Object Repository/Search_Authors/button_SIGN UP' is present

2018-03-29 15:40:19 - [TEST_STEP][PASSED] - delay: Delayed 1 second(s)

2018-03-29 15:40:20 - [MESSAGE][PASSED] - Delayed 1 second(s)

2018-03-29 15:40:20 - [TEST_STEP][PASSED] - click: Object: 'Object Repository/Search_Authors/Close_button_registration_pop-up' is clicked on

2018-03-29 15:40:20 - [MESSAGE][PASSED] - Object: 'Object Repository/Search_Authors/Close_button_registration_pop-up' is clicked on

2018-03-29 15:40:20 - [TEST_STEP][PASSED] - click: Object: 'Object Repository/Search_Authors/Button_Compare_report_row_Search_page' is clicked on

2018-03-29 15:40:21 - [MESSAGE][PASSED] - Object: 'Object Repository/Search_Authors/Button_Compare_report_row_Search_page' is clicked on

2018-03-29 15:40:21 - [TEST_STEP][PASSED] - waitForElementPresent: Object 'Object Repository/Search_Authors/button_SIGN UP' is present

2018-03-29 15:40:21 - [MESSAGE][PASSED] - Object 'Object Repository/Search_Authors/button_SIGN UP' is present

2018-03-29 15:40:21 - [TEST_STEP][PASSED] - delay: Delayed 1 second(s)

2018-03-29 15:40:22 - [MESSAGE][PASSED] - Delayed 1 second(s)

2018-03-29 15:40:22 - [TEST_STEP][PASSED] - click: Object: 'Object Repository/Search_Authors/Close_button_registration_pop-up' is clicked on

2018-03-29 15:40:22 - [MESSAGE][PASSED] - Object: 'Object Repository/Search_Authors/Close_button_registration_pop-up' is clicked on

2018-03-29 15:40:22 - [TEST_STEP][PASSED] - click: Object: 'Object Repository/Search_Authors/Button_Cart_top_section_Search' is clicked on

2018-03-29 15:40:22 - [MESSAGE][PASSED] - Object: 'Object Repository/Search_Authors/Button_Cart_top_section_Search' is clicked on

2018-03-29 15:40:22 - [TEST_STEP][PASSED] - waitForElementPresent: Object 'Object Repository/Search_Authors/button_SIGN UP' is present

2018-03-29 15:40:22 - [MESSAGE][PASSED] - Object 'Object Repository/Search_Authors/button_SIGN UP' is present

2018-03-29 15:40:22 - [TEST_STEP][PASSED] - delay: Delayed 1 second(s)

2018-03-29 15:40:23 - [MESSAGE][PASSED] - Delayed 1 second(s)

2018-03-29 15:40:23 - [TEST_STEP][PASSED] - closeBrowser: Browser is closed

2018-03-29 15:40:24 - [MESSAGE][PASSED] - Browser is closed]]></system-out>
         <system-err><![CDATA[]]></system-err>
      </testcase>
      <testcase name="Test Cases/Clicks_with_out_login/Clicks (View report) - without logging" classname="Test Cases/Clicks_with_out_login/Clicks (View report) - without logging" status="PASSED">
         <system-out><![CDATA[2018-03-29 15:40:24 - [TEST_CASE][PASSED] - Test Cases/Clicks_with_out_login/Clicks (View report) - without logging: Test Cases/Clicks_with_out_login/Clicks (View report) - without logging

2018-03-29 15:40:24 - [TEST_STEP][PASSED] - openBrowser: Browser is opened with url: ''

2018-03-29 15:40:27 - [MESSAGE][PASSED] - Browser is opened with url: ''

2018-03-29 15:40:27 - [TEST_STEP][PASSED] - navigateToUrl: Navigate to 'https://www.route-report.com/' successfully

2018-03-29 15:40:30 - [MESSAGE][PASSED] - Navigate to 'https://www.route-report.com/' successfully

2018-03-29 15:40:30 - [TEST_STEP][PASSED] - maximizeWindow: Current window maximized

2018-03-29 15:40:31 - [MESSAGE][PASSED] - Current window maximized

2018-03-29 15:40:31 - [TEST_STEP][PASSED] - click: Object: 'Object Repository/Search_Authors/a_Search report' is clicked on

2018-03-29 15:40:34 - [MESSAGE][PASSED] - Object: 'Object Repository/Search_Authors/a_Search report' is clicked on

2018-03-29 15:40:34 - [TEST_STEP][PASSED] - click: Object: 'Object Repository/View_report/Report_row_link_to_details' is clicked on

2018-03-29 15:40:37 - [MESSAGE][PASSED] - Object: 'Object Repository/View_report/Report_row_link_to_details' is clicked on

2018-03-29 15:40:37 - [TEST_STEP][PASSED] - switchToWindowIndex: Switched to window with index: '1'

2018-03-29 15:40:37 - [MESSAGE][PASSED] - Switched to window with index: '1'

2018-03-29 15:40:37 - [TEST_STEP][PASSED] - verifyElementPresent: Object 'Object Repository/View_report/buttons ver/ver_detail_report_page' is present

2018-03-29 15:40:40 - [MESSAGE][PASSED] - Object 'Object Repository/View_report/buttons ver/ver_detail_report_page' is present

2018-03-29 15:40:40 - [TEST_STEP][PASSED] - click: Object: 'Object Repository/View_report/Button_more' is clicked on

2018-03-29 15:40:40 - [MESSAGE][PASSED] - Object: 'Object Repository/View_report/Button_more' is clicked on

2018-03-29 15:40:40 - [TEST_STEP][PASSED] - switchToWindowIndex: Switched to window with index: '2'

2018-03-29 15:40:40 - [MESSAGE][PASSED] - Switched to window with index: '2'

2018-03-29 15:40:40 - [TEST_STEP][PASSED] - verifyElementPresent: Object 'Object Repository/View_report/buttons ver/ver_View_report_loaded' is present

2018-03-29 15:40:43 - [MESSAGE][PASSED] - Object 'Object Repository/View_report/buttons ver/ver_View_report_loaded' is present

2018-03-29 15:40:43 - [TEST_STEP][PASSED] - delay: Delayed 1 second(s)

2018-03-29 15:40:44 - [MESSAGE][PASSED] - Delayed 1 second(s)

2018-03-29 15:40:44 - [TEST_STEP][PASSED] - click: Object: 'Object Repository/View_report/Button_cart' is clicked on

2018-03-29 15:40:44 - [MESSAGE][PASSED] - Object: 'Object Repository/View_report/Button_cart' is clicked on

2018-03-29 15:40:44 - [TEST_STEP][PASSED] - verifyElementPresent: Object 'Object Repository/View_report/buttons ver/ver_pop_up_login_show' is present

2018-03-29 15:40:44 - [MESSAGE][PASSED] - Object 'Object Repository/View_report/buttons ver/ver_pop_up_login_show' is present

2018-03-29 15:40:44 - [TEST_STEP][PASSED] - delay: Delayed 2 second(s)

2018-03-29 15:40:46 - [MESSAGE][PASSED] - Delayed 2 second(s)

2018-03-29 15:40:46 - [TEST_STEP][PASSED] - click: Object: 'Object Repository/View_report/button_close_pop_up_login' is clicked on

2018-03-29 15:40:46 - [MESSAGE][PASSED] - Object: 'Object Repository/View_report/button_close_pop_up_login' is clicked on

2018-03-29 15:40:46 - [TEST_STEP][PASSED] - click: Object: 'Object Repository/View_report/Buttons_top/button_Home_top_navmenu' is clicked on

2018-03-29 15:40:48 - [MESSAGE][PASSED] - Object: 'Object Repository/View_report/Buttons_top/button_Home_top_navmenu' is clicked on

2018-03-29 15:40:48 - [TEST_STEP][PASSED] - delay: Delayed 2 second(s)

2018-03-29 15:40:50 - [MESSAGE][PASSED] - Delayed 2 second(s)

2018-03-29 15:40:50 - [TEST_STEP][PASSED] - click: Object: 'Object Repository/View_report/Buttons_top/Button_Route_top_navmenu' is clicked on

2018-03-29 15:40:54 - [MESSAGE][PASSED] - Object: 'Object Repository/View_report/Buttons_top/Button_Route_top_navmenu' is clicked on

2018-03-29 15:40:54 - [TEST_STEP][PASSED] - verifyElementPresent: Object 'Object Repository/View_report/buttons ver/ver_Route_loaded(map)' is present

2018-03-29 15:40:54 - [MESSAGE][PASSED] - Object 'Object Repository/View_report/buttons ver/ver_Route_loaded(map)' is present

2018-03-29 15:40:54 - [TEST_STEP][PASSED] - click: Object: 'Object Repository/View_report/Drop_button_route_top' is clicked on

2018-03-29 15:40:55 - [MESSAGE][PASSED] - Object: 'Object Repository/View_report/Drop_button_route_top' is clicked on

2018-03-29 15:40:55 - [TEST_STEP][PASSED] - click: Object: 'Object Repository/View_report/buttons Submenu/Button_submenu_Route_Stats' is clicked on

2018-03-29 15:40:55 - [MESSAGE][PASSED] - Object: 'Object Repository/View_report/buttons Submenu/Button_submenu_Route_Stats' is clicked on

2018-03-29 15:40:55 - [TEST_STEP][PASSED] - delay: Delayed 1 second(s)

2018-03-29 15:40:56 - [MESSAGE][PASSED] - Delayed 1 second(s)

2018-03-29 15:40:56 - [TEST_STEP][PASSED] - click: Object: 'Object Repository/View_report/Drop_button_route_top' is clicked on

2018-03-29 15:40:56 - [MESSAGE][PASSED] - Object: 'Object Repository/View_report/Drop_button_route_top' is clicked on

2018-03-29 15:40:56 - [TEST_STEP][PASSED] - delay: Delayed 1 second(s)

2018-03-29 15:40:57 - [MESSAGE][PASSED] - Delayed 1 second(s)

2018-03-29 15:40:57 - [TEST_STEP][PASSED] - click: Object: 'Object Repository/View_report/buttons Submenu/Button_submenu_Route_Map' is clicked on

2018-03-29 15:40:57 - [MESSAGE][PASSED] - Object: 'Object Repository/View_report/buttons Submenu/Button_submenu_Route_Map' is clicked on

2018-03-29 15:40:57 - [TEST_STEP][PASSED] - delay: Delayed 2 second(s)

2018-03-29 15:40:59 - [MESSAGE][PASSED] - Delayed 2 second(s)

2018-03-29 15:40:59 - [TEST_STEP][PASSED] - click: Object: 'Object Repository/View_report/Buttons_top/Button_Description_top_navmenu' is clicked on

2018-03-29 15:41:03 - [MESSAGE][PASSED] - Object: 'Object Repository/View_report/Buttons_top/Button_Description_top_navmenu' is clicked on

2018-03-29 15:41:03 - [TEST_STEP][PASSED] - verifyElementPresent: Object 'Object Repository/View_report/buttons ver/ver_Description_is_loaded' is present

2018-03-29 15:41:03 - [MESSAGE][PASSED] - Object 'Object Repository/View_report/buttons ver/ver_Description_is_loaded' is present

2018-03-29 15:41:03 - [TEST_STEP][PASSED] - click: Object: 'Object Repository/View_report/Drop_button_description_top' is clicked on

2018-03-29 15:41:03 - [MESSAGE][PASSED] - Object: 'Object Repository/View_report/Drop_button_description_top' is clicked on

2018-03-29 15:41:03 - [TEST_STEP][PASSED] - delay: Delayed 2 second(s)

2018-03-29 15:41:05 - [MESSAGE][PASSED] - Delayed 2 second(s)

2018-03-29 15:41:05 - [TEST_STEP][PASSED] - click: Object: 'Object Repository/View_report/buttons Submenu/Button_submenu_Description_top_preparation' is clicked on

2018-03-29 15:41:05 - [MESSAGE][PASSED] - Object: 'Object Repository/View_report/buttons Submenu/Button_submenu_Description_top_preparation' is clicked on

2018-03-29 15:41:05 - [TEST_STEP][PASSED] - delay: Delayed 1 second(s)

2018-03-29 15:41:06 - [MESSAGE][PASSED] - Delayed 1 second(s)

2018-03-29 15:41:06 - [TEST_STEP][PASSED] - click: Object: 'Object Repository/View_report/Drop_button_description_top' is clicked on

2018-03-29 15:41:07 - [MESSAGE][PASSED] - Object: 'Object Repository/View_report/Drop_button_description_top' is clicked on

2018-03-29 15:41:07 - [TEST_STEP][PASSED] - click: Object: 'Object Repository/View_report/buttons Submenu/Button_submenu_Description_top_days' is clicked on

2018-03-29 15:41:07 - [MESSAGE][PASSED] - Object: 'Object Repository/View_report/buttons Submenu/Button_submenu_Description_top_days' is clicked on

2018-03-29 15:41:07 - [TEST_STEP][PASSED] - click: Object: 'Object Repository/View_report/Drop_button_description_top' is clicked on

2018-03-29 15:41:07 - [MESSAGE][PASSED] - Object: 'Object Repository/View_report/Drop_button_description_top' is clicked on

2018-03-29 15:41:07 - [TEST_STEP][PASSED] - delay: Delayed 2 second(s)

2018-03-29 15:41:09 - [MESSAGE][PASSED] - Delayed 2 second(s)

2018-03-29 15:41:09 - [TEST_STEP][PASSED] - click: Object: 'Object Repository/View_report/buttons Submenu/Button_submenu_Description_top_summary' is clicked on

2018-03-29 15:41:09 - [MESSAGE][PASSED] - Object: 'Object Repository/View_report/buttons Submenu/Button_submenu_Description_top_summary' is clicked on

2018-03-29 15:41:09 - [TEST_STEP][PASSED] - delay: Delayed 3 second(s)

2018-03-29 15:41:12 - [MESSAGE][PASSED] - Delayed 3 second(s)

2018-03-29 15:41:12 - [TEST_STEP][PASSED] - click: Object: 'Object Repository/View_report/Buttons_top/Button_Details_top_navmenu' is clicked on

2018-03-29 15:41:14 - [MESSAGE][PASSED] - Object: 'Object Repository/View_report/Buttons_top/Button_Details_top_navmenu' is clicked on

2018-03-29 15:41:14 - [TEST_STEP][PASSED] - verifyElementPresent: Object 'Object Repository/View_report/buttons ver/ver_Details_is_loaded' is present

2018-03-29 15:41:14 - [MESSAGE][PASSED] - Object 'Object Repository/View_report/buttons ver/ver_Details_is_loaded' is present

2018-03-29 15:41:14 - [TEST_STEP][PASSED] - click: Object: 'Object Repository/View_report/Drop_button_details_top ' is clicked on

2018-03-29 15:41:14 - [MESSAGE][PASSED] - Object: 'Object Repository/View_report/Drop_button_details_top ' is clicked on

2018-03-29 15:41:14 - [TEST_STEP][PASSED] - click: Object: 'Object Repository/View_report/buttons Submenu/Button_submenu_Details_top_ORA' is clicked on

2018-03-29 15:41:14 - [MESSAGE][PASSED] - Object: 'Object Repository/View_report/buttons Submenu/Button_submenu_Details_top_ORA' is clicked on

2018-03-29 15:41:14 - [TEST_STEP][PASSED] - delay: Delayed 1 second(s)

2018-03-29 15:41:15 - [MESSAGE][PASSED] - Delayed 1 second(s)

2018-03-29 15:41:15 - [TEST_STEP][PASSED] - click: Object: 'Object Repository/View_report/Drop_button_details_top ' is clicked on

2018-03-29 15:41:16 - [MESSAGE][PASSED] - Object: 'Object Repository/View_report/Drop_button_details_top ' is clicked on

2018-03-29 15:41:16 - [TEST_STEP][PASSED] - click: Object: 'Object Repository/View_report/buttons Submenu/Button_submenu_Details_top_FSE' is clicked on

2018-03-29 15:41:16 - [MESSAGE][PASSED] - Object: 'Object Repository/View_report/buttons Submenu/Button_submenu_Details_top_FSE' is clicked on

2018-03-29 15:41:16 - [TEST_STEP][PASSED] - delay: Delayed 1 second(s)

2018-03-29 15:41:17 - [MESSAGE][PASSED] - Delayed 1 second(s)

2018-03-29 15:41:17 - [TEST_STEP][PASSED] - click: Object: 'Object Repository/View_report/Drop_button_details_top ' is clicked on

2018-03-29 15:41:17 - [MESSAGE][PASSED] - Object: 'Object Repository/View_report/Drop_button_details_top ' is clicked on

2018-03-29 15:41:17 - [TEST_STEP][PASSED] - click: Object: 'Object Repository/View_report/buttons Submenu/Button_submenu_Details_top_US' is clicked on

2018-03-29 15:41:17 - [MESSAGE][PASSED] - Object: 'Object Repository/View_report/buttons Submenu/Button_submenu_Details_top_US' is clicked on

2018-03-29 15:41:17 - [TEST_STEP][PASSED] - delay: Delayed 1 second(s)

2018-03-29 15:41:18 - [MESSAGE][PASSED] - Delayed 1 second(s)

2018-03-29 15:41:18 - [TEST_STEP][PASSED] - click: Object: 'Object Repository/View_report/Drop_button_details_top ' is clicked on

2018-03-29 15:41:18 - [MESSAGE][PASSED] - Object: 'Object Repository/View_report/Drop_button_details_top ' is clicked on

2018-03-29 15:41:18 - [TEST_STEP][PASSED] - click: Object: 'Object Repository/View_report/buttons Submenu/Button_submenu_Details_top_ACC' is clicked on

2018-03-29 15:41:18 - [MESSAGE][PASSED] - Object: 'Object Repository/View_report/buttons Submenu/Button_submenu_Details_top_ACC' is clicked on

2018-03-29 15:41:18 - [TEST_STEP][PASSED] - delay: Delayed 1 second(s)

2018-03-29 15:41:19 - [MESSAGE][PASSED] - Delayed 1 second(s)

2018-03-29 15:41:19 - [TEST_STEP][PASSED] - click: Object: 'Object Repository/View_report/Drop_button_details_top ' is clicked on

2018-03-29 15:41:19 - [MESSAGE][PASSED] - Object: 'Object Repository/View_report/Drop_button_details_top ' is clicked on

2018-03-29 15:41:19 - [TEST_STEP][PASSED] - click: Object: 'Object Repository/View_report/buttons Submenu/Button_submenu_Details_top_ACont' is clicked on

2018-03-29 15:41:19 - [MESSAGE][PASSED] - Object: 'Object Repository/View_report/buttons Submenu/Button_submenu_Details_top_ACont' is clicked on

2018-03-29 15:41:19 - [TEST_STEP][PASSED] - delay: Delayed 1 second(s)

2018-03-29 15:41:20 - [MESSAGE][PASSED] - Delayed 1 second(s)

2018-03-29 15:41:20 - [TEST_STEP][PASSED] - click: Object: 'Object Repository/View_report/Drop_button_details_top ' is clicked on

2018-03-29 15:41:21 - [MESSAGE][PASSED] - Object: 'Object Repository/View_report/Drop_button_details_top ' is clicked on

2018-03-29 15:41:21 - [TEST_STEP][PASSED] - click: Object: 'Object Repository/View_report/buttons Submenu/Button_submenu_Details_top_CR' is clicked on

2018-03-29 15:41:21 - [MESSAGE][PASSED] - Object: 'Object Repository/View_report/buttons Submenu/Button_submenu_Details_top_CR' is clicked on

2018-03-29 15:41:21 - [TEST_STEP][PASSED] - delay: Delayed 3 second(s)

2018-03-29 15:41:24 - [MESSAGE][PASSED] - Delayed 3 second(s)

2018-03-29 15:41:24 - [TEST_STEP][PASSED] - click: Object: 'Object Repository/View_report/Buttons_top/Button_Files_top_navmenu ' is clicked on

2018-03-29 15:41:26 - [MESSAGE][PASSED] - Object: 'Object Repository/View_report/Buttons_top/Button_Files_top_navmenu ' is clicked on

2018-03-29 15:41:26 - [TEST_STEP][PASSED] - verifyElementPresent: Object 'Object Repository/View_report/buttons ver/ver_File_is_loaded' is present

2018-03-29 15:41:26 - [MESSAGE][PASSED] - Object 'Object Repository/View_report/buttons ver/ver_File_is_loaded' is present

2018-03-29 15:41:26 - [TEST_STEP][PASSED] - click: Object: 'Object Repository/View_report/Drop_button_files_top' is clicked on

2018-03-29 15:41:26 - [MESSAGE][PASSED] - Object: 'Object Repository/View_report/Drop_button_files_top' is clicked on

2018-03-29 15:41:26 - [TEST_STEP][PASSED] - click: Object: 'Object Repository/View_report/buttons Submenu/Button_submenu_Files_top_image_video' is clicked on

2018-03-29 15:41:26 - [MESSAGE][PASSED] - Object: 'Object Repository/View_report/buttons Submenu/Button_submenu_Files_top_image_video' is clicked on

2018-03-29 15:41:26 - [TEST_STEP][PASSED] - delay: Delayed 1 second(s)

2018-03-29 15:41:27 - [MESSAGE][PASSED] - Delayed 1 second(s)

2018-03-29 15:41:27 - [TEST_STEP][PASSED] - click: Object: 'Object Repository/View_report/Drop_button_files_top' is clicked on

2018-03-29 15:41:27 - [MESSAGE][PASSED] - Object: 'Object Repository/View_report/Drop_button_files_top' is clicked on

2018-03-29 15:41:27 - [TEST_STEP][PASSED] - click: Object: 'Object Repository/View_report/buttons Submenu/Button_submenu_Files_top_Maps' is clicked on

2018-03-29 15:41:27 - [MESSAGE][PASSED] - Object: 'Object Repository/View_report/buttons Submenu/Button_submenu_Files_top_Maps' is clicked on

2018-03-29 15:41:27 - [TEST_STEP][PASSED] - delay: Delayed 1 second(s)

2018-03-29 15:41:28 - [MESSAGE][PASSED] - Delayed 1 second(s)

2018-03-29 15:41:28 - [TEST_STEP][PASSED] - click: Object: 'Object Repository/View_report/Drop_button_files_top' is clicked on

2018-03-29 15:41:28 - [MESSAGE][PASSED] - Object: 'Object Repository/View_report/Drop_button_files_top' is clicked on

2018-03-29 15:41:28 - [TEST_STEP][PASSED] - click: Object: 'Object Repository/View_report/buttons Submenu/Button_submenu_Files_top_Docs' is clicked on

2018-03-29 15:41:29 - [MESSAGE][PASSED] - Object: 'Object Repository/View_report/buttons Submenu/Button_submenu_Files_top_Docs' is clicked on

2018-03-29 15:41:29 - [TEST_STEP][PASSED] - delay: Delayed 2 second(s)

2018-03-29 15:41:31 - [MESSAGE][PASSED] - Delayed 2 second(s)

2018-03-29 15:41:31 - [TEST_STEP][PASSED] - click: Object: 'Object Repository/View_report/Buttons_top/Button_Services_top_navmenu' is clicked on

2018-03-29 15:41:35 - [MESSAGE][PASSED] - Object: 'Object Repository/View_report/Buttons_top/Button_Services_top_navmenu' is clicked on

2018-03-29 15:41:35 - [TEST_STEP][PASSED] - verifyElementPresent: Object 'Object Repository/View_report/buttons ver/ver_Services_is_loaded' is present

2018-03-29 15:41:35 - [MESSAGE][PASSED] - Object 'Object Repository/View_report/buttons ver/ver_Services_is_loaded' is present

2018-03-29 15:41:35 - [TEST_STEP][PASSED] - click: Object: 'Object Repository/View_report/Drop_button_services_top' is clicked on

2018-03-29 15:41:35 - [MESSAGE][PASSED] - Object: 'Object Repository/View_report/Drop_button_services_top' is clicked on

2018-03-29 15:41:35 - [TEST_STEP][PASSED] - click: Object: 'Object Repository/View_report/buttons Submenu/Button_submenu_Services_top_reports' is clicked on

2018-03-29 15:41:35 - [MESSAGE][PASSED] - Object: 'Object Repository/View_report/buttons Submenu/Button_submenu_Services_top_reports' is clicked on

2018-03-29 15:41:35 - [TEST_STEP][PASSED] - delay: Delayed 1 second(s)

2018-03-29 15:41:36 - [MESSAGE][PASSED] - Delayed 1 second(s)

2018-03-29 15:41:36 - [TEST_STEP][PASSED] - click: Object: 'Object Repository/View_report/Drop_button_services_top' is clicked on

2018-03-29 15:41:36 - [MESSAGE][PASSED] - Object: 'Object Repository/View_report/Drop_button_services_top' is clicked on

2018-03-29 15:41:36 - [TEST_STEP][PASSED] - click: Object: 'Object Repository/View_report/buttons Submenu/Button_submenu_Services_top_About_country' is clicked on

2018-03-29 15:41:36 - [MESSAGE][PASSED] - Object: 'Object Repository/View_report/buttons Submenu/Button_submenu_Services_top_About_country' is clicked on

2018-03-29 15:41:36 - [TEST_STEP][PASSED] - click: Object: 'Object Repository/View_report/Buttons_footer/Button_Home_footer_navmenu' is clicked on

2018-03-29 15:41:38 - [MESSAGE][PASSED] - Object: 'Object Repository/View_report/Buttons_footer/Button_Home_footer_navmenu' is clicked on

2018-03-29 15:41:38 - [TEST_STEP][PASSED] - verifyElementPresent: Object 'Object Repository/View_report/buttons ver/ver_View_report_loaded' is present

2018-03-29 15:41:38 - [MESSAGE][PASSED] - Object 'Object Repository/View_report/buttons ver/ver_View_report_loaded' is present

2018-03-29 15:41:38 - [TEST_STEP][PASSED] - delay: Delayed 1 second(s)

2018-03-29 15:41:39 - [MESSAGE][PASSED] - Delayed 1 second(s)

2018-03-29 15:41:39 - [TEST_STEP][PASSED] - scrollToElement: Scroll to object 'Object Repository/View_report/Buttons_footer/Button_Home_footer_navmenu' successfully

2018-03-29 15:41:39 - [MESSAGE][PASSED] - Scroll to object 'Object Repository/View_report/Buttons_footer/Button_Home_footer_navmenu' successfully

2018-03-29 15:41:39 - [TEST_STEP][PASSED] - delay: Delayed 2 second(s)

2018-03-29 15:41:41 - [MESSAGE][PASSED] - Delayed 2 second(s)

2018-03-29 15:41:41 - [TEST_STEP][PASSED] - click: Object: 'Object Repository/View_report/Buttons_footer/Button_Route_footer_navmenu' is clicked on

2018-03-29 15:41:44 - [MESSAGE][PASSED] - Object: 'Object Repository/View_report/Buttons_footer/Button_Route_footer_navmenu' is clicked on

2018-03-29 15:41:44 - [TEST_STEP][PASSED] - verifyElementPresent: Object 'Object Repository/View_report/buttons ver/ver_Route_loaded(map)' is present

2018-03-29 15:41:44 - [MESSAGE][PASSED] - Object 'Object Repository/View_report/buttons ver/ver_Route_loaded(map)' is present

2018-03-29 15:41:44 - [TEST_STEP][PASSED] - delay: Delayed 1 second(s)

2018-03-29 15:41:45 - [MESSAGE][PASSED] - Delayed 1 second(s)

2018-03-29 15:41:45 - [TEST_STEP][PASSED] - scrollToElement: Scroll to object 'Object Repository/View_report/Buttons_footer/Button_Home_footer_navmenu' successfully

2018-03-29 15:41:45 - [MESSAGE][PASSED] - Scroll to object 'Object Repository/View_report/Buttons_footer/Button_Home_footer_navmenu' successfully

2018-03-29 15:41:45 - [TEST_STEP][PASSED] - click: Object: 'Object Repository/View_report/Buttons_footer/Button_Description_footer_navmenu' is clicked on

2018-03-29 15:41:48 - [MESSAGE][PASSED] - Object: 'Object Repository/View_report/Buttons_footer/Button_Description_footer_navmenu' is clicked on

2018-03-29 15:41:48 - [TEST_STEP][PASSED] - verifyElementPresent: Object 'Object Repository/View_report/buttons ver/ver_Description_is_loaded' is present

2018-03-29 15:41:48 - [MESSAGE][PASSED] - Object 'Object Repository/View_report/buttons ver/ver_Description_is_loaded' is present

2018-03-29 15:41:48 - [TEST_STEP][PASSED] - click: Object: 'Object Repository/View_report/Drop_button_description_top' is clicked on

2018-03-29 15:41:48 - [MESSAGE][PASSED] - Object: 'Object Repository/View_report/Drop_button_description_top' is clicked on

2018-03-29 15:41:48 - [TEST_STEP][PASSED] - click: Object: 'Object Repository/View_report/buttons Submenu/Button_submenu_Description_top_days' is clicked on

2018-03-29 15:41:48 - [MESSAGE][PASSED] - Object: 'Object Repository/View_report/buttons Submenu/Button_submenu_Description_top_days' is clicked on

2018-03-29 15:41:48 - [TEST_STEP][PASSED] - delay: Delayed 1 second(s)

2018-03-29 15:41:49 - [MESSAGE][PASSED] - Delayed 1 second(s)

2018-03-29 15:41:49 - [TEST_STEP][PASSED] - click: Object: 'Object Repository/View_report/Drop_button_description_top' is clicked on

2018-03-29 15:41:49 - [MESSAGE][PASSED] - Object: 'Object Repository/View_report/Drop_button_description_top' is clicked on

2018-03-29 15:41:49 - [TEST_STEP][PASSED] - click: Object: 'Object Repository/View_report/buttons Submenu/Button_submenu_Description_top_summary' is clicked on

2018-03-29 15:41:49 - [MESSAGE][PASSED] - Object: 'Object Repository/View_report/buttons Submenu/Button_submenu_Description_top_summary' is clicked on

2018-03-29 15:41:49 - [TEST_STEP][PASSED] - delay: Delayed 1 second(s)

2018-03-29 15:41:50 - [MESSAGE][PASSED] - Delayed 1 second(s)

2018-03-29 15:41:50 - [TEST_STEP][PASSED] - scrollToElement: Scroll to object 'Object Repository/View_report/Buttons_footer/Button_Details_footer_navmenu' successfully

2018-03-29 15:41:50 - [MESSAGE][PASSED] - Scroll to object 'Object Repository/View_report/Buttons_footer/Button_Details_footer_navmenu' successfully

2018-03-29 15:41:50 - [TEST_STEP][PASSED] - delay: Delayed 1 second(s)

2018-03-29 15:41:51 - [MESSAGE][PASSED] - Delayed 1 second(s)

2018-03-29 15:41:51 - [TEST_STEP][PASSED] - click: Object: 'Object Repository/View_report/Buttons_footer/Button_Details_footer_navmenu' is clicked on

2018-03-29 15:41:53 - [MESSAGE][PASSED] - Object: 'Object Repository/View_report/Buttons_footer/Button_Details_footer_navmenu' is clicked on

2018-03-29 15:41:53 - [TEST_STEP][PASSED] - delay: Delayed 1 second(s)

2018-03-29 15:41:54 - [MESSAGE][PASSED] - Delayed 1 second(s)

2018-03-29 15:41:54 - [TEST_STEP][PASSED] - verifyElementPresent: Object 'Object Repository/View_report/buttons ver/ver_Details_is_loaded' is present

2018-03-29 15:41:54 - [MESSAGE][PASSED] - Object 'Object Repository/View_report/buttons ver/ver_Details_is_loaded' is present

2018-03-29 15:41:54 - [TEST_STEP][PASSED] - delay: Delayed 1 second(s)

2018-03-29 15:41:55 - [MESSAGE][PASSED] - Delayed 1 second(s)

2018-03-29 15:41:55 - [TEST_STEP][PASSED] - scrollToElement: Scroll to object 'Object Repository/View_report/Buttons_footer/Button_Home_footer_navmenu' successfully

2018-03-29 15:41:56 - [MESSAGE][PASSED] - Scroll to object 'Object Repository/View_report/Buttons_footer/Button_Home_footer_navmenu' successfully

2018-03-29 15:41:56 - [TEST_STEP][PASSED] - click: Object: 'Object Repository/View_report/Buttons_footer/Button_Files_footer_navmenu' is clicked on

2018-03-29 15:41:57 - [MESSAGE][PASSED] - Object: 'Object Repository/View_report/Buttons_footer/Button_Files_footer_navmenu' is clicked on

2018-03-29 15:41:57 - [TEST_STEP][PASSED] - verifyElementPresent: Object 'Object Repository/View_report/buttons ver/ver_File_is_loaded' is present

2018-03-29 15:41:57 - [MESSAGE][PASSED] - Object 'Object Repository/View_report/buttons ver/ver_File_is_loaded' is present

2018-03-29 15:41:57 - [TEST_STEP][PASSED] - delay: Delayed 2 second(s)

2018-03-29 15:41:59 - [MESSAGE][PASSED] - Delayed 2 second(s)

2018-03-29 15:41:59 - [TEST_STEP][PASSED] - scrollToElement: Scroll to object 'Object Repository/View_report/Buttons_footer/Button_Home_footer_navmenu' successfully

2018-03-29 15:41:59 - [MESSAGE][PASSED] - Scroll to object 'Object Repository/View_report/Buttons_footer/Button_Home_footer_navmenu' successfully

2018-03-29 15:41:59 - [TEST_STEP][PASSED] - click: Object: 'Object Repository/View_report/Buttons_footer/Button_Services_footer_navmenu' is clicked on

2018-03-29 15:42:02 - [MESSAGE][PASSED] - Object: 'Object Repository/View_report/Buttons_footer/Button_Services_footer_navmenu' is clicked on

2018-03-29 15:42:02 - [TEST_STEP][PASSED] - verifyElementPresent: Object 'Object Repository/View_report/buttons ver/ver_Services_is_loaded' is present

2018-03-29 15:42:02 - [MESSAGE][PASSED] - Object 'Object Repository/View_report/buttons ver/ver_Services_is_loaded' is present

2018-03-29 15:42:02 - [TEST_STEP][PASSED] - closeBrowser: Browser is closed

2018-03-29 15:42:03 - [MESSAGE][PASSED] - Browser is closed]]></system-out>
         <system-err><![CDATA[]]></system-err>
      </testcase>
      <system-out><![CDATA[2018-03-29 15:35:57 - [TEST_SUITE][FAILED] - Clicks_without_logging: Test Cases/Clicks_with_out_login/Clicks (Authors) - without logging FAILED because (of) Unable to click on object 'Object Repository/Search_Authors/Button_Compare_report_row_Search_page' (Root cause: com.kms.katalon.core.webui.exception.WebElementNotFoundException: Web element with id: 'Object Repository/Search_Authors/Button_Compare_report_row_Search_page' located by 'By.xpath: .//*[@id='author_activity']/div[1]/div[2]/div/div/div[2]/div[5]/div[2]/i' not found)]]></system-out>
      <system-err><![CDATA[2018-03-29 15:35:57 - [TEST_SUITE][FAILED] - Clicks_without_logging: Test Cases/Clicks_with_out_login/Clicks (Authors) - without logging FAILED because (of) Unable to click on object 'Object Repository/Search_Authors/Button_Compare_report_row_Search_page' (Root cause: com.kms.katalon.core.webui.exception.WebElementNotFoundException: Web element with id: 'Object Repository/Search_Authors/Button_Compare_report_row_Search_page' located by 'By.xpath: .//*[@id='author_activity']/div[1]/div[2]/div/div/div[2]/div[5]/div[2]/i' not found)]]></system-err>
   </testsuite>
</testsuites>
