<?xml version="1.0" encoding="UTF-8"?>
<testsuites name="Add_report" time="490" tests="2" failures="2" errors="0">
   <testsuite name="Add_report" tests="2" failures="2" errors="0" time="490" timestamp="2018-04-03 09:59:05" hostname="user - BrainPc" id="Test Suites/Add_report">
      <properties>
         <property name="deviceName" value=""/>
         <property name="devicePlatform" value=""/>
         <property name="logFolder" value="C:\\Users\\user\\Katalon Studio\\Route_report_WEB\\Reports\\Add_report\\20180403_095857"/>
         <property name="logFiles" value="C:\\Users\\user\\Katalon Studio\\Route_report_WEB\\Reports\\Add_report\\20180403_095857\\execution0.log"/>
         <property name="attachments" value="C:\\Users\\user\\Katalon Studio\\Route_report_WEB\\Reports\\Add_report\\20180403_095857\\1522739013858.png, C:\\Users\\user\\Katalon Studio\\Route_report_WEB\\Reports\\Add_report\\20180403_095857\\1522739106772.png, C:\\Users\\user\\Katalon Studio\\Route_report_WEB\\Reports\\Add_report\\20180403_095857\\1522739235173.png"/>
         <property name="hostName" value="user - BrainPc"/>
         <property name="os" value="Windows 8.1 64bit"/>
         <property name="katalonVersion" value="5.3.1.1"/>
         <property name="browser" value="Chrome 65.0.3325.181"/>
         <property name="hostAddress" value="192.168.137.2"/>
         <property name="sessionId" value="3dc6c5ab1ab8936ca5005b54d74c0ced"/>
         <property name="seleniumVersion" value="3.7.1"/>
         <property name="proxyInformation" value="ProxyInformation{proxyOption=NO_PROXY, proxyServerType=HTTP, password=, proxyServerAddress=, proxyServerPort=0}"/>
         <property name="platform" value="Windows 8.1"/>
      </properties>
      <testcase name="Test Cases/Create_report/Step_1" classname="Test Cases/Create_report/Step_1" status="PASSED">
         <system-out><![CDATA[2018-04-03 09:59:06 - [TEST_CASE][PASSED] - Test Cases/Create_report/Step_1: Test Cases/Create_report/Step_1

2018-04-03 09:59:06 - [TEST_STEP][PASSED] - openBrowser: Browser is opened with url: ''

2018-04-03 09:59:10 - [MESSAGE][PASSED] - Browser is opened with url: ''

2018-04-03 09:59:10 - [TEST_STEP][PASSED] - navigateToUrl: Navigate to 'https://www.route-report.com/' successfully

2018-04-03 09:59:12 - [MESSAGE][PASSED] - Navigate to 'https://www.route-report.com/' successfully

2018-04-03 09:59:12 - [TEST_STEP][PASSED] - maximizeWindow: Current window maximized

2018-04-03 09:59:13 - [MESSAGE][PASSED] - Current window maximized

2018-04-03 09:59:13 - [TEST_STEP][PASSED] - Statement - mail = "rostyslav.biliaiev@route-report.com": null

2018-04-03 09:59:13 - [TEST_STEP][PASSED] - Statement - pass = "111111": null

2018-04-03 09:59:13 - [TEST_STEP][PASSED] - Statement - bigtext = org.apache.commons.lang.RandomStringUtils.randomNumeric(2000): null

2018-04-03 09:59:13 - [TEST_STEP][PASSED] - Statement - mydate = new java.util.Date(): null

2018-04-03 09:59:13 - [TEST_STEP][PASSED] - Statement - formattedDate = mydate.format("MMdd"): null

2018-04-03 09:59:13 - [TEST_STEP][PASSED] - Statement - dateHour = mydate.format("HHmmss"): null

2018-04-03 09:59:13 - [TEST_STEP][PASSED] - Statement - x = "_date_" + formattedDate + "_time_" + dateHour: null

2018-04-03 09:59:13 - [TEST_STEP][PASSED] - Statement - title = "Automated test was executed" + x: null

2018-04-03 09:59:13 - [TEST_STEP][PASSED] - Statement - authors_text = "Text from authors Text from authors Text from authors Text from authors Text from authors Text from authors Text from authors Text from authors Text from authors ": null

2018-04-03 09:59:13 - [TEST_STEP][PASSED] - Statement - youtube = "https://youtu.be/2VjmdTtcEQE": null

2018-04-03 09:59:13 - [TEST_STEP][PASSED] - click: Object: 'Object Repository/Login_registration/span_Login' is clicked on

2018-04-03 09:59:14 - [MESSAGE][PASSED] - Object: 'Object Repository/Login_registration/span_Login' is clicked on

2018-04-03 09:59:14 - [TEST_STEP][PASSED] - setText: Text 'rostyslav.biliaiev@route-report.com' is set on object 'Object Repository/Login_registration/input_in_login'

2018-04-03 09:59:15 - [MESSAGE][PASSED] - Text 'rostyslav.biliaiev@route-report.com' is set on object 'Object Repository/Login_registration/input_in_login'

2018-04-03 09:59:15 - [TEST_STEP][PASSED] - setText: Text '111111' is set on object 'Object Repository/Login_registration/input_in_password'

2018-04-03 09:59:15 - [MESSAGE][PASSED] - Text '111111' is set on object 'Object Repository/Login_registration/input_in_password'

2018-04-03 09:59:15 - [TEST_STEP][PASSED] - click: Object: 'Object Repository/Login_registration/button_LOG IN' is clicked on

2018-04-03 09:59:15 - [MESSAGE][PASSED] - Object: 'Object Repository/Login_registration/button_LOG IN' is clicked on

2018-04-03 09:59:15 - [TEST_STEP][PASSED] - verifyElementPresent: Object 'Object Repository/Login_registration/span_My spoken languages' is present

2018-04-03 09:59:20 - [MESSAGE][PASSED] - Object 'Object Repository/Login_registration/span_My spoken languages' is present

2018-04-03 09:59:20 - [TEST_STEP][PASSED] - delay: Delayed 2 second(s)

2018-04-03 09:59:22 - [MESSAGE][PASSED] - Delayed 2 second(s)

2018-04-03 09:59:22 - [TEST_STEP][PASSED] - click: Object: 'Object Repository/Step_1/but_Open_draft' is clicked on

2018-04-03 09:59:22 - [MESSAGE][PASSED] - Object: 'Object Repository/Step_1/but_Open_draft' is clicked on

2018-04-03 09:59:22 - [TEST_STEP][PASSED] - waitForElementVisible: Object 'Object Repository/Step_1/ver_popup_My_drafts_shows' is visible

2018-04-03 09:59:24 - [MESSAGE][PASSED] - Object 'Object Repository/Step_1/ver_popup_My_drafts_shows' is visible

2018-04-03 09:59:24 - [TEST_STEP][PASSED] - delay: Delayed 2 second(s)

2018-04-03 09:59:26 - [MESSAGE][PASSED] - Delayed 2 second(s)

2018-04-03 09:59:26 - [TEST_STEP][PASSED] - click: Object: 'Object Repository/Step_1/but_Create_New_report' is clicked on

2018-04-03 09:59:30 - [MESSAGE][PASSED] - Object: 'Object Repository/Step_1/but_Create_New_report' is clicked on

2018-04-03 09:59:30 - [TEST_STEP][PASSED] - delay: Delayed 3 second(s)

2018-04-03 09:59:33 - [MESSAGE][PASSED] - Delayed 3 second(s)

2018-04-03 09:59:33 - [TEST_STEP][PASSED] - switchToWindowTitle: Switched to window with title: 'Write report - Route Report'

2018-04-03 09:59:33 - [MESSAGE][PASSED] - Switched to window with title: 'Write report - Route Report'

2018-04-03 09:59:33 - [TEST_STEP][PASSED] - waitForElementVisible: Object 'Object Repository/Step_1/ver_Popup_select_types_date' is visible

2018-04-03 09:59:34 - [MESSAGE][PASSED] - Object 'Object Repository/Step_1/ver_Popup_select_types_date' is visible

2018-04-03 09:59:34 - [TEST_STEP][PASSED] - click: Object: 'Object Repository/Step_1/but_Language_DE' is clicked on

2018-04-03 09:59:34 - [MESSAGE][PASSED] - Object: 'Object Repository/Step_1/but_Language_DE' is clicked on

2018-04-03 09:59:34 - [TEST_STEP][PASSED] - click: Object: 'Object Repository/Step_1/select_date_From' is clicked on

2018-04-03 09:59:34 - [MESSAGE][PASSED] - Object: 'Object Repository/Step_1/select_date_From' is clicked on

2018-04-03 09:59:34 - [TEST_STEP][PASSED] - selectOptionByIndex: All options with index in [1] are selected on object 'Object Repository/Payments/select_month'

2018-04-03 09:59:34 - [MESSAGE][PASSED] - All options with index in [1] are selected on object 'Object Repository/Payments/select_month'

2018-04-03 09:59:34 - [TEST_STEP][PASSED] - delay: Delayed 1 second(s)

2018-04-03 09:59:35 - [MESSAGE][PASSED] - Delayed 1 second(s)

2018-04-03 09:59:35 - [TEST_STEP][PASSED] - click: Object: 'Object Repository/Step_1/Set_date_1' is clicked on

2018-04-03 09:59:36 - [MESSAGE][PASSED] - Object: 'Object Repository/Step_1/Set_date_1' is clicked on

2018-04-03 09:59:36 - [TEST_STEP][PASSED] - click: Object: 'Object Repository/Step_1/select_date_To' is clicked on

2018-04-03 09:59:36 - [MESSAGE][PASSED] - Object: 'Object Repository/Step_1/select_date_To' is clicked on

2018-04-03 09:59:36 - [TEST_STEP][PASSED] - delay: Delayed 1 second(s)

2018-04-03 09:59:37 - [MESSAGE][PASSED] - Delayed 1 second(s)

2018-04-03 09:59:37 - [TEST_STEP][PASSED] - click: Object: 'Object Repository/Step_1/Set_date_3' is clicked on

2018-04-03 09:59:37 - [MESSAGE][PASSED] - Object: 'Object Repository/Step_1/Set_date_3' is clicked on

2018-04-03 09:59:37 - [TEST_STEP][PASSED] - click: Object: 'Object Repository/Step_1/Set_Type_OTHER' is clicked on

2018-04-03 09:59:38 - [MESSAGE][PASSED] - Object: 'Object Repository/Step_1/Set_Type_OTHER' is clicked on

2018-04-03 09:59:38 - [TEST_STEP][PASSED] - waitForElementVisible: Object 'Object Repository/Step_1/ver_List_of_kinds' is visible

2018-04-03 09:59:38 - [MESSAGE][PASSED] - Object 'Object Repository/Step_1/ver_List_of_kinds' is visible

2018-04-03 09:59:38 - [TEST_STEP][PASSED] - click: Object: 'Object Repository/Step_1/Set_kind_Art(museums)' is clicked on

2018-04-03 09:59:38 - [MESSAGE][PASSED] - Object: 'Object Repository/Step_1/Set_kind_Art(museums)' is clicked on

2018-04-03 09:59:38 - [TEST_STEP][PASSED] - click: Object: 'Object Repository/Step_1/but_OK_in_popup_select_types_and_date' is clicked on

2018-04-03 09:59:38 - [MESSAGE][PASSED] - Object: 'Object Repository/Step_1/but_OK_in_popup_select_types_and_date' is clicked on

2018-04-03 09:59:38 - [TEST_STEP][PASSED] - setText: Text 'Automated test was executed_date_0403_time_095913' is set on object 'Object Repository/Step_1/input_Title_of_report_field'

2018-04-03 09:59:39 - [MESSAGE][PASSED] - Text 'Automated test was executed_date_0403_time_095913' is set on object 'Object Repository/Step_1/input_Title_of_report_field'

2018-04-03 09:59:39 - [TEST_STEP][PASSED] - setText: Text 'Text from authors Text from authors Text from authors Text from authors Text from authors Text from authors Text from authors Text from authors Text from authors ' is set on object 'Object Repository/Step_1/input_Text_from_author'

2018-04-03 09:59:41 - [MESSAGE][PASSED] - Text 'Text from authors Text from authors Text from authors Text from authors Text from authors Text from authors Text from authors Text from authors Text from authors ' is set on object 'Object Repository/Step_1/input_Text_from_author'

2018-04-03 09:59:41 - [TEST_STEP][PASSED] - uploadFile: File 'D:\test-photo.jpg' sent to object: 'Object Repository/Step_1/but_Add_main_photo'

2018-04-03 09:59:41 - [MESSAGE][PASSED] - File 'D:\test-photo.jpg' sent to object: 'Object Repository/Step_1/but_Add_main_photo'

2018-04-03 09:59:41 - [TEST_STEP][PASSED] - waitForElementVisible: Object 'Object Repository/Step_1/but_save_adde_photo' is visible

2018-04-03 09:59:53 - [MESSAGE][PASSED] - Object 'Object Repository/Step_1/but_save_adde_photo' is visible

2018-04-03 09:59:53 - [TEST_STEP][PASSED] - click: Object: 'Object Repository/Step_1/but_save_adde_photo' is clicked on

2018-04-03 09:59:53 - [MESSAGE][PASSED] - Object: 'Object Repository/Step_1/but_save_adde_photo' is clicked on

2018-04-03 09:59:53 - [TEST_STEP][PASSED] - delay: Delayed 2 second(s)

2018-04-03 09:59:55 - [MESSAGE][PASSED] - Delayed 2 second(s)

2018-04-03 09:59:55 - [TEST_STEP][PASSED] - click: Object: 'Object Repository/Step_1/but_open_map(Start)' is clicked on

2018-04-03 09:59:55 - [MESSAGE][PASSED] - Object: 'Object Repository/Step_1/but_open_map(Start)' is clicked on

2018-04-03 09:59:55 - [TEST_STEP][PASSED] - waitForElementVisible: Object 'Object Repository/Step_1/but_Start(popup_on_the_map)' is visible

2018-04-03 09:59:56 - [MESSAGE][PASSED] - Object 'Object Repository/Step_1/but_Start(popup_on_the_map)' is visible

2018-04-03 09:59:56 - [TEST_STEP][PASSED] - click: Object: 'Object Repository/Step_1/but_Start(popup_on_the_map)' is clicked on

2018-04-03 09:59:56 - [MESSAGE][PASSED] - Object: 'Object Repository/Step_1/but_Start(popup_on_the_map)' is clicked on

2018-04-03 09:59:56 - [TEST_STEP][PASSED] - delay: Delayed 2 second(s)

2018-04-03 09:59:58 - [MESSAGE][PASSED] - Delayed 2 second(s)

2018-04-03 09:59:58 - [TEST_STEP][PASSED] - setText: Text 'London' is set on object 'Object Repository/Map/input_Search_field'

2018-04-03 09:59:58 - [MESSAGE][PASSED] - Text 'London' is set on object 'Object Repository/Map/input_Search_field'

2018-04-03 09:59:58 - [TEST_STEP][PASSED] - click: Object: 'Object Repository/Map/Select_London' is clicked on

2018-04-03 09:59:59 - [MESSAGE][PASSED] - Object: 'Object Repository/Map/Select_London' is clicked on

2018-04-03 09:59:59 - [TEST_STEP][PASSED] - waitForElementVisible: Object 'Object Repository/Map/ver_pop_waypoint_shows' is visible

2018-04-03 10:00:00 - [MESSAGE][PASSED] - Object 'Object Repository/Map/ver_pop_waypoint_shows' is visible

2018-04-03 10:00:00 - [TEST_STEP][PASSED] - delay: Delayed 1 second(s)

2018-04-03 10:00:01 - [MESSAGE][PASSED] - Delayed 1 second(s)

2018-04-03 10:00:01 - [TEST_STEP][PASSED] - click: Object: 'Object Repository/Map/but_Edit_waypoint_name' is clicked on

2018-04-03 10:00:02 - [MESSAGE][PASSED] - Object: 'Object Repository/Map/but_Edit_waypoint_name' is clicked on

2018-04-03 10:00:02 - [TEST_STEP][PASSED] - delay: Delayed 1 second(s)

2018-04-03 10:00:03 - [MESSAGE][PASSED] - Delayed 1 second(s)

2018-04-03 10:00:03 - [TEST_STEP][PASSED] - setText: Text 'Testcityname' is set on object 'Object Repository/Map/input_City_name_waypint'

2018-04-03 10:00:03 - [MESSAGE][PASSED] - Text 'Testcityname' is set on object 'Object Repository/Map/input_City_name_waypint'

2018-04-03 10:00:03 - [TEST_STEP][PASSED] - click: Object: 'Object Repository/Map/select_waypoint_Day' is clicked on

2018-04-03 10:00:03 - [MESSAGE][PASSED] - Object: 'Object Repository/Map/select_waypoint_Day' is clicked on

2018-04-03 10:00:03 - [TEST_STEP][PASSED] - click: Object: 'Object Repository/Map/select_waypoint_Day_1' is clicked on

2018-04-03 10:00:03 - [MESSAGE][PASSED] - Object: 'Object Repository/Map/select_waypoint_Day_1' is clicked on

2018-04-03 10:00:03 - [TEST_STEP][PASSED] - click: Object: 'Object Repository/Map/but_Save_waypoint' is clicked on

2018-04-03 10:00:03 - [MESSAGE][PASSED] - Object: 'Object Repository/Map/but_Save_waypoint' is clicked on

2018-04-03 10:00:03 - [TEST_STEP][PASSED] - delay: Delayed 3 second(s)

2018-04-03 10:00:06 - [MESSAGE][PASSED] - Delayed 3 second(s)

2018-04-03 10:00:06 - [TEST_STEP][PASSED] - click: Object: 'Object Repository/Map/but_Delete_waypoint' is clicked on

2018-04-03 10:00:07 - [MESSAGE][PASSED] - Object: 'Object Repository/Map/but_Delete_waypoint' is clicked on

2018-04-03 10:00:07 - [TEST_STEP][PASSED] - waitForElementVisible: Object 'Object Repository/Step_1/but_Start(popup_on_the_map)' is visible

2018-04-03 10:00:07 - [MESSAGE][PASSED] - Object 'Object Repository/Step_1/but_Start(popup_on_the_map)' is visible

2018-04-03 10:00:07 - [TEST_STEP][PASSED] - delay: Delayed 1 second(s)

2018-04-03 10:00:08 - [MESSAGE][PASSED] - Delayed 1 second(s)

2018-04-03 10:00:08 - [TEST_STEP][PASSED] - click: Object: 'Object Repository/Step_1/but_Start(popup_on_the_map)' is clicked on

2018-04-03 10:00:08 - [MESSAGE][PASSED] - Object: 'Object Repository/Step_1/but_Start(popup_on_the_map)' is clicked on

2018-04-03 10:00:08 - [TEST_STEP][PASSED] - delay: Delayed 3 second(s)

2018-04-03 10:00:11 - [MESSAGE][PASSED] - Delayed 3 second(s)

2018-04-03 10:00:11 - [TEST_STEP][PASSED] - clickOffset: Object: 'Object Repository/Map/input_Search_field' is clicked on using offset x=500 and y=200

2018-04-03 10:00:11 - [MESSAGE][PASSED] - Object: 'Object Repository/Map/input_Search_field' is clicked on using offset x=500 and y=200

2018-04-03 10:00:11 - [TEST_STEP][PASSED] - waitForElementVisible: Object 'Object Repository/Map/ver_pop_waypoint_shows' is visible

2018-04-03 10:00:12 - [MESSAGE][PASSED] - Object 'Object Repository/Map/ver_pop_waypoint_shows' is visible

2018-04-03 10:00:12 - [TEST_STEP][PASSED] - delay: Delayed 1 second(s)

2018-04-03 10:00:13 - [MESSAGE][PASSED] - Delayed 1 second(s)

2018-04-03 10:00:13 - [TEST_STEP][PASSED] - click: Object: 'Object Repository/Map/select_waypoint_Day' is clicked on

2018-04-03 10:00:13 - [MESSAGE][PASSED] - Object: 'Object Repository/Map/select_waypoint_Day' is clicked on

2018-04-03 10:00:13 - [TEST_STEP][PASSED] - delay: Delayed 1 second(s)

2018-04-03 10:00:14 - [MESSAGE][PASSED] - Delayed 1 second(s)

2018-04-03 10:00:14 - [TEST_STEP][PASSED] - click: Object: 'Object Repository/Map/select_waypoint_Day_1' is clicked on

2018-04-03 10:00:15 - [MESSAGE][PASSED] - Object: 'Object Repository/Map/select_waypoint_Day_1' is clicked on

2018-04-03 10:00:15 - [TEST_STEP][PASSED] - delay: Delayed 1 second(s)

2018-04-03 10:00:16 - [MESSAGE][PASSED] - Delayed 1 second(s)

2018-04-03 10:00:16 - [TEST_STEP][PASSED] - clickOffset: Object: 'Object Repository/Map/input_Search_field' is clicked on using offset x=400 and y=300

2018-04-03 10:00:16 - [MESSAGE][PASSED] - Object: 'Object Repository/Map/input_Search_field' is clicked on using offset x=400 and y=300

2018-04-03 10:00:16 - [TEST_STEP][PASSED] - delay: Delayed 1 second(s)

2018-04-03 10:00:17 - [MESSAGE][PASSED] - Delayed 1 second(s)

2018-04-03 10:00:17 - [TEST_STEP][PASSED] - waitForElementVisible: Object 'Object Repository/Map/ver_pop_waypoint_shows' is visible

2018-04-03 10:00:17 - [MESSAGE][PASSED] - Object 'Object Repository/Map/ver_pop_waypoint_shows' is visible

2018-04-03 10:00:17 - [TEST_STEP][PASSED] - click: Object: 'Object Repository/Map/select_waypoint_Day' is clicked on

2018-04-03 10:00:17 - [MESSAGE][PASSED] - Object: 'Object Repository/Map/select_waypoint_Day' is clicked on

2018-04-03 10:00:17 - [TEST_STEP][PASSED] - delay: Delayed 1 second(s)

2018-04-03 10:00:18 - [MESSAGE][PASSED] - Delayed 1 second(s)

2018-04-03 10:00:18 - [TEST_STEP][PASSED] - click: Object: 'Object Repository/Map/select_waypoint_Day_1' is clicked on

2018-04-03 10:00:19 - [MESSAGE][PASSED] - Object: 'Object Repository/Map/select_waypoint_Day_1' is clicked on

2018-04-03 10:00:19 - [TEST_STEP][PASSED] - delay: Delayed 1 second(s)

2018-04-03 10:00:20 - [MESSAGE][PASSED] - Delayed 1 second(s)

2018-04-03 10:00:20 - [TEST_STEP][PASSED] - clickOffset: Object: 'Object Repository/Map/input_Search_field' is clicked on using offset x=300 and y=300

2018-04-03 10:00:20 - [MESSAGE][PASSED] - Object: 'Object Repository/Map/input_Search_field' is clicked on using offset x=300 and y=300

2018-04-03 10:00:20 - [TEST_STEP][PASSED] - delay: Delayed 1 second(s)

2018-04-03 10:00:21 - [MESSAGE][PASSED] - Delayed 1 second(s)

2018-04-03 10:00:21 - [TEST_STEP][PASSED] - waitForElementVisible: Object 'Object Repository/Map/ver_pop_waypoint_shows' is visible

2018-04-03 10:00:21 - [MESSAGE][PASSED] - Object 'Object Repository/Map/ver_pop_waypoint_shows' is visible

2018-04-03 10:00:21 - [TEST_STEP][PASSED] - click: Object: 'Object Repository/Map/select_waypoint_Day' is clicked on

2018-04-03 10:00:22 - [MESSAGE][PASSED] - Object: 'Object Repository/Map/select_waypoint_Day' is clicked on

2018-04-03 10:00:22 - [TEST_STEP][PASSED] - delay: Delayed 1 second(s)

2018-04-03 10:00:23 - [MESSAGE][PASSED] - Delayed 1 second(s)

2018-04-03 10:00:23 - [TEST_STEP][PASSED] - click: Object: 'Object Repository/Map/select_waypoint_Day_3' is clicked on

2018-04-03 10:00:23 - [MESSAGE][PASSED] - Object: 'Object Repository/Map/select_waypoint_Day_3' is clicked on

2018-04-03 10:00:23 - [TEST_STEP][PASSED] - click: Object: 'Object Repository/Map/but_Close_Map' is clicked on

2018-04-03 10:00:23 - [MESSAGE][PASSED] - Object: 'Object Repository/Map/but_Close_Map' is clicked on

2018-04-03 10:00:23 - [TEST_STEP][PASSED] - click: Object: 'Object Repository/Step_1/but_Next(to_step_2)' is clicked on

2018-04-03 10:00:23 - [MESSAGE][PASSED] - Object: 'Object Repository/Step_1/but_Next(to_step_2)' is clicked on

2018-04-03 10:00:23 - [TEST_STEP][PASSED] - waitForElementVisible: Object 'Object Repository/Step_2/ver_Step_is_loaded' is visible

2018-04-03 10:00:23 - [MESSAGE][PASSED] - Object 'Object Repository/Step_2/ver_Step_is_loaded' is visible

2018-04-03 10:00:23 - [TEST_STEP][PASSED] - delay: Delayed 2 second(s)

2018-04-03 10:00:25 - [MESSAGE][PASSED] - Delayed 2 second(s)

2018-04-03 10:00:25 - [TEST_STEP][PASSED] - click: Object: 'Object Repository/Step_1/but_Save_draft' is clicked on

2018-04-03 10:00:27 - [MESSAGE][PASSED] - Object: 'Object Repository/Step_1/but_Save_draft' is clicked on

2018-04-03 10:00:27 - [TEST_STEP][PASSED] - waitForElementVisible: Object 'Object Repository/Step_1/ver_popup_report_was_saved' is visible

2018-04-03 10:00:27 - [MESSAGE][PASSED] - Object 'Object Repository/Step_1/ver_popup_report_was_saved' is visible

2018-04-03 10:00:27 - [TEST_STEP][PASSED] - closeBrowser: Browser is closed

2018-04-03 10:00:28 - [MESSAGE][PASSED] - Browser is closed]]></system-out>
         <system-err><![CDATA[]]></system-err>
      </testcase>
      <testcase name="Test Cases/Create_report/Step 2" classname="Test Cases/Create_report/Step 2" status="PASSED">
         <system-out><![CDATA[2018-04-03 10:00:28 - [TEST_CASE][PASSED] - Test Cases/Create_report/Step 2: Test Cases/Create_report/Step 2

2018-04-03 10:00:28 - [TEST_STEP][PASSED] - openBrowser: Browser is opened with url: ''

2018-04-03 10:00:30 - [MESSAGE][PASSED] - Browser is opened with url: ''

2018-04-03 10:00:30 - [TEST_STEP][PASSED] - navigateToUrl: Navigate to 'https://www.route-report.com/' successfully

2018-04-03 10:00:35 - [MESSAGE][PASSED] - Navigate to 'https://www.route-report.com/' successfully

2018-04-03 10:00:35 - [TEST_STEP][PASSED] - maximizeWindow: Current window maximized

2018-04-03 10:00:36 - [MESSAGE][PASSED] - Current window maximized

2018-04-03 10:00:36 - [TEST_STEP][PASSED] - Statement - mail = "rostyslav.biliaiev@route-report.com": null

2018-04-03 10:00:36 - [TEST_STEP][PASSED] - Statement - pass = "111111": null

2018-04-03 10:00:36 - [TEST_STEP][PASSED] - Statement - bigtext = org.apache.commons.lang.RandomStringUtils.randomNumeric(2000): null

2018-04-03 10:00:36 - [TEST_STEP][PASSED] - Statement - mydate = new java.util.Date(): null

2018-04-03 10:00:36 - [TEST_STEP][PASSED] - Statement - formattedDate = mydate.format("MMdd"): null

2018-04-03 10:00:36 - [TEST_STEP][PASSED] - Statement - dateHour = mydate.format("HHmmss"): null

2018-04-03 10:00:36 - [TEST_STEP][PASSED] - Statement - x = "_date_" + formattedDate + "_time_" + dateHour: null

2018-04-03 10:00:36 - [TEST_STEP][PASSED] - Statement - title = "Automated test was executed" + x: null

2018-04-03 10:00:36 - [TEST_STEP][PASSED] - Statement - authors_text = "Text from authors Text from authors Text from authors Text from authors Text from authors Text from authors Text from authors Text from authors Text from authors ": null

2018-04-03 10:00:36 - [TEST_STEP][PASSED] - Statement - youtube = "https://youtu.be/2VjmdTtcEQE": null

2018-04-03 10:00:36 - [TEST_STEP][PASSED] - click: Object: 'Object Repository/Login_registration/span_Login' is clicked on

2018-04-03 10:00:36 - [MESSAGE][PASSED] - Object: 'Object Repository/Login_registration/span_Login' is clicked on

2018-04-03 10:00:36 - [TEST_STEP][PASSED] - setText: Text 'rostyslav.biliaiev@route-report.com' is set on object 'Object Repository/Login_registration/input_in_login'

2018-04-03 10:00:37 - [MESSAGE][PASSED] - Text 'rostyslav.biliaiev@route-report.com' is set on object 'Object Repository/Login_registration/input_in_login'

2018-04-03 10:00:37 - [TEST_STEP][PASSED] - setText: Text '111111' is set on object 'Object Repository/Login_registration/input_in_password'

2018-04-03 10:00:38 - [MESSAGE][PASSED] - Text '111111' is set on object 'Object Repository/Login_registration/input_in_password'

2018-04-03 10:00:38 - [TEST_STEP][PASSED] - click: Object: 'Object Repository/Login_registration/button_LOG IN' is clicked on

2018-04-03 10:00:38 - [MESSAGE][PASSED] - Object: 'Object Repository/Login_registration/button_LOG IN' is clicked on

2018-04-03 10:00:38 - [TEST_STEP][PASSED] - verifyElementPresent: Object 'Object Repository/Login_registration/span_My spoken languages' is present

2018-04-03 10:00:42 - [MESSAGE][PASSED] - Object 'Object Repository/Login_registration/span_My spoken languages' is present

2018-04-03 10:00:42 - [TEST_STEP][PASSED] - delay: Delayed 2 second(s)

2018-04-03 10:00:44 - [MESSAGE][PASSED] - Delayed 2 second(s)

2018-04-03 10:00:44 - [TEST_STEP][PASSED] - click: Object: 'Object Repository/Account/Buttons/button_Edit_report_first' is clicked on

2018-04-03 10:00:44 - [MESSAGE][PASSED] - Object: 'Object Repository/Account/Buttons/button_Edit_report_first' is clicked on

2018-04-03 10:00:44 - [TEST_STEP][PASSED] - switchToWindowIndex: Switched to window with index: '1'

2018-04-03 10:00:44 - [MESSAGE][PASSED] - Switched to window with index: '1'

2018-04-03 10:00:44 - [TEST_STEP][PASSED] - click: Object: 'Object Repository/Step_1/but_Next(to_step_2)' is clicked on

2018-04-03 10:00:49 - [MESSAGE][PASSED] - Object: 'Object Repository/Step_1/but_Next(to_step_2)' is clicked on

2018-04-03 10:00:49 - [TEST_STEP][PASSED] - waitForElementVisible: Object 'Object Repository/Step_2/ver_Step_is_loaded' is visible

2018-04-03 10:00:50 - [MESSAGE][PASSED] - Object 'Object Repository/Step_2/ver_Step_is_loaded' is visible

2018-04-03 10:00:50 - [TEST_STEP][PASSED] - delay: Delayed 2 second(s)

2018-04-03 10:00:52 - [MESSAGE][PASSED] - Delayed 2 second(s)

2018-04-03 10:00:52 - [TEST_STEP][PASSED] - waitForElementVisible: Object 'Object Repository/Step_2/ver_Step_is_loaded' is visible

2018-04-03 10:00:53 - [MESSAGE][PASSED] - Object 'Object Repository/Step_2/ver_Step_is_loaded' is visible

2018-04-03 10:00:53 - [TEST_STEP][PASSED] - click: Object: 'Object Repository/Step_2/set_Purpose' is clicked on

2018-04-03 10:00:53 - [MESSAGE][PASSED] - Object: 'Object Repository/Step_2/set_Purpose' is clicked on

2018-04-03 10:00:53 - [TEST_STEP][PASSED] - delay: Delayed 1 second(s)

2018-04-03 10:00:54 - [MESSAGE][PASSED] - Delayed 1 second(s)

2018-04-03 10:00:54 - [TEST_STEP][PASSED] - click: Object: 'Object Repository/Step_2/set_Purpose_option' is clicked on

2018-04-03 10:00:54 - [MESSAGE][PASSED] - Object: 'Object Repository/Step_2/set_Purpose_option' is clicked on

2018-04-03 10:00:54 - [TEST_STEP][PASSED] - click: Object: 'Object Repository/Step_2/set_Main_team' is clicked on

2018-04-03 10:00:54 - [MESSAGE][PASSED] - Object: 'Object Repository/Step_2/set_Main_team' is clicked on

2018-04-03 10:00:54 - [TEST_STEP][PASSED] - delay: Delayed 1 second(s)

2018-04-03 10:00:55 - [MESSAGE][PASSED] - Delayed 1 second(s)

2018-04-03 10:00:55 - [TEST_STEP][PASSED] - click: Object: 'Object Repository/Step_2/set_Main_team_option' is clicked on

2018-04-03 10:00:55 - [MESSAGE][PASSED] - Object: 'Object Repository/Step_2/set_Main_team_option' is clicked on

2018-04-03 10:00:55 - [TEST_STEP][PASSED] - click: Object: 'Object Repository/Step_2/set_Most_of_Acc' is clicked on

2018-04-03 10:00:55 - [MESSAGE][PASSED] - Object: 'Object Repository/Step_2/set_Most_of_Acc' is clicked on

2018-04-03 10:00:55 - [TEST_STEP][PASSED] - delay: Delayed 1 second(s)

2018-04-03 10:00:56 - [MESSAGE][PASSED] - Delayed 1 second(s)

2018-04-03 10:00:56 - [TEST_STEP][PASSED] - click: Object: 'Object Repository/Step_2/set_Most_of_Acc_option' is clicked on

2018-04-03 10:00:56 - [MESSAGE][PASSED] - Object: 'Object Repository/Step_2/set_Most_of_Acc_option' is clicked on

2018-04-03 10:00:56 - [TEST_STEP][PASSED] - click: Object: 'Object Repository/Step_2/set_Trainig_level' is clicked on

2018-04-03 10:00:57 - [MESSAGE][PASSED] - Object: 'Object Repository/Step_2/set_Trainig_level' is clicked on

2018-04-03 10:00:57 - [TEST_STEP][PASSED] - delay: Delayed 1 second(s)

2018-04-03 10:00:58 - [MESSAGE][PASSED] - Delayed 1 second(s)

2018-04-03 10:00:58 - [TEST_STEP][PASSED] - click: Object: 'Object Repository/Step_2/set_Training_level_option' is clicked on

2018-04-03 10:00:58 - [MESSAGE][PASSED] - Object: 'Object Repository/Step_2/set_Training_level_option' is clicked on

2018-04-03 10:00:58 - [TEST_STEP][PASSED] - click: Object: 'Object Repository/Step_2/set_Pets' is clicked on

2018-04-03 10:00:58 - [MESSAGE][PASSED] - Object: 'Object Repository/Step_2/set_Pets' is clicked on

2018-04-03 10:00:58 - [TEST_STEP][PASSED] - delay: Delayed 1 second(s)

2018-04-03 10:00:59 - [MESSAGE][PASSED] - Delayed 1 second(s)

2018-04-03 10:00:59 - [TEST_STEP][PASSED] - click: Object: 'Object Repository/Step_2/set_Pets_option' is clicked on

2018-04-03 10:00:59 - [MESSAGE][PASSED] - Object: 'Object Repository/Step_2/set_Pets_option' is clicked on

2018-04-03 10:00:59 - [TEST_STEP][PASSED] - click: Object: 'Object Repository/Step_2/set_Sport_category' is clicked on

2018-04-03 10:00:59 - [MESSAGE][PASSED] - Object: 'Object Repository/Step_2/set_Sport_category' is clicked on

2018-04-03 10:00:59 - [TEST_STEP][PASSED] - delay: Delayed 1 second(s)

2018-04-03 10:01:00 - [MESSAGE][PASSED] - Delayed 1 second(s)

2018-04-03 10:01:00 - [TEST_STEP][PASSED] - click: Object: 'Object Repository/Step_2/set_Sport_category_option' is clicked on

2018-04-03 10:01:00 - [MESSAGE][PASSED] - Object: 'Object Repository/Step_2/set_Sport_category_option' is clicked on

2018-04-03 10:01:00 - [TEST_STEP][PASSED] - click: Object: 'Object Repository/Step_2/set_Age' is clicked on

2018-04-03 10:01:01 - [MESSAGE][PASSED] - Object: 'Object Repository/Step_2/set_Age' is clicked on

2018-04-03 10:01:01 - [TEST_STEP][PASSED] - click: Object: 'Object Repository/Step_2/set_Age_option' is clicked on

2018-04-03 10:01:01 - [MESSAGE][PASSED] - Object: 'Object Repository/Step_2/set_Age_option' is clicked on

2018-04-03 10:01:01 - [TEST_STEP][PASSED] - setText: Text '10' is set on object 'Object Repository/Step_2/input_number_team'

2018-04-03 10:01:01 - [MESSAGE][PASSED] - Text '10' is set on object 'Object Repository/Step_2/input_number_team'

2018-04-03 10:01:01 - [TEST_STEP][PASSED] - setText: Text '15' is set on object 'Object Repository/Step_2/input_covered'

2018-04-03 10:01:01 - [MESSAGE][PASSED] - Text '15' is set on object 'Object Repository/Step_2/input_covered'

2018-04-03 10:01:01 - [TEST_STEP][PASSED] - setText: Text '3' is set on object 'Object Repository/Step_2/input_Days'

2018-04-03 10:01:01 - [MESSAGE][PASSED] - Text '3' is set on object 'Object Repository/Step_2/input_Days'

2018-04-03 10:01:01 - [TEST_STEP][PASSED] - setText: Text '300' is set on object 'Object Repository/Step_2/input_Budget'

2018-04-03 10:01:01 - [MESSAGE][PASSED] - Text '300' is set on object 'Object Repository/Step_2/input_Budget'

2018-04-03 10:01:01 - [TEST_STEP][PASSED] - delay: Delayed 1 second(s)

2018-04-03 10:01:02 - [MESSAGE][PASSED] - Delayed 1 second(s)

2018-04-03 10:01:02 - [TEST_STEP][PASSED] - click: Object: 'Object Repository/Step_1/but_Save_draft' is clicked on

2018-04-03 10:01:02 - [MESSAGE][PASSED] - Object: 'Object Repository/Step_1/but_Save_draft' is clicked on

2018-04-03 10:01:02 - [TEST_STEP][PASSED] - waitForElementVisible: Object 'Object Repository/Step_1/ver_popup_report_was_saved' is visible

2018-04-03 10:01:03 - [MESSAGE][PASSED] - Object 'Object Repository/Step_1/ver_popup_report_was_saved' is visible

2018-04-03 10:01:03 - [TEST_STEP][PASSED] - closeBrowser: Browser is closed

2018-04-03 10:01:04 - [MESSAGE][PASSED] - Browser is closed]]></system-out>
         <system-err><![CDATA[]]></system-err>
      </testcase>
      <testcase name="Test Cases/Create_report/Step 3" classname="Test Cases/Create_report/Step 3" status="FAILED">
         <failure type="FAILED" message="Unable to upload file 'D:\RUSSIAN.docx' to object 'Object Repository/Step_3/but_Add_Other' (Root cause: org.openqa.selenium.WebDriverException: unknown error: cannot focus element
  (Session info: chrome=65.0.3325.181)
  (Driver info: chromedriver=2.35.528161 (5b82f2d2aae0ca24b877009200ced9065a772e73),platform=Windows NT 6.3.9600 x86_64) (WARNING: The server did not provide any stacktrace information)
Command duration or timeout: 0 milliseconds
Build info: version: '3.7.1', revision: '8a0099a', time: '2017-11-06T21:07:36.161Z'
System info: host: 'BRAINPC', ip: '192.168.137.2', os.name: 'Windows 8.1', os.arch: 'amd64', os.version: '6.3', java.version: '1.8.0_102'
Driver info: com.kms.katalon.selenium.driver.CChromeDriver
Capabilities {acceptInsecureCerts: false, acceptSslCerts: false, applicationCacheEnabled: false, browserConnectionEnabled: false, browserName: chrome, chrome: {chromedriverVersion: 2.35.528161 (5b82f2d2aae0ca..., userDataDir: C:\Users\user\AppData\Local...}, cssSelectorsEnabled: true, databaseEnabled: false, handlesAlerts: true, hasTouchScreen: false, javascriptEnabled: true, locationContextEnabled: true, mobileEmulationEnabled: false, nativeEvents: true, networkConnectionEnabled: false, pageLoadStrategy: normal, platform: XP, platformName: XP, rotatable: false, setWindowRect: true, takesHeapSnapshot: true, takesScreenshot: true, unexpectedAlertBehaviour: , unhandledPromptBehavior: , version: 65.0.3325.181, webStorageEnabled: true}
Session ID: 3770c539c6c06e208c0868a89307271c)"/>
         <system-out><![CDATA[2018-04-03 10:01:04 - [TEST_CASE][FAILED] - Test Cases/Create_report/Step 3: Test Cases/Create_report/Step 3 FAILED because (of) Unable to upload file 'D:\RUSSIAN.docx' to object 'Object Repository/Step_3/but_Add_Other' (Root cause: org.openqa.selenium.WebDriverException: unknown error: cannot focus element
  (Session info: chrome=65.0.3325.181)
  (Driver info: chromedriver=2.35.528161 (5b82f2d2aae0ca24b877009200ced9065a772e73),platform=Windows NT 6.3.9600 x86_64) (WARNING: The server did not provide any stacktrace information)
Command duration or timeout: 0 milliseconds
Build info: version: '3.7.1', revision: '8a0099a', time: '2017-11-06T21:07:36.161Z'
System info: host: 'BRAINPC', ip: '192.168.137.2', os.name: 'Windows 8.1', os.arch: 'amd64', os.version: '6.3', java.version: '1.8.0_102'
Driver info: com.kms.katalon.selenium.driver.CChromeDriver
Capabilities {acceptInsecureCerts: false, acceptSslCerts: false, applicationCacheEnabled: false, browserConnectionEnabled: false, browserName: chrome, chrome: {chromedriverVersion: 2.35.528161 (5b82f2d2aae0ca..., userDataDir: C:\Users\user\AppData\Local...}, cssSelectorsEnabled: true, databaseEnabled: false, handlesAlerts: true, hasTouchScreen: false, javascriptEnabled: true, locationContextEnabled: true, mobileEmulationEnabled: false, nativeEvents: true, networkConnectionEnabled: false, pageLoadStrategy: normal, platform: XP, platformName: XP, rotatable: false, setWindowRect: true, takesHeapSnapshot: true, takesScreenshot: true, unexpectedAlertBehaviour: , unhandledPromptBehavior: , version: 65.0.3325.181, webStorageEnabled: true}
Session ID: 3770c539c6c06e208c0868a89307271c)

2018-04-03 10:01:04 - [TEST_STEP][PASSED] - openBrowser: Browser is opened with url: ''

2018-04-03 10:01:06 - [MESSAGE][PASSED] - Browser is opened with url: ''

2018-04-03 10:01:06 - [TEST_STEP][PASSED] - navigateToUrl: Navigate to 'https://www.route-report.com/' successfully

2018-04-03 10:01:09 - [MESSAGE][PASSED] - Navigate to 'https://www.route-report.com/' successfully

2018-04-03 10:01:09 - [TEST_STEP][PASSED] - maximizeWindow: Current window maximized

2018-04-03 10:01:10 - [MESSAGE][PASSED] - Current window maximized

2018-04-03 10:01:10 - [TEST_STEP][PASSED] - Statement - mail = "rostyslav.biliaiev@route-report.com": null

2018-04-03 10:01:10 - [TEST_STEP][PASSED] - Statement - pass = "111111": null

2018-04-03 10:01:10 - [TEST_STEP][PASSED] - Statement - bigtext = org.apache.commons.lang.RandomStringUtils.randomNumeric(6000): null

2018-04-03 10:01:10 - [TEST_STEP][PASSED] - Statement - mydate = new java.util.Date(): null

2018-04-03 10:01:10 - [TEST_STEP][PASSED] - Statement - formattedDate = mydate.format("MMdd"): null

2018-04-03 10:01:10 - [TEST_STEP][PASSED] - Statement - dateHour = mydate.format("HHmmss"): null

2018-04-03 10:01:10 - [TEST_STEP][PASSED] - Statement - x = "_date_" + formattedDate + "_time_" + dateHour: null

2018-04-03 10:01:10 - [TEST_STEP][PASSED] - Statement - title = "Automated test was executed" + x: null

2018-04-03 10:01:10 - [TEST_STEP][PASSED] - Statement - authors_text = "Text from authors Text from authors Text from authors Text from authors Text from authors Text from authors Text from authors Text from authors Text from authors ": null

2018-04-03 10:01:10 - [TEST_STEP][PASSED] - Statement - youtube = "https://youtu.be/2VjmdTtcEQE": null

2018-04-03 10:01:10 - [TEST_STEP][PASSED] - click: Object: 'Object Repository/Login_registration/span_Login' is clicked on

2018-04-03 10:01:11 - [MESSAGE][PASSED] - Object: 'Object Repository/Login_registration/span_Login' is clicked on

2018-04-03 10:01:11 - [TEST_STEP][PASSED] - setText: Text 'rostyslav.biliaiev@route-report.com' is set on object 'Object Repository/Login_registration/input_in_login'

2018-04-03 10:01:11 - [MESSAGE][PASSED] - Text 'rostyslav.biliaiev@route-report.com' is set on object 'Object Repository/Login_registration/input_in_login'

2018-04-03 10:01:11 - [TEST_STEP][PASSED] - setText: Text '111111' is set on object 'Object Repository/Login_registration/input_in_password'

2018-04-03 10:01:12 - [MESSAGE][PASSED] - Text '111111' is set on object 'Object Repository/Login_registration/input_in_password'

2018-04-03 10:01:12 - [TEST_STEP][PASSED] - click: Object: 'Object Repository/Login_registration/button_LOG IN' is clicked on

2018-04-03 10:01:12 - [MESSAGE][PASSED] - Object: 'Object Repository/Login_registration/button_LOG IN' is clicked on

2018-04-03 10:01:12 - [TEST_STEP][PASSED] - verifyElementPresent: Object 'Object Repository/Login_registration/span_My spoken languages' is present

2018-04-03 10:01:16 - [MESSAGE][PASSED] - Object 'Object Repository/Login_registration/span_My spoken languages' is present

2018-04-03 10:01:16 - [TEST_STEP][PASSED] - delay: Delayed 2 second(s)

2018-04-03 10:01:18 - [MESSAGE][PASSED] - Delayed 2 second(s)

2018-04-03 10:01:18 - [TEST_STEP][PASSED] - click: Object: 'Object Repository/Account/Buttons/button_Edit_report_first' is clicked on

2018-04-03 10:01:18 - [MESSAGE][PASSED] - Object: 'Object Repository/Account/Buttons/button_Edit_report_first' is clicked on

2018-04-03 10:01:18 - [TEST_STEP][PASSED] - switchToWindowTitle: Switched to window with title: 'Write report - Route Report'

2018-04-03 10:01:23 - [MESSAGE][PASSED] - Switched to window with title: 'Write report - Route Report'

2018-04-03 10:01:23 - [TEST_STEP][PASSED] - delay: Delayed 1 second(s)

2018-04-03 10:01:24 - [MESSAGE][PASSED] - Delayed 1 second(s)

2018-04-03 10:01:24 - [TEST_STEP][PASSED] - click: Object: 'Object Repository/Step_1/but_Step3' is clicked on

2018-04-03 10:01:24 - [MESSAGE][PASSED] - Object: 'Object Repository/Step_1/but_Step3' is clicked on

2018-04-03 10:01:24 - [TEST_STEP][PASSED] - waitForElementVisible: Object 'Object Repository/Step_3/ver_Step_3_is_loaded' is visible

2018-04-03 10:01:26 - [MESSAGE][PASSED] - Object 'Object Repository/Step_3/ver_Step_3_is_loaded' is visible

2018-04-03 10:01:26 - [TEST_STEP][PASSED] - delay: Delayed 2 second(s)

2018-04-03 10:01:28 - [MESSAGE][PASSED] - Delayed 2 second(s)

2018-04-03 10:01:28 - [TEST_STEP][PASSED] - click: Object: 'Object Repository/Step_3/but_1st_day' is clicked on

2018-04-03 10:01:28 - [MESSAGE][PASSED] - Object: 'Object Repository/Step_3/but_1st_day' is clicked on

2018-04-03 10:01:28 - [TEST_STEP][PASSED] - delay: Delayed 1 second(s)

2018-04-03 10:01:29 - [MESSAGE][PASSED] - Delayed 1 second(s)

2018-04-03 10:01:29 - [TEST_STEP][PASSED] - setText: Text '503004383374998175318157059877368472324438567652881491676433227365605217132173136502747989945511200271603664670929354074218973411560183906616699343696421831761231051396507166270352594792338514619715174929539571237361674424641493018473549266220171364568461798353201155673432741652044338363740929492865259422061786051004835185017625780269706040581575767275243291382455309979246519676942448779461095678415689896417857728429014237445732944625466762476187458770212949173985351704822087350876265207634665050956945536971936272984858677151041419283218721316862458983310826603206983800626987049145594054601623958689154001419016817699577934114320024794860711264945509876017737166925364691855719702076844787422346620489481344368368283027336020178277585112241614226965924912930552060298518265454816647559735221324959722685201214809975141672437046655041024451499494273714848823833323107352715269473863466427530027663210047570871483921509726820926846105790519399479853236249638371993677115375841123228667979815419910502952632290629337822460972962685629614318023431856623320333561973268961008785034358666745956884670205451611730253890968503306799608984149117884980128420924076971435248380423955198970550139147749380262770452965287212964706473665467094619013680471171328195944537198217415095497939095515936643987258624797379189670349586488545403671805989866258973262735658190864043050047124831342313843831748543862995616344854535988323053131664543976472311336349432187092014602065702028510161783289817039173892080406951548699583011373613690216296037902415115802049047115446401246612310799692756749821992919076349947432930136662521096520102794293433554115005963023908633420867984749436270367135263710652694016081729531863807295153472398347199445167155709318463496950078314380790803100739772563172409628138677436771797611367940413363583427784051763070754261640670829343872422004324266684655329712373279267280988034439189470088805959036810178083911978940164404914873577995320984490361054319912817922173984010636555205669914075642006807827815839548205941777345387477304434950689787232437332594701707661723558653824538210614657366838254884449921115845242914150173849920861280299343676725739881920930237350415448434190170122847425924001267845442449624839024440020542313787128702255166847998839616692350319757606570418050040045328833853159295691182575828824405876159884956836816017589483000763443876232616012091726594199004856811833601937345052089495922468078103101129895183863070625089580085597672394017307634272372682326175782002170030840651846688067768362805019603474448371929919725340269503534728284259934146657181370448023841410350287768694768470017916412998691833968957013635931652453699615580471618068373788372004420819974070228864022462651057537278037603006696631760016216864142475447996771559198992675642680017363107251794810932504435171594881400635617263763640399961930516957359692925790248382876252725216921639161889611534305933779606800020765270004673969925648541354618059998724818754263083861025139687005758588728287517773338616519956603679970834307773819606180632310477601882838251393236050983505156676632378694457966524619724806235889095423980762241430284948846588161781288724610057652511538170801813025696276174619052423577510005683761168636787787604255121696926464134641935000277299049104926490977848910339080996893992014296917470712918385790675953277002859980734294736987006245573423970265683330707416142898731634352560049900606239717167011716549542743796156188097267445201153812062117053873332945600425505543544433266262284037549674874486624712328334606477056665453427750723283396249311428818626130910655754925849557937475715382375360916117732070571594542496395721973161125268982797671264420329719656481914520276323838823235105656475922798204935839969044511811636590414929186296603904461235630581423464949346183932540527414983520007453110773282679468411793203364020274961658431617603124464764152949767829959698361124340098245695121441667822734309692140499032162136611198403681115429877129817210241650885845540167906579762090937059677111043684061018329457589412252879304225191072853757692544027850575963649997545572246117745049537906536179058446320939754404647200158794160423028479351876608155138913392536249696335296764742866442499483860941423731090076815796059067023498113695103460780802391081965693597820962632335881616137644237698336222737445733566489355787272775409961872341957813908110533323596540383121837272506595191383745947155056111143750084917238720378988478129256217959432709348846923231148095784197259197575527721586411791795888121889076829105386366012289036471583592019943130305376475182857994790729939038870556862403312860637781352964085112279191351018047781223907879396804131527879559116891796594753173150205832079325996477548999839328046737128228941139416788701540803800901861408504586699548751947669484926133892723257252450097977316375159645977690544549075371469385202297458254946983535308251039508906705018039303617988732815366163968527929601780423448069531600480945355934654621253539363089894703186065225794227188378247388263446535422628215140088260547316474229385416082067763935805065623865982210136999374748357969628646995331434438980306765785925305103675072592548238286911879050725380507122139886107446080812305564403457549530929047884106074361369595057388807152421319001464990324557875840229358877179478039887702353265831136267010411448154094034602862629126487679320912381118765682232984676474825162764801678111587403724325811228759641373432881723370330985557404607103439105846984040414076909660271242496341724194517727084535803589415032879388944998824887865556646471242316593591893478168859372014833380333215593561757705222076348487953673209911235662692172060189160638264654400950078749368000463984483939756449960754841624601150924047989804495531402763654366291878029568825343079618865847302221892108812868672346908523340612722046029967158535471880068632698736869749889753604741773780206878033351501857005838018947932711518391843527270726984865857635668206701599717502863321002766' is set on object 'Object Repository/Step_3/input_text_days'

2018-04-03 10:02:56 - [MESSAGE][PASSED] - Text '503004383374998175318157059877368472324438567652881491676433227365605217132173136502747989945511200271603664670929354074218973411560183906616699343696421831761231051396507166270352594792338514619715174929539571237361674424641493018473549266220171364568461798353201155673432741652044338363740929492865259422061786051004835185017625780269706040581575767275243291382455309979246519676942448779461095678415689896417857728429014237445732944625466762476187458770212949173985351704822087350876265207634665050956945536971936272984858677151041419283218721316862458983310826603206983800626987049145594054601623958689154001419016817699577934114320024794860711264945509876017737166925364691855719702076844787422346620489481344368368283027336020178277585112241614226965924912930552060298518265454816647559735221324959722685201214809975141672437046655041024451499494273714848823833323107352715269473863466427530027663210047570871483921509726820926846105790519399479853236249638371993677115375841123228667979815419910502952632290629337822460972962685629614318023431856623320333561973268961008785034358666745956884670205451611730253890968503306799608984149117884980128420924076971435248380423955198970550139147749380262770452965287212964706473665467094619013680471171328195944537198217415095497939095515936643987258624797379189670349586488545403671805989866258973262735658190864043050047124831342313843831748543862995616344854535988323053131664543976472311336349432187092014602065702028510161783289817039173892080406951548699583011373613690216296037902415115802049047115446401246612310799692756749821992919076349947432930136662521096520102794293433554115005963023908633420867984749436270367135263710652694016081729531863807295153472398347199445167155709318463496950078314380790803100739772563172409628138677436771797611367940413363583427784051763070754261640670829343872422004324266684655329712373279267280988034439189470088805959036810178083911978940164404914873577995320984490361054319912817922173984010636555205669914075642006807827815839548205941777345387477304434950689787232437332594701707661723558653824538210614657366838254884449921115845242914150173849920861280299343676725739881920930237350415448434190170122847425924001267845442449624839024440020542313787128702255166847998839616692350319757606570418050040045328833853159295691182575828824405876159884956836816017589483000763443876232616012091726594199004856811833601937345052089495922468078103101129895183863070625089580085597672394017307634272372682326175782002170030840651846688067768362805019603474448371929919725340269503534728284259934146657181370448023841410350287768694768470017916412998691833968957013635931652453699615580471618068373788372004420819974070228864022462651057537278037603006696631760016216864142475447996771559198992675642680017363107251794810932504435171594881400635617263763640399961930516957359692925790248382876252725216921639161889611534305933779606800020765270004673969925648541354618059998724818754263083861025139687005758588728287517773338616519956603679970834307773819606180632310477601882838251393236050983505156676632378694457966524619724806235889095423980762241430284948846588161781288724610057652511538170801813025696276174619052423577510005683761168636787787604255121696926464134641935000277299049104926490977848910339080996893992014296917470712918385790675953277002859980734294736987006245573423970265683330707416142898731634352560049900606239717167011716549542743796156188097267445201153812062117053873332945600425505543544433266262284037549674874486624712328334606477056665453427750723283396249311428818626130910655754925849557937475715382375360916117732070571594542496395721973161125268982797671264420329719656481914520276323838823235105656475922798204935839969044511811636590414929186296603904461235630581423464949346183932540527414983520007453110773282679468411793203364020274961658431617603124464764152949767829959698361124340098245695121441667822734309692140499032162136611198403681115429877129817210241650885845540167906579762090937059677111043684061018329457589412252879304225191072853757692544027850575963649997545572246117745049537906536179058446320939754404647200158794160423028479351876608155138913392536249696335296764742866442499483860941423731090076815796059067023498113695103460780802391081965693597820962632335881616137644237698336222737445733566489355787272775409961872341957813908110533323596540383121837272506595191383745947155056111143750084917238720378988478129256217959432709348846923231148095784197259197575527721586411791795888121889076829105386366012289036471583592019943130305376475182857994790729939038870556862403312860637781352964085112279191351018047781223907879396804131527879559116891796594753173150205832079325996477548999839328046737128228941139416788701540803800901861408504586699548751947669484926133892723257252450097977316375159645977690544549075371469385202297458254946983535308251039508906705018039303617988732815366163968527929601780423448069531600480945355934654621253539363089894703186065225794227188378247388263446535422628215140088260547316474229385416082067763935805065623865982210136999374748357969628646995331434438980306765785925305103675072592548238286911879050725380507122139886107446080812305564403457549530929047884106074361369595057388807152421319001464990324557875840229358877179478039887702353265831136267010411448154094034602862629126487679320912381118765682232984676474825162764801678111587403724325811228759641373432881723370330985557404607103439105846984040414076909660271242496341724194517727084535803589415032879388944998824887865556646471242316593591893478168859372014833380333215593561757705222076348487953673209911235662692172060189160638264654400950078749368000463984483939756449960754841624601150924047989804495531402763654366291878029568825343079618865847302221892108812868672346908523340612722046029967158535471880068632698736869749889753604741773780206878033351501857005838018947932711518391843527270726984865857635668206701599717502863321002766' is set on object 'Object Repository/Step_3/input_text_days'

2018-04-03 10:02:56 - [TEST_STEP][PASSED] - waitForElementVisible: Object 'Object Repository/Step_3/but_add_places' is visible

2018-04-03 10:02:56 - [MESSAGE][PASSED] - Object 'Object Repository/Step_3/but_add_places' is visible

2018-04-03 10:02:56 - [TEST_STEP][PASSED] - delay: Delayed 1 second(s)

2018-04-03 10:02:57 - [MESSAGE][PASSED] - Delayed 1 second(s)

2018-04-03 10:02:57 - [TEST_STEP][PASSED] - click: Object: 'Object Repository/Step_3/but_add_places' is clicked on

2018-04-03 10:02:58 - [MESSAGE][PASSED] - Object: 'Object Repository/Step_3/but_add_places' is clicked on

2018-04-03 10:02:58 - [TEST_STEP][PASSED] - waitForElementVisible: Object 'Object Repository/Map_places/tab_waypoints_top_part' is visible

2018-04-03 10:03:00 - [MESSAGE][PASSED] - Object 'Object Repository/Map_places/tab_waypoints_top_part' is visible

2018-04-03 10:03:00 - [TEST_STEP][PASSED] - delay: Delayed 1 second(s)

2018-04-03 10:03:01 - [MESSAGE][PASSED] - Delayed 1 second(s)

2018-04-03 10:03:01 - [TEST_STEP][PASSED] - click: Object: 'Object Repository/Map_places/tab_waypoints_top_part' is clicked on

2018-04-03 10:03:02 - [MESSAGE][PASSED] - Object: 'Object Repository/Map_places/tab_waypoints_top_part' is clicked on

2018-04-03 10:03:02 - [TEST_STEP][PASSED] - waitForElementVisible: Object 'Object Repository/Map_places/ver_tab_waipoints_shows' is visible

2018-04-03 10:03:02 - [MESSAGE][PASSED] - Object 'Object Repository/Map_places/ver_tab_waipoints_shows' is visible

2018-04-03 10:03:02 - [TEST_STEP][PASSED] - click: Object: 'Object Repository/Map_places/tab_places_top_part' is clicked on

2018-04-03 10:03:02 - [MESSAGE][PASSED] - Object: 'Object Repository/Map_places/tab_places_top_part' is clicked on

2018-04-03 10:03:02 - [TEST_STEP][PASSED] - waitForElementVisible: Object 'Object Repository/Map_places/ver_tab_places_shows' is visible

2018-04-03 10:03:02 - [MESSAGE][PASSED] - Object 'Object Repository/Map_places/ver_tab_places_shows' is visible

2018-04-03 10:03:02 - [TEST_STEP][PASSED] - click: Object: 'Object Repository/Map_places/but_hide(show)_tabs' is clicked on

2018-04-03 10:03:02 - [MESSAGE][PASSED] - Object: 'Object Repository/Map_places/but_hide(show)_tabs' is clicked on

2018-04-03 10:03:02 - [TEST_STEP][PASSED] - setText: Text 'London' is set on object 'Object Repository/Map_places/input_search'

2018-04-03 10:03:02 - [MESSAGE][PASSED] - Text 'London' is set on object 'Object Repository/Map_places/input_search'

2018-04-03 10:03:02 - [TEST_STEP][PASSED] - click: Object: 'Object Repository/Map_places/select_1st_result' is clicked on

2018-04-03 10:03:03 - [MESSAGE][PASSED] - Object: 'Object Repository/Map_places/select_1st_result' is clicked on

2018-04-03 10:03:03 - [TEST_STEP][PASSED] - delay: Delayed 4 second(s)

2018-04-03 10:03:07 - [MESSAGE][PASSED] - Delayed 4 second(s)

2018-04-03 10:03:07 - [TEST_STEP][PASSED] - waitForElementVisible: Object 'Object Repository/Map_places/but_choose_places' is visible

2018-04-03 10:03:08 - [MESSAGE][PASSED] - Object 'Object Repository/Map_places/but_choose_places' is visible

2018-04-03 10:03:08 - [TEST_STEP][PASSED] - click: Object: 'Object Repository/Map_places/but_choose_places' is clicked on

2018-04-03 10:03:08 - [MESSAGE][PASSED] - Object: 'Object Repository/Map_places/but_choose_places' is clicked on

2018-04-03 10:03:08 - [TEST_STEP][PASSED] - delay: Delayed 1 second(s)

2018-04-03 10:03:09 - [MESSAGE][PASSED] - Delayed 1 second(s)

2018-04-03 10:03:09 - [TEST_STEP][PASSED] - waitForElementVisible: Object 'Object Repository/Map_places/but_add_place(begining)' is visible

2018-04-03 10:03:09 - [MESSAGE][PASSED] - Object 'Object Repository/Map_places/but_add_place(begining)' is visible

2018-04-03 10:03:09 - [TEST_STEP][PASSED] - click: Object: 'Object Repository/Map_places/but_add_place(begining)' is clicked on

2018-04-03 10:03:09 - [MESSAGE][PASSED] - Object: 'Object Repository/Map_places/but_add_place(begining)' is clicked on

2018-04-03 10:03:09 - [TEST_STEP][PASSED] - waitForElementVisible: Object 'Object Repository/Map_places/but_select_ORA_activity' is visible

2018-04-03 10:03:09 - [MESSAGE][PASSED] - Object 'Object Repository/Map_places/but_select_ORA_activity' is visible

2018-04-03 10:03:09 - [TEST_STEP][PASSED] - click: Object: 'Object Repository/Map_places/but_select_ORA_activity' is clicked on

2018-04-03 10:03:09 - [MESSAGE][PASSED] - Object: 'Object Repository/Map_places/but_select_ORA_activity' is clicked on

2018-04-03 10:03:09 - [TEST_STEP][PASSED] - click: Object: 'Object Repository/Map_places/but_add_place_select_activity' is clicked on

2018-04-03 10:03:10 - [MESSAGE][PASSED] - Object: 'Object Repository/Map_places/but_add_place_select_activity' is clicked on

2018-04-03 10:03:10 - [TEST_STEP][PASSED] - waitForElementVisible: Object 'Object Repository/Map_places/input_place_name' is visible

2018-04-03 10:03:10 - [MESSAGE][PASSED] - Object 'Object Repository/Map_places/input_place_name' is visible

2018-04-03 10:03:10 - [TEST_STEP][PASSED] - setText: Text 'TestName' is set on object 'Object Repository/Map_places/input_place_name'

2018-04-03 10:03:10 - [MESSAGE][PASSED] - Text 'TestName' is set on object 'Object Repository/Map_places/input_place_name'

2018-04-03 10:03:10 - [TEST_STEP][PASSED] - click: Object: 'Object Repository/Map_places/select_place_category(2nd_lvl)' is clicked on

2018-04-03 10:03:10 - [MESSAGE][PASSED] - Object: 'Object Repository/Map_places/select_place_category(2nd_lvl)' is clicked on

2018-04-03 10:03:10 - [TEST_STEP][PASSED] - click: Object: 'Object Repository/Map_places/select_2lvl_Water' is clicked on

2018-04-03 10:03:10 - [MESSAGE][PASSED] - Object: 'Object Repository/Map_places/select_2lvl_Water' is clicked on

2018-04-03 10:03:10 - [TEST_STEP][PASSED] - click: Object: 'Object Repository/Map_places/select_places_category(3rd_lvl)' is clicked on

2018-04-03 10:03:10 - [MESSAGE][PASSED] - Object: 'Object Repository/Map_places/select_places_category(3rd_lvl)' is clicked on

2018-04-03 10:03:10 - [TEST_STEP][PASSED] - click: Object: 'Object Repository/Map_places/select_3rd_lvl_Boat_trip' is clicked on

2018-04-03 10:03:11 - [MESSAGE][PASSED] - Object: 'Object Repository/Map_places/select_3rd_lvl_Boat_trip' is clicked on

2018-04-03 10:03:11 - [TEST_STEP][PASSED] - delay: Delayed 2 second(s)

2018-04-03 10:03:13 - [MESSAGE][PASSED] - Delayed 2 second(s)

2018-04-03 10:03:13 - [TEST_STEP][PASSED] - click: Object: 'Object Repository/Map_places/but_set_days' is clicked on

2018-04-03 10:03:13 - [MESSAGE][PASSED] - Object: 'Object Repository/Map_places/but_set_days' is clicked on

2018-04-03 10:03:13 - [TEST_STEP][PASSED] - delay: Delayed 1 second(s)

2018-04-03 10:03:14 - [MESSAGE][PASSED] - Delayed 1 second(s)

2018-04-03 10:03:14 - [TEST_STEP][PASSED] - waitForElementVisible: Object 'Object Repository/Map_places/set_day' is visible

2018-04-03 10:03:14 - [MESSAGE][PASSED] - Object 'Object Repository/Map_places/set_day' is visible

2018-04-03 10:03:14 - [TEST_STEP][PASSED] - click: Object: 'Object Repository/Map_places/set_day' is clicked on

2018-04-03 10:03:14 - [MESSAGE][PASSED] - Object: 'Object Repository/Map_places/set_day' is clicked on

2018-04-03 10:03:14 - [TEST_STEP][PASSED] - uploadFile: File 'D:\test-photo.jpg' sent to object: 'Object Repository/Map_places/add_photo_1'

2018-04-03 10:03:14 - [MESSAGE][PASSED] - File 'D:\test-photo.jpg' sent to object: 'Object Repository/Map_places/add_photo_1'

2018-04-03 10:03:14 - [TEST_STEP][PASSED] - delay: Delayed 4 second(s)

2018-04-03 10:03:18 - [MESSAGE][PASSED] - Delayed 4 second(s)

2018-04-03 10:03:18 - [TEST_STEP][PASSED] - click: Object: 'Object Repository/Map_places/Step 2_3' is clicked on

2018-04-03 10:03:18 - [MESSAGE][PASSED] - Object: 'Object Repository/Map_places/Step 2_3' is clicked on

2018-04-03 10:03:18 - [TEST_STEP][PASSED] - setText: Text 'rostyslav.biliaiev@route-report.com' is set on object 'Object Repository/Map_places/input_mail'

2018-04-03 10:03:19 - [MESSAGE][PASSED] - Text 'rostyslav.biliaiev@route-report.com' is set on object 'Object Repository/Map_places/input_mail'

2018-04-03 10:03:19 - [TEST_STEP][PASSED] - setText: Text 'www.test.test' is set on object 'Object Repository/Map_places/input_web'

2018-04-03 10:03:20 - [MESSAGE][PASSED] - Text 'www.test.test' is set on object 'Object Repository/Map_places/input_web'

2018-04-03 10:03:20 - [TEST_STEP][PASSED] - setText: Text '132456798' is set on object 'Object Repository/Map_places/input_phone'

2018-04-03 10:03:20 - [MESSAGE][PASSED] - Text '132456798' is set on object 'Object Repository/Map_places/input_phone'

2018-04-03 10:03:20 - [TEST_STEP][PASSED] - click: Object: 'Object Repository/Map_places/Step_3_3' is clicked on

2018-04-03 10:03:20 - [MESSAGE][PASSED] - Object: 'Object Repository/Map_places/Step_3_3' is clicked on

2018-04-03 10:03:20 - [TEST_STEP][PASSED] - click: Object: 'Object Repository/Map_places/but_rate' is clicked on

2018-04-03 10:03:20 - [MESSAGE][PASSED] - Object: 'Object Repository/Map_places/but_rate' is clicked on

2018-04-03 10:03:20 - [TEST_STEP][PASSED] - setText: Text '100' is set on object 'Object Repository/Map_places/input_price_place'

2018-04-03 10:03:20 - [MESSAGE][PASSED] - Text '100' is set on object 'Object Repository/Map_places/input_price_place'

2018-04-03 10:03:20 - [TEST_STEP][PASSED] - setText: Text 'jhgjg' is set on object 'Object Repository/Map_places/input_feedback'

2018-04-03 10:03:20 - [MESSAGE][PASSED] - Text 'jhgjg' is set on object 'Object Repository/Map_places/input_feedback'

2018-04-03 10:03:20 - [TEST_STEP][PASSED] - delay: Delayed 1 second(s)

2018-04-03 10:03:21 - [MESSAGE][PASSED] - Delayed 1 second(s)

2018-04-03 10:03:21 - [TEST_STEP][PASSED] - click: Object: 'Object Repository/Map_places/select_add_other_categories' is clicked on

2018-04-03 10:03:22 - [MESSAGE][PASSED] - Object: 'Object Repository/Map_places/select_add_other_categories' is clicked on

2018-04-03 10:03:22 - [TEST_STEP][PASSED] - click: Object: 'Object Repository/Map_places/select_ORA_other_categories' is clicked on

2018-04-03 10:03:22 - [MESSAGE][PASSED] - Object: 'Object Repository/Map_places/select_ORA_other_categories' is clicked on

2018-04-03 10:03:22 - [TEST_STEP][PASSED] - click: Object: 'Object Repository/Map_places/select_2nd_lvl_other_activity' is clicked on

2018-04-03 10:03:22 - [MESSAGE][PASSED] - Object: 'Object Repository/Map_places/select_2nd_lvl_other_activity' is clicked on

2018-04-03 10:03:22 - [TEST_STEP][PASSED] - delay: Delayed 2 second(s)

2018-04-03 10:03:24 - [MESSAGE][PASSED] - Delayed 2 second(s)

2018-04-03 10:03:24 - [TEST_STEP][PASSED] - click: Object: 'Object Repository/Map_places/select_2nd_lvl_Ground' is clicked on

2018-04-03 10:03:24 - [MESSAGE][PASSED] - Object: 'Object Repository/Map_places/select_2nd_lvl_Ground' is clicked on

2018-04-03 10:03:24 - [TEST_STEP][PASSED] - click: Object: 'Object Repository/Map_places/select_3rd_lvl_categories' is clicked on

2018-04-03 10:03:24 - [MESSAGE][PASSED] - Object: 'Object Repository/Map_places/select_3rd_lvl_categories' is clicked on

2018-04-03 10:03:24 - [TEST_STEP][PASSED] - delay: Delayed 2 second(s)

2018-04-03 10:03:26 - [MESSAGE][PASSED] - Delayed 2 second(s)

2018-04-03 10:03:26 - [TEST_STEP][PASSED] - click: Object: 'Object Repository/Map_places/select_3rd_lvl_Off-road' is clicked on

2018-04-03 10:03:26 - [MESSAGE][PASSED] - Object: 'Object Repository/Map_places/select_3rd_lvl_Off-road' is clicked on

2018-04-03 10:03:26 - [TEST_STEP][PASSED] - click: Object: 'Object Repository/Map_places/but_add_other_categories' is clicked on

2018-04-03 10:03:27 - [MESSAGE][PASSED] - Object: 'Object Repository/Map_places/but_add_other_categories' is clicked on

2018-04-03 10:03:27 - [TEST_STEP][PASSED] - delay: Delayed 2 second(s)

2018-04-03 10:03:29 - [MESSAGE][PASSED] - Delayed 2 second(s)

2018-04-03 10:03:29 - [TEST_STEP][PASSED] - click: Object: 'Object Repository/Map_places/but_save_place' is clicked on

2018-04-03 10:03:29 - [MESSAGE][PASSED] - Object: 'Object Repository/Map_places/but_save_place' is clicked on

2018-04-03 10:03:29 - [TEST_STEP][PASSED] - waitForElementVisible: Object 'Object Repository/Map_places/ver_tab_places_shows' is visible

2018-04-03 10:03:29 - [MESSAGE][PASSED] - Object 'Object Repository/Map_places/ver_tab_places_shows' is visible

2018-04-03 10:03:29 - [TEST_STEP][PASSED] - delay: Delayed 2 second(s)

2018-04-03 10:03:31 - [MESSAGE][PASSED] - Delayed 2 second(s)

2018-04-03 10:03:31 - [TEST_STEP][PASSED] - click: Object: 'Object Repository/Map/but_Close_Map' is clicked on

2018-04-03 10:03:31 - [MESSAGE][PASSED] - Object: 'Object Repository/Map/but_Close_Map' is clicked on

2018-04-03 10:03:31 - [TEST_STEP][PASSED] - click: Object: 'Object Repository/Step_3/but_add_Youtube' is clicked on

2018-04-03 10:03:32 - [MESSAGE][PASSED] - Object: 'Object Repository/Step_3/but_add_Youtube' is clicked on

2018-04-03 10:03:32 - [TEST_STEP][PASSED] - waitForElementVisible: Object 'Object Repository/Step_3/input_video_code' is visible

2018-04-03 10:03:32 - [MESSAGE][PASSED] - Object 'Object Repository/Step_3/input_video_code' is visible

2018-04-03 10:03:32 - [TEST_STEP][PASSED] - setText: Text 'https://youtu.be/2VjmdTtcEQE' is set on object 'Object Repository/Step_3/input_video_code'

2018-04-03 10:03:32 - [MESSAGE][PASSED] - Text 'https://youtu.be/2VjmdTtcEQE' is set on object 'Object Repository/Step_3/input_video_code'

2018-04-03 10:03:32 - [TEST_STEP][PASSED] - click: Object: 'Object Repository/Step_3/but_save_video_youtube' is clicked on

2018-04-03 10:03:32 - [MESSAGE][PASSED] - Object: 'Object Repository/Step_3/but_save_video_youtube' is clicked on

2018-04-03 10:03:32 - [TEST_STEP][PASSED] - delay: Delayed 1 second(s)

2018-04-03 10:03:33 - [MESSAGE][PASSED] - Delayed 1 second(s)

2018-04-03 10:03:33 - [TEST_STEP][FAILED] - uploadFile: Unable to upload file 'D:\RUSSIAN.docx' to object 'Object Repository/Step_3/but_Add_Other' (Root cause: org.openqa.selenium.WebDriverException: unknown error: cannot focus element
  (Session info: chrome=65.0.3325.181)
  (Driver info: chromedriver=2.35.528161 (5b82f2d2aae0ca24b877009200ced9065a772e73),platform=Windows NT 6.3.9600 x86_64) (WARNING: The server did not provide any stacktrace information)
Command duration or timeout: 0 milliseconds
Build info: version: '3.7.1', revision: '8a0099a', time: '2017-11-06T21:07:36.161Z'
System info: host: 'BRAINPC', ip: '192.168.137.2', os.name: 'Windows 8.1', os.arch: 'amd64', os.version: '6.3', java.version: '1.8.0_102'
Driver info: com.kms.katalon.selenium.driver.CChromeDriver
Capabilities {acceptInsecureCerts: false, acceptSslCerts: false, applicationCacheEnabled: false, browserConnectionEnabled: false, browserName: chrome, chrome: {chromedriverVersion: 2.35.528161 (5b82f2d2aae0ca..., userDataDir: C:\Users\user\AppData\Local...}, cssSelectorsEnabled: true, databaseEnabled: false, handlesAlerts: true, hasTouchScreen: false, javascriptEnabled: true, locationContextEnabled: true, mobileEmulationEnabled: false, nativeEvents: true, networkConnectionEnabled: false, pageLoadStrategy: normal, platform: XP, platformName: XP, rotatable: false, setWindowRect: true, takesHeapSnapshot: true, takesScreenshot: true, unexpectedAlertBehaviour: , unhandledPromptBehavior: , version: 65.0.3325.181, webStorageEnabled: true}
Session ID: 3770c539c6c06e208c0868a89307271c)

2018-04-03 10:03:34 - [MESSAGE][FAILED] - Unable to upload file 'D:\RUSSIAN.docx' to object 'Object Repository/Step_3/but_Add_Other' (Root cause: org.openqa.selenium.WebDriverException: unknown error: cannot focus element
  (Session info: chrome=65.0.3325.181)
  (Driver info: chromedriver=2.35.528161 (5b82f2d2aae0ca24b877009200ced9065a772e73),platform=Windows NT 6.3.9600 x86_64) (WARNING: The server did not provide any stacktrace information)
Command duration or timeout: 0 milliseconds
Build info: version: '3.7.1', revision: '8a0099a', time: '2017-11-06T21:07:36.161Z'
System info: host: 'BRAINPC', ip: '192.168.137.2', os.name: 'Windows 8.1', os.arch: 'amd64', os.version: '6.3', java.version: '1.8.0_102'
Driver info: com.kms.katalon.selenium.driver.CChromeDriver
Capabilities {acceptInsecureCerts: false, acceptSslCerts: false, applicationCacheEnabled: false, browserConnectionEnabled: false, browserName: chrome, chrome: {chromedriverVersion: 2.35.528161 (5b82f2d2aae0ca..., userDataDir: C:\Users\user\AppData\Local...}, cssSelectorsEnabled: true, databaseEnabled: false, handlesAlerts: true, hasTouchScreen: false, javascriptEnabled: true, locationContextEnabled: true, mobileEmulationEnabled: false, nativeEvents: true, networkConnectionEnabled: false, pageLoadStrategy: normal, platform: XP, platformName: XP, rotatable: false, setWindowRect: true, takesHeapSnapshot: true, takesScreenshot: true, unexpectedAlertBehaviour: , unhandledPromptBehavior: , version: 65.0.3325.181, webStorageEnabled: true}
Session ID: 3770c539c6c06e208c0868a89307271c)
[[ATTACHMENT|C:\\Users\\user\\Katalon Studio\\Route_report_WEB\\Reports\\Add_report\\20180403_095857\\1522739013858.png]]

2018-04-03 10:03:34 - [TEST_STEP][PASSED] - delay: Delayed 1 second(s)

2018-04-03 10:03:35 - [MESSAGE][PASSED] - Delayed 1 second(s)

2018-04-03 10:03:35 - [TEST_STEP][PASSED] - click: Object: 'Object Repository/Step_3/but_2nd_day' is clicked on

2018-04-03 10:03:35 - [MESSAGE][PASSED] - Object: 'Object Repository/Step_3/but_2nd_day' is clicked on

2018-04-03 10:03:35 - [TEST_STEP][PASSED] - setText: Text '503004383374998175318157059877368472324438567652881491676433227365605217132173136502747989945511200271603664670929354074218973411560183906616699343696421831761231051396507166270352594792338514619715174929539571237361674424641493018473549266220171364568461798353201155673432741652044338363740929492865259422061786051004835185017625780269706040581575767275243291382455309979246519676942448779461095678415689896417857728429014237445732944625466762476187458770212949173985351704822087350876265207634665050956945536971936272984858677151041419283218721316862458983310826603206983800626987049145594054601623958689154001419016817699577934114320024794860711264945509876017737166925364691855719702076844787422346620489481344368368283027336020178277585112241614226965924912930552060298518265454816647559735221324959722685201214809975141672437046655041024451499494273714848823833323107352715269473863466427530027663210047570871483921509726820926846105790519399479853236249638371993677115375841123228667979815419910502952632290629337822460972962685629614318023431856623320333561973268961008785034358666745956884670205451611730253890968503306799608984149117884980128420924076971435248380423955198970550139147749380262770452965287212964706473665467094619013680471171328195944537198217415095497939095515936643987258624797379189670349586488545403671805989866258973262735658190864043050047124831342313843831748543862995616344854535988323053131664543976472311336349432187092014602065702028510161783289817039173892080406951548699583011373613690216296037902415115802049047115446401246612310799692756749821992919076349947432930136662521096520102794293433554115005963023908633420867984749436270367135263710652694016081729531863807295153472398347199445167155709318463496950078314380790803100739772563172409628138677436771797611367940413363583427784051763070754261640670829343872422004324266684655329712373279267280988034439189470088805959036810178083911978940164404914873577995320984490361054319912817922173984010636555205669914075642006807827815839548205941777345387477304434950689787232437332594701707661723558653824538210614657366838254884449921115845242914150173849920861280299343676725739881920930237350415448434190170122847425924001267845442449624839024440020542313787128702255166847998839616692350319757606570418050040045328833853159295691182575828824405876159884956836816017589483000763443876232616012091726594199004856811833601937345052089495922468078103101129895183863070625089580085597672394017307634272372682326175782002170030840651846688067768362805019603474448371929919725340269503534728284259934146657181370448023841410350287768694768470017916412998691833968957013635931652453699615580471618068373788372004420819974070228864022462651057537278037603006696631760016216864142475447996771559198992675642680017363107251794810932504435171594881400635617263763640399961930516957359692925790248382876252725216921639161889611534305933779606800020765270004673969925648541354618059998724818754263083861025139687005758588728287517773338616519956603679970834307773819606180632310477601882838251393236050983505156676632378694457966524619724806235889095423980762241430284948846588161781288724610057652511538170801813025696276174619052423577510005683761168636787787604255121696926464134641935000277299049104926490977848910339080996893992014296917470712918385790675953277002859980734294736987006245573423970265683330707416142898731634352560049900606239717167011716549542743796156188097267445201153812062117053873332945600425505543544433266262284037549674874486624712328334606477056665453427750723283396249311428818626130910655754925849557937475715382375360916117732070571594542496395721973161125268982797671264420329719656481914520276323838823235105656475922798204935839969044511811636590414929186296603904461235630581423464949346183932540527414983520007453110773282679468411793203364020274961658431617603124464764152949767829959698361124340098245695121441667822734309692140499032162136611198403681115429877129817210241650885845540167906579762090937059677111043684061018329457589412252879304225191072853757692544027850575963649997545572246117745049537906536179058446320939754404647200158794160423028479351876608155138913392536249696335296764742866442499483860941423731090076815796059067023498113695103460780802391081965693597820962632335881616137644237698336222737445733566489355787272775409961872341957813908110533323596540383121837272506595191383745947155056111143750084917238720378988478129256217959432709348846923231148095784197259197575527721586411791795888121889076829105386366012289036471583592019943130305376475182857994790729939038870556862403312860637781352964085112279191351018047781223907879396804131527879559116891796594753173150205832079325996477548999839328046737128228941139416788701540803800901861408504586699548751947669484926133892723257252450097977316375159645977690544549075371469385202297458254946983535308251039508906705018039303617988732815366163968527929601780423448069531600480945355934654621253539363089894703186065225794227188378247388263446535422628215140088260547316474229385416082067763935805065623865982210136999374748357969628646995331434438980306765785925305103675072592548238286911879050725380507122139886107446080812305564403457549530929047884106074361369595057388807152421319001464990324557875840229358877179478039887702353265831136267010411448154094034602862629126487679320912381118765682232984676474825162764801678111587403724325811228759641373432881723370330985557404607103439105846984040414076909660271242496341724194517727084535803589415032879388944998824887865556646471242316593591893478168859372014833380333215593561757705222076348487953673209911235662692172060189160638264654400950078749368000463984483939756449960754841624601150924047989804495531402763654366291878029568825343079618865847302221892108812868672346908523340612722046029967158535471880068632698736869749889753604741773780206878033351501857005838018947932711518391843527270726984865857635668206701599717502863321002766' is set on object 'Object Repository/Step_3/input_text_days'

2018-04-03 10:05:06 - [MESSAGE][PASSED] - Text '503004383374998175318157059877368472324438567652881491676433227365605217132173136502747989945511200271603664670929354074218973411560183906616699343696421831761231051396507166270352594792338514619715174929539571237361674424641493018473549266220171364568461798353201155673432741652044338363740929492865259422061786051004835185017625780269706040581575767275243291382455309979246519676942448779461095678415689896417857728429014237445732944625466762476187458770212949173985351704822087350876265207634665050956945536971936272984858677151041419283218721316862458983310826603206983800626987049145594054601623958689154001419016817699577934114320024794860711264945509876017737166925364691855719702076844787422346620489481344368368283027336020178277585112241614226965924912930552060298518265454816647559735221324959722685201214809975141672437046655041024451499494273714848823833323107352715269473863466427530027663210047570871483921509726820926846105790519399479853236249638371993677115375841123228667979815419910502952632290629337822460972962685629614318023431856623320333561973268961008785034358666745956884670205451611730253890968503306799608984149117884980128420924076971435248380423955198970550139147749380262770452965287212964706473665467094619013680471171328195944537198217415095497939095515936643987258624797379189670349586488545403671805989866258973262735658190864043050047124831342313843831748543862995616344854535988323053131664543976472311336349432187092014602065702028510161783289817039173892080406951548699583011373613690216296037902415115802049047115446401246612310799692756749821992919076349947432930136662521096520102794293433554115005963023908633420867984749436270367135263710652694016081729531863807295153472398347199445167155709318463496950078314380790803100739772563172409628138677436771797611367940413363583427784051763070754261640670829343872422004324266684655329712373279267280988034439189470088805959036810178083911978940164404914873577995320984490361054319912817922173984010636555205669914075642006807827815839548205941777345387477304434950689787232437332594701707661723558653824538210614657366838254884449921115845242914150173849920861280299343676725739881920930237350415448434190170122847425924001267845442449624839024440020542313787128702255166847998839616692350319757606570418050040045328833853159295691182575828824405876159884956836816017589483000763443876232616012091726594199004856811833601937345052089495922468078103101129895183863070625089580085597672394017307634272372682326175782002170030840651846688067768362805019603474448371929919725340269503534728284259934146657181370448023841410350287768694768470017916412998691833968957013635931652453699615580471618068373788372004420819974070228864022462651057537278037603006696631760016216864142475447996771559198992675642680017363107251794810932504435171594881400635617263763640399961930516957359692925790248382876252725216921639161889611534305933779606800020765270004673969925648541354618059998724818754263083861025139687005758588728287517773338616519956603679970834307773819606180632310477601882838251393236050983505156676632378694457966524619724806235889095423980762241430284948846588161781288724610057652511538170801813025696276174619052423577510005683761168636787787604255121696926464134641935000277299049104926490977848910339080996893992014296917470712918385790675953277002859980734294736987006245573423970265683330707416142898731634352560049900606239717167011716549542743796156188097267445201153812062117053873332945600425505543544433266262284037549674874486624712328334606477056665453427750723283396249311428818626130910655754925849557937475715382375360916117732070571594542496395721973161125268982797671264420329719656481914520276323838823235105656475922798204935839969044511811636590414929186296603904461235630581423464949346183932540527414983520007453110773282679468411793203364020274961658431617603124464764152949767829959698361124340098245695121441667822734309692140499032162136611198403681115429877129817210241650885845540167906579762090937059677111043684061018329457589412252879304225191072853757692544027850575963649997545572246117745049537906536179058446320939754404647200158794160423028479351876608155138913392536249696335296764742866442499483860941423731090076815796059067023498113695103460780802391081965693597820962632335881616137644237698336222737445733566489355787272775409961872341957813908110533323596540383121837272506595191383745947155056111143750084917238720378988478129256217959432709348846923231148095784197259197575527721586411791795888121889076829105386366012289036471583592019943130305376475182857994790729939038870556862403312860637781352964085112279191351018047781223907879396804131527879559116891796594753173150205832079325996477548999839328046737128228941139416788701540803800901861408504586699548751947669484926133892723257252450097977316375159645977690544549075371469385202297458254946983535308251039508906705018039303617988732815366163968527929601780423448069531600480945355934654621253539363089894703186065225794227188378247388263446535422628215140088260547316474229385416082067763935805065623865982210136999374748357969628646995331434438980306765785925305103675072592548238286911879050725380507122139886107446080812305564403457549530929047884106074361369595057388807152421319001464990324557875840229358877179478039887702353265831136267010411448154094034602862629126487679320912381118765682232984676474825162764801678111587403724325811228759641373432881723370330985557404607103439105846984040414076909660271242496341724194517727084535803589415032879388944998824887865556646471242316593591893478168859372014833380333215593561757705222076348487953673209911235662692172060189160638264654400950078749368000463984483939756449960754841624601150924047989804495531402763654366291878029568825343079618865847302221892108812868672346908523340612722046029967158535471880068632698736869749889753604741773780206878033351501857005838018947932711518391843527270726984865857635668206701599717502863321002766' is set on object 'Object Repository/Step_3/input_text_days'

2018-04-03 10:05:06 - [TEST_STEP][FAILED] - uploadFile: Unable to upload file 'D:\test-photo.jpg' to object 'Object Repository/Step_3/but_add_photo_days' (Root cause: org.openqa.selenium.WebDriverException: unknown error: cannot focus element
  (Session info: chrome=65.0.3325.181)
  (Driver info: chromedriver=2.35.528161 (5b82f2d2aae0ca24b877009200ced9065a772e73),platform=Windows NT 6.3.9600 x86_64) (WARNING: The server did not provide any stacktrace information)
Command duration or timeout: 0 milliseconds
Build info: version: '3.7.1', revision: '8a0099a', time: '2017-11-06T21:07:36.161Z'
System info: host: 'BRAINPC', ip: '192.168.137.2', os.name: 'Windows 8.1', os.arch: 'amd64', os.version: '6.3', java.version: '1.8.0_102'
Driver info: com.kms.katalon.selenium.driver.CChromeDriver
Capabilities {acceptInsecureCerts: false, acceptSslCerts: false, applicationCacheEnabled: false, browserConnectionEnabled: false, browserName: chrome, chrome: {chromedriverVersion: 2.35.528161 (5b82f2d2aae0ca..., userDataDir: C:\Users\user\AppData\Local...}, cssSelectorsEnabled: true, databaseEnabled: false, handlesAlerts: true, hasTouchScreen: false, javascriptEnabled: true, locationContextEnabled: true, mobileEmulationEnabled: false, nativeEvents: true, networkConnectionEnabled: false, pageLoadStrategy: normal, platform: XP, platformName: XP, rotatable: false, setWindowRect: true, takesHeapSnapshot: true, takesScreenshot: true, unexpectedAlertBehaviour: , unhandledPromptBehavior: , version: 65.0.3325.181, webStorageEnabled: true}
Session ID: 3770c539c6c06e208c0868a89307271c)

2018-04-03 10:05:07 - [MESSAGE][FAILED] - Unable to upload file 'D:\test-photo.jpg' to object 'Object Repository/Step_3/but_add_photo_days' (Root cause: org.openqa.selenium.WebDriverException: unknown error: cannot focus element
  (Session info: chrome=65.0.3325.181)
  (Driver info: chromedriver=2.35.528161 (5b82f2d2aae0ca24b877009200ced9065a772e73),platform=Windows NT 6.3.9600 x86_64) (WARNING: The server did not provide any stacktrace information)
Command duration or timeout: 0 milliseconds
Build info: version: '3.7.1', revision: '8a0099a', time: '2017-11-06T21:07:36.161Z'
System info: host: 'BRAINPC', ip: '192.168.137.2', os.name: 'Windows 8.1', os.arch: 'amd64', os.version: '6.3', java.version: '1.8.0_102'
Driver info: com.kms.katalon.selenium.driver.CChromeDriver
Capabilities {acceptInsecureCerts: false, acceptSslCerts: false, applicationCacheEnabled: false, browserConnectionEnabled: false, browserName: chrome, chrome: {chromedriverVersion: 2.35.528161 (5b82f2d2aae0ca..., userDataDir: C:\Users\user\AppData\Local...}, cssSelectorsEnabled: true, databaseEnabled: false, handlesAlerts: true, hasTouchScreen: false, javascriptEnabled: true, locationContextEnabled: true, mobileEmulationEnabled: false, nativeEvents: true, networkConnectionEnabled: false, pageLoadStrategy: normal, platform: XP, platformName: XP, rotatable: false, setWindowRect: true, takesHeapSnapshot: true, takesScreenshot: true, unexpectedAlertBehaviour: , unhandledPromptBehavior: , version: 65.0.3325.181, webStorageEnabled: true}
Session ID: 3770c539c6c06e208c0868a89307271c)
[[ATTACHMENT|C:\\Users\\user\\Katalon Studio\\Route_report_WEB\\Reports\\Add_report\\20180403_095857\\1522739106772.png]]

2018-04-03 10:05:07 - [TEST_STEP][PASSED] - delay: Delayed 2 second(s)

2018-04-03 10:05:09 - [MESSAGE][PASSED] - Delayed 2 second(s)

2018-04-03 10:05:09 - [TEST_STEP][PASSED] - click: Object: 'Object Repository/Step_3/but_add_Youtube' is clicked on

2018-04-03 10:05:09 - [MESSAGE][PASSED] - Object: 'Object Repository/Step_3/but_add_Youtube' is clicked on

2018-04-03 10:05:09 - [TEST_STEP][PASSED] - waitForElementVisible: Object 'Object Repository/Step_3/input_video_code' is visible

2018-04-03 10:05:09 - [MESSAGE][PASSED] - Object 'Object Repository/Step_3/input_video_code' is visible

2018-04-03 10:05:09 - [TEST_STEP][PASSED] - setText: Text 'https://youtu.be/2VjmdTtcEQE' is set on object 'Object Repository/Step_3/input_video_code'

2018-04-03 10:05:09 - [MESSAGE][PASSED] - Text 'https://youtu.be/2VjmdTtcEQE' is set on object 'Object Repository/Step_3/input_video_code'

2018-04-03 10:05:09 - [TEST_STEP][PASSED] - click: Object: 'Object Repository/Step_3/but_save_video_youtube' is clicked on

2018-04-03 10:05:09 - [MESSAGE][PASSED] - Object: 'Object Repository/Step_3/but_save_video_youtube' is clicked on

2018-04-03 10:05:09 - [TEST_STEP][PASSED] - delay: Delayed 2 second(s)

2018-04-03 10:05:11 - [MESSAGE][PASSED] - Delayed 2 second(s)

2018-04-03 10:05:11 - [TEST_STEP][PASSED] - delay: Delayed 2 second(s)

2018-04-03 10:05:13 - [MESSAGE][PASSED] - Delayed 2 second(s)

2018-04-03 10:05:13 - [TEST_STEP][PASSED] - click: Object: 'Object Repository/Step_3/but_3rd_day' is clicked on

2018-04-03 10:05:14 - [MESSAGE][PASSED] - Object: 'Object Repository/Step_3/but_3rd_day' is clicked on

2018-04-03 10:05:14 - [TEST_STEP][PASSED] - setText: Text '503004383374998175318157059877368472324438567652881491676433227365605217132173136502747989945511200271603664670929354074218973411560183906616699343696421831761231051396507166270352594792338514619715174929539571237361674424641493018473549266220171364568461798353201155673432741652044338363740929492865259422061786051004835185017625780269706040581575767275243291382455309979246519676942448779461095678415689896417857728429014237445732944625466762476187458770212949173985351704822087350876265207634665050956945536971936272984858677151041419283218721316862458983310826603206983800626987049145594054601623958689154001419016817699577934114320024794860711264945509876017737166925364691855719702076844787422346620489481344368368283027336020178277585112241614226965924912930552060298518265454816647559735221324959722685201214809975141672437046655041024451499494273714848823833323107352715269473863466427530027663210047570871483921509726820926846105790519399479853236249638371993677115375841123228667979815419910502952632290629337822460972962685629614318023431856623320333561973268961008785034358666745956884670205451611730253890968503306799608984149117884980128420924076971435248380423955198970550139147749380262770452965287212964706473665467094619013680471171328195944537198217415095497939095515936643987258624797379189670349586488545403671805989866258973262735658190864043050047124831342313843831748543862995616344854535988323053131664543976472311336349432187092014602065702028510161783289817039173892080406951548699583011373613690216296037902415115802049047115446401246612310799692756749821992919076349947432930136662521096520102794293433554115005963023908633420867984749436270367135263710652694016081729531863807295153472398347199445167155709318463496950078314380790803100739772563172409628138677436771797611367940413363583427784051763070754261640670829343872422004324266684655329712373279267280988034439189470088805959036810178083911978940164404914873577995320984490361054319912817922173984010636555205669914075642006807827815839548205941777345387477304434950689787232437332594701707661723558653824538210614657366838254884449921115845242914150173849920861280299343676725739881920930237350415448434190170122847425924001267845442449624839024440020542313787128702255166847998839616692350319757606570418050040045328833853159295691182575828824405876159884956836816017589483000763443876232616012091726594199004856811833601937345052089495922468078103101129895183863070625089580085597672394017307634272372682326175782002170030840651846688067768362805019603474448371929919725340269503534728284259934146657181370448023841410350287768694768470017916412998691833968957013635931652453699615580471618068373788372004420819974070228864022462651057537278037603006696631760016216864142475447996771559198992675642680017363107251794810932504435171594881400635617263763640399961930516957359692925790248382876252725216921639161889611534305933779606800020765270004673969925648541354618059998724818754263083861025139687005758588728287517773338616519956603679970834307773819606180632310477601882838251393236050983505156676632378694457966524619724806235889095423980762241430284948846588161781288724610057652511538170801813025696276174619052423577510005683761168636787787604255121696926464134641935000277299049104926490977848910339080996893992014296917470712918385790675953277002859980734294736987006245573423970265683330707416142898731634352560049900606239717167011716549542743796156188097267445201153812062117053873332945600425505543544433266262284037549674874486624712328334606477056665453427750723283396249311428818626130910655754925849557937475715382375360916117732070571594542496395721973161125268982797671264420329719656481914520276323838823235105656475922798204935839969044511811636590414929186296603904461235630581423464949346183932540527414983520007453110773282679468411793203364020274961658431617603124464764152949767829959698361124340098245695121441667822734309692140499032162136611198403681115429877129817210241650885845540167906579762090937059677111043684061018329457589412252879304225191072853757692544027850575963649997545572246117745049537906536179058446320939754404647200158794160423028479351876608155138913392536249696335296764742866442499483860941423731090076815796059067023498113695103460780802391081965693597820962632335881616137644237698336222737445733566489355787272775409961872341957813908110533323596540383121837272506595191383745947155056111143750084917238720378988478129256217959432709348846923231148095784197259197575527721586411791795888121889076829105386366012289036471583592019943130305376475182857994790729939038870556862403312860637781352964085112279191351018047781223907879396804131527879559116891796594753173150205832079325996477548999839328046737128228941139416788701540803800901861408504586699548751947669484926133892723257252450097977316375159645977690544549075371469385202297458254946983535308251039508906705018039303617988732815366163968527929601780423448069531600480945355934654621253539363089894703186065225794227188378247388263446535422628215140088260547316474229385416082067763935805065623865982210136999374748357969628646995331434438980306765785925305103675072592548238286911879050725380507122139886107446080812305564403457549530929047884106074361369595057388807152421319001464990324557875840229358877179478039887702353265831136267010411448154094034602862629126487679320912381118765682232984676474825162764801678111587403724325811228759641373432881723370330985557404607103439105846984040414076909660271242496341724194517727084535803589415032879388944998824887865556646471242316593591893478168859372014833380333215593561757705222076348487953673209911235662692172060189160638264654400950078749368000463984483939756449960754841624601150924047989804495531402763654366291878029568825343079618865847302221892108812868672346908523340612722046029967158535471880068632698736869749889753604741773780206878033351501857005838018947932711518391843527270726984865857635668206701599717502863321002766' is set on object 'Object Repository/Step_3/input_text_days'

2018-04-03 10:06:41 - [MESSAGE][PASSED] - Text '503004383374998175318157059877368472324438567652881491676433227365605217132173136502747989945511200271603664670929354074218973411560183906616699343696421831761231051396507166270352594792338514619715174929539571237361674424641493018473549266220171364568461798353201155673432741652044338363740929492865259422061786051004835185017625780269706040581575767275243291382455309979246519676942448779461095678415689896417857728429014237445732944625466762476187458770212949173985351704822087350876265207634665050956945536971936272984858677151041419283218721316862458983310826603206983800626987049145594054601623958689154001419016817699577934114320024794860711264945509876017737166925364691855719702076844787422346620489481344368368283027336020178277585112241614226965924912930552060298518265454816647559735221324959722685201214809975141672437046655041024451499494273714848823833323107352715269473863466427530027663210047570871483921509726820926846105790519399479853236249638371993677115375841123228667979815419910502952632290629337822460972962685629614318023431856623320333561973268961008785034358666745956884670205451611730253890968503306799608984149117884980128420924076971435248380423955198970550139147749380262770452965287212964706473665467094619013680471171328195944537198217415095497939095515936643987258624797379189670349586488545403671805989866258973262735658190864043050047124831342313843831748543862995616344854535988323053131664543976472311336349432187092014602065702028510161783289817039173892080406951548699583011373613690216296037902415115802049047115446401246612310799692756749821992919076349947432930136662521096520102794293433554115005963023908633420867984749436270367135263710652694016081729531863807295153472398347199445167155709318463496950078314380790803100739772563172409628138677436771797611367940413363583427784051763070754261640670829343872422004324266684655329712373279267280988034439189470088805959036810178083911978940164404914873577995320984490361054319912817922173984010636555205669914075642006807827815839548205941777345387477304434950689787232437332594701707661723558653824538210614657366838254884449921115845242914150173849920861280299343676725739881920930237350415448434190170122847425924001267845442449624839024440020542313787128702255166847998839616692350319757606570418050040045328833853159295691182575828824405876159884956836816017589483000763443876232616012091726594199004856811833601937345052089495922468078103101129895183863070625089580085597672394017307634272372682326175782002170030840651846688067768362805019603474448371929919725340269503534728284259934146657181370448023841410350287768694768470017916412998691833968957013635931652453699615580471618068373788372004420819974070228864022462651057537278037603006696631760016216864142475447996771559198992675642680017363107251794810932504435171594881400635617263763640399961930516957359692925790248382876252725216921639161889611534305933779606800020765270004673969925648541354618059998724818754263083861025139687005758588728287517773338616519956603679970834307773819606180632310477601882838251393236050983505156676632378694457966524619724806235889095423980762241430284948846588161781288724610057652511538170801813025696276174619052423577510005683761168636787787604255121696926464134641935000277299049104926490977848910339080996893992014296917470712918385790675953277002859980734294736987006245573423970265683330707416142898731634352560049900606239717167011716549542743796156188097267445201153812062117053873332945600425505543544433266262284037549674874486624712328334606477056665453427750723283396249311428818626130910655754925849557937475715382375360916117732070571594542496395721973161125268982797671264420329719656481914520276323838823235105656475922798204935839969044511811636590414929186296603904461235630581423464949346183932540527414983520007453110773282679468411793203364020274961658431617603124464764152949767829959698361124340098245695121441667822734309692140499032162136611198403681115429877129817210241650885845540167906579762090937059677111043684061018329457589412252879304225191072853757692544027850575963649997545572246117745049537906536179058446320939754404647200158794160423028479351876608155138913392536249696335296764742866442499483860941423731090076815796059067023498113695103460780802391081965693597820962632335881616137644237698336222737445733566489355787272775409961872341957813908110533323596540383121837272506595191383745947155056111143750084917238720378988478129256217959432709348846923231148095784197259197575527721586411791795888121889076829105386366012289036471583592019943130305376475182857994790729939038870556862403312860637781352964085112279191351018047781223907879396804131527879559116891796594753173150205832079325996477548999839328046737128228941139416788701540803800901861408504586699548751947669484926133892723257252450097977316375159645977690544549075371469385202297458254946983535308251039508906705018039303617988732815366163968527929601780423448069531600480945355934654621253539363089894703186065225794227188378247388263446535422628215140088260547316474229385416082067763935805065623865982210136999374748357969628646995331434438980306765785925305103675072592548238286911879050725380507122139886107446080812305564403457549530929047884106074361369595057388807152421319001464990324557875840229358877179478039887702353265831136267010411448154094034602862629126487679320912381118765682232984676474825162764801678111587403724325811228759641373432881723370330985557404607103439105846984040414076909660271242496341724194517727084535803589415032879388944998824887865556646471242316593591893478168859372014833380333215593561757705222076348487953673209911235662692172060189160638264654400950078749368000463984483939756449960754841624601150924047989804495531402763654366291878029568825343079618865847302221892108812868672346908523340612722046029967158535471880068632698736869749889753604741773780206878033351501857005838018947932711518391843527270726984865857635668206701599717502863321002766' is set on object 'Object Repository/Step_3/input_text_days'

2018-04-03 10:06:41 - [TEST_STEP][PASSED] - delay: Delayed 2 second(s)

2018-04-03 10:06:43 - [MESSAGE][PASSED] - Delayed 2 second(s)

2018-04-03 10:06:43 - [TEST_STEP][PASSED] - click: Object: 'Object Repository/Step_3/but_add_Youtube' is clicked on

2018-04-03 10:06:44 - [MESSAGE][PASSED] - Object: 'Object Repository/Step_3/but_add_Youtube' is clicked on

2018-04-03 10:06:44 - [TEST_STEP][PASSED] - waitForElementVisible: Object 'Object Repository/Step_3/input_video_code' is visible

2018-04-03 10:06:44 - [MESSAGE][PASSED] - Object 'Object Repository/Step_3/input_video_code' is visible

2018-04-03 10:06:44 - [TEST_STEP][PASSED] - setText: Text 'https://youtu.be/2VjmdTtcEQE' is set on object 'Object Repository/Step_3/input_video_code'

2018-04-03 10:06:44 - [MESSAGE][PASSED] - Text 'https://youtu.be/2VjmdTtcEQE' is set on object 'Object Repository/Step_3/input_video_code'

2018-04-03 10:06:44 - [TEST_STEP][PASSED] - click: Object: 'Object Repository/Step_3/but_save_video_youtube' is clicked on

2018-04-03 10:06:44 - [MESSAGE][PASSED] - Object: 'Object Repository/Step_3/but_save_video_youtube' is clicked on

2018-04-03 10:06:44 - [TEST_STEP][PASSED] - delay: Delayed 2 second(s)

2018-04-03 10:06:46 - [MESSAGE][PASSED] - Delayed 2 second(s)

2018-04-03 10:06:46 - [TEST_STEP][PASSED] - closeBrowser: Browser is closed

2018-04-03 10:06:47 - [MESSAGE][PASSED] - Browser is closed]]></system-out>
         <system-err><![CDATA[2018-04-03 10:01:04 - [TEST_CASE][FAILED] - Test Cases/Create_report/Step 3: Test Cases/Create_report/Step 3 FAILED because (of) Unable to upload file 'D:\RUSSIAN.docx' to object 'Object Repository/Step_3/but_Add_Other' (Root cause: org.openqa.selenium.WebDriverException: unknown error: cannot focus element
  (Session info: chrome=65.0.3325.181)
  (Driver info: chromedriver=2.35.528161 (5b82f2d2aae0ca24b877009200ced9065a772e73),platform=Windows NT 6.3.9600 x86_64) (WARNING: The server did not provide any stacktrace information)
Command duration or timeout: 0 milliseconds
Build info: version: '3.7.1', revision: '8a0099a', time: '2017-11-06T21:07:36.161Z'
System info: host: 'BRAINPC', ip: '192.168.137.2', os.name: 'Windows 8.1', os.arch: 'amd64', os.version: '6.3', java.version: '1.8.0_102'
Driver info: com.kms.katalon.selenium.driver.CChromeDriver
Capabilities {acceptInsecureCerts: false, acceptSslCerts: false, applicationCacheEnabled: false, browserConnectionEnabled: false, browserName: chrome, chrome: {chromedriverVersion: 2.35.528161 (5b82f2d2aae0ca..., userDataDir: C:\Users\user\AppData\Local...}, cssSelectorsEnabled: true, databaseEnabled: false, handlesAlerts: true, hasTouchScreen: false, javascriptEnabled: true, locationContextEnabled: true, mobileEmulationEnabled: false, nativeEvents: true, networkConnectionEnabled: false, pageLoadStrategy: normal, platform: XP, platformName: XP, rotatable: false, setWindowRect: true, takesHeapSnapshot: true, takesScreenshot: true, unexpectedAlertBehaviour: , unhandledPromptBehavior: , version: 65.0.3325.181, webStorageEnabled: true}
Session ID: 3770c539c6c06e208c0868a89307271c)]]></system-err>
      </testcase>
      <testcase name="Test Cases/Create_report/Step 4-5" classname="Test Cases/Create_report/Step 4-5" status="FAILED">
         <failure type="FAILED" message="Unable to click on object 'Object Repository/Step_4/Other_Telegram' (Root cause: org.openqa.selenium.WebDriverException: unknown error: Element &lt;li data-record-id=&quot;5&quot;>...&lt;/li> is not clickable at point (613, 919). Other element would receive the click: &lt;div class=&quot;cell&quot; style=&quot;width: 16%;text-align: center; padding-right: 11px;&quot;>...&lt;/div>
  (Session info: chrome=65.0.3325.181)
  (Driver info: chromedriver=2.35.528161 (5b82f2d2aae0ca24b877009200ced9065a772e73),platform=Windows NT 6.3.9600 x86_64) (WARNING: The server did not provide any stacktrace information)
Command duration or timeout: 0 milliseconds
Build info: version: '3.7.1', revision: '8a0099a', time: '2017-11-06T21:07:36.161Z'
System info: host: 'BRAINPC', ip: '192.168.137.2', os.name: 'Windows 8.1', os.arch: 'amd64', os.version: '6.3', java.version: '1.8.0_102'
Driver info: com.kms.katalon.selenium.driver.CChromeDriver
Capabilities {acceptInsecureCerts: false, acceptSslCerts: false, applicationCacheEnabled: false, browserConnectionEnabled: false, browserName: chrome, chrome: {chromedriverVersion: 2.35.528161 (5b82f2d2aae0ca..., userDataDir: C:\Users\user\AppData\Local...}, cssSelectorsEnabled: true, databaseEnabled: false, handlesAlerts: true, hasTouchScreen: false, javascriptEnabled: true, locationContextEnabled: true, mobileEmulationEnabled: false, nativeEvents: true, networkConnectionEnabled: false, pageLoadStrategy: normal, platform: XP, platformName: XP, rotatable: false, setWindowRect: true, takesHeapSnapshot: true, takesScreenshot: true, unexpectedAlertBehaviour: , unhandledPromptBehavior: , version: 65.0.3325.181, webStorageEnabled: true}
Session ID: 3dc6c5ab1ab8936ca5005b54d74c0ced)"/>
         <system-out><![CDATA[2018-04-03 10:06:47 - [TEST_CASE][FAILED] - Test Cases/Create_report/Step 4-5: Test Cases/Create_report/Step 4-5 FAILED because (of) Unable to click on object 'Object Repository/Step_4/Other_Telegram' (Root cause: org.openqa.selenium.WebDriverException: unknown error: Element <li data-record-id="5">...</li> is not clickable at point (613, 919). Other element would receive the click: <div class="cell" style="width: 16%;text-align: center; padding-right: 11px;">...</div>
  (Session info: chrome=65.0.3325.181)
  (Driver info: chromedriver=2.35.528161 (5b82f2d2aae0ca24b877009200ced9065a772e73),platform=Windows NT 6.3.9600 x86_64) (WARNING: The server did not provide any stacktrace information)
Command duration or timeout: 0 milliseconds
Build info: version: '3.7.1', revision: '8a0099a', time: '2017-11-06T21:07:36.161Z'
System info: host: 'BRAINPC', ip: '192.168.137.2', os.name: 'Windows 8.1', os.arch: 'amd64', os.version: '6.3', java.version: '1.8.0_102'
Driver info: com.kms.katalon.selenium.driver.CChromeDriver
Capabilities {acceptInsecureCerts: false, acceptSslCerts: false, applicationCacheEnabled: false, browserConnectionEnabled: false, browserName: chrome, chrome: {chromedriverVersion: 2.35.528161 (5b82f2d2aae0ca..., userDataDir: C:\Users\user\AppData\Local...}, cssSelectorsEnabled: true, databaseEnabled: false, handlesAlerts: true, hasTouchScreen: false, javascriptEnabled: true, locationContextEnabled: true, mobileEmulationEnabled: false, nativeEvents: true, networkConnectionEnabled: false, pageLoadStrategy: normal, platform: XP, platformName: XP, rotatable: false, setWindowRect: true, takesHeapSnapshot: true, takesScreenshot: true, unexpectedAlertBehaviour: , unhandledPromptBehavior: , version: 65.0.3325.181, webStorageEnabled: true}
Session ID: 3dc6c5ab1ab8936ca5005b54d74c0ced)

2018-04-03 10:06:47 - [TEST_STEP][PASSED] - openBrowser: Browser is opened with url: ''

2018-04-03 10:06:50 - [MESSAGE][PASSED] - Browser is opened with url: ''

2018-04-03 10:06:50 - [TEST_STEP][PASSED] - navigateToUrl: Navigate to 'https://www.route-report.com/' successfully

2018-04-03 10:06:53 - [MESSAGE][PASSED] - Navigate to 'https://www.route-report.com/' successfully

2018-04-03 10:06:53 - [TEST_STEP][PASSED] - maximizeWindow: Current window maximized

2018-04-03 10:06:54 - [MESSAGE][PASSED] - Current window maximized

2018-04-03 10:06:54 - [TEST_STEP][PASSED] - Statement - mail = "rostyslav.biliaiev@route-report.com": null

2018-04-03 10:06:54 - [TEST_STEP][PASSED] - Statement - pass = "111111": null

2018-04-03 10:06:54 - [TEST_STEP][PASSED] - Statement - bigtext = org.apache.commons.lang.RandomStringUtils.randomNumeric(2000): null

2018-04-03 10:06:54 - [TEST_STEP][PASSED] - Statement - mydate = new java.util.Date(): null

2018-04-03 10:06:54 - [TEST_STEP][PASSED] - Statement - formattedDate = mydate.format("MMdd"): null

2018-04-03 10:06:54 - [TEST_STEP][PASSED] - Statement - dateHour = mydate.format("HHmmss"): null

2018-04-03 10:06:54 - [TEST_STEP][PASSED] - Statement - x = "_date_" + formattedDate + "_time_" + dateHour: null

2018-04-03 10:06:54 - [TEST_STEP][PASSED] - Statement - title = "Automated test was executed" + x: null

2018-04-03 10:06:54 - [TEST_STEP][PASSED] - Statement - authors_text = "Text from authors Text from authors Text from authors Text from authors Text from authors Text from authors Text from authors Text from authors Text from authors ": null

2018-04-03 10:06:54 - [TEST_STEP][PASSED] - Statement - youtube = "https://youtu.be/2VjmdTtcEQE": null

2018-04-03 10:06:54 - [TEST_STEP][PASSED] - click: Object: 'Object Repository/Login_registration/span_Login' is clicked on

2018-04-03 10:06:55 - [MESSAGE][PASSED] - Object: 'Object Repository/Login_registration/span_Login' is clicked on

2018-04-03 10:06:55 - [TEST_STEP][PASSED] - setText: Text 'rostyslav.biliaiev@route-report.com' is set on object 'Object Repository/Login_registration/input_in_login'

2018-04-03 10:06:56 - [MESSAGE][PASSED] - Text 'rostyslav.biliaiev@route-report.com' is set on object 'Object Repository/Login_registration/input_in_login'

2018-04-03 10:06:56 - [TEST_STEP][PASSED] - setText: Text '111111' is set on object 'Object Repository/Login_registration/input_in_password'

2018-04-03 10:06:56 - [MESSAGE][PASSED] - Text '111111' is set on object 'Object Repository/Login_registration/input_in_password'

2018-04-03 10:06:56 - [TEST_STEP][PASSED] - click: Object: 'Object Repository/Login_registration/button_LOG IN' is clicked on

2018-04-03 10:06:56 - [MESSAGE][PASSED] - Object: 'Object Repository/Login_registration/button_LOG IN' is clicked on

2018-04-03 10:06:56 - [TEST_STEP][PASSED] - verifyElementPresent: Object 'Object Repository/Login_registration/span_My spoken languages' is present

2018-04-03 10:07:00 - [MESSAGE][PASSED] - Object 'Object Repository/Login_registration/span_My spoken languages' is present

2018-04-03 10:07:00 - [TEST_STEP][PASSED] - delay: Delayed 2 second(s)

2018-04-03 10:07:02 - [MESSAGE][PASSED] - Delayed 2 second(s)

2018-04-03 10:07:02 - [TEST_STEP][PASSED] - click: Object: 'Object Repository/Account/Buttons/button_Edit_report_first' is clicked on

2018-04-03 10:07:03 - [MESSAGE][PASSED] - Object: 'Object Repository/Account/Buttons/button_Edit_report_first' is clicked on

2018-04-03 10:07:03 - [TEST_STEP][PASSED] - switchToWindowTitle: Switched to window with title: 'Write report - Route Report'

2018-04-03 10:07:07 - [MESSAGE][PASSED] - Switched to window with title: 'Write report - Route Report'

2018-04-03 10:07:07 - [TEST_STEP][PASSED] - delay: Delayed 1 second(s)

2018-04-03 10:07:08 - [MESSAGE][PASSED] - Delayed 1 second(s)

2018-04-03 10:07:08 - [TEST_STEP][PASSED] - click: Object: 'Object Repository/Step_1/but_Step4' is clicked on

2018-04-03 10:07:09 - [MESSAGE][PASSED] - Object: 'Object Repository/Step_1/but_Step4' is clicked on

2018-04-03 10:07:09 - [TEST_STEP][PASSED] - waitForElementVisible: Object 'Object Repository/Step_4/ver_step4_isloaded' is visible

2018-04-03 10:07:09 - [MESSAGE][PASSED] - Object 'Object Repository/Step_4/ver_step4_isloaded' is visible

2018-04-03 10:07:09 - [TEST_STEP][PASSED] - delay: Delayed 2 second(s)

2018-04-03 10:07:11 - [MESSAGE][PASSED] - Delayed 2 second(s)

2018-04-03 10:07:11 - [TEST_STEP][PASSED] - click: Object: 'Object Repository/Step_4/but_add_language' is clicked on

2018-04-03 10:07:11 - [MESSAGE][PASSED] - Object: 'Object Repository/Step_4/but_add_language' is clicked on

2018-04-03 10:07:11 - [TEST_STEP][PASSED] - click: Object: 'Object Repository/Step_4/EN_lang' is clicked on

2018-04-03 10:07:11 - [MESSAGE][PASSED] - Object: 'Object Repository/Step_4/EN_lang' is clicked on

2018-04-03 10:07:11 - [TEST_STEP][PASSED] - setText: Text '13245678' is set on object 'Object Repository/Step_4/input_phone'

2018-04-03 10:07:11 - [MESSAGE][PASSED] - Text '13245678' is set on object 'Object Repository/Step_4/input_phone'

2018-04-03 10:07:11 - [TEST_STEP][PASSED] - setText: Text 'mail@com.com' is set on object 'Object Repository/Step_4/input_mail'

2018-04-03 10:07:12 - [MESSAGE][PASSED] - Text 'mail@com.com' is set on object 'Object Repository/Step_4/input_mail'

2018-04-03 10:07:12 - [TEST_STEP][PASSED] - setText: Text 'FB' is set on object 'Object Repository/Step_4/input_FB'

2018-04-03 10:07:12 - [MESSAGE][PASSED] - Text 'FB' is set on object 'Object Repository/Step_4/input_FB'

2018-04-03 10:07:12 - [TEST_STEP][PASSED] - setText: Text 'Skype' is set on object 'Object Repository/Step_4/input_Skype'

2018-04-03 10:07:12 - [MESSAGE][PASSED] - Text 'Skype' is set on object 'Object Repository/Step_4/input_Skype'

2018-04-03 10:07:12 - [TEST_STEP][PASSED] - setText: Text '132132' is set on object 'Object Repository/Step_4/inpuit_viber'

2018-04-03 10:07:12 - [MESSAGE][PASSED] - Text '132132' is set on object 'Object Repository/Step_4/inpuit_viber'

2018-04-03 10:07:12 - [TEST_STEP][PASSED] - setText: Text '32123' is set on object 'Object Repository/Step_4/input_Whatapp'

2018-04-03 10:07:12 - [MESSAGE][PASSED] - Text '32123' is set on object 'Object Repository/Step_4/input_Whatapp'

2018-04-03 10:07:12 - [TEST_STEP][PASSED] - click: Object: 'Object Repository/Step_4/select_ohther_1' is clicked on

2018-04-03 10:07:13 - [MESSAGE][PASSED] - Object: 'Object Repository/Step_4/select_ohther_1' is clicked on

2018-04-03 10:07:13 - [TEST_STEP][PASSED] - delay: Delayed 2 second(s)

2018-04-03 10:07:15 - [MESSAGE][PASSED] - Delayed 2 second(s)

2018-04-03 10:07:15 - [TEST_STEP][FAILED] - click: Unable to click on object 'Object Repository/Step_4/Other_Telegram' (Root cause: org.openqa.selenium.WebDriverException: unknown error: Element <li data-record-id="5">...</li> is not clickable at point (613, 919). Other element would receive the click: <div class="cell" style="width: 16%;text-align: center; padding-right: 11px;">...</div>
  (Session info: chrome=65.0.3325.181)
  (Driver info: chromedriver=2.35.528161 (5b82f2d2aae0ca24b877009200ced9065a772e73),platform=Windows NT 6.3.9600 x86_64) (WARNING: The server did not provide any stacktrace information)
Command duration or timeout: 0 milliseconds
Build info: version: '3.7.1', revision: '8a0099a', time: '2017-11-06T21:07:36.161Z'
System info: host: 'BRAINPC', ip: '192.168.137.2', os.name: 'Windows 8.1', os.arch: 'amd64', os.version: '6.3', java.version: '1.8.0_102'
Driver info: com.kms.katalon.selenium.driver.CChromeDriver
Capabilities {acceptInsecureCerts: false, acceptSslCerts: false, applicationCacheEnabled: false, browserConnectionEnabled: false, browserName: chrome, chrome: {chromedriverVersion: 2.35.528161 (5b82f2d2aae0ca..., userDataDir: C:\Users\user\AppData\Local...}, cssSelectorsEnabled: true, databaseEnabled: false, handlesAlerts: true, hasTouchScreen: false, javascriptEnabled: true, locationContextEnabled: true, mobileEmulationEnabled: false, nativeEvents: true, networkConnectionEnabled: false, pageLoadStrategy: normal, platform: XP, platformName: XP, rotatable: false, setWindowRect: true, takesHeapSnapshot: true, takesScreenshot: true, unexpectedAlertBehaviour: , unhandledPromptBehavior: , version: 65.0.3325.181, webStorageEnabled: true}
Session ID: 3dc6c5ab1ab8936ca5005b54d74c0ced)

2018-04-03 10:07:15 - [MESSAGE][FAILED] - Unable to click on object 'Object Repository/Step_4/Other_Telegram' (Root cause: org.openqa.selenium.WebDriverException: unknown error: Element <li data-record-id="5">...</li> is not clickable at point (613, 919). Other element would receive the click: <div class="cell" style="width: 16%;text-align: center; padding-right: 11px;">...</div>
  (Session info: chrome=65.0.3325.181)
  (Driver info: chromedriver=2.35.528161 (5b82f2d2aae0ca24b877009200ced9065a772e73),platform=Windows NT 6.3.9600 x86_64) (WARNING: The server did not provide any stacktrace information)
Command duration or timeout: 0 milliseconds
Build info: version: '3.7.1', revision: '8a0099a', time: '2017-11-06T21:07:36.161Z'
System info: host: 'BRAINPC', ip: '192.168.137.2', os.name: 'Windows 8.1', os.arch: 'amd64', os.version: '6.3', java.version: '1.8.0_102'
Driver info: com.kms.katalon.selenium.driver.CChromeDriver
Capabilities {acceptInsecureCerts: false, acceptSslCerts: false, applicationCacheEnabled: false, browserConnectionEnabled: false, browserName: chrome, chrome: {chromedriverVersion: 2.35.528161 (5b82f2d2aae0ca..., userDataDir: C:\Users\user\AppData\Local...}, cssSelectorsEnabled: true, databaseEnabled: false, handlesAlerts: true, hasTouchScreen: false, javascriptEnabled: true, locationContextEnabled: true, mobileEmulationEnabled: false, nativeEvents: true, networkConnectionEnabled: false, pageLoadStrategy: normal, platform: XP, platformName: XP, rotatable: false, setWindowRect: true, takesHeapSnapshot: true, takesScreenshot: true, unexpectedAlertBehaviour: , unhandledPromptBehavior: , version: 65.0.3325.181, webStorageEnabled: true}
Session ID: 3dc6c5ab1ab8936ca5005b54d74c0ced)
[[ATTACHMENT|C:\\Users\\user\\Katalon Studio\\Route_report_WEB\\Reports\\Add_report\\20180403_095857\\1522739235173.png]]]]></system-out>
         <system-err><![CDATA[2018-04-03 10:06:47 - [TEST_CASE][FAILED] - Test Cases/Create_report/Step 4-5: Test Cases/Create_report/Step 4-5 FAILED because (of) Unable to click on object 'Object Repository/Step_4/Other_Telegram' (Root cause: org.openqa.selenium.WebDriverException: unknown error: Element <li data-record-id="5">...</li> is not clickable at point (613, 919). Other element would receive the click: <div class="cell" style="width: 16%;text-align: center; padding-right: 11px;">...</div>
  (Session info: chrome=65.0.3325.181)
  (Driver info: chromedriver=2.35.528161 (5b82f2d2aae0ca24b877009200ced9065a772e73),platform=Windows NT 6.3.9600 x86_64) (WARNING: The server did not provide any stacktrace information)
Command duration or timeout: 0 milliseconds
Build info: version: '3.7.1', revision: '8a0099a', time: '2017-11-06T21:07:36.161Z'
System info: host: 'BRAINPC', ip: '192.168.137.2', os.name: 'Windows 8.1', os.arch: 'amd64', os.version: '6.3', java.version: '1.8.0_102'
Driver info: com.kms.katalon.selenium.driver.CChromeDriver
Capabilities {acceptInsecureCerts: false, acceptSslCerts: false, applicationCacheEnabled: false, browserConnectionEnabled: false, browserName: chrome, chrome: {chromedriverVersion: 2.35.528161 (5b82f2d2aae0ca..., userDataDir: C:\Users\user\AppData\Local...}, cssSelectorsEnabled: true, databaseEnabled: false, handlesAlerts: true, hasTouchScreen: false, javascriptEnabled: true, locationContextEnabled: true, mobileEmulationEnabled: false, nativeEvents: true, networkConnectionEnabled: false, pageLoadStrategy: normal, platform: XP, platformName: XP, rotatable: false, setWindowRect: true, takesHeapSnapshot: true, takesScreenshot: true, unexpectedAlertBehaviour: , unhandledPromptBehavior: , version: 65.0.3325.181, webStorageEnabled: true}
Session ID: 3dc6c5ab1ab8936ca5005b54d74c0ced)]]></system-err>
      </testcase>
      <system-out><![CDATA[2018-04-03 09:59:05 - [TEST_SUITE][FAILED] - Add_report: Test Cases/Create_report/Step 3 FAILED because (of) Unable to upload file 'D:\RUSSIAN.docx' to object 'Object Repository/Step_3/but_Add_Other' (Root cause: org.openqa.selenium.WebDriverException: unknown error: cannot focus element
  (Session info: chrome=65.0.3325.181)
  (Driver info: chromedriver=2.35.528161 (5b82f2d2aae0ca24b877009200ced9065a772e73),platform=Windows NT 6.3.9600 x86_64) (WARNING: The server did not provide any stacktrace information)
Command duration or timeout: 0 milliseconds
Build info: version: '3.7.1', revision: '8a0099a', time: '2017-11-06T21:07:36.161Z'
System info: host: 'BRAINPC', ip: '192.168.137.2', os.name: 'Windows 8.1', os.arch: 'amd64', os.version: '6.3', java.version: '1.8.0_102'
Driver info: com.kms.katalon.selenium.driver.CChromeDriver
Capabilities {acceptInsecureCerts: false, acceptSslCerts: false, applicationCacheEnabled: false, browserConnectionEnabled: false, browserName: chrome, chrome: {chromedriverVersion: 2.35.528161 (5b82f2d2aae0ca..., userDataDir: C:\Users\user\AppData\Local...}, cssSelectorsEnabled: true, databaseEnabled: false, handlesAlerts: true, hasTouchScreen: false, javascriptEnabled: true, locationContextEnabled: true, mobileEmulationEnabled: false, nativeEvents: true, networkConnectionEnabled: false, pageLoadStrategy: normal, platform: XP, platformName: XP, rotatable: false, setWindowRect: true, takesHeapSnapshot: true, takesScreenshot: true, unexpectedAlertBehaviour: , unhandledPromptBehavior: , version: 65.0.3325.181, webStorageEnabled: true}
Session ID: 3770c539c6c06e208c0868a89307271c)]]></system-out>
      <system-err><![CDATA[2018-04-03 09:59:05 - [TEST_SUITE][FAILED] - Add_report: Test Cases/Create_report/Step 3 FAILED because (of) Unable to upload file 'D:\RUSSIAN.docx' to object 'Object Repository/Step_3/but_Add_Other' (Root cause: org.openqa.selenium.WebDriverException: unknown error: cannot focus element
  (Session info: chrome=65.0.3325.181)
  (Driver info: chromedriver=2.35.528161 (5b82f2d2aae0ca24b877009200ced9065a772e73),platform=Windows NT 6.3.9600 x86_64) (WARNING: The server did not provide any stacktrace information)
Command duration or timeout: 0 milliseconds
Build info: version: '3.7.1', revision: '8a0099a', time: '2017-11-06T21:07:36.161Z'
System info: host: 'BRAINPC', ip: '192.168.137.2', os.name: 'Windows 8.1', os.arch: 'amd64', os.version: '6.3', java.version: '1.8.0_102'
Driver info: com.kms.katalon.selenium.driver.CChromeDriver
Capabilities {acceptInsecureCerts: false, acceptSslCerts: false, applicationCacheEnabled: false, browserConnectionEnabled: false, browserName: chrome, chrome: {chromedriverVersion: 2.35.528161 (5b82f2d2aae0ca..., userDataDir: C:\Users\user\AppData\Local...}, cssSelectorsEnabled: true, databaseEnabled: false, handlesAlerts: true, hasTouchScreen: false, javascriptEnabled: true, locationContextEnabled: true, mobileEmulationEnabled: false, nativeEvents: true, networkConnectionEnabled: false, pageLoadStrategy: normal, platform: XP, platformName: XP, rotatable: false, setWindowRect: true, takesHeapSnapshot: true, takesScreenshot: true, unexpectedAlertBehaviour: , unhandledPromptBehavior: , version: 65.0.3325.181, webStorageEnabled: true}
Session ID: 3770c539c6c06e208c0868a89307271c)]]></system-err>
   </testsuite>
</testsuites>
