<?xml version="1.0" encoding="UTF-8"?>
<testsuites name="Login_Registration" time="183" tests="13" failures="0" errors="0">
   <testsuite name="Login_Registration" tests="13" failures="0" errors="0" time="183" timestamp="2018-03-26 09:21:55" hostname="user - BrainPc" id="Test Suites/Login_Registration">
      <properties>
         <property name="deviceName" value=""/>
         <property name="devicePlatform" value=""/>
         <property name="logFolder" value="C:\\Users\\user\\Katalon Studio\\Route_report_WEB\\Reports\\Login_Registration\\20180326_092153"/>
         <property name="logFiles" value="C:\\Users\\user\\Katalon Studio\\Route_report_WEB\\Reports\\Login_Registration\\20180326_092153\\execution0.log"/>
         <property name="attachments" value=""/>
         <property name="hostName" value="user - BrainPc"/>
         <property name="os" value="Windows 8.1 64bit"/>
         <property name="katalonVersion" value="5.3.1.1"/>
         <property name="browser" value="Chrome 65.0.3325.181"/>
         <property name="hostAddress" value="10.1.2.105"/>
         <property name="sessionId" value="9e83ad39514f6b1772b618d957b0612d"/>
         <property name="seleniumVersion" value="3.7.1"/>
         <property name="proxyInformation" value="ProxyInformation{proxyOption=NO_PROXY, proxyServerType=HTTP, password=, proxyServerAddress=, proxyServerPort=0}"/>
         <property name="platform" value="Windows 8.1"/>
      </properties>
      <testcase name="Test Cases/Login_Registration_Test_Cases/Login_Reg-Login with a valid email and password" classname="Test Cases/Login_Registration_Test_Cases/Login_Reg-Login with a valid email and password" status="PASSED">
         <system-out><![CDATA[2018-03-26 09:21:56 - [TEST_CASE][PASSED] - Test Cases/Login_Registration_Test_Cases/Login_Reg-Login with a valid email and password: Test Cases/Login_Registration_Test_Cases/Login_Reg-Login with a valid email and password

2018-03-26 09:21:57 - [TEST_STEP][PASSED] - openBrowser: Browser is opened with url: ''

2018-03-26 09:22:10 - [MESSAGE][PASSED] - Browser is opened with url: ''

2018-03-26 09:22:10 - [TEST_STEP][PASSED] - navigateToUrl: Navigate to 'https://www.route-report.com/' successfully

2018-03-26 09:22:13 - [MESSAGE][PASSED] - Navigate to 'https://www.route-report.com/' successfully

2018-03-26 09:22:14 - [TEST_STEP][PASSED] - maximizeWindow: Current window maximized

2018-03-26 09:22:15 - [MESSAGE][PASSED] - Current window maximized

2018-03-26 09:22:15 - [TEST_STEP][PASSED] - click: Object: 'Object Repository/Login_registration/span_Login' is clicked on

2018-03-26 09:22:15 - [MESSAGE][PASSED] - Object: 'Object Repository/Login_registration/span_Login' is clicked on

2018-03-26 09:22:15 - [TEST_STEP][PASSED] - setText: Text 'rostyslav.biliaiev@route-report.com' is set on object 'Object Repository/Login_registration/input_in_login'

2018-03-26 09:22:18 - [MESSAGE][PASSED] - Text 'rostyslav.biliaiev@route-report.com' is set on object 'Object Repository/Login_registration/input_in_login'

2018-03-26 09:22:18 - [TEST_STEP][PASSED] - setText: Text '111111' is set on object 'Object Repository/Login_registration/input_in_password'

2018-03-26 09:22:18 - [MESSAGE][PASSED] - Text '111111' is set on object 'Object Repository/Login_registration/input_in_password'

2018-03-26 09:22:18 - [TEST_STEP][PASSED] - click: Object: 'Object Repository/Login_registration/button_LOG IN' is clicked on

2018-03-26 09:22:19 - [MESSAGE][PASSED] - Object: 'Object Repository/Login_registration/button_LOG IN' is clicked on

2018-03-26 09:22:19 - [TEST_STEP][PASSED] - verifyElementPresent: Object 'Object Repository/Login_registration/span_My spoken languages' is present

2018-03-26 09:22:25 - [MESSAGE][PASSED] - Object 'Object Repository/Login_registration/span_My spoken languages' is present

2018-03-26 09:22:25 - [TEST_STEP][PASSED] - closeBrowser: Browser is closed

2018-03-26 09:22:26 - [MESSAGE][PASSED] - Browser is closed]]></system-out>
         <system-err><![CDATA[]]></system-err>
      </testcase>
      <testcase name="Test Cases/Login_Registration_Test_Cases/Login_Reg-Log in with incorrect invalid email or password" classname="Test Cases/Login_Registration_Test_Cases/Login_Reg-Log in with incorrect invalid email or password" status="PASSED">
         <system-out><![CDATA[2018-03-26 09:22:26 - [TEST_CASE][PASSED] - Test Cases/Login_Registration_Test_Cases/Login_Reg-Log in with incorrect invalid email or password: Test Cases/Login_Registration_Test_Cases/Login_Reg-Log in with incorrect invalid email or password

2018-03-26 09:22:27 - [TEST_STEP][PASSED] - openBrowser: Browser is opened with url: ''

2018-03-26 09:22:29 - [MESSAGE][PASSED] - Browser is opened with url: ''

2018-03-26 09:22:29 - [TEST_STEP][PASSED] - navigateToUrl: Navigate to 'https://www.route-report.com/' successfully

2018-03-26 09:22:33 - [MESSAGE][PASSED] - Navigate to 'https://www.route-report.com/' successfully

2018-03-26 09:22:33 - [TEST_STEP][PASSED] - maximizeWindow: Current window maximized

2018-03-26 09:22:34 - [MESSAGE][PASSED] - Current window maximized

2018-03-26 09:22:34 - [TEST_STEP][PASSED] - click: Object: 'Object Repository/Login_registration/span_Login' is clicked on

2018-03-26 09:22:34 - [MESSAGE][PASSED] - Object: 'Object Repository/Login_registration/span_Login' is clicked on

2018-03-26 09:22:34 - [TEST_STEP][PASSED] - setText: Text 'wrongmail@mail.mail' is set on object 'Object Repository/Login_registration/input_in_login'

2018-03-26 09:22:35 - [MESSAGE][PASSED] - Text 'wrongmail@mail.mail' is set on object 'Object Repository/Login_registration/input_in_login'

2018-03-26 09:22:35 - [TEST_STEP][PASSED] - setText: Text '1111111' is set on object 'Object Repository/Login_registration/input_in_password'

2018-03-26 09:22:35 - [MESSAGE][PASSED] - Text '1111111' is set on object 'Object Repository/Login_registration/input_in_password'

2018-03-26 09:22:35 - [TEST_STEP][PASSED] - click: Object: 'Object Repository/Login_registration/button_LOG IN' is clicked on

2018-03-26 09:22:35 - [MESSAGE][PASSED] - Object: 'Object Repository/Login_registration/button_LOG IN' is clicked on

2018-03-26 09:22:35 - [TEST_STEP][PASSED] - verifyElementPresent: Object 'Object Repository/Login_registration/Error_message_Verify_pass_and_email' is present

2018-03-26 09:22:36 - [MESSAGE][PASSED] - Object 'Object Repository/Login_registration/Error_message_Verify_pass_and_email' is present

2018-03-26 09:22:36 - [TEST_STEP][PASSED] - closeBrowser: Browser is closed

2018-03-26 09:22:37 - [MESSAGE][PASSED] - Browser is closed]]></system-out>
         <system-err><![CDATA[]]></system-err>
      </testcase>
      <testcase name="Test Cases/Login_Registration_Test_Cases/Login_Reg-Entering non-valid mail in the mail input field" classname="Test Cases/Login_Registration_Test_Cases/Login_Reg-Entering non-valid mail in the mail input field" status="PASSED">
         <system-out><![CDATA[2018-03-26 09:22:37 - [TEST_CASE][PASSED] - Test Cases/Login_Registration_Test_Cases/Login_Reg-Entering non-valid mail in the mail input field: Test Cases/Login_Registration_Test_Cases/Login_Reg-Entering non-valid mail in the mail input field

2018-03-26 09:22:37 - [TEST_STEP][PASSED] - openBrowser: Browser is opened with url: ''

2018-03-26 09:22:40 - [MESSAGE][PASSED] - Browser is opened with url: ''

2018-03-26 09:22:40 - [TEST_STEP][PASSED] - navigateToUrl: Navigate to 'https://www.route-report.com/' successfully

2018-03-26 09:22:43 - [MESSAGE][PASSED] - Navigate to 'https://www.route-report.com/' successfully

2018-03-26 09:22:43 - [TEST_STEP][PASSED] - maximizeWindow: Current window maximized

2018-03-26 09:22:44 - [MESSAGE][PASSED] - Current window maximized

2018-03-26 09:22:44 - [TEST_STEP][PASSED] - click: Object: 'Object Repository/Login_registration/a_JOIN US NOW' is clicked on

2018-03-26 09:22:44 - [MESSAGE][PASSED] - Object: 'Object Repository/Login_registration/a_JOIN US NOW' is clicked on

2018-03-26 09:22:44 - [TEST_STEP][PASSED] - setText: Text 'sgfsjhdgf' is set on object 'Object Repository/Login_registration/input_in_login'

2018-03-26 09:22:45 - [MESSAGE][PASSED] - Text 'sgfsjhdgf' is set on object 'Object Repository/Login_registration/input_in_login'

2018-03-26 09:22:45 - [TEST_STEP][PASSED] - verifyElementPresent: Object 'Object Repository/Login_registration/Error_message_Please enter a valid email' is present

2018-03-26 09:22:46 - [MESSAGE][PASSED] - Object 'Object Repository/Login_registration/Error_message_Please enter a valid email' is present

2018-03-26 09:22:46 - [TEST_STEP][PASSED] - closeBrowser: Browser is closed

2018-03-26 09:22:47 - [MESSAGE][PASSED] - Browser is closed]]></system-out>
         <system-err><![CDATA[]]></system-err>
      </testcase>
      <testcase name="Test Cases/Login_Registration_Test_Cases/Login_Reg-Login with input only mail (no password)" classname="Test Cases/Login_Registration_Test_Cases/Login_Reg-Login with input only mail (no password)" status="PASSED">
         <system-out><![CDATA[2018-03-26 09:22:47 - [TEST_CASE][PASSED] - Test Cases/Login_Registration_Test_Cases/Login_Reg-Login with input only mail (no password): Test Cases/Login_Registration_Test_Cases/Login_Reg-Login with input only mail (no password)

2018-03-26 09:22:47 - [TEST_STEP][PASSED] - openBrowser: Browser is opened with url: ''

2018-03-26 09:22:50 - [MESSAGE][PASSED] - Browser is opened with url: ''

2018-03-26 09:22:50 - [TEST_STEP][PASSED] - navigateToUrl: Navigate to 'https://www.route-report.com/' successfully

2018-03-26 09:22:53 - [MESSAGE][PASSED] - Navigate to 'https://www.route-report.com/' successfully

2018-03-26 09:22:53 - [TEST_STEP][PASSED] - maximizeWindow: Current window maximized

2018-03-26 09:22:54 - [MESSAGE][PASSED] - Current window maximized

2018-03-26 09:22:54 - [TEST_STEP][PASSED] - click: Object: 'Object Repository/Login_registration/span_Login' is clicked on

2018-03-26 09:22:55 - [MESSAGE][PASSED] - Object: 'Object Repository/Login_registration/span_Login' is clicked on

2018-03-26 09:22:55 - [TEST_STEP][PASSED] - setText: Text 'rostyslav.biliaiev@route-report.com' is set on object 'Object Repository/Login_registration/input_in_login'

2018-03-26 09:22:55 - [MESSAGE][PASSED] - Text 'rostyslav.biliaiev@route-report.com' is set on object 'Object Repository/Login_registration/input_in_login'

2018-03-26 09:22:55 - [TEST_STEP][PASSED] - click: Object: 'Object Repository/Login_registration/button_LOG IN' is clicked on

2018-03-26 09:22:56 - [MESSAGE][PASSED] - Object: 'Object Repository/Login_registration/button_LOG IN' is clicked on

2018-03-26 09:22:56 - [TEST_STEP][PASSED] - verifyElementPresent: Object 'Object Repository/Login_registration/Error_message_Required field' is present

2018-03-26 09:22:56 - [MESSAGE][PASSED] - Object 'Object Repository/Login_registration/Error_message_Required field' is present

2018-03-26 09:22:56 - [TEST_STEP][PASSED] - closeBrowser: Browser is closed

2018-03-26 09:22:57 - [MESSAGE][PASSED] - Browser is closed]]></system-out>
         <system-err><![CDATA[]]></system-err>
      </testcase>
      <testcase name="Test Cases/Login_Registration_Test_Cases/Login_Reg-Login with password only (no mail)" classname="Test Cases/Login_Registration_Test_Cases/Login_Reg-Login with password only (no mail)" status="PASSED">
         <system-out><![CDATA[2018-03-26 09:22:57 - [TEST_CASE][PASSED] - Test Cases/Login_Registration_Test_Cases/Login_Reg-Login with password only (no mail): Test Cases/Login_Registration_Test_Cases/Login_Reg-Login with password only (no mail)

2018-03-26 09:22:57 - [TEST_STEP][PASSED] - openBrowser: Browser is opened with url: ''

2018-03-26 09:22:59 - [MESSAGE][PASSED] - Browser is opened with url: ''

2018-03-26 09:22:59 - [TEST_STEP][PASSED] - navigateToUrl: Navigate to 'https://www.route-report.com/' successfully

2018-03-26 09:23:03 - [MESSAGE][PASSED] - Navigate to 'https://www.route-report.com/' successfully

2018-03-26 09:23:03 - [TEST_STEP][PASSED] - maximizeWindow: Current window maximized

2018-03-26 09:23:04 - [MESSAGE][PASSED] - Current window maximized

2018-03-26 09:23:04 - [TEST_STEP][PASSED] - click: Object: 'Object Repository/Login_registration/span_Login' is clicked on

2018-03-26 09:23:04 - [MESSAGE][PASSED] - Object: 'Object Repository/Login_registration/span_Login' is clicked on

2018-03-26 09:23:04 - [TEST_STEP][PASSED] - setText: Text '111111' is set on object 'Object Repository/Login_registration/input_in_password'

2018-03-26 09:23:05 - [MESSAGE][PASSED] - Text '111111' is set on object 'Object Repository/Login_registration/input_in_password'

2018-03-26 09:23:05 - [TEST_STEP][PASSED] - delay: Delayed 2 second(s)

2018-03-26 09:23:07 - [MESSAGE][PASSED] - Delayed 2 second(s)

2018-03-26 09:23:07 - [TEST_STEP][PASSED] - click: Object: 'Object Repository/Login_registration/button_LOG IN' is clicked on

2018-03-26 09:23:07 - [MESSAGE][PASSED] - Object: 'Object Repository/Login_registration/button_LOG IN' is clicked on

2018-03-26 09:23:07 - [TEST_STEP][PASSED] - verifyElementPresent: Object 'Object Repository/Login_registration/Error_message_Required field' is present

2018-03-26 09:23:07 - [MESSAGE][PASSED] - Object 'Object Repository/Login_registration/Error_message_Required field' is present

2018-03-26 09:23:07 - [TEST_STEP][PASSED] - closeBrowser: Browser is closed

2018-03-26 09:23:09 - [MESSAGE][PASSED] - Browser is closed]]></system-out>
         <system-err><![CDATA[]]></system-err>
      </testcase>
      <testcase name="Test Cases/Login_Registration_Test_Cases/Login_Reg-Recovering the password with the wrong key" classname="Test Cases/Login_Registration_Test_Cases/Login_Reg-Recovering the password with the wrong key" status="PASSED">
         <system-out><![CDATA[2018-03-26 09:23:09 - [TEST_CASE][PASSED] - Test Cases/Login_Registration_Test_Cases/Login_Reg-Recovering the password with the wrong key: Test Cases/Login_Registration_Test_Cases/Login_Reg-Recovering the password with the wrong key

2018-03-26 09:23:10 - [TEST_STEP][PASSED] - openBrowser: Browser is opened with url: ''

2018-03-26 09:23:13 - [MESSAGE][PASSED] - Browser is opened with url: ''

2018-03-26 09:23:13 - [TEST_STEP][PASSED] - navigateToUrl: Navigate to 'https://www.route-report.com/' successfully

2018-03-26 09:23:16 - [MESSAGE][PASSED] - Navigate to 'https://www.route-report.com/' successfully

2018-03-26 09:23:16 - [TEST_STEP][PASSED] - maximizeWindow: Current window maximized

2018-03-26 09:23:17 - [MESSAGE][PASSED] - Current window maximized

2018-03-26 09:23:17 - [TEST_STEP][PASSED] - click: Object: 'Object Repository/Login_registration/span_Login' is clicked on

2018-03-26 09:23:17 - [MESSAGE][PASSED] - Object: 'Object Repository/Login_registration/span_Login' is clicked on

2018-03-26 09:23:17 - [TEST_STEP][PASSED] - setText: Text 'rostyslav.biliaiev@route-report.com' is set on object 'Object Repository/Login_registration/input_in_login'

2018-03-26 09:23:19 - [MESSAGE][PASSED] - Text 'rostyslav.biliaiev@route-report.com' is set on object 'Object Repository/Login_registration/input_in_login'

2018-03-26 09:23:19 - [TEST_STEP][PASSED] - click: Object: 'Object Repository/Login_registration/div_Forgot password (1)' is clicked on

2018-03-26 09:23:19 - [MESSAGE][PASSED] - Object: 'Object Repository/Login_registration/div_Forgot password (1)' is clicked on

2018-03-26 09:23:19 - [TEST_STEP][PASSED] - delay: Delayed 2 second(s)

2018-03-26 09:23:21 - [MESSAGE][PASSED] - Delayed 2 second(s)

2018-03-26 09:23:21 - [TEST_STEP][PASSED] - setText: Text '111111' is set on object 'Object Repository/Login_registration/input_in_key_password_recover'

2018-03-26 09:23:21 - [MESSAGE][PASSED] - Text '111111' is set on object 'Object Repository/Login_registration/input_in_key_password_recover'

2018-03-26 09:23:21 - [TEST_STEP][PASSED] - setText: Text '111111' is set on object 'Object Repository/Login_registration/input_in_password_new'

2018-03-26 09:23:21 - [MESSAGE][PASSED] - Text '111111' is set on object 'Object Repository/Login_registration/input_in_password_new'

2018-03-26 09:23:21 - [TEST_STEP][PASSED] - setText: Text '111111111' is set on object 'Object Repository/Login_registration/input_in_password_confirm'

2018-03-26 09:23:21 - [MESSAGE][PASSED] - Text '111111111' is set on object 'Object Repository/Login_registration/input_in_password_confirm'

2018-03-26 09:23:21 - [TEST_STEP][PASSED] - click: Object: 'Object Repository/Login_registration/button_LOG IN_recover_password' is clicked on

2018-03-26 09:23:22 - [MESSAGE][PASSED] - Object: 'Object Repository/Login_registration/button_LOG IN_recover_password' is clicked on

2018-03-26 09:23:22 - [TEST_STEP][PASSED] - waitForElementPresent: Object 'Object Repository/Login_registration/Error_message_Passwords do not match' is not present after 5 second(s)

2018-03-26 09:23:27 - [MESSAGE][WARNING] - Object 'Object Repository/Login_registration/Error_message_Passwords do not match' is not present after 5 second(s)

2018-03-26 09:23:27 - [TEST_STEP][PASSED] - closeBrowser: Browser is closed

2018-03-26 09:23:28 - [MESSAGE][PASSED] - Browser is closed]]></system-out>
         <system-err><![CDATA[]]></system-err>
      </testcase>
      <testcase name="Test Cases/Login_Registration_Test_Cases/Login_Reg-Password recovery with no key input" classname="Test Cases/Login_Registration_Test_Cases/Login_Reg-Password recovery with no key input" status="PASSED">
         <system-out><![CDATA[2018-03-26 09:23:28 - [TEST_CASE][PASSED] - Test Cases/Login_Registration_Test_Cases/Login_Reg-Password recovery with no key input: Test Cases/Login_Registration_Test_Cases/Login_Reg-Password recovery with no key input

2018-03-26 09:23:28 - [TEST_STEP][PASSED] - openBrowser: Browser is opened with url: ''

2018-03-26 09:23:31 - [MESSAGE][PASSED] - Browser is opened with url: ''

2018-03-26 09:23:31 - [TEST_STEP][PASSED] - navigateToUrl: Navigate to 'https://www.route-report.com/' successfully

2018-03-26 09:23:34 - [MESSAGE][PASSED] - Navigate to 'https://www.route-report.com/' successfully

2018-03-26 09:23:34 - [TEST_STEP][PASSED] - maximizeWindow: Current window maximized

2018-03-26 09:23:35 - [MESSAGE][PASSED] - Current window maximized

2018-03-26 09:23:35 - [TEST_STEP][PASSED] - click: Object: 'Object Repository/Login_registration/span_Login' is clicked on

2018-03-26 09:23:35 - [MESSAGE][PASSED] - Object: 'Object Repository/Login_registration/span_Login' is clicked on

2018-03-26 09:23:35 - [TEST_STEP][PASSED] - setText: Text 'rostyslav.biliaiev@route-report.com' is set on object 'Object Repository/Login_registration/input_in_login'

2018-03-26 09:23:36 - [MESSAGE][PASSED] - Text 'rostyslav.biliaiev@route-report.com' is set on object 'Object Repository/Login_registration/input_in_login'

2018-03-26 09:23:36 - [TEST_STEP][PASSED] - click: Object: 'Object Repository/Login_registration/div_Forgot password (1)' is clicked on

2018-03-26 09:23:37 - [MESSAGE][PASSED] - Object: 'Object Repository/Login_registration/div_Forgot password (1)' is clicked on

2018-03-26 09:23:37 - [TEST_STEP][PASSED] - delay: Delayed 2 second(s)

2018-03-26 09:23:39 - [MESSAGE][PASSED] - Delayed 2 second(s)

2018-03-26 09:23:39 - [TEST_STEP][PASSED] - setText: Text '111111' is set on object 'Object Repository/Login_registration/input_in_password_new'

2018-03-26 09:23:39 - [MESSAGE][PASSED] - Text '111111' is set on object 'Object Repository/Login_registration/input_in_password_new'

2018-03-26 09:23:39 - [TEST_STEP][PASSED] - setText: Text '111111' is set on object 'Object Repository/Login_registration/input_in_password_confirm'

2018-03-26 09:23:39 - [MESSAGE][PASSED] - Text '111111' is set on object 'Object Repository/Login_registration/input_in_password_confirm'

2018-03-26 09:23:39 - [TEST_STEP][PASSED] - click: Object: 'Object Repository/Login_registration/button_LOG IN_recover_password' is clicked on

2018-03-26 09:23:40 - [MESSAGE][PASSED] - Object: 'Object Repository/Login_registration/button_LOG IN_recover_password' is clicked on

2018-03-26 09:23:40 - [TEST_STEP][PASSED] - waitForElementPresent: Object 'Object Repository/Login_registration/Error_message_Required field' is present

2018-03-26 09:23:40 - [MESSAGE][PASSED] - Object 'Object Repository/Login_registration/Error_message_Required field' is present

2018-03-26 09:23:40 - [TEST_STEP][PASSED] - closeBrowser: Browser is closed

2018-03-26 09:23:40 - [MESSAGE][PASSED] - Browser is closed]]></system-out>
         <system-err><![CDATA[]]></system-err>
      </testcase>
      <testcase name="Test Cases/Login_Registration_Test_Cases/Login_reg- Password recovery with different new passwords" classname="Test Cases/Login_Registration_Test_Cases/Login_reg- Password recovery with different new passwords" status="PASSED">
         <system-out><![CDATA[2018-03-26 09:23:40 - [TEST_CASE][PASSED] - Test Cases/Login_Registration_Test_Cases/Login_reg- Password recovery with different new passwords: Test Cases/Login_Registration_Test_Cases/Login_reg- Password recovery with different new passwords

2018-03-26 09:23:41 - [TEST_STEP][PASSED] - openBrowser: Browser is opened with url: ''

2018-03-26 09:23:43 - [MESSAGE][PASSED] - Browser is opened with url: ''

2018-03-26 09:23:43 - [TEST_STEP][PASSED] - navigateToUrl: Navigate to 'https://www.route-report.com/' successfully

2018-03-26 09:23:47 - [MESSAGE][PASSED] - Navigate to 'https://www.route-report.com/' successfully

2018-03-26 09:23:47 - [TEST_STEP][PASSED] - maximizeWindow: Current window maximized

2018-03-26 09:23:48 - [MESSAGE][PASSED] - Current window maximized

2018-03-26 09:23:48 - [TEST_STEP][PASSED] - click: Object: 'Object Repository/Login_registration/span_Login' is clicked on

2018-03-26 09:23:48 - [MESSAGE][PASSED] - Object: 'Object Repository/Login_registration/span_Login' is clicked on

2018-03-26 09:23:48 - [TEST_STEP][PASSED] - setText: Text 'rostyslav.biliaiev@route-report.com' is set on object 'Object Repository/Login_registration/input_in_login'

2018-03-26 09:23:50 - [MESSAGE][PASSED] - Text 'rostyslav.biliaiev@route-report.com' is set on object 'Object Repository/Login_registration/input_in_login'

2018-03-26 09:23:50 - [TEST_STEP][PASSED] - delay: Delayed 1 second(s)

2018-03-26 09:23:51 - [MESSAGE][PASSED] - Delayed 1 second(s)

2018-03-26 09:23:51 - [TEST_STEP][PASSED] - click: Object: 'Object Repository/Login_registration/div_Forgot password' is clicked on

2018-03-26 09:23:51 - [MESSAGE][PASSED] - Object: 'Object Repository/Login_registration/div_Forgot password' is clicked on

2018-03-26 09:23:51 - [TEST_STEP][PASSED] - delay: Delayed 1 second(s)

2018-03-26 09:23:52 - [MESSAGE][PASSED] - Delayed 1 second(s)

2018-03-26 09:23:52 - [TEST_STEP][PASSED] - setText: Text '111111' is set on object 'Object Repository/Login_registration/input_in_key_password_recover'

2018-03-26 09:23:52 - [MESSAGE][PASSED] - Text '111111' is set on object 'Object Repository/Login_registration/input_in_key_password_recover'

2018-03-26 09:23:52 - [TEST_STEP][PASSED] - setText: Text '111111' is set on object 'Object Repository/Login_registration/input_in_password_new'

2018-03-26 09:23:52 - [MESSAGE][PASSED] - Text '111111' is set on object 'Object Repository/Login_registration/input_in_password_new'

2018-03-26 09:23:52 - [TEST_STEP][PASSED] - setText: Text '1111111' is set on object 'Object Repository/Login_registration/input_in_password_confirm'

2018-03-26 09:23:53 - [MESSAGE][PASSED] - Text '1111111' is set on object 'Object Repository/Login_registration/input_in_password_confirm'

2018-03-26 09:23:53 - [TEST_STEP][PASSED] - click: Object: 'Object Repository/Login_registration/button_LOG IN_recover_password' is clicked on

2018-03-26 09:23:53 - [MESSAGE][PASSED] - Object: 'Object Repository/Login_registration/button_LOG IN_recover_password' is clicked on

2018-03-26 09:23:53 - [TEST_STEP][PASSED] - waitForElementPresent: Object 'Object Repository/Login_registration/Error_message_Key entered incorrectly' is not present after 5 second(s)

2018-03-26 09:23:58 - [MESSAGE][WARNING] - Object 'Object Repository/Login_registration/Error_message_Key entered incorrectly' is not present after 5 second(s)

2018-03-26 09:23:58 - [TEST_STEP][PASSED] - closeBrowser: Browser is closed

2018-03-26 09:23:59 - [MESSAGE][PASSED] - Browser is closed]]></system-out>
         <system-err><![CDATA[]]></system-err>
      </testcase>
      <testcase name="Test Cases/Login_Registration_Test_Cases/Login_Reg-Registration using valid Nick and Mail" classname="Test Cases/Login_Registration_Test_Cases/Login_Reg-Registration using valid Nick and Mail" status="PASSED">
         <system-out><![CDATA[2018-03-26 09:23:59 - [TEST_CASE][PASSED] - Test Cases/Login_Registration_Test_Cases/Login_Reg-Registration using valid Nick and Mail: Test Cases/Login_Registration_Test_Cases/Login_Reg-Registration using valid Nick and Mail

2018-03-26 09:23:59 - [TEST_STEP][PASSED] - openBrowser: Browser is opened with url: ''

2018-03-26 09:24:01 - [MESSAGE][PASSED] - Browser is opened with url: ''

2018-03-26 09:24:01 - [TEST_STEP][PASSED] - navigateToUrl: Navigate to 'https://www.route-report.com/' successfully

2018-03-26 09:24:06 - [MESSAGE][PASSED] - Navigate to 'https://www.route-report.com/' successfully

2018-03-26 09:24:06 - [TEST_STEP][PASSED] - maximizeWindow: Current window maximized

2018-03-26 09:24:07 - [MESSAGE][PASSED] - Current window maximized

2018-03-26 09:24:07 - [TEST_STEP][PASSED] - click: Object: 'Object Repository/Login_registration/span_Login' is clicked on

2018-03-26 09:24:07 - [MESSAGE][PASSED] - Object: 'Object Repository/Login_registration/span_Login' is clicked on

2018-03-26 09:24:07 - [TEST_STEP][PASSED] - Statement - x = org.apache.commons.lang.RandomStringUtils.randomNumeric(8): null

2018-03-26 09:24:07 - [TEST_STEP][PASSED] - setText: Text '16458618' is set on object 'Object Repository/Login_registration/input_in_nickname'

2018-03-26 09:24:08 - [MESSAGE][PASSED] - Text '16458618' is set on object 'Object Repository/Login_registration/input_in_nickname'

2018-03-26 09:24:08 - [TEST_STEP][PASSED] - setText: Text '16458618@randommail.com' is set on object 'Object Repository/Login_registration/input_in_email_registration_field'

2018-03-26 09:24:09 - [MESSAGE][PASSED] - Text '16458618@randommail.com' is set on object 'Object Repository/Login_registration/input_in_email_registration_field'

2018-03-26 09:24:09 - [TEST_STEP][PASSED] - click: Object: 'Object Repository/Login_registration/button_SIGN UP' is clicked on

2018-03-26 09:24:09 - [MESSAGE][PASSED] - Object: 'Object Repository/Login_registration/button_SIGN UP' is clicked on

2018-03-26 09:24:09 - [TEST_STEP][PASSED] - waitForElementPresent: Object 'Object Repository/Login_registration/span_My spoken languages' is not present after 5 second(s)

2018-03-26 09:24:14 - [MESSAGE][WARNING] - Object 'Object Repository/Login_registration/span_My spoken languages' is not present after 5 second(s)

2018-03-26 09:24:14 - [TEST_STEP][PASSED] - verifyElementText: Actual text and expected text of test object 'Object Repository/Login_registration/span_mail_field_account' are matched.

2018-03-26 09:24:14 - [MESSAGE][PASSED] - Actual text and expected text of test object 'Object Repository/Login_registration/span_mail_field_account' are matched.

2018-03-26 09:24:14 - [TEST_STEP][PASSED] - closeBrowser: Browser is closed

2018-03-26 09:24:15 - [MESSAGE][PASSED] - Browser is closed]]></system-out>
         <system-err><![CDATA[]]></system-err>
      </testcase>
      <testcase name="Test Cases/Login_Registration_Test_Cases/Login_Reg-Entering a non-valid nickname" classname="Test Cases/Login_Registration_Test_Cases/Login_Reg-Entering a non-valid nickname" status="PASSED">
         <system-out><![CDATA[2018-03-26 09:24:15 - [TEST_CASE][PASSED] - Test Cases/Login_Registration_Test_Cases/Login_Reg-Entering a non-valid nickname: Test Cases/Login_Registration_Test_Cases/Login_Reg-Entering a non-valid nickname

2018-03-26 09:24:15 - [TEST_STEP][PASSED] - openBrowser: Browser is opened with url: ''

2018-03-26 09:24:18 - [MESSAGE][PASSED] - Browser is opened with url: ''

2018-03-26 09:24:18 - [TEST_STEP][PASSED] - navigateToUrl: Navigate to 'https://www.route-report.com/' successfully

2018-03-26 09:24:21 - [MESSAGE][PASSED] - Navigate to 'https://www.route-report.com/' successfully

2018-03-26 09:24:21 - [TEST_STEP][PASSED] - maximizeWindow: Current window maximized

2018-03-26 09:24:22 - [MESSAGE][PASSED] - Current window maximized

2018-03-26 09:24:22 - [TEST_STEP][PASSED] - click: Object: 'Object Repository/Login_registration/span_Login' is clicked on

2018-03-26 09:24:22 - [MESSAGE][PASSED] - Object: 'Object Repository/Login_registration/span_Login' is clicked on

2018-03-26 09:24:22 - [TEST_STEP][PASSED] - setText: Text 'kajsghfja@^&%#$роывпа' is set on object 'Object Repository/Login_registration/input_in_nickname'

2018-03-26 09:24:23 - [MESSAGE][PASSED] - Text 'kajsghfja@^&%#$роывпа' is set on object 'Object Repository/Login_registration/input_in_nickname'

2018-03-26 09:24:23 - [TEST_STEP][PASSED] - waitForElementPresent: Object 'Object Repository/Login_registration/Error_message_non_valid_nick_or_mail' is present

2018-03-26 09:24:23 - [MESSAGE][WARNING] - Timeout '0' is invalid. Using default page load timeout: '30'

2018-03-26 09:24:25 - [MESSAGE][PASSED] - Object 'Object Repository/Login_registration/Error_message_non_valid_nick_or_mail' is present

2018-03-26 09:24:25 - [TEST_STEP][PASSED] - closeBrowser: Browser is closed

2018-03-26 09:24:26 - [MESSAGE][PASSED] - Browser is closed]]></system-out>
         <system-err><![CDATA[]]></system-err>
      </testcase>
      <testcase name="Test Cases/Login_Registration_Test_Cases/Login_Reg-Entering non-valid mail" classname="Test Cases/Login_Registration_Test_Cases/Login_Reg-Entering non-valid mail" status="PASSED">
         <system-out><![CDATA[2018-03-26 09:24:26 - [TEST_CASE][PASSED] - Test Cases/Login_Registration_Test_Cases/Login_Reg-Entering non-valid mail: Test Cases/Login_Registration_Test_Cases/Login_Reg-Entering non-valid mail

2018-03-26 09:24:26 - [TEST_STEP][PASSED] - openBrowser: Browser is opened with url: ''

2018-03-26 09:24:29 - [MESSAGE][PASSED] - Browser is opened with url: ''

2018-03-26 09:24:29 - [TEST_STEP][PASSED] - navigateToUrl: Navigate to 'https://www.route-report.com/' successfully

2018-03-26 09:24:33 - [MESSAGE][PASSED] - Navigate to 'https://www.route-report.com/' successfully

2018-03-26 09:24:33 - [TEST_STEP][PASSED] - maximizeWindow: Current window maximized

2018-03-26 09:24:34 - [MESSAGE][PASSED] - Current window maximized

2018-03-26 09:24:34 - [TEST_STEP][PASSED] - click: Object: 'Object Repository/Login_registration/span_Login' is clicked on

2018-03-26 09:24:35 - [MESSAGE][PASSED] - Object: 'Object Repository/Login_registration/span_Login' is clicked on

2018-03-26 09:24:35 - [TEST_STEP][PASSED] - setText: Text 'nickname' is set on object 'Object Repository/Login_registration/input_in_nickname'

2018-03-26 09:24:35 - [MESSAGE][PASSED] - Text 'nickname' is set on object 'Object Repository/Login_registration/input_in_nickname'

2018-03-26 09:24:35 - [TEST_STEP][PASSED] - setText: Text 'kajsghfja@^&%#$роывпа' is set on object 'Object Repository/Login_registration/input_in_email_registration_field'

2018-03-26 09:24:36 - [MESSAGE][PASSED] - Text 'kajsghfja@^&%#$роывпа' is set on object 'Object Repository/Login_registration/input_in_email_registration_field'

2018-03-26 09:24:36 - [TEST_STEP][PASSED] - waitForElementPresent: Object 'Object Repository/Login_registration/Error_message_non_valid_nick_or_mail' is not present after 1 second(s)

2018-03-26 09:24:37 - [MESSAGE][WARNING] - Object 'Object Repository/Login_registration/Error_message_non_valid_nick_or_mail' is not present after 1 second(s)

2018-03-26 09:24:37 - [TEST_STEP][PASSED] - closeBrowser: Browser is closed

2018-03-26 09:24:38 - [MESSAGE][PASSED] - Browser is closed]]></system-out>
         <system-err><![CDATA[]]></system-err>
      </testcase>
      <testcase name="Test Cases/Login_Registration_Test_Cases/Login_Reg-Registration without Mail" classname="Test Cases/Login_Registration_Test_Cases/Login_Reg-Registration without Mail" status="PASSED">
         <system-out><![CDATA[2018-03-26 09:24:38 - [TEST_CASE][PASSED] - Test Cases/Login_Registration_Test_Cases/Login_Reg-Registration without Mail: Test Cases/Login_Registration_Test_Cases/Login_Reg-Registration without Mail

2018-03-26 09:24:38 - [TEST_STEP][PASSED] - openBrowser: Browser is opened with url: ''

2018-03-26 09:24:40 - [MESSAGE][PASSED] - Browser is opened with url: ''

2018-03-26 09:24:40 - [TEST_STEP][PASSED] - navigateToUrl: Navigate to 'https://www.route-report.com/' successfully

2018-03-26 09:24:44 - [MESSAGE][PASSED] - Navigate to 'https://www.route-report.com/' successfully

2018-03-26 09:24:44 - [TEST_STEP][PASSED] - maximizeWindow: Current window maximized

2018-03-26 09:24:45 - [MESSAGE][PASSED] - Current window maximized

2018-03-26 09:24:45 - [TEST_STEP][PASSED] - click: Object: 'Object Repository/Login_registration/span_Login' is clicked on

2018-03-26 09:24:45 - [MESSAGE][PASSED] - Object: 'Object Repository/Login_registration/span_Login' is clicked on

2018-03-26 09:24:45 - [TEST_STEP][PASSED] - setText: Text 'nickname' is set on object 'Object Repository/Login_registration/input_in_nickname'

2018-03-26 09:24:46 - [MESSAGE][PASSED] - Text 'nickname' is set on object 'Object Repository/Login_registration/input_in_nickname'

2018-03-26 09:24:46 - [TEST_STEP][PASSED] - waitForElementPresent: Object 'Object Repository/Login_registration/Error_message_non_valid_nick_or_mail' is not present after 1 second(s)

2018-03-26 09:24:47 - [MESSAGE][WARNING] - Object 'Object Repository/Login_registration/Error_message_non_valid_nick_or_mail' is not present after 1 second(s)

2018-03-26 09:24:47 - [TEST_STEP][PASSED] - closeBrowser: Browser is closed

2018-03-26 09:24:48 - [MESSAGE][PASSED] - Browser is closed]]></system-out>
         <system-err><![CDATA[]]></system-err>
      </testcase>
      <testcase name="Test Cases/Login_Registration_Test_Cases/Login_Reg-Registration without Nickname" classname="Test Cases/Login_Registration_Test_Cases/Login_Reg-Registration without Nickname" status="PASSED">
         <system-out><![CDATA[2018-03-26 09:24:48 - [TEST_CASE][PASSED] - Test Cases/Login_Registration_Test_Cases/Login_Reg-Registration without Nickname: Test Cases/Login_Registration_Test_Cases/Login_Reg-Registration without Nickname

2018-03-26 09:24:48 - [TEST_STEP][PASSED] - openBrowser: Browser is opened with url: ''

2018-03-26 09:24:51 - [MESSAGE][PASSED] - Browser is opened with url: ''

2018-03-26 09:24:51 - [TEST_STEP][PASSED] - navigateToUrl: Navigate to 'https://www.route-report.com/' successfully

2018-03-26 09:24:54 - [MESSAGE][PASSED] - Navigate to 'https://www.route-report.com/' successfully

2018-03-26 09:24:54 - [TEST_STEP][PASSED] - maximizeWindow: Current window maximized

2018-03-26 09:24:55 - [MESSAGE][PASSED] - Current window maximized

2018-03-26 09:24:55 - [TEST_STEP][PASSED] - click: Object: 'Object Repository/Login_registration/span_Login' is clicked on

2018-03-26 09:24:55 - [MESSAGE][PASSED] - Object: 'Object Repository/Login_registration/span_Login' is clicked on

2018-03-26 09:24:55 - [TEST_STEP][PASSED] - setText: Text 'mailwichdoesnotexist@mailwichdoesnotexist.com' is set on object 'Object Repository/Login_registration/input_in_email_registration_field'

2018-03-26 09:24:56 - [MESSAGE][PASSED] - Text 'mailwichdoesnotexist@mailwichdoesnotexist.com' is set on object 'Object Repository/Login_registration/input_in_email_registration_field'

2018-03-26 09:24:56 - [TEST_STEP][PASSED] - click: Object: 'Object Repository/Login_registration/button_SIGN UP' is clicked on

2018-03-26 09:24:57 - [MESSAGE][PASSED] - Object: 'Object Repository/Login_registration/button_SIGN UP' is clicked on

2018-03-26 09:24:57 - [TEST_STEP][PASSED] - waitForElementPresent: Object 'Object Repository/Login_registration/Error_message_non_valid_nick_or_mail' is not present after 1 second(s)

2018-03-26 09:24:58 - [MESSAGE][WARNING] - Object 'Object Repository/Login_registration/Error_message_non_valid_nick_or_mail' is not present after 1 second(s)

2018-03-26 09:24:58 - [TEST_STEP][PASSED] - closeBrowser: Browser is closed

2018-03-26 09:24:59 - [MESSAGE][PASSED] - Browser is closed]]></system-out>
         <system-err><![CDATA[]]></system-err>
      </testcase>
      <system-out><![CDATA[2018-03-26 09:21:55 - [TEST_SUITE][PASSED] - Login_Registration: Test Cases/Login_Registration_Test_Cases/Login_Reg-Registration without Nickname]]></system-out>
      <system-err><![CDATA[]]></system-err>
   </testsuite>
</testsuites>
