<?xml version="1.0" encoding="UTF-8"?>
<testsuites name="Add_report" time="606" tests="4" failures="0" errors="0">
   <testsuite name="Add_report" tests="4" failures="0" errors="0" time="606" timestamp="2018-04-03 10:21:08" hostname="user - BrainPc" id="Test Suites/Add_report">
      <properties>
         <property name="deviceName" value=""/>
         <property name="devicePlatform" value=""/>
         <property name="logFolder" value="C:\\Users\\user\\Katalon Studio\\Route_report_WEB\\Reports\\Add_report\\20180403_102101"/>
         <property name="logFiles" value="C:\\Users\\user\\Katalon Studio\\Route_report_WEB\\Reports\\Add_report\\20180403_102101\\execution0.log"/>
         <property name="attachments" value=""/>
         <property name="hostName" value="user - BrainPc"/>
         <property name="os" value="Windows 8.1 64bit"/>
         <property name="katalonVersion" value="5.3.1.1"/>
         <property name="browser" value="Chrome 65.0.3325.181"/>
         <property name="hostAddress" value="192.168.137.2"/>
         <property name="sessionId" value="67c3da7140f3a76994ea8850566608b4"/>
         <property name="seleniumVersion" value="3.7.1"/>
         <property name="proxyInformation" value="ProxyInformation{proxyOption=NO_PROXY, proxyServerType=HTTP, password=, proxyServerAddress=, proxyServerPort=0}"/>
         <property name="platform" value="Windows 8.1"/>
      </properties>
      <testcase name="Test Cases/Create_report/Step_1" classname="Test Cases/Create_report/Step_1" status="PASSED">
         <system-out><![CDATA[2018-04-03 10:21:08 - [TEST_CASE][PASSED] - Test Cases/Create_report/Step_1: Test Cases/Create_report/Step_1

2018-04-03 10:21:09 - [TEST_STEP][PASSED] - openBrowser: Browser is opened with url: ''

2018-04-03 10:21:12 - [MESSAGE][PASSED] - Browser is opened with url: ''

2018-04-03 10:21:12 - [TEST_STEP][PASSED] - navigateToUrl: Navigate to 'https://www.route-report.com/' successfully

2018-04-03 10:21:15 - [MESSAGE][PASSED] - Navigate to 'https://www.route-report.com/' successfully

2018-04-03 10:21:15 - [TEST_STEP][PASSED] - maximizeWindow: Current window maximized

2018-04-03 10:21:16 - [MESSAGE][PASSED] - Current window maximized

2018-04-03 10:21:16 - [TEST_STEP][PASSED] - Statement - mail = "rostyslav.biliaiev@route-report.com": null

2018-04-03 10:21:16 - [TEST_STEP][PASSED] - Statement - pass = "111111": null

2018-04-03 10:21:16 - [TEST_STEP][PASSED] - Statement - bigtext = org.apache.commons.lang.RandomStringUtils.randomNumeric(2000): null

2018-04-03 10:21:16 - [TEST_STEP][PASSED] - Statement - mydate = new java.util.Date(): null

2018-04-03 10:21:16 - [TEST_STEP][PASSED] - Statement - formattedDate = mydate.format("MMdd"): null

2018-04-03 10:21:16 - [TEST_STEP][PASSED] - Statement - dateHour = mydate.format("HHmmss"): null

2018-04-03 10:21:16 - [TEST_STEP][PASSED] - Statement - x = "_date_" + formattedDate + "_time_" + dateHour: null

2018-04-03 10:21:16 - [TEST_STEP][PASSED] - Statement - title = "Automated test was executed" + x: null

2018-04-03 10:21:16 - [TEST_STEP][PASSED] - Statement - authors_text = "Text from authors Text from authors Text from authors Text from authors Text from authors Text from authors Text from authors Text from authors Text from authors ": null

2018-04-03 10:21:16 - [TEST_STEP][PASSED] - Statement - youtube = "https://youtu.be/2VjmdTtcEQE": null

2018-04-03 10:21:16 - [TEST_STEP][PASSED] - click: Object: 'Object Repository/Login_registration/span_Login' is clicked on

2018-04-03 10:21:16 - [MESSAGE][PASSED] - Object: 'Object Repository/Login_registration/span_Login' is clicked on

2018-04-03 10:21:16 - [TEST_STEP][PASSED] - setText: Text 'rostyslav.biliaiev@route-report.com' is set on object 'Object Repository/Login_registration/input_in_login'

2018-04-03 10:21:17 - [MESSAGE][PASSED] - Text 'rostyslav.biliaiev@route-report.com' is set on object 'Object Repository/Login_registration/input_in_login'

2018-04-03 10:21:17 - [TEST_STEP][PASSED] - setText: Text '111111' is set on object 'Object Repository/Login_registration/input_in_password'

2018-04-03 10:21:18 - [MESSAGE][PASSED] - Text '111111' is set on object 'Object Repository/Login_registration/input_in_password'

2018-04-03 10:21:18 - [TEST_STEP][PASSED] - click: Object: 'Object Repository/Login_registration/button_LOG IN' is clicked on

2018-04-03 10:21:18 - [MESSAGE][PASSED] - Object: 'Object Repository/Login_registration/button_LOG IN' is clicked on

2018-04-03 10:21:18 - [TEST_STEP][PASSED] - verifyElementPresent: Object 'Object Repository/Login_registration/span_My spoken languages' is present

2018-04-03 10:21:22 - [MESSAGE][PASSED] - Object 'Object Repository/Login_registration/span_My spoken languages' is present

2018-04-03 10:21:22 - [TEST_STEP][PASSED] - delay: Delayed 2 second(s)

2018-04-03 10:21:24 - [MESSAGE][PASSED] - Delayed 2 second(s)

2018-04-03 10:21:24 - [TEST_STEP][PASSED] - click: Object: 'Object Repository/Step_1/but_Open_draft' is clicked on

2018-04-03 10:21:24 - [MESSAGE][PASSED] - Object: 'Object Repository/Step_1/but_Open_draft' is clicked on

2018-04-03 10:21:24 - [TEST_STEP][PASSED] - waitForElementVisible: Object 'Object Repository/Step_1/ver_popup_My_drafts_shows' is visible

2018-04-03 10:21:26 - [MESSAGE][PASSED] - Object 'Object Repository/Step_1/ver_popup_My_drafts_shows' is visible

2018-04-03 10:21:26 - [TEST_STEP][PASSED] - delay: Delayed 2 second(s)

2018-04-03 10:21:28 - [MESSAGE][PASSED] - Delayed 2 second(s)

2018-04-03 10:21:28 - [TEST_STEP][PASSED] - click: Object: 'Object Repository/Step_1/but_Create_New_report' is clicked on

2018-04-03 10:21:33 - [MESSAGE][PASSED] - Object: 'Object Repository/Step_1/but_Create_New_report' is clicked on

2018-04-03 10:21:33 - [TEST_STEP][PASSED] - delay: Delayed 3 second(s)

2018-04-03 10:21:36 - [MESSAGE][PASSED] - Delayed 3 second(s)

2018-04-03 10:21:36 - [TEST_STEP][PASSED] - switchToWindowTitle: Switched to window with title: 'Write report - Route Report'

2018-04-03 10:21:37 - [MESSAGE][PASSED] - Switched to window with title: 'Write report - Route Report'

2018-04-03 10:21:37 - [TEST_STEP][PASSED] - waitForElementVisible: Object 'Object Repository/Step_1/ver_Popup_select_types_date' is visible

2018-04-03 10:21:37 - [MESSAGE][PASSED] - Object 'Object Repository/Step_1/ver_Popup_select_types_date' is visible

2018-04-03 10:21:37 - [TEST_STEP][PASSED] - click: Object: 'Object Repository/Step_1/but_Language_DE' is clicked on

2018-04-03 10:21:37 - [MESSAGE][PASSED] - Object: 'Object Repository/Step_1/but_Language_DE' is clicked on

2018-04-03 10:21:37 - [TEST_STEP][PASSED] - click: Object: 'Object Repository/Step_1/select_date_From' is clicked on

2018-04-03 10:21:37 - [MESSAGE][PASSED] - Object: 'Object Repository/Step_1/select_date_From' is clicked on

2018-04-03 10:21:37 - [TEST_STEP][PASSED] - selectOptionByIndex: All options with index in [1] are selected on object 'Object Repository/Payments/select_month'

2018-04-03 10:21:37 - [MESSAGE][PASSED] - All options with index in [1] are selected on object 'Object Repository/Payments/select_month'

2018-04-03 10:21:37 - [TEST_STEP][PASSED] - delay: Delayed 1 second(s)

2018-04-03 10:21:38 - [MESSAGE][PASSED] - Delayed 1 second(s)

2018-04-03 10:21:38 - [TEST_STEP][PASSED] - click: Object: 'Object Repository/Step_1/Set_date_1' is clicked on

2018-04-03 10:21:39 - [MESSAGE][PASSED] - Object: 'Object Repository/Step_1/Set_date_1' is clicked on

2018-04-03 10:21:39 - [TEST_STEP][PASSED] - click: Object: 'Object Repository/Step_1/select_date_To' is clicked on

2018-04-03 10:21:39 - [MESSAGE][PASSED] - Object: 'Object Repository/Step_1/select_date_To' is clicked on

2018-04-03 10:21:39 - [TEST_STEP][PASSED] - delay: Delayed 1 second(s)

2018-04-03 10:21:40 - [MESSAGE][PASSED] - Delayed 1 second(s)

2018-04-03 10:21:40 - [TEST_STEP][PASSED] - click: Object: 'Object Repository/Step_1/Set_date_3' is clicked on

2018-04-03 10:21:40 - [MESSAGE][PASSED] - Object: 'Object Repository/Step_1/Set_date_3' is clicked on

2018-04-03 10:21:40 - [TEST_STEP][PASSED] - click: Object: 'Object Repository/Step_1/Set_Type_OTHER' is clicked on

2018-04-03 10:21:41 - [MESSAGE][PASSED] - Object: 'Object Repository/Step_1/Set_Type_OTHER' is clicked on

2018-04-03 10:21:41 - [TEST_STEP][PASSED] - waitForElementVisible: Object 'Object Repository/Step_1/ver_List_of_kinds' is visible

2018-04-03 10:21:41 - [MESSAGE][PASSED] - Object 'Object Repository/Step_1/ver_List_of_kinds' is visible

2018-04-03 10:21:41 - [TEST_STEP][PASSED] - click: Object: 'Object Repository/Step_1/Set_kind_Art(museums)' is clicked on

2018-04-03 10:21:41 - [MESSAGE][PASSED] - Object: 'Object Repository/Step_1/Set_kind_Art(museums)' is clicked on

2018-04-03 10:21:41 - [TEST_STEP][PASSED] - click: Object: 'Object Repository/Step_1/but_OK_in_popup_select_types_and_date' is clicked on

2018-04-03 10:21:41 - [MESSAGE][PASSED] - Object: 'Object Repository/Step_1/but_OK_in_popup_select_types_and_date' is clicked on

2018-04-03 10:21:41 - [TEST_STEP][PASSED] - setText: Text 'Automated test was executed_date_0403_time_102116' is set on object 'Object Repository/Step_1/input_Title_of_report_field'

2018-04-03 10:21:42 - [MESSAGE][PASSED] - Text 'Automated test was executed_date_0403_time_102116' is set on object 'Object Repository/Step_1/input_Title_of_report_field'

2018-04-03 10:21:42 - [TEST_STEP][PASSED] - setText: Text 'Text from authors Text from authors Text from authors Text from authors Text from authors Text from authors Text from authors Text from authors Text from authors ' is set on object 'Object Repository/Step_1/input_Text_from_author'

2018-04-03 10:21:43 - [MESSAGE][PASSED] - Text 'Text from authors Text from authors Text from authors Text from authors Text from authors Text from authors Text from authors Text from authors Text from authors ' is set on object 'Object Repository/Step_1/input_Text_from_author'

2018-04-03 10:21:43 - [TEST_STEP][PASSED] - uploadFile: File 'D:\test-photo.jpg' sent to object: 'Object Repository/Step_1/but_Add_main_photo'

2018-04-03 10:21:43 - [MESSAGE][PASSED] - File 'D:\test-photo.jpg' sent to object: 'Object Repository/Step_1/but_Add_main_photo'

2018-04-03 10:21:43 - [TEST_STEP][PASSED] - waitForElementVisible: Object 'Object Repository/Step_1/but_save_adde_photo' is visible

2018-04-03 10:21:48 - [MESSAGE][PASSED] - Object 'Object Repository/Step_1/but_save_adde_photo' is visible

2018-04-03 10:21:48 - [TEST_STEP][PASSED] - click: Object: 'Object Repository/Step_1/but_save_adde_photo' is clicked on

2018-04-03 10:21:48 - [MESSAGE][PASSED] - Object: 'Object Repository/Step_1/but_save_adde_photo' is clicked on

2018-04-03 10:21:48 - [TEST_STEP][PASSED] - delay: Delayed 2 second(s)

2018-04-03 10:21:50 - [MESSAGE][PASSED] - Delayed 2 second(s)

2018-04-03 10:21:50 - [TEST_STEP][PASSED] - click: Object: 'Object Repository/Step_1/but_open_map(Start)' is clicked on

2018-04-03 10:21:50 - [MESSAGE][PASSED] - Object: 'Object Repository/Step_1/but_open_map(Start)' is clicked on

2018-04-03 10:21:50 - [TEST_STEP][PASSED] - waitForElementVisible: Object 'Object Repository/Step_1/but_Start(popup_on_the_map)' is visible

2018-04-03 10:21:51 - [MESSAGE][PASSED] - Object 'Object Repository/Step_1/but_Start(popup_on_the_map)' is visible

2018-04-03 10:21:51 - [TEST_STEP][PASSED] - click: Object: 'Object Repository/Step_1/but_Start(popup_on_the_map)' is clicked on

2018-04-03 10:21:51 - [MESSAGE][PASSED] - Object: 'Object Repository/Step_1/but_Start(popup_on_the_map)' is clicked on

2018-04-03 10:21:51 - [TEST_STEP][PASSED] - delay: Delayed 2 second(s)

2018-04-03 10:21:53 - [MESSAGE][PASSED] - Delayed 2 second(s)

2018-04-03 10:21:53 - [TEST_STEP][PASSED] - setText: Text 'London' is set on object 'Object Repository/Map/input_Search_field'

2018-04-03 10:21:53 - [MESSAGE][PASSED] - Text 'London' is set on object 'Object Repository/Map/input_Search_field'

2018-04-03 10:21:53 - [TEST_STEP][PASSED] - click: Object: 'Object Repository/Map/Select_London' is clicked on

2018-04-03 10:21:54 - [MESSAGE][PASSED] - Object: 'Object Repository/Map/Select_London' is clicked on

2018-04-03 10:21:54 - [TEST_STEP][PASSED] - waitForElementVisible: Object 'Object Repository/Map/ver_pop_waypoint_shows' is visible

2018-04-03 10:21:55 - [MESSAGE][PASSED] - Object 'Object Repository/Map/ver_pop_waypoint_shows' is visible

2018-04-03 10:21:55 - [TEST_STEP][PASSED] - delay: Delayed 1 second(s)

2018-04-03 10:21:56 - [MESSAGE][PASSED] - Delayed 1 second(s)

2018-04-03 10:21:56 - [TEST_STEP][PASSED] - click: Object: 'Object Repository/Map/but_Edit_waypoint_name' is clicked on

2018-04-03 10:21:56 - [MESSAGE][PASSED] - Object: 'Object Repository/Map/but_Edit_waypoint_name' is clicked on

2018-04-03 10:21:56 - [TEST_STEP][PASSED] - delay: Delayed 1 second(s)

2018-04-03 10:21:57 - [MESSAGE][PASSED] - Delayed 1 second(s)

2018-04-03 10:21:57 - [TEST_STEP][PASSED] - setText: Text 'Testcityname' is set on object 'Object Repository/Map/input_City_name_waypint'

2018-04-03 10:21:58 - [MESSAGE][PASSED] - Text 'Testcityname' is set on object 'Object Repository/Map/input_City_name_waypint'

2018-04-03 10:21:58 - [TEST_STEP][PASSED] - click: Object: 'Object Repository/Map/select_waypoint_Day' is clicked on

2018-04-03 10:21:58 - [MESSAGE][PASSED] - Object: 'Object Repository/Map/select_waypoint_Day' is clicked on

2018-04-03 10:21:58 - [TEST_STEP][PASSED] - click: Object: 'Object Repository/Map/select_waypoint_Day_1' is clicked on

2018-04-03 10:21:58 - [MESSAGE][PASSED] - Object: 'Object Repository/Map/select_waypoint_Day_1' is clicked on

2018-04-03 10:21:58 - [TEST_STEP][PASSED] - click: Object: 'Object Repository/Map/but_Save_waypoint' is clicked on

2018-04-03 10:21:58 - [MESSAGE][PASSED] - Object: 'Object Repository/Map/but_Save_waypoint' is clicked on

2018-04-03 10:21:58 - [TEST_STEP][PASSED] - delay: Delayed 3 second(s)

2018-04-03 10:22:01 - [MESSAGE][PASSED] - Delayed 3 second(s)

2018-04-03 10:22:01 - [TEST_STEP][PASSED] - click: Object: 'Object Repository/Map/but_Delete_waypoint' is clicked on

2018-04-03 10:22:01 - [MESSAGE][PASSED] - Object: 'Object Repository/Map/but_Delete_waypoint' is clicked on

2018-04-03 10:22:01 - [TEST_STEP][PASSED] - waitForElementVisible: Object 'Object Repository/Step_1/but_Start(popup_on_the_map)' is visible

2018-04-03 10:22:01 - [MESSAGE][PASSED] - Object 'Object Repository/Step_1/but_Start(popup_on_the_map)' is visible

2018-04-03 10:22:01 - [TEST_STEP][PASSED] - delay: Delayed 1 second(s)

2018-04-03 10:22:02 - [MESSAGE][PASSED] - Delayed 1 second(s)

2018-04-03 10:22:02 - [TEST_STEP][PASSED] - click: Object: 'Object Repository/Step_1/but_Start(popup_on_the_map)' is clicked on

2018-04-03 10:22:03 - [MESSAGE][PASSED] - Object: 'Object Repository/Step_1/but_Start(popup_on_the_map)' is clicked on

2018-04-03 10:22:03 - [TEST_STEP][PASSED] - delay: Delayed 3 second(s)

2018-04-03 10:22:06 - [MESSAGE][PASSED] - Delayed 3 second(s)

2018-04-03 10:22:06 - [TEST_STEP][PASSED] - clickOffset: Object: 'Object Repository/Map/input_Search_field' is clicked on using offset x=500 and y=200

2018-04-03 10:22:06 - [MESSAGE][PASSED] - Object: 'Object Repository/Map/input_Search_field' is clicked on using offset x=500 and y=200

2018-04-03 10:22:06 - [TEST_STEP][PASSED] - waitForElementVisible: Object 'Object Repository/Map/ver_pop_waypoint_shows' is visible

2018-04-03 10:22:07 - [MESSAGE][PASSED] - Object 'Object Repository/Map/ver_pop_waypoint_shows' is visible

2018-04-03 10:22:07 - [TEST_STEP][PASSED] - delay: Delayed 1 second(s)

2018-04-03 10:22:08 - [MESSAGE][PASSED] - Delayed 1 second(s)

2018-04-03 10:22:08 - [TEST_STEP][PASSED] - click: Object: 'Object Repository/Map/select_waypoint_Day' is clicked on

2018-04-03 10:22:08 - [MESSAGE][PASSED] - Object: 'Object Repository/Map/select_waypoint_Day' is clicked on

2018-04-03 10:22:08 - [TEST_STEP][PASSED] - delay: Delayed 1 second(s)

2018-04-03 10:22:09 - [MESSAGE][PASSED] - Delayed 1 second(s)

2018-04-03 10:22:09 - [TEST_STEP][PASSED] - click: Object: 'Object Repository/Map/select_waypoint_Day_1' is clicked on

2018-04-03 10:22:09 - [MESSAGE][PASSED] - Object: 'Object Repository/Map/select_waypoint_Day_1' is clicked on

2018-04-03 10:22:09 - [TEST_STEP][PASSED] - delay: Delayed 1 second(s)

2018-04-03 10:22:10 - [MESSAGE][PASSED] - Delayed 1 second(s)

2018-04-03 10:22:10 - [TEST_STEP][PASSED] - clickOffset: Object: 'Object Repository/Map/input_Search_field' is clicked on using offset x=400 and y=300

2018-04-03 10:22:11 - [MESSAGE][PASSED] - Object: 'Object Repository/Map/input_Search_field' is clicked on using offset x=400 and y=300

2018-04-03 10:22:11 - [TEST_STEP][PASSED] - delay: Delayed 1 second(s)

2018-04-03 10:22:12 - [MESSAGE][PASSED] - Delayed 1 second(s)

2018-04-03 10:22:12 - [TEST_STEP][PASSED] - waitForElementVisible: Object 'Object Repository/Map/ver_pop_waypoint_shows' is visible

2018-04-03 10:22:12 - [MESSAGE][PASSED] - Object 'Object Repository/Map/ver_pop_waypoint_shows' is visible

2018-04-03 10:22:12 - [TEST_STEP][PASSED] - click: Object: 'Object Repository/Map/select_waypoint_Day' is clicked on

2018-04-03 10:22:12 - [MESSAGE][PASSED] - Object: 'Object Repository/Map/select_waypoint_Day' is clicked on

2018-04-03 10:22:12 - [TEST_STEP][PASSED] - delay: Delayed 1 second(s)

2018-04-03 10:22:13 - [MESSAGE][PASSED] - Delayed 1 second(s)

2018-04-03 10:22:13 - [TEST_STEP][PASSED] - click: Object: 'Object Repository/Map/select_waypoint_Day_1' is clicked on

2018-04-03 10:22:13 - [MESSAGE][PASSED] - Object: 'Object Repository/Map/select_waypoint_Day_1' is clicked on

2018-04-03 10:22:13 - [TEST_STEP][PASSED] - delay: Delayed 1 second(s)

2018-04-03 10:22:14 - [MESSAGE][PASSED] - Delayed 1 second(s)

2018-04-03 10:22:14 - [TEST_STEP][PASSED] - clickOffset: Object: 'Object Repository/Map/input_Search_field' is clicked on using offset x=300 and y=300

2018-04-03 10:22:14 - [MESSAGE][PASSED] - Object: 'Object Repository/Map/input_Search_field' is clicked on using offset x=300 and y=300

2018-04-03 10:22:14 - [TEST_STEP][PASSED] - delay: Delayed 1 second(s)

2018-04-03 10:22:15 - [MESSAGE][PASSED] - Delayed 1 second(s)

2018-04-03 10:22:15 - [TEST_STEP][PASSED] - waitForElementVisible: Object 'Object Repository/Map/ver_pop_waypoint_shows' is visible

2018-04-03 10:22:16 - [MESSAGE][PASSED] - Object 'Object Repository/Map/ver_pop_waypoint_shows' is visible

2018-04-03 10:22:16 - [TEST_STEP][PASSED] - click: Object: 'Object Repository/Map/select_waypoint_Day' is clicked on

2018-04-03 10:22:16 - [MESSAGE][PASSED] - Object: 'Object Repository/Map/select_waypoint_Day' is clicked on

2018-04-03 10:22:16 - [TEST_STEP][PASSED] - delay: Delayed 1 second(s)

2018-04-03 10:22:17 - [MESSAGE][PASSED] - Delayed 1 second(s)

2018-04-03 10:22:17 - [TEST_STEP][PASSED] - click: Object: 'Object Repository/Map/select_waypoint_Day_3' is clicked on

2018-04-03 10:22:17 - [MESSAGE][PASSED] - Object: 'Object Repository/Map/select_waypoint_Day_3' is clicked on

2018-04-03 10:22:17 - [TEST_STEP][PASSED] - click: Object: 'Object Repository/Map/but_Close_Map' is clicked on

2018-04-03 10:22:17 - [MESSAGE][PASSED] - Object: 'Object Repository/Map/but_Close_Map' is clicked on

2018-04-03 10:22:17 - [TEST_STEP][PASSED] - click: Object: 'Object Repository/Step_1/but_Next(to_step_2)' is clicked on

2018-04-03 10:22:17 - [MESSAGE][PASSED] - Object: 'Object Repository/Step_1/but_Next(to_step_2)' is clicked on

2018-04-03 10:22:17 - [TEST_STEP][PASSED] - waitForElementVisible: Object 'Object Repository/Step_2/ver_Step_is_loaded' is visible

2018-04-03 10:22:18 - [MESSAGE][PASSED] - Object 'Object Repository/Step_2/ver_Step_is_loaded' is visible

2018-04-03 10:22:18 - [TEST_STEP][PASSED] - delay: Delayed 2 second(s)

2018-04-03 10:22:20 - [MESSAGE][PASSED] - Delayed 2 second(s)

2018-04-03 10:22:20 - [TEST_STEP][PASSED] - click: Object: 'Object Repository/Step_1/but_Save_draft' is clicked on

2018-04-03 10:22:21 - [MESSAGE][PASSED] - Object: 'Object Repository/Step_1/but_Save_draft' is clicked on

2018-04-03 10:22:21 - [TEST_STEP][PASSED] - waitForElementVisible: Object 'Object Repository/Step_1/ver_popup_report_was_saved' is visible

2018-04-03 10:22:22 - [MESSAGE][PASSED] - Object 'Object Repository/Step_1/ver_popup_report_was_saved' is visible

2018-04-03 10:22:22 - [TEST_STEP][PASSED] - closeBrowser: Browser is closed

2018-04-03 10:22:23 - [MESSAGE][PASSED] - Browser is closed]]></system-out>
         <system-err><![CDATA[]]></system-err>
      </testcase>
      <testcase name="Test Cases/Create_report/Step 2" classname="Test Cases/Create_report/Step 2" status="PASSED">
         <system-out><![CDATA[2018-04-03 10:22:23 - [TEST_CASE][PASSED] - Test Cases/Create_report/Step 2: Test Cases/Create_report/Step 2

2018-04-03 10:22:24 - [TEST_STEP][PASSED] - openBrowser: Browser is opened with url: ''

2018-04-03 10:22:26 - [MESSAGE][PASSED] - Browser is opened with url: ''

2018-04-03 10:22:26 - [TEST_STEP][PASSED] - navigateToUrl: Navigate to 'https://www.route-report.com/' successfully

2018-04-03 10:22:28 - [MESSAGE][PASSED] - Navigate to 'https://www.route-report.com/' successfully

2018-04-03 10:22:29 - [TEST_STEP][PASSED] - maximizeWindow: Current window maximized

2018-04-03 10:22:30 - [MESSAGE][PASSED] - Current window maximized

2018-04-03 10:22:30 - [TEST_STEP][PASSED] - Statement - mail = "rostyslav.biliaiev@route-report.com": null

2018-04-03 10:22:30 - [TEST_STEP][PASSED] - Statement - pass = "111111": null

2018-04-03 10:22:30 - [TEST_STEP][PASSED] - Statement - bigtext = org.apache.commons.lang.RandomStringUtils.randomNumeric(2000): null

2018-04-03 10:22:30 - [TEST_STEP][PASSED] - Statement - mydate = new java.util.Date(): null

2018-04-03 10:22:30 - [TEST_STEP][PASSED] - Statement - formattedDate = mydate.format("MMdd"): null

2018-04-03 10:22:30 - [TEST_STEP][PASSED] - Statement - dateHour = mydate.format("HHmmss"): null

2018-04-03 10:22:30 - [TEST_STEP][PASSED] - Statement - x = "_date_" + formattedDate + "_time_" + dateHour: null

2018-04-03 10:22:30 - [TEST_STEP][PASSED] - Statement - title = "Automated test was executed" + x: null

2018-04-03 10:22:30 - [TEST_STEP][PASSED] - Statement - authors_text = "Text from authors Text from authors Text from authors Text from authors Text from authors Text from authors Text from authors Text from authors Text from authors ": null

2018-04-03 10:22:30 - [TEST_STEP][PASSED] - Statement - youtube = "https://youtu.be/2VjmdTtcEQE": null

2018-04-03 10:22:30 - [TEST_STEP][PASSED] - click: Object: 'Object Repository/Login_registration/span_Login' is clicked on

2018-04-03 10:22:30 - [MESSAGE][PASSED] - Object: 'Object Repository/Login_registration/span_Login' is clicked on

2018-04-03 10:22:30 - [TEST_STEP][PASSED] - setText: Text 'rostyslav.biliaiev@route-report.com' is set on object 'Object Repository/Login_registration/input_in_login'

2018-04-03 10:22:31 - [MESSAGE][PASSED] - Text 'rostyslav.biliaiev@route-report.com' is set on object 'Object Repository/Login_registration/input_in_login'

2018-04-03 10:22:31 - [TEST_STEP][PASSED] - setText: Text '111111' is set on object 'Object Repository/Login_registration/input_in_password'

2018-04-03 10:22:31 - [MESSAGE][PASSED] - Text '111111' is set on object 'Object Repository/Login_registration/input_in_password'

2018-04-03 10:22:31 - [TEST_STEP][PASSED] - click: Object: 'Object Repository/Login_registration/button_LOG IN' is clicked on

2018-04-03 10:22:31 - [MESSAGE][PASSED] - Object: 'Object Repository/Login_registration/button_LOG IN' is clicked on

2018-04-03 10:22:31 - [TEST_STEP][PASSED] - verifyElementPresent: Object 'Object Repository/Login_registration/span_My spoken languages' is present

2018-04-03 10:22:36 - [MESSAGE][PASSED] - Object 'Object Repository/Login_registration/span_My spoken languages' is present

2018-04-03 10:22:36 - [TEST_STEP][PASSED] - delay: Delayed 2 second(s)

2018-04-03 10:22:38 - [MESSAGE][PASSED] - Delayed 2 second(s)

2018-04-03 10:22:38 - [TEST_STEP][PASSED] - click: Object: 'Object Repository/Account/Buttons/button_Edit_report_first' is clicked on

2018-04-03 10:22:38 - [MESSAGE][PASSED] - Object: 'Object Repository/Account/Buttons/button_Edit_report_first' is clicked on

2018-04-03 10:22:38 - [TEST_STEP][PASSED] - switchToWindowIndex: Switched to window with index: '1'

2018-04-03 10:22:38 - [MESSAGE][PASSED] - Switched to window with index: '1'

2018-04-03 10:22:38 - [TEST_STEP][PASSED] - click: Object: 'Object Repository/Step_1/but_Next(to_step_2)' is clicked on

2018-04-03 10:22:45 - [MESSAGE][PASSED] - Object: 'Object Repository/Step_1/but_Next(to_step_2)' is clicked on

2018-04-03 10:22:45 - [TEST_STEP][PASSED] - waitForElementVisible: Object 'Object Repository/Step_2/ver_Step_is_loaded' is visible

2018-04-03 10:22:45 - [MESSAGE][PASSED] - Object 'Object Repository/Step_2/ver_Step_is_loaded' is visible

2018-04-03 10:22:45 - [TEST_STEP][PASSED] - delay: Delayed 2 second(s)

2018-04-03 10:22:47 - [MESSAGE][PASSED] - Delayed 2 second(s)

2018-04-03 10:22:47 - [TEST_STEP][PASSED] - waitForElementVisible: Object 'Object Repository/Step_2/ver_Step_is_loaded' is visible

2018-04-03 10:22:50 - [MESSAGE][PASSED] - Object 'Object Repository/Step_2/ver_Step_is_loaded' is visible

2018-04-03 10:22:50 - [TEST_STEP][PASSED] - click: Object: 'Object Repository/Step_2/set_Purpose' is clicked on

2018-04-03 10:22:50 - [MESSAGE][PASSED] - Object: 'Object Repository/Step_2/set_Purpose' is clicked on

2018-04-03 10:22:50 - [TEST_STEP][PASSED] - delay: Delayed 1 second(s)

2018-04-03 10:22:51 - [MESSAGE][PASSED] - Delayed 1 second(s)

2018-04-03 10:22:51 - [TEST_STEP][PASSED] - click: Object: 'Object Repository/Step_2/set_Purpose_option' is clicked on

2018-04-03 10:22:51 - [MESSAGE][PASSED] - Object: 'Object Repository/Step_2/set_Purpose_option' is clicked on

2018-04-03 10:22:51 - [TEST_STEP][PASSED] - click: Object: 'Object Repository/Step_2/set_Main_team' is clicked on

2018-04-03 10:22:51 - [MESSAGE][PASSED] - Object: 'Object Repository/Step_2/set_Main_team' is clicked on

2018-04-03 10:22:51 - [TEST_STEP][PASSED] - delay: Delayed 1 second(s)

2018-04-03 10:22:52 - [MESSAGE][PASSED] - Delayed 1 second(s)

2018-04-03 10:22:52 - [TEST_STEP][PASSED] - click: Object: 'Object Repository/Step_2/set_Main_team_option' is clicked on

2018-04-03 10:22:52 - [MESSAGE][PASSED] - Object: 'Object Repository/Step_2/set_Main_team_option' is clicked on

2018-04-03 10:22:52 - [TEST_STEP][PASSED] - click: Object: 'Object Repository/Step_2/set_Most_of_Acc' is clicked on

2018-04-03 10:22:52 - [MESSAGE][PASSED] - Object: 'Object Repository/Step_2/set_Most_of_Acc' is clicked on

2018-04-03 10:22:52 - [TEST_STEP][PASSED] - delay: Delayed 1 second(s)

2018-04-03 10:22:53 - [MESSAGE][PASSED] - Delayed 1 second(s)

2018-04-03 10:22:53 - [TEST_STEP][PASSED] - click: Object: 'Object Repository/Step_2/set_Most_of_Acc_option' is clicked on

2018-04-03 10:22:53 - [MESSAGE][PASSED] - Object: 'Object Repository/Step_2/set_Most_of_Acc_option' is clicked on

2018-04-03 10:22:53 - [TEST_STEP][PASSED] - click: Object: 'Object Repository/Step_2/set_Trainig_level' is clicked on

2018-04-03 10:22:54 - [MESSAGE][PASSED] - Object: 'Object Repository/Step_2/set_Trainig_level' is clicked on

2018-04-03 10:22:54 - [TEST_STEP][PASSED] - delay: Delayed 1 second(s)

2018-04-03 10:22:55 - [MESSAGE][PASSED] - Delayed 1 second(s)

2018-04-03 10:22:55 - [TEST_STEP][PASSED] - click: Object: 'Object Repository/Step_2/set_Training_level_option' is clicked on

2018-04-03 10:22:55 - [MESSAGE][PASSED] - Object: 'Object Repository/Step_2/set_Training_level_option' is clicked on

2018-04-03 10:22:55 - [TEST_STEP][PASSED] - click: Object: 'Object Repository/Step_2/set_Pets' is clicked on

2018-04-03 10:22:55 - [MESSAGE][PASSED] - Object: 'Object Repository/Step_2/set_Pets' is clicked on

2018-04-03 10:22:55 - [TEST_STEP][PASSED] - delay: Delayed 1 second(s)

2018-04-03 10:22:56 - [MESSAGE][PASSED] - Delayed 1 second(s)

2018-04-03 10:22:56 - [TEST_STEP][PASSED] - click: Object: 'Object Repository/Step_2/set_Pets_option' is clicked on

2018-04-03 10:22:56 - [MESSAGE][PASSED] - Object: 'Object Repository/Step_2/set_Pets_option' is clicked on

2018-04-03 10:22:56 - [TEST_STEP][PASSED] - click: Object: 'Object Repository/Step_2/set_Sport_category' is clicked on

2018-04-03 10:22:56 - [MESSAGE][PASSED] - Object: 'Object Repository/Step_2/set_Sport_category' is clicked on

2018-04-03 10:22:56 - [TEST_STEP][PASSED] - delay: Delayed 1 second(s)

2018-04-03 10:22:57 - [MESSAGE][PASSED] - Delayed 1 second(s)

2018-04-03 10:22:57 - [TEST_STEP][PASSED] - click: Object: 'Object Repository/Step_2/set_Sport_category_option' is clicked on

2018-04-03 10:22:57 - [MESSAGE][PASSED] - Object: 'Object Repository/Step_2/set_Sport_category_option' is clicked on

2018-04-03 10:22:57 - [TEST_STEP][PASSED] - click: Object: 'Object Repository/Step_2/set_Age' is clicked on

2018-04-03 10:22:57 - [MESSAGE][PASSED] - Object: 'Object Repository/Step_2/set_Age' is clicked on

2018-04-03 10:22:57 - [TEST_STEP][PASSED] - click: Object: 'Object Repository/Step_2/set_Age_option' is clicked on

2018-04-03 10:22:57 - [MESSAGE][PASSED] - Object: 'Object Repository/Step_2/set_Age_option' is clicked on

2018-04-03 10:22:57 - [TEST_STEP][PASSED] - setText: Text '10' is set on object 'Object Repository/Step_2/input_number_team'

2018-04-03 10:22:58 - [MESSAGE][PASSED] - Text '10' is set on object 'Object Repository/Step_2/input_number_team'

2018-04-03 10:22:58 - [TEST_STEP][PASSED] - setText: Text '15' is set on object 'Object Repository/Step_2/input_covered'

2018-04-03 10:22:58 - [MESSAGE][PASSED] - Text '15' is set on object 'Object Repository/Step_2/input_covered'

2018-04-03 10:22:58 - [TEST_STEP][PASSED] - setText: Text '3' is set on object 'Object Repository/Step_2/input_Days'

2018-04-03 10:22:58 - [MESSAGE][PASSED] - Text '3' is set on object 'Object Repository/Step_2/input_Days'

2018-04-03 10:22:58 - [TEST_STEP][PASSED] - setText: Text '300' is set on object 'Object Repository/Step_2/input_Budget'

2018-04-03 10:22:58 - [MESSAGE][PASSED] - Text '300' is set on object 'Object Repository/Step_2/input_Budget'

2018-04-03 10:22:58 - [TEST_STEP][PASSED] - delay: Delayed 1 second(s)

2018-04-03 10:22:59 - [MESSAGE][PASSED] - Delayed 1 second(s)

2018-04-03 10:22:59 - [TEST_STEP][PASSED] - click: Object: 'Object Repository/Step_1/but_Save_draft' is clicked on

2018-04-03 10:22:59 - [MESSAGE][PASSED] - Object: 'Object Repository/Step_1/but_Save_draft' is clicked on

2018-04-03 10:22:59 - [TEST_STEP][PASSED] - waitForElementVisible: Object 'Object Repository/Step_1/ver_popup_report_was_saved' is visible

2018-04-03 10:23:00 - [MESSAGE][PASSED] - Object 'Object Repository/Step_1/ver_popup_report_was_saved' is visible

2018-04-03 10:23:00 - [TEST_STEP][PASSED] - closeBrowser: Browser is closed

2018-04-03 10:23:00 - [MESSAGE][PASSED] - Browser is closed]]></system-out>
         <system-err><![CDATA[]]></system-err>
      </testcase>
      <testcase name="Test Cases/Create_report/Step 3" classname="Test Cases/Create_report/Step 3" status="PASSED">
         <system-out><![CDATA[2018-04-03 10:23:00 - [TEST_CASE][PASSED] - Test Cases/Create_report/Step 3: Test Cases/Create_report/Step 3

2018-04-03 10:23:01 - [TEST_STEP][PASSED] - openBrowser: Browser is opened with url: ''

2018-04-03 10:23:03 - [MESSAGE][PASSED] - Browser is opened with url: ''

2018-04-03 10:23:03 - [TEST_STEP][PASSED] - navigateToUrl: Navigate to 'https://www.route-report.com/' successfully

2018-04-03 10:23:06 - [MESSAGE][PASSED] - Navigate to 'https://www.route-report.com/' successfully

2018-04-03 10:23:06 - [TEST_STEP][PASSED] - maximizeWindow: Current window maximized

2018-04-03 10:23:07 - [MESSAGE][PASSED] - Current window maximized

2018-04-03 10:23:07 - [TEST_STEP][PASSED] - Statement - mail = "rostyslav.biliaiev@route-report.com": null

2018-04-03 10:23:07 - [TEST_STEP][PASSED] - Statement - pass = "111111": null

2018-04-03 10:23:07 - [TEST_STEP][PASSED] - Statement - bigtext = org.apache.commons.lang.RandomStringUtils.randomNumeric(6000): null

2018-04-03 10:23:07 - [TEST_STEP][PASSED] - Statement - mydate = new java.util.Date(): null

2018-04-03 10:23:07 - [TEST_STEP][PASSED] - Statement - formattedDate = mydate.format("MMdd"): null

2018-04-03 10:23:07 - [TEST_STEP][PASSED] - Statement - dateHour = mydate.format("HHmmss"): null

2018-04-03 10:23:07 - [TEST_STEP][PASSED] - Statement - x = "_date_" + formattedDate + "_time_" + dateHour: null

2018-04-03 10:23:07 - [TEST_STEP][PASSED] - Statement - title = "Automated test was executed" + x: null

2018-04-03 10:23:07 - [TEST_STEP][PASSED] - Statement - authors_text = "Text from authors Text from authors Text from authors Text from authors Text from authors Text from authors Text from authors Text from authors Text from authors ": null

2018-04-03 10:23:07 - [TEST_STEP][PASSED] - Statement - youtube = "https://youtu.be/2VjmdTtcEQE": null

2018-04-03 10:23:07 - [TEST_STEP][PASSED] - click: Object: 'Object Repository/Login_registration/span_Login' is clicked on

2018-04-03 10:23:07 - [MESSAGE][PASSED] - Object: 'Object Repository/Login_registration/span_Login' is clicked on

2018-04-03 10:23:07 - [TEST_STEP][PASSED] - setText: Text 'rostyslav.biliaiev@route-report.com' is set on object 'Object Repository/Login_registration/input_in_login'

2018-04-03 10:23:08 - [MESSAGE][PASSED] - Text 'rostyslav.biliaiev@route-report.com' is set on object 'Object Repository/Login_registration/input_in_login'

2018-04-03 10:23:08 - [TEST_STEP][PASSED] - setText: Text '111111' is set on object 'Object Repository/Login_registration/input_in_password'

2018-04-03 10:23:09 - [MESSAGE][PASSED] - Text '111111' is set on object 'Object Repository/Login_registration/input_in_password'

2018-04-03 10:23:09 - [TEST_STEP][PASSED] - click: Object: 'Object Repository/Login_registration/button_LOG IN' is clicked on

2018-04-03 10:23:09 - [MESSAGE][PASSED] - Object: 'Object Repository/Login_registration/button_LOG IN' is clicked on

2018-04-03 10:23:09 - [TEST_STEP][PASSED] - verifyElementPresent: Object 'Object Repository/Login_registration/span_My spoken languages' is present

2018-04-03 10:23:13 - [MESSAGE][PASSED] - Object 'Object Repository/Login_registration/span_My spoken languages' is present

2018-04-03 10:23:13 - [TEST_STEP][PASSED] - delay: Delayed 2 second(s)

2018-04-03 10:23:15 - [MESSAGE][PASSED] - Delayed 2 second(s)

2018-04-03 10:23:15 - [TEST_STEP][PASSED] - click: Object: 'Object Repository/Account/Buttons/button_Edit_report_first' is clicked on

2018-04-03 10:23:15 - [MESSAGE][PASSED] - Object: 'Object Repository/Account/Buttons/button_Edit_report_first' is clicked on

2018-04-03 10:23:15 - [TEST_STEP][PASSED] - switchToWindowTitle: Switched to window with title: 'Write report - Route Report'

2018-04-03 10:23:20 - [MESSAGE][PASSED] - Switched to window with title: 'Write report - Route Report'

2018-04-03 10:23:20 - [TEST_STEP][PASSED] - delay: Delayed 1 second(s)

2018-04-03 10:23:21 - [MESSAGE][PASSED] - Delayed 1 second(s)

2018-04-03 10:23:21 - [TEST_STEP][PASSED] - click: Object: 'Object Repository/Step_1/but_Step3' is clicked on

2018-04-03 10:23:22 - [MESSAGE][PASSED] - Object: 'Object Repository/Step_1/but_Step3' is clicked on

2018-04-03 10:23:22 - [TEST_STEP][PASSED] - waitForElementVisible: Object 'Object Repository/Step_3/ver_Step_3_is_loaded' is visible

2018-04-03 10:23:23 - [MESSAGE][PASSED] - Object 'Object Repository/Step_3/ver_Step_3_is_loaded' is visible

2018-04-03 10:23:23 - [TEST_STEP][PASSED] - delay: Delayed 2 second(s)

2018-04-03 10:23:25 - [MESSAGE][PASSED] - Delayed 2 second(s)

2018-04-03 10:23:25 - [TEST_STEP][PASSED] - setText: Text '765023875393746907773764649868847935880038023052165489165299972664410038176305664482497402988479021446255065746297109798403093866500784010709596439661379443611877699555500177748881609824693415505967474866868112030727822820605991660601037115442917578318290410117853570418488188176379843265507383747263505494698484188824334595699046224478644485402286456180370252749742469175480681427883570051059346952300866209654969760739532051970725844951396050875071577330507197261911315918958728782105899942900308359860093284245645106418763063122044098337110741818127714690500958461482596681913033400696864150705066576330286587438731533446490817186054279643447242436981861853365026253158870123172374453868348555967494870848387718202870904909823174920224617950934703249141837070347445667612162946234296636012282168998630294536708411421826347054930246073568239486824096123565065178535262321900450508262879434434795544022486419052506401883863014570971189800142646649772237417630065071855461000653716588377228984325750377311533733683477433375565586807847028433810215060816227659938099772553354356540485169984651543166557563192875217522358318303961626155325232892307640578097225509273235332097445281674480155969231658727476543494576626552744315850121031366547747395620995484111062834180840922451659057000792497617586357175886495915883923505330789518864261825774034853850288662692667678137489007497295064895411395153137854419271082156636837185030389578714077130554565774449978486601534287369118959387040568112713843993329647981087270392859652593794335735415693127266359377390981762870031966120626373665937819862983301787893835380837813168338678087736288296671447565226080459709086128604950281185422591946845217472095778587387174608704975335817307492097306990018423317324579088058627542808508346122556004305086094416402264250038502435976463350086438101204235240338865550280497545291170668652337657112818373171603286797589688997746285439117926048720228529331057553335654664011360603185542571137071610641869657779888506520672862335883570530759770773505401163148567887965200394408714388462367311377396400010341476212039707052046650836904325797629058625298076483915893820989146228629624047683335146686029693083353867999232820641450480503657979004553958821371266545418020506986526769853351168541040649374129146169593425867056834006098164942425496571267268202102478268975397404352655339033585453676682713136873063205216130470034672389645490305369051560275397239137108189663478956523015750343013731482012202419186332745351911885317964742959659245202995135085875481066401161922903577460930265411384968930216090811120027009379952756975392461546173939092370848822039636140087030954715815081639019836885154874990041676313506542158395678734717247536030740873127629464767401972098524941934966940036661216519968448092994379717107597049784749235412238872293938997052162463840638957724967427425266562459503921367539560192759551241516621480114555543431437473724764907876228719853783393898626968144698159250729622169081952780577002505148453167292398311967485544394869092267420297469900708901035299158177875772553661256691303903377917904261004287080501838092942449000486026457932998243978286277441583887968523860655038468332374033909748263779689327272313635058206561687170202550625674196628508782657580949540245176941409266357627371635931843819534052840071489165391836353067338088943414323401177289908951071318067128899881281948062615201986132068912470757491753050174957666187590124280244795294681198757568390101397864530979063101394790493418864945694421083067323420762951958467454055936401511462989920232684284683642294713984402428244098248056371686405947217246709339663992581258639421858481645925923114376076028518481315952276428891590178806785920814954411493934457539418048806408261041930654728736557043734872863389762101411802886210831392650694865776789718198673829536070538795878561089483802733611593725065036021045939869457076939772393726422651639891141788001023233229883711317152030160818055093295404842706047944031237842685090625566620312638034202705862680030773645916489635427422593666904989382258549972238442353189906929143553531556321652652220694187507441846629973375285261279108742538272485122386858345142403710024967219844910057118927879685397841791950403848136358375240701199399530793492194732361027907216578921870805942722026420585825516749363795186586269241684417483622672151595128396016109035599927040756885520090508687899616967671534145501610610932915687551043313237761013922046045989587055162710546692160440787635413461995328578546864058284035834942911298981000599247767286878143940664210886218223713450804397540521658185846933742420412048237884546140341217665685164524880328106139630693778111789609389251323921433175246670938748640675326257766623038103374006884912852348210487824462184199435043454810466145488656693930280476659153604994670750923516339403428113211720077978705126406773233329014995926127815939986862584294172610941243054216094044887150651499553369294826962608476204877531022979944524389201950002737692388730809884419967750831169711831419610889225588587145659288824962542575803449769098528405478950326379846278089778421760926637213955457733569930311397191987054718093686486461943390748011734282628736939680151373546301688135371741217062890534005995488391043145814420414666600495879404328317531223763628724102300576491142059797464676831821349577455552828981028557949931751670289119840388094816396909881947259145841972682742274316022005120671483578281104099164866601868465918617383740842580467786020673394202680511587247261483976657952480145842392385834097483391779286657528768846555359197822653014599334157641058628818321690019127790057878369609018477770322569925271835841018227457035791306102674153080339512891478855184044292043752560632460872718174985664886739809772715810747780086502594894521554257928782164537099349517762248552059517648760403878402935634641913519042748086551869131630784845470089058135437629992810454196904438689866319558557919178721352618636058424338096370538298659176107707878881116104' is set on object 'Object Repository/Step_3/input_preparation'

2018-04-03 10:24:56 - [MESSAGE][PASSED] - Text '765023875393746907773764649868847935880038023052165489165299972664410038176305664482497402988479021446255065746297109798403093866500784010709596439661379443611877699555500177748881609824693415505967474866868112030727822820605991660601037115442917578318290410117853570418488188176379843265507383747263505494698484188824334595699046224478644485402286456180370252749742469175480681427883570051059346952300866209654969760739532051970725844951396050875071577330507197261911315918958728782105899942900308359860093284245645106418763063122044098337110741818127714690500958461482596681913033400696864150705066576330286587438731533446490817186054279643447242436981861853365026253158870123172374453868348555967494870848387718202870904909823174920224617950934703249141837070347445667612162946234296636012282168998630294536708411421826347054930246073568239486824096123565065178535262321900450508262879434434795544022486419052506401883863014570971189800142646649772237417630065071855461000653716588377228984325750377311533733683477433375565586807847028433810215060816227659938099772553354356540485169984651543166557563192875217522358318303961626155325232892307640578097225509273235332097445281674480155969231658727476543494576626552744315850121031366547747395620995484111062834180840922451659057000792497617586357175886495915883923505330789518864261825774034853850288662692667678137489007497295064895411395153137854419271082156636837185030389578714077130554565774449978486601534287369118959387040568112713843993329647981087270392859652593794335735415693127266359377390981762870031966120626373665937819862983301787893835380837813168338678087736288296671447565226080459709086128604950281185422591946845217472095778587387174608704975335817307492097306990018423317324579088058627542808508346122556004305086094416402264250038502435976463350086438101204235240338865550280497545291170668652337657112818373171603286797589688997746285439117926048720228529331057553335654664011360603185542571137071610641869657779888506520672862335883570530759770773505401163148567887965200394408714388462367311377396400010341476212039707052046650836904325797629058625298076483915893820989146228629624047683335146686029693083353867999232820641450480503657979004553958821371266545418020506986526769853351168541040649374129146169593425867056834006098164942425496571267268202102478268975397404352655339033585453676682713136873063205216130470034672389645490305369051560275397239137108189663478956523015750343013731482012202419186332745351911885317964742959659245202995135085875481066401161922903577460930265411384968930216090811120027009379952756975392461546173939092370848822039636140087030954715815081639019836885154874990041676313506542158395678734717247536030740873127629464767401972098524941934966940036661216519968448092994379717107597049784749235412238872293938997052162463840638957724967427425266562459503921367539560192759551241516621480114555543431437473724764907876228719853783393898626968144698159250729622169081952780577002505148453167292398311967485544394869092267420297469900708901035299158177875772553661256691303903377917904261004287080501838092942449000486026457932998243978286277441583887968523860655038468332374033909748263779689327272313635058206561687170202550625674196628508782657580949540245176941409266357627371635931843819534052840071489165391836353067338088943414323401177289908951071318067128899881281948062615201986132068912470757491753050174957666187590124280244795294681198757568390101397864530979063101394790493418864945694421083067323420762951958467454055936401511462989920232684284683642294713984402428244098248056371686405947217246709339663992581258639421858481645925923114376076028518481315952276428891590178806785920814954411493934457539418048806408261041930654728736557043734872863389762101411802886210831392650694865776789718198673829536070538795878561089483802733611593725065036021045939869457076939772393726422651639891141788001023233229883711317152030160818055093295404842706047944031237842685090625566620312638034202705862680030773645916489635427422593666904989382258549972238442353189906929143553531556321652652220694187507441846629973375285261279108742538272485122386858345142403710024967219844910057118927879685397841791950403848136358375240701199399530793492194732361027907216578921870805942722026420585825516749363795186586269241684417483622672151595128396016109035599927040756885520090508687899616967671534145501610610932915687551043313237761013922046045989587055162710546692160440787635413461995328578546864058284035834942911298981000599247767286878143940664210886218223713450804397540521658185846933742420412048237884546140341217665685164524880328106139630693778111789609389251323921433175246670938748640675326257766623038103374006884912852348210487824462184199435043454810466145488656693930280476659153604994670750923516339403428113211720077978705126406773233329014995926127815939986862584294172610941243054216094044887150651499553369294826962608476204877531022979944524389201950002737692388730809884419967750831169711831419610889225588587145659288824962542575803449769098528405478950326379846278089778421760926637213955457733569930311397191987054718093686486461943390748011734282628736939680151373546301688135371741217062890534005995488391043145814420414666600495879404328317531223763628724102300576491142059797464676831821349577455552828981028557949931751670289119840388094816396909881947259145841972682742274316022005120671483578281104099164866601868465918617383740842580467786020673394202680511587247261483976657952480145842392385834097483391779286657528768846555359197822653014599334157641058628818321690019127790057878369609018477770322569925271835841018227457035791306102674153080339512891478855184044292043752560632460872718174985664886739809772715810747780086502594894521554257928782164537099349517762248552059517648760403878402935634641913519042748086551869131630784845470089058135437629992810454196904438689866319558557919178721352618636058424338096370538298659176107707878881116104' is set on object 'Object Repository/Step_3/input_preparation'

2018-04-03 10:24:56 - [TEST_STEP][PASSED] - click: Object: 'Object Repository/Step_3/Packinglist/but_Add_packing_list' is clicked on

2018-04-03 10:24:57 - [MESSAGE][PASSED] - Object: 'Object Repository/Step_3/Packinglist/but_Add_packing_list' is clicked on

2018-04-03 10:24:57 - [TEST_STEP][PASSED] - delay: Delayed 1 second(s)

2018-04-03 10:24:58 - [MESSAGE][PASSED] - Delayed 1 second(s)

2018-04-03 10:24:58 - [TEST_STEP][PASSED] - waitForElementVisible: Object 'Object Repository/Step_3/Packinglist/ver_packing' is visible

2018-04-03 10:24:58 - [MESSAGE][PASSED] - Object 'Object Repository/Step_3/Packinglist/ver_packing' is visible

2018-04-03 10:24:58 - [TEST_STEP][PASSED] - setText: Text '_date_0403_time_102307' is set on object 'Object Repository/Step_3/Packinglist/input_Packing_name'

2018-04-03 10:24:59 - [MESSAGE][PASSED] - Text '_date_0403_time_102307' is set on object 'Object Repository/Step_3/Packinglist/input_Packing_name'

2018-04-03 10:24:59 - [TEST_STEP][PASSED] - delay: Delayed 2 second(s)

2018-04-03 10:25:01 - [MESSAGE][PASSED] - Delayed 2 second(s)

2018-04-03 10:25:01 - [TEST_STEP][PASSED] - delay: Delayed 3 second(s)

2018-04-03 10:25:04 - [MESSAGE][PASSED] - Delayed 3 second(s)

2018-04-03 10:25:04 - [TEST_STEP][PASSED] - click: Object: 'Object Repository/Step_3/Packinglist/but_add_description_Packing' is clicked on

2018-04-03 10:25:04 - [MESSAGE][PASSED] - Object: 'Object Repository/Step_3/Packinglist/but_add_description_Packing' is clicked on

2018-04-03 10:25:04 - [TEST_STEP][PASSED] - delay: Delayed 1 second(s)

2018-04-03 10:25:05 - [MESSAGE][PASSED] - Delayed 1 second(s)

2018-04-03 10:25:05 - [TEST_STEP][PASSED] - setText: Text '_date_0403_time_102307' is set on object 'Object Repository/Step_3/Packinglist/input_desc_packing'

2018-04-03 10:25:05 - [MESSAGE][PASSED] - Text '_date_0403_time_102307' is set on object 'Object Repository/Step_3/Packinglist/input_desc_packing'

2018-04-03 10:25:05 - [TEST_STEP][PASSED] - click: Object: 'Object Repository/Step_3/Packinglist/but_brand' is clicked on

2018-04-03 10:25:05 - [MESSAGE][PASSED] - Object: 'Object Repository/Step_3/Packinglist/but_brand' is clicked on

2018-04-03 10:25:05 - [TEST_STEP][PASSED] - waitForElementVisible: Object 'Object Repository/Step_3/Packinglist/input_brand_name' is visible

2018-04-03 10:25:05 - [MESSAGE][PASSED] - Object 'Object Repository/Step_3/Packinglist/input_brand_name' is visible

2018-04-03 10:25:05 - [TEST_STEP][PASSED] - setText: Text '_date_0403_time_102307' is set on object 'Object Repository/Step_3/Packinglist/input_brand_name'

2018-04-03 10:25:06 - [MESSAGE][PASSED] - Text '_date_0403_time_102307' is set on object 'Object Repository/Step_3/Packinglist/input_brand_name'

2018-04-03 10:25:06 - [TEST_STEP][PASSED] - setText: Text '_date_0403_time_102307' is set on object 'Object Repository/Step_3/Packinglist/input_model'

2018-04-03 10:25:06 - [MESSAGE][PASSED] - Text '_date_0403_time_102307' is set on object 'Object Repository/Step_3/Packinglist/input_model'

2018-04-03 10:25:06 - [TEST_STEP][PASSED] - click: Object: 'Object Repository/Step_3/Packinglist/but_save_packinglist' is clicked on

2018-04-03 10:25:06 - [MESSAGE][PASSED] - Object: 'Object Repository/Step_3/Packinglist/but_save_packinglist' is clicked on

2018-04-03 10:25:06 - [TEST_STEP][PASSED] - waitForElementVisible: Object 'Object Repository/Step_3/Packinglist/ver_item_adde' is visible

2018-04-03 10:25:07 - [MESSAGE][PASSED] - Object 'Object Repository/Step_3/Packinglist/ver_item_adde' is visible

2018-04-03 10:25:07 - [TEST_STEP][PASSED] - delay: Delayed 1 second(s)

2018-04-03 10:25:08 - [MESSAGE][PASSED] - Delayed 1 second(s)

2018-04-03 10:25:08 - [TEST_STEP][PASSED] - click: Object: 'Object Repository/Step_3/but_1st_day' is clicked on

2018-04-03 10:25:08 - [MESSAGE][PASSED] - Object: 'Object Repository/Step_3/but_1st_day' is clicked on

2018-04-03 10:25:08 - [TEST_STEP][PASSED] - delay: Delayed 1 second(s)

2018-04-03 10:25:09 - [MESSAGE][PASSED] - Delayed 1 second(s)

2018-04-03 10:25:09 - [TEST_STEP][PASSED] - setText: Text '765023875393746907773764649868847935880038023052165489165299972664410038176305664482497402988479021446255065746297109798403093866500784010709596439661379443611877699555500177748881609824693415505967474866868112030727822820605991660601037115442917578318290410117853570418488188176379843265507383747263505494698484188824334595699046224478644485402286456180370252749742469175480681427883570051059346952300866209654969760739532051970725844951396050875071577330507197261911315918958728782105899942900308359860093284245645106418763063122044098337110741818127714690500958461482596681913033400696864150705066576330286587438731533446490817186054279643447242436981861853365026253158870123172374453868348555967494870848387718202870904909823174920224617950934703249141837070347445667612162946234296636012282168998630294536708411421826347054930246073568239486824096123565065178535262321900450508262879434434795544022486419052506401883863014570971189800142646649772237417630065071855461000653716588377228984325750377311533733683477433375565586807847028433810215060816227659938099772553354356540485169984651543166557563192875217522358318303961626155325232892307640578097225509273235332097445281674480155969231658727476543494576626552744315850121031366547747395620995484111062834180840922451659057000792497617586357175886495915883923505330789518864261825774034853850288662692667678137489007497295064895411395153137854419271082156636837185030389578714077130554565774449978486601534287369118959387040568112713843993329647981087270392859652593794335735415693127266359377390981762870031966120626373665937819862983301787893835380837813168338678087736288296671447565226080459709086128604950281185422591946845217472095778587387174608704975335817307492097306990018423317324579088058627542808508346122556004305086094416402264250038502435976463350086438101204235240338865550280497545291170668652337657112818373171603286797589688997746285439117926048720228529331057553335654664011360603185542571137071610641869657779888506520672862335883570530759770773505401163148567887965200394408714388462367311377396400010341476212039707052046650836904325797629058625298076483915893820989146228629624047683335146686029693083353867999232820641450480503657979004553958821371266545418020506986526769853351168541040649374129146169593425867056834006098164942425496571267268202102478268975397404352655339033585453676682713136873063205216130470034672389645490305369051560275397239137108189663478956523015750343013731482012202419186332745351911885317964742959659245202995135085875481066401161922903577460930265411384968930216090811120027009379952756975392461546173939092370848822039636140087030954715815081639019836885154874990041676313506542158395678734717247536030740873127629464767401972098524941934966940036661216519968448092994379717107597049784749235412238872293938997052162463840638957724967427425266562459503921367539560192759551241516621480114555543431437473724764907876228719853783393898626968144698159250729622169081952780577002505148453167292398311967485544394869092267420297469900708901035299158177875772553661256691303903377917904261004287080501838092942449000486026457932998243978286277441583887968523860655038468332374033909748263779689327272313635058206561687170202550625674196628508782657580949540245176941409266357627371635931843819534052840071489165391836353067338088943414323401177289908951071318067128899881281948062615201986132068912470757491753050174957666187590124280244795294681198757568390101397864530979063101394790493418864945694421083067323420762951958467454055936401511462989920232684284683642294713984402428244098248056371686405947217246709339663992581258639421858481645925923114376076028518481315952276428891590178806785920814954411493934457539418048806408261041930654728736557043734872863389762101411802886210831392650694865776789718198673829536070538795878561089483802733611593725065036021045939869457076939772393726422651639891141788001023233229883711317152030160818055093295404842706047944031237842685090625566620312638034202705862680030773645916489635427422593666904989382258549972238442353189906929143553531556321652652220694187507441846629973375285261279108742538272485122386858345142403710024967219844910057118927879685397841791950403848136358375240701199399530793492194732361027907216578921870805942722026420585825516749363795186586269241684417483622672151595128396016109035599927040756885520090508687899616967671534145501610610932915687551043313237761013922046045989587055162710546692160440787635413461995328578546864058284035834942911298981000599247767286878143940664210886218223713450804397540521658185846933742420412048237884546140341217665685164524880328106139630693778111789609389251323921433175246670938748640675326257766623038103374006884912852348210487824462184199435043454810466145488656693930280476659153604994670750923516339403428113211720077978705126406773233329014995926127815939986862584294172610941243054216094044887150651499553369294826962608476204877531022979944524389201950002737692388730809884419967750831169711831419610889225588587145659288824962542575803449769098528405478950326379846278089778421760926637213955457733569930311397191987054718093686486461943390748011734282628736939680151373546301688135371741217062890534005995488391043145814420414666600495879404328317531223763628724102300576491142059797464676831821349577455552828981028557949931751670289119840388094816396909881947259145841972682742274316022005120671483578281104099164866601868465918617383740842580467786020673394202680511587247261483976657952480145842392385834097483391779286657528768846555359197822653014599334157641058628818321690019127790057878369609018477770322569925271835841018227457035791306102674153080339512891478855184044292043752560632460872718174985664886739809772715810747780086502594894521554257928782164537099349517762248552059517648760403878402935634641913519042748086551869131630784845470089058135437629992810454196904438689866319558557919178721352618636058424338096370538298659176107707878881116104' is set on object 'Object Repository/Step_3/input_text_days'

2018-04-03 10:26:36 - [MESSAGE][PASSED] - Text '765023875393746907773764649868847935880038023052165489165299972664410038176305664482497402988479021446255065746297109798403093866500784010709596439661379443611877699555500177748881609824693415505967474866868112030727822820605991660601037115442917578318290410117853570418488188176379843265507383747263505494698484188824334595699046224478644485402286456180370252749742469175480681427883570051059346952300866209654969760739532051970725844951396050875071577330507197261911315918958728782105899942900308359860093284245645106418763063122044098337110741818127714690500958461482596681913033400696864150705066576330286587438731533446490817186054279643447242436981861853365026253158870123172374453868348555967494870848387718202870904909823174920224617950934703249141837070347445667612162946234296636012282168998630294536708411421826347054930246073568239486824096123565065178535262321900450508262879434434795544022486419052506401883863014570971189800142646649772237417630065071855461000653716588377228984325750377311533733683477433375565586807847028433810215060816227659938099772553354356540485169984651543166557563192875217522358318303961626155325232892307640578097225509273235332097445281674480155969231658727476543494576626552744315850121031366547747395620995484111062834180840922451659057000792497617586357175886495915883923505330789518864261825774034853850288662692667678137489007497295064895411395153137854419271082156636837185030389578714077130554565774449978486601534287369118959387040568112713843993329647981087270392859652593794335735415693127266359377390981762870031966120626373665937819862983301787893835380837813168338678087736288296671447565226080459709086128604950281185422591946845217472095778587387174608704975335817307492097306990018423317324579088058627542808508346122556004305086094416402264250038502435976463350086438101204235240338865550280497545291170668652337657112818373171603286797589688997746285439117926048720228529331057553335654664011360603185542571137071610641869657779888506520672862335883570530759770773505401163148567887965200394408714388462367311377396400010341476212039707052046650836904325797629058625298076483915893820989146228629624047683335146686029693083353867999232820641450480503657979004553958821371266545418020506986526769853351168541040649374129146169593425867056834006098164942425496571267268202102478268975397404352655339033585453676682713136873063205216130470034672389645490305369051560275397239137108189663478956523015750343013731482012202419186332745351911885317964742959659245202995135085875481066401161922903577460930265411384968930216090811120027009379952756975392461546173939092370848822039636140087030954715815081639019836885154874990041676313506542158395678734717247536030740873127629464767401972098524941934966940036661216519968448092994379717107597049784749235412238872293938997052162463840638957724967427425266562459503921367539560192759551241516621480114555543431437473724764907876228719853783393898626968144698159250729622169081952780577002505148453167292398311967485544394869092267420297469900708901035299158177875772553661256691303903377917904261004287080501838092942449000486026457932998243978286277441583887968523860655038468332374033909748263779689327272313635058206561687170202550625674196628508782657580949540245176941409266357627371635931843819534052840071489165391836353067338088943414323401177289908951071318067128899881281948062615201986132068912470757491753050174957666187590124280244795294681198757568390101397864530979063101394790493418864945694421083067323420762951958467454055936401511462989920232684284683642294713984402428244098248056371686405947217246709339663992581258639421858481645925923114376076028518481315952276428891590178806785920814954411493934457539418048806408261041930654728736557043734872863389762101411802886210831392650694865776789718198673829536070538795878561089483802733611593725065036021045939869457076939772393726422651639891141788001023233229883711317152030160818055093295404842706047944031237842685090625566620312638034202705862680030773645916489635427422593666904989382258549972238442353189906929143553531556321652652220694187507441846629973375285261279108742538272485122386858345142403710024967219844910057118927879685397841791950403848136358375240701199399530793492194732361027907216578921870805942722026420585825516749363795186586269241684417483622672151595128396016109035599927040756885520090508687899616967671534145501610610932915687551043313237761013922046045989587055162710546692160440787635413461995328578546864058284035834942911298981000599247767286878143940664210886218223713450804397540521658185846933742420412048237884546140341217665685164524880328106139630693778111789609389251323921433175246670938748640675326257766623038103374006884912852348210487824462184199435043454810466145488656693930280476659153604994670750923516339403428113211720077978705126406773233329014995926127815939986862584294172610941243054216094044887150651499553369294826962608476204877531022979944524389201950002737692388730809884419967750831169711831419610889225588587145659288824962542575803449769098528405478950326379846278089778421760926637213955457733569930311397191987054718093686486461943390748011734282628736939680151373546301688135371741217062890534005995488391043145814420414666600495879404328317531223763628724102300576491142059797464676831821349577455552828981028557949931751670289119840388094816396909881947259145841972682742274316022005120671483578281104099164866601868465918617383740842580467786020673394202680511587247261483976657952480145842392385834097483391779286657528768846555359197822653014599334157641058628818321690019127790057878369609018477770322569925271835841018227457035791306102674153080339512891478855184044292043752560632460872718174985664886739809772715810747780086502594894521554257928782164537099349517762248552059517648760403878402935634641913519042748086551869131630784845470089058135437629992810454196904438689866319558557919178721352618636058424338096370538298659176107707878881116104' is set on object 'Object Repository/Step_3/input_text_days'

2018-04-03 10:26:36 - [TEST_STEP][PASSED] - waitForElementVisible: Object 'Object Repository/Step_3/but_add_places' is visible

2018-04-03 10:26:36 - [MESSAGE][PASSED] - Object 'Object Repository/Step_3/but_add_places' is visible

2018-04-03 10:26:36 - [TEST_STEP][PASSED] - delay: Delayed 1 second(s)

2018-04-03 10:26:37 - [MESSAGE][PASSED] - Delayed 1 second(s)

2018-04-03 10:26:37 - [TEST_STEP][PASSED] - click: Object: 'Object Repository/Step_3/but_add_places' is clicked on

2018-04-03 10:26:38 - [MESSAGE][PASSED] - Object: 'Object Repository/Step_3/but_add_places' is clicked on

2018-04-03 10:26:38 - [TEST_STEP][PASSED] - waitForElementVisible: Object 'Object Repository/Map_places/tab_waypoints_top_part' is visible

2018-04-03 10:26:40 - [MESSAGE][PASSED] - Object 'Object Repository/Map_places/tab_waypoints_top_part' is visible

2018-04-03 10:26:40 - [TEST_STEP][PASSED] - delay: Delayed 1 second(s)

2018-04-03 10:26:41 - [MESSAGE][PASSED] - Delayed 1 second(s)

2018-04-03 10:26:41 - [TEST_STEP][PASSED] - click: Object: 'Object Repository/Map_places/tab_waypoints_top_part' is clicked on

2018-04-03 10:26:41 - [MESSAGE][PASSED] - Object: 'Object Repository/Map_places/tab_waypoints_top_part' is clicked on

2018-04-03 10:26:41 - [TEST_STEP][PASSED] - waitForElementVisible: Object 'Object Repository/Map_places/ver_tab_waipoints_shows' is visible

2018-04-03 10:26:41 - [MESSAGE][PASSED] - Object 'Object Repository/Map_places/ver_tab_waipoints_shows' is visible

2018-04-03 10:26:41 - [TEST_STEP][PASSED] - click: Object: 'Object Repository/Map_places/tab_places_top_part' is clicked on

2018-04-03 10:26:41 - [MESSAGE][PASSED] - Object: 'Object Repository/Map_places/tab_places_top_part' is clicked on

2018-04-03 10:26:41 - [TEST_STEP][PASSED] - waitForElementVisible: Object 'Object Repository/Map_places/ver_tab_places_shows' is visible

2018-04-03 10:26:41 - [MESSAGE][PASSED] - Object 'Object Repository/Map_places/ver_tab_places_shows' is visible

2018-04-03 10:26:41 - [TEST_STEP][PASSED] - click: Object: 'Object Repository/Map_places/but_hide(show)_tabs' is clicked on

2018-04-03 10:26:41 - [MESSAGE][PASSED] - Object: 'Object Repository/Map_places/but_hide(show)_tabs' is clicked on

2018-04-03 10:26:41 - [TEST_STEP][PASSED] - setText: Text 'London' is set on object 'Object Repository/Map_places/input_search'

2018-04-03 10:26:41 - [MESSAGE][PASSED] - Text 'London' is set on object 'Object Repository/Map_places/input_search'

2018-04-03 10:26:41 - [TEST_STEP][PASSED] - click: Object: 'Object Repository/Map_places/select_1st_result' is clicked on

2018-04-03 10:26:42 - [MESSAGE][PASSED] - Object: 'Object Repository/Map_places/select_1st_result' is clicked on

2018-04-03 10:26:42 - [TEST_STEP][PASSED] - delay: Delayed 4 second(s)

2018-04-03 10:26:46 - [MESSAGE][PASSED] - Delayed 4 second(s)

2018-04-03 10:26:46 - [TEST_STEP][PASSED] - waitForElementVisible: Object 'Object Repository/Map_places/but_choose_places' is visible

2018-04-03 10:26:46 - [MESSAGE][PASSED] - Object 'Object Repository/Map_places/but_choose_places' is visible

2018-04-03 10:26:46 - [TEST_STEP][PASSED] - click: Object: 'Object Repository/Map_places/but_choose_places' is clicked on

2018-04-03 10:26:46 - [MESSAGE][PASSED] - Object: 'Object Repository/Map_places/but_choose_places' is clicked on

2018-04-03 10:26:46 - [TEST_STEP][PASSED] - delay: Delayed 1 second(s)

2018-04-03 10:26:47 - [MESSAGE][PASSED] - Delayed 1 second(s)

2018-04-03 10:26:47 - [TEST_STEP][PASSED] - waitForElementVisible: Object 'Object Repository/Map_places/but_add_place(begining)' is visible

2018-04-03 10:26:47 - [MESSAGE][PASSED] - Object 'Object Repository/Map_places/but_add_place(begining)' is visible

2018-04-03 10:26:47 - [TEST_STEP][PASSED] - click: Object: 'Object Repository/Map_places/but_add_place(begining)' is clicked on

2018-04-03 10:26:47 - [MESSAGE][PASSED] - Object: 'Object Repository/Map_places/but_add_place(begining)' is clicked on

2018-04-03 10:26:47 - [TEST_STEP][PASSED] - waitForElementVisible: Object 'Object Repository/Map_places/but_select_ORA_activity' is visible

2018-04-03 10:26:47 - [MESSAGE][PASSED] - Object 'Object Repository/Map_places/but_select_ORA_activity' is visible

2018-04-03 10:26:47 - [TEST_STEP][PASSED] - click: Object: 'Object Repository/Map_places/but_select_ORA_activity' is clicked on

2018-04-03 10:26:47 - [MESSAGE][PASSED] - Object: 'Object Repository/Map_places/but_select_ORA_activity' is clicked on

2018-04-03 10:26:47 - [TEST_STEP][PASSED] - click: Object: 'Object Repository/Map_places/but_add_place_select_activity' is clicked on

2018-04-03 10:26:48 - [MESSAGE][PASSED] - Object: 'Object Repository/Map_places/but_add_place_select_activity' is clicked on

2018-04-03 10:26:48 - [TEST_STEP][PASSED] - waitForElementVisible: Object 'Object Repository/Map_places/input_place_name' is visible

2018-04-03 10:26:48 - [MESSAGE][PASSED] - Object 'Object Repository/Map_places/input_place_name' is visible

2018-04-03 10:26:48 - [TEST_STEP][PASSED] - setText: Text 'TestName' is set on object 'Object Repository/Map_places/input_place_name'

2018-04-03 10:26:48 - [MESSAGE][PASSED] - Text 'TestName' is set on object 'Object Repository/Map_places/input_place_name'

2018-04-03 10:26:48 - [TEST_STEP][PASSED] - click: Object: 'Object Repository/Map_places/select_place_category(2nd_lvl)' is clicked on

2018-04-03 10:26:49 - [MESSAGE][PASSED] - Object: 'Object Repository/Map_places/select_place_category(2nd_lvl)' is clicked on

2018-04-03 10:26:49 - [TEST_STEP][PASSED] - click: Object: 'Object Repository/Map_places/select_2lvl_Water' is clicked on

2018-04-03 10:26:49 - [MESSAGE][PASSED] - Object: 'Object Repository/Map_places/select_2lvl_Water' is clicked on

2018-04-03 10:26:49 - [TEST_STEP][PASSED] - click: Object: 'Object Repository/Map_places/select_places_category(3rd_lvl)' is clicked on

2018-04-03 10:26:49 - [MESSAGE][PASSED] - Object: 'Object Repository/Map_places/select_places_category(3rd_lvl)' is clicked on

2018-04-03 10:26:49 - [TEST_STEP][PASSED] - click: Object: 'Object Repository/Map_places/select_3rd_lvl_Boat_trip' is clicked on

2018-04-03 10:26:49 - [MESSAGE][PASSED] - Object: 'Object Repository/Map_places/select_3rd_lvl_Boat_trip' is clicked on

2018-04-03 10:26:49 - [TEST_STEP][PASSED] - delay: Delayed 2 second(s)

2018-04-03 10:26:51 - [MESSAGE][PASSED] - Delayed 2 second(s)

2018-04-03 10:26:51 - [TEST_STEP][PASSED] - click: Object: 'Object Repository/Map_places/but_set_days' is clicked on

2018-04-03 10:26:51 - [MESSAGE][PASSED] - Object: 'Object Repository/Map_places/but_set_days' is clicked on

2018-04-03 10:26:51 - [TEST_STEP][PASSED] - delay: Delayed 1 second(s)

2018-04-03 10:26:52 - [MESSAGE][PASSED] - Delayed 1 second(s)

2018-04-03 10:26:52 - [TEST_STEP][PASSED] - waitForElementVisible: Object 'Object Repository/Map_places/set_day' is visible

2018-04-03 10:26:52 - [MESSAGE][PASSED] - Object 'Object Repository/Map_places/set_day' is visible

2018-04-03 10:26:52 - [TEST_STEP][PASSED] - click: Object: 'Object Repository/Map_places/set_day' is clicked on

2018-04-03 10:26:52 - [MESSAGE][PASSED] - Object: 'Object Repository/Map_places/set_day' is clicked on

2018-04-03 10:26:52 - [TEST_STEP][PASSED] - uploadFile: File 'D:\test-photo.jpg' sent to object: 'Object Repository/Map_places/add_photo_1'

2018-04-03 10:26:53 - [MESSAGE][PASSED] - File 'D:\test-photo.jpg' sent to object: 'Object Repository/Map_places/add_photo_1'

2018-04-03 10:26:53 - [TEST_STEP][PASSED] - delay: Delayed 4 second(s)

2018-04-03 10:26:57 - [MESSAGE][PASSED] - Delayed 4 second(s)

2018-04-03 10:26:57 - [TEST_STEP][PASSED] - click: Object: 'Object Repository/Map_places/Step 2_3' is clicked on

2018-04-03 10:26:57 - [MESSAGE][PASSED] - Object: 'Object Repository/Map_places/Step 2_3' is clicked on

2018-04-03 10:26:57 - [TEST_STEP][PASSED] - setText: Text 'rostyslav.biliaiev@route-report.com' is set on object 'Object Repository/Map_places/input_mail'

2018-04-03 10:26:58 - [MESSAGE][PASSED] - Text 'rostyslav.biliaiev@route-report.com' is set on object 'Object Repository/Map_places/input_mail'

2018-04-03 10:26:58 - [TEST_STEP][PASSED] - setText: Text 'www.test.test' is set on object 'Object Repository/Map_places/input_web'

2018-04-03 10:26:58 - [MESSAGE][PASSED] - Text 'www.test.test' is set on object 'Object Repository/Map_places/input_web'

2018-04-03 10:26:58 - [TEST_STEP][PASSED] - setText: Text '132456798' is set on object 'Object Repository/Map_places/input_phone'

2018-04-03 10:26:58 - [MESSAGE][PASSED] - Text '132456798' is set on object 'Object Repository/Map_places/input_phone'

2018-04-03 10:26:58 - [TEST_STEP][PASSED] - click: Object: 'Object Repository/Map_places/Step_3_3' is clicked on

2018-04-03 10:26:58 - [MESSAGE][PASSED] - Object: 'Object Repository/Map_places/Step_3_3' is clicked on

2018-04-03 10:26:58 - [TEST_STEP][PASSED] - click: Object: 'Object Repository/Map_places/but_rate' is clicked on

2018-04-03 10:26:58 - [MESSAGE][PASSED] - Object: 'Object Repository/Map_places/but_rate' is clicked on

2018-04-03 10:26:58 - [TEST_STEP][PASSED] - setText: Text '100' is set on object 'Object Repository/Map_places/input_price_place'

2018-04-03 10:26:59 - [MESSAGE][PASSED] - Text '100' is set on object 'Object Repository/Map_places/input_price_place'

2018-04-03 10:26:59 - [TEST_STEP][PASSED] - setText: Text 'jhgjg' is set on object 'Object Repository/Map_places/input_feedback'

2018-04-03 10:26:59 - [MESSAGE][PASSED] - Text 'jhgjg' is set on object 'Object Repository/Map_places/input_feedback'

2018-04-03 10:26:59 - [TEST_STEP][PASSED] - delay: Delayed 1 second(s)

2018-04-03 10:27:00 - [MESSAGE][PASSED] - Delayed 1 second(s)

2018-04-03 10:27:00 - [TEST_STEP][PASSED] - click: Object: 'Object Repository/Map_places/select_add_other_categories' is clicked on

2018-04-03 10:27:00 - [MESSAGE][PASSED] - Object: 'Object Repository/Map_places/select_add_other_categories' is clicked on

2018-04-03 10:27:00 - [TEST_STEP][PASSED] - click: Object: 'Object Repository/Map_places/select_ORA_other_categories' is clicked on

2018-04-03 10:27:00 - [MESSAGE][PASSED] - Object: 'Object Repository/Map_places/select_ORA_other_categories' is clicked on

2018-04-03 10:27:00 - [TEST_STEP][PASSED] - click: Object: 'Object Repository/Map_places/select_2nd_lvl_other_activity' is clicked on

2018-04-03 10:27:00 - [MESSAGE][PASSED] - Object: 'Object Repository/Map_places/select_2nd_lvl_other_activity' is clicked on

2018-04-03 10:27:00 - [TEST_STEP][PASSED] - delay: Delayed 2 second(s)

2018-04-03 10:27:02 - [MESSAGE][PASSED] - Delayed 2 second(s)

2018-04-03 10:27:02 - [TEST_STEP][PASSED] - click: Object: 'Object Repository/Map_places/select_2nd_lvl_Ground' is clicked on

2018-04-03 10:27:03 - [MESSAGE][PASSED] - Object: 'Object Repository/Map_places/select_2nd_lvl_Ground' is clicked on

2018-04-03 10:27:03 - [TEST_STEP][PASSED] - click: Object: 'Object Repository/Map_places/select_3rd_lvl_categories' is clicked on

2018-04-03 10:27:03 - [MESSAGE][PASSED] - Object: 'Object Repository/Map_places/select_3rd_lvl_categories' is clicked on

2018-04-03 10:27:03 - [TEST_STEP][PASSED] - delay: Delayed 2 second(s)

2018-04-03 10:27:05 - [MESSAGE][PASSED] - Delayed 2 second(s)

2018-04-03 10:27:05 - [TEST_STEP][PASSED] - click: Object: 'Object Repository/Map_places/select_3rd_lvl_Off-road' is clicked on

2018-04-03 10:27:05 - [MESSAGE][PASSED] - Object: 'Object Repository/Map_places/select_3rd_lvl_Off-road' is clicked on

2018-04-03 10:27:05 - [TEST_STEP][PASSED] - click: Object: 'Object Repository/Map_places/but_add_other_categories' is clicked on

2018-04-03 10:27:05 - [MESSAGE][PASSED] - Object: 'Object Repository/Map_places/but_add_other_categories' is clicked on

2018-04-03 10:27:05 - [TEST_STEP][PASSED] - delay: Delayed 2 second(s)

2018-04-03 10:27:07 - [MESSAGE][PASSED] - Delayed 2 second(s)

2018-04-03 10:27:07 - [TEST_STEP][PASSED] - click: Object: 'Object Repository/Map_places/but_save_place' is clicked on

2018-04-03 10:27:07 - [MESSAGE][PASSED] - Object: 'Object Repository/Map_places/but_save_place' is clicked on

2018-04-03 10:27:07 - [TEST_STEP][PASSED] - waitForElementVisible: Object 'Object Repository/Map_places/ver_tab_places_shows' is visible

2018-04-03 10:27:07 - [MESSAGE][PASSED] - Object 'Object Repository/Map_places/ver_tab_places_shows' is visible

2018-04-03 10:27:07 - [TEST_STEP][PASSED] - delay: Delayed 2 second(s)

2018-04-03 10:27:09 - [MESSAGE][PASSED] - Delayed 2 second(s)

2018-04-03 10:27:09 - [TEST_STEP][PASSED] - click: Object: 'Object Repository/Map/but_Close_Map' is clicked on

2018-04-03 10:27:10 - [MESSAGE][PASSED] - Object: 'Object Repository/Map/but_Close_Map' is clicked on

2018-04-03 10:27:10 - [TEST_STEP][PASSED] - click: Object: 'Object Repository/Step_3/but_add_Youtube' is clicked on

2018-04-03 10:27:10 - [MESSAGE][PASSED] - Object: 'Object Repository/Step_3/but_add_Youtube' is clicked on

2018-04-03 10:27:10 - [TEST_STEP][PASSED] - waitForElementVisible: Object 'Object Repository/Step_3/input_video_code' is visible

2018-04-03 10:27:10 - [MESSAGE][PASSED] - Object 'Object Repository/Step_3/input_video_code' is visible

2018-04-03 10:27:10 - [TEST_STEP][PASSED] - setText: Text 'https://youtu.be/2VjmdTtcEQE' is set on object 'Object Repository/Step_3/input_video_code'

2018-04-03 10:27:10 - [MESSAGE][PASSED] - Text 'https://youtu.be/2VjmdTtcEQE' is set on object 'Object Repository/Step_3/input_video_code'

2018-04-03 10:27:10 - [TEST_STEP][PASSED] - click: Object: 'Object Repository/Step_3/but_save_video_youtube' is clicked on

2018-04-03 10:27:10 - [MESSAGE][PASSED] - Object: 'Object Repository/Step_3/but_save_video_youtube' is clicked on

2018-04-03 10:27:10 - [TEST_STEP][PASSED] - delay: Delayed 1 second(s)

2018-04-03 10:27:11 - [MESSAGE][PASSED] - Delayed 1 second(s)

2018-04-03 10:27:11 - [TEST_STEP][PASSED] - delay: Delayed 1 second(s)

2018-04-03 10:27:12 - [MESSAGE][PASSED] - Delayed 1 second(s)

2018-04-03 10:27:12 - [TEST_STEP][PASSED] - click: Object: 'Object Repository/Step_3/but_2nd_day' is clicked on

2018-04-03 10:27:13 - [MESSAGE][PASSED] - Object: 'Object Repository/Step_3/but_2nd_day' is clicked on

2018-04-03 10:27:13 - [TEST_STEP][PASSED] - setText: Text '765023875393746907773764649868847935880038023052165489165299972664410038176305664482497402988479021446255065746297109798403093866500784010709596439661379443611877699555500177748881609824693415505967474866868112030727822820605991660601037115442917578318290410117853570418488188176379843265507383747263505494698484188824334595699046224478644485402286456180370252749742469175480681427883570051059346952300866209654969760739532051970725844951396050875071577330507197261911315918958728782105899942900308359860093284245645106418763063122044098337110741818127714690500958461482596681913033400696864150705066576330286587438731533446490817186054279643447242436981861853365026253158870123172374453868348555967494870848387718202870904909823174920224617950934703249141837070347445667612162946234296636012282168998630294536708411421826347054930246073568239486824096123565065178535262321900450508262879434434795544022486419052506401883863014570971189800142646649772237417630065071855461000653716588377228984325750377311533733683477433375565586807847028433810215060816227659938099772553354356540485169984651543166557563192875217522358318303961626155325232892307640578097225509273235332097445281674480155969231658727476543494576626552744315850121031366547747395620995484111062834180840922451659057000792497617586357175886495915883923505330789518864261825774034853850288662692667678137489007497295064895411395153137854419271082156636837185030389578714077130554565774449978486601534287369118959387040568112713843993329647981087270392859652593794335735415693127266359377390981762870031966120626373665937819862983301787893835380837813168338678087736288296671447565226080459709086128604950281185422591946845217472095778587387174608704975335817307492097306990018423317324579088058627542808508346122556004305086094416402264250038502435976463350086438101204235240338865550280497545291170668652337657112818373171603286797589688997746285439117926048720228529331057553335654664011360603185542571137071610641869657779888506520672862335883570530759770773505401163148567887965200394408714388462367311377396400010341476212039707052046650836904325797629058625298076483915893820989146228629624047683335146686029693083353867999232820641450480503657979004553958821371266545418020506986526769853351168541040649374129146169593425867056834006098164942425496571267268202102478268975397404352655339033585453676682713136873063205216130470034672389645490305369051560275397239137108189663478956523015750343013731482012202419186332745351911885317964742959659245202995135085875481066401161922903577460930265411384968930216090811120027009379952756975392461546173939092370848822039636140087030954715815081639019836885154874990041676313506542158395678734717247536030740873127629464767401972098524941934966940036661216519968448092994379717107597049784749235412238872293938997052162463840638957724967427425266562459503921367539560192759551241516621480114555543431437473724764907876228719853783393898626968144698159250729622169081952780577002505148453167292398311967485544394869092267420297469900708901035299158177875772553661256691303903377917904261004287080501838092942449000486026457932998243978286277441583887968523860655038468332374033909748263779689327272313635058206561687170202550625674196628508782657580949540245176941409266357627371635931843819534052840071489165391836353067338088943414323401177289908951071318067128899881281948062615201986132068912470757491753050174957666187590124280244795294681198757568390101397864530979063101394790493418864945694421083067323420762951958467454055936401511462989920232684284683642294713984402428244098248056371686405947217246709339663992581258639421858481645925923114376076028518481315952276428891590178806785920814954411493934457539418048806408261041930654728736557043734872863389762101411802886210831392650694865776789718198673829536070538795878561089483802733611593725065036021045939869457076939772393726422651639891141788001023233229883711317152030160818055093295404842706047944031237842685090625566620312638034202705862680030773645916489635427422593666904989382258549972238442353189906929143553531556321652652220694187507441846629973375285261279108742538272485122386858345142403710024967219844910057118927879685397841791950403848136358375240701199399530793492194732361027907216578921870805942722026420585825516749363795186586269241684417483622672151595128396016109035599927040756885520090508687899616967671534145501610610932915687551043313237761013922046045989587055162710546692160440787635413461995328578546864058284035834942911298981000599247767286878143940664210886218223713450804397540521658185846933742420412048237884546140341217665685164524880328106139630693778111789609389251323921433175246670938748640675326257766623038103374006884912852348210487824462184199435043454810466145488656693930280476659153604994670750923516339403428113211720077978705126406773233329014995926127815939986862584294172610941243054216094044887150651499553369294826962608476204877531022979944524389201950002737692388730809884419967750831169711831419610889225588587145659288824962542575803449769098528405478950326379846278089778421760926637213955457733569930311397191987054718093686486461943390748011734282628736939680151373546301688135371741217062890534005995488391043145814420414666600495879404328317531223763628724102300576491142059797464676831821349577455552828981028557949931751670289119840388094816396909881947259145841972682742274316022005120671483578281104099164866601868465918617383740842580467786020673394202680511587247261483976657952480145842392385834097483391779286657528768846555359197822653014599334157641058628818321690019127790057878369609018477770322569925271835841018227457035791306102674153080339512891478855184044292043752560632460872718174985664886739809772715810747780086502594894521554257928782164537099349517762248552059517648760403878402935634641913519042748086551869131630784845470089058135437629992810454196904438689866319558557919178721352618636058424338096370538298659176107707878881116104' is set on object 'Object Repository/Step_3/input_text_days'

2018-04-03 10:28:48 - [MESSAGE][PASSED] - Text '765023875393746907773764649868847935880038023052165489165299972664410038176305664482497402988479021446255065746297109798403093866500784010709596439661379443611877699555500177748881609824693415505967474866868112030727822820605991660601037115442917578318290410117853570418488188176379843265507383747263505494698484188824334595699046224478644485402286456180370252749742469175480681427883570051059346952300866209654969760739532051970725844951396050875071577330507197261911315918958728782105899942900308359860093284245645106418763063122044098337110741818127714690500958461482596681913033400696864150705066576330286587438731533446490817186054279643447242436981861853365026253158870123172374453868348555967494870848387718202870904909823174920224617950934703249141837070347445667612162946234296636012282168998630294536708411421826347054930246073568239486824096123565065178535262321900450508262879434434795544022486419052506401883863014570971189800142646649772237417630065071855461000653716588377228984325750377311533733683477433375565586807847028433810215060816227659938099772553354356540485169984651543166557563192875217522358318303961626155325232892307640578097225509273235332097445281674480155969231658727476543494576626552744315850121031366547747395620995484111062834180840922451659057000792497617586357175886495915883923505330789518864261825774034853850288662692667678137489007497295064895411395153137854419271082156636837185030389578714077130554565774449978486601534287369118959387040568112713843993329647981087270392859652593794335735415693127266359377390981762870031966120626373665937819862983301787893835380837813168338678087736288296671447565226080459709086128604950281185422591946845217472095778587387174608704975335817307492097306990018423317324579088058627542808508346122556004305086094416402264250038502435976463350086438101204235240338865550280497545291170668652337657112818373171603286797589688997746285439117926048720228529331057553335654664011360603185542571137071610641869657779888506520672862335883570530759770773505401163148567887965200394408714388462367311377396400010341476212039707052046650836904325797629058625298076483915893820989146228629624047683335146686029693083353867999232820641450480503657979004553958821371266545418020506986526769853351168541040649374129146169593425867056834006098164942425496571267268202102478268975397404352655339033585453676682713136873063205216130470034672389645490305369051560275397239137108189663478956523015750343013731482012202419186332745351911885317964742959659245202995135085875481066401161922903577460930265411384968930216090811120027009379952756975392461546173939092370848822039636140087030954715815081639019836885154874990041676313506542158395678734717247536030740873127629464767401972098524941934966940036661216519968448092994379717107597049784749235412238872293938997052162463840638957724967427425266562459503921367539560192759551241516621480114555543431437473724764907876228719853783393898626968144698159250729622169081952780577002505148453167292398311967485544394869092267420297469900708901035299158177875772553661256691303903377917904261004287080501838092942449000486026457932998243978286277441583887968523860655038468332374033909748263779689327272313635058206561687170202550625674196628508782657580949540245176941409266357627371635931843819534052840071489165391836353067338088943414323401177289908951071318067128899881281948062615201986132068912470757491753050174957666187590124280244795294681198757568390101397864530979063101394790493418864945694421083067323420762951958467454055936401511462989920232684284683642294713984402428244098248056371686405947217246709339663992581258639421858481645925923114376076028518481315952276428891590178806785920814954411493934457539418048806408261041930654728736557043734872863389762101411802886210831392650694865776789718198673829536070538795878561089483802733611593725065036021045939869457076939772393726422651639891141788001023233229883711317152030160818055093295404842706047944031237842685090625566620312638034202705862680030773645916489635427422593666904989382258549972238442353189906929143553531556321652652220694187507441846629973375285261279108742538272485122386858345142403710024967219844910057118927879685397841791950403848136358375240701199399530793492194732361027907216578921870805942722026420585825516749363795186586269241684417483622672151595128396016109035599927040756885520090508687899616967671534145501610610932915687551043313237761013922046045989587055162710546692160440787635413461995328578546864058284035834942911298981000599247767286878143940664210886218223713450804397540521658185846933742420412048237884546140341217665685164524880328106139630693778111789609389251323921433175246670938748640675326257766623038103374006884912852348210487824462184199435043454810466145488656693930280476659153604994670750923516339403428113211720077978705126406773233329014995926127815939986862584294172610941243054216094044887150651499553369294826962608476204877531022979944524389201950002737692388730809884419967750831169711831419610889225588587145659288824962542575803449769098528405478950326379846278089778421760926637213955457733569930311397191987054718093686486461943390748011734282628736939680151373546301688135371741217062890534005995488391043145814420414666600495879404328317531223763628724102300576491142059797464676831821349577455552828981028557949931751670289119840388094816396909881947259145841972682742274316022005120671483578281104099164866601868465918617383740842580467786020673394202680511587247261483976657952480145842392385834097483391779286657528768846555359197822653014599334157641058628818321690019127790057878369609018477770322569925271835841018227457035791306102674153080339512891478855184044292043752560632460872718174985664886739809772715810747780086502594894521554257928782164537099349517762248552059517648760403878402935634641913519042748086551869131630784845470089058135437629992810454196904438689866319558557919178721352618636058424338096370538298659176107707878881116104' is set on object 'Object Repository/Step_3/input_text_days'

2018-04-03 10:28:48 - [TEST_STEP][PASSED] - delay: Delayed 2 second(s)

2018-04-03 10:28:50 - [MESSAGE][PASSED] - Delayed 2 second(s)

2018-04-03 10:28:50 - [TEST_STEP][PASSED] - click: Object: 'Object Repository/Step_3/but_add_Youtube' is clicked on

2018-04-03 10:28:50 - [MESSAGE][PASSED] - Object: 'Object Repository/Step_3/but_add_Youtube' is clicked on

2018-04-03 10:28:50 - [TEST_STEP][PASSED] - waitForElementVisible: Object 'Object Repository/Step_3/input_video_code' is visible

2018-04-03 10:28:50 - [MESSAGE][PASSED] - Object 'Object Repository/Step_3/input_video_code' is visible

2018-04-03 10:28:50 - [TEST_STEP][PASSED] - setText: Text 'https://youtu.be/2VjmdTtcEQE' is set on object 'Object Repository/Step_3/input_video_code'

2018-04-03 10:28:51 - [MESSAGE][PASSED] - Text 'https://youtu.be/2VjmdTtcEQE' is set on object 'Object Repository/Step_3/input_video_code'

2018-04-03 10:28:51 - [TEST_STEP][PASSED] - click: Object: 'Object Repository/Step_3/but_save_video_youtube' is clicked on

2018-04-03 10:28:51 - [MESSAGE][PASSED] - Object: 'Object Repository/Step_3/but_save_video_youtube' is clicked on

2018-04-03 10:28:51 - [TEST_STEP][PASSED] - delay: Delayed 2 second(s)

2018-04-03 10:28:53 - [MESSAGE][PASSED] - Delayed 2 second(s)

2018-04-03 10:28:53 - [TEST_STEP][PASSED] - delay: Delayed 2 second(s)

2018-04-03 10:28:55 - [MESSAGE][PASSED] - Delayed 2 second(s)

2018-04-03 10:28:55 - [TEST_STEP][PASSED] - click: Object: 'Object Repository/Step_3/but_3rd_day' is clicked on

2018-04-03 10:28:55 - [MESSAGE][PASSED] - Object: 'Object Repository/Step_3/but_3rd_day' is clicked on

2018-04-03 10:28:55 - [TEST_STEP][PASSED] - setText: Text '765023875393746907773764649868847935880038023052165489165299972664410038176305664482497402988479021446255065746297109798403093866500784010709596439661379443611877699555500177748881609824693415505967474866868112030727822820605991660601037115442917578318290410117853570418488188176379843265507383747263505494698484188824334595699046224478644485402286456180370252749742469175480681427883570051059346952300866209654969760739532051970725844951396050875071577330507197261911315918958728782105899942900308359860093284245645106418763063122044098337110741818127714690500958461482596681913033400696864150705066576330286587438731533446490817186054279643447242436981861853365026253158870123172374453868348555967494870848387718202870904909823174920224617950934703249141837070347445667612162946234296636012282168998630294536708411421826347054930246073568239486824096123565065178535262321900450508262879434434795544022486419052506401883863014570971189800142646649772237417630065071855461000653716588377228984325750377311533733683477433375565586807847028433810215060816227659938099772553354356540485169984651543166557563192875217522358318303961626155325232892307640578097225509273235332097445281674480155969231658727476543494576626552744315850121031366547747395620995484111062834180840922451659057000792497617586357175886495915883923505330789518864261825774034853850288662692667678137489007497295064895411395153137854419271082156636837185030389578714077130554565774449978486601534287369118959387040568112713843993329647981087270392859652593794335735415693127266359377390981762870031966120626373665937819862983301787893835380837813168338678087736288296671447565226080459709086128604950281185422591946845217472095778587387174608704975335817307492097306990018423317324579088058627542808508346122556004305086094416402264250038502435976463350086438101204235240338865550280497545291170668652337657112818373171603286797589688997746285439117926048720228529331057553335654664011360603185542571137071610641869657779888506520672862335883570530759770773505401163148567887965200394408714388462367311377396400010341476212039707052046650836904325797629058625298076483915893820989146228629624047683335146686029693083353867999232820641450480503657979004553958821371266545418020506986526769853351168541040649374129146169593425867056834006098164942425496571267268202102478268975397404352655339033585453676682713136873063205216130470034672389645490305369051560275397239137108189663478956523015750343013731482012202419186332745351911885317964742959659245202995135085875481066401161922903577460930265411384968930216090811120027009379952756975392461546173939092370848822039636140087030954715815081639019836885154874990041676313506542158395678734717247536030740873127629464767401972098524941934966940036661216519968448092994379717107597049784749235412238872293938997052162463840638957724967427425266562459503921367539560192759551241516621480114555543431437473724764907876228719853783393898626968144698159250729622169081952780577002505148453167292398311967485544394869092267420297469900708901035299158177875772553661256691303903377917904261004287080501838092942449000486026457932998243978286277441583887968523860655038468332374033909748263779689327272313635058206561687170202550625674196628508782657580949540245176941409266357627371635931843819534052840071489165391836353067338088943414323401177289908951071318067128899881281948062615201986132068912470757491753050174957666187590124280244795294681198757568390101397864530979063101394790493418864945694421083067323420762951958467454055936401511462989920232684284683642294713984402428244098248056371686405947217246709339663992581258639421858481645925923114376076028518481315952276428891590178806785920814954411493934457539418048806408261041930654728736557043734872863389762101411802886210831392650694865776789718198673829536070538795878561089483802733611593725065036021045939869457076939772393726422651639891141788001023233229883711317152030160818055093295404842706047944031237842685090625566620312638034202705862680030773645916489635427422593666904989382258549972238442353189906929143553531556321652652220694187507441846629973375285261279108742538272485122386858345142403710024967219844910057118927879685397841791950403848136358375240701199399530793492194732361027907216578921870805942722026420585825516749363795186586269241684417483622672151595128396016109035599927040756885520090508687899616967671534145501610610932915687551043313237761013922046045989587055162710546692160440787635413461995328578546864058284035834942911298981000599247767286878143940664210886218223713450804397540521658185846933742420412048237884546140341217665685164524880328106139630693778111789609389251323921433175246670938748640675326257766623038103374006884912852348210487824462184199435043454810466145488656693930280476659153604994670750923516339403428113211720077978705126406773233329014995926127815939986862584294172610941243054216094044887150651499553369294826962608476204877531022979944524389201950002737692388730809884419967750831169711831419610889225588587145659288824962542575803449769098528405478950326379846278089778421760926637213955457733569930311397191987054718093686486461943390748011734282628736939680151373546301688135371741217062890534005995488391043145814420414666600495879404328317531223763628724102300576491142059797464676831821349577455552828981028557949931751670289119840388094816396909881947259145841972682742274316022005120671483578281104099164866601868465918617383740842580467786020673394202680511587247261483976657952480145842392385834097483391779286657528768846555359197822653014599334157641058628818321690019127790057878369609018477770322569925271835841018227457035791306102674153080339512891478855184044292043752560632460872718174985664886739809772715810747780086502594894521554257928782164537099349517762248552059517648760403878402935634641913519042748086551869131630784845470089058135437629992810454196904438689866319558557919178721352618636058424338096370538298659176107707878881116104' is set on object 'Object Repository/Step_3/input_text_days'

2018-04-03 10:30:32 - [MESSAGE][PASSED] - Text '765023875393746907773764649868847935880038023052165489165299972664410038176305664482497402988479021446255065746297109798403093866500784010709596439661379443611877699555500177748881609824693415505967474866868112030727822820605991660601037115442917578318290410117853570418488188176379843265507383747263505494698484188824334595699046224478644485402286456180370252749742469175480681427883570051059346952300866209654969760739532051970725844951396050875071577330507197261911315918958728782105899942900308359860093284245645106418763063122044098337110741818127714690500958461482596681913033400696864150705066576330286587438731533446490817186054279643447242436981861853365026253158870123172374453868348555967494870848387718202870904909823174920224617950934703249141837070347445667612162946234296636012282168998630294536708411421826347054930246073568239486824096123565065178535262321900450508262879434434795544022486419052506401883863014570971189800142646649772237417630065071855461000653716588377228984325750377311533733683477433375565586807847028433810215060816227659938099772553354356540485169984651543166557563192875217522358318303961626155325232892307640578097225509273235332097445281674480155969231658727476543494576626552744315850121031366547747395620995484111062834180840922451659057000792497617586357175886495915883923505330789518864261825774034853850288662692667678137489007497295064895411395153137854419271082156636837185030389578714077130554565774449978486601534287369118959387040568112713843993329647981087270392859652593794335735415693127266359377390981762870031966120626373665937819862983301787893835380837813168338678087736288296671447565226080459709086128604950281185422591946845217472095778587387174608704975335817307492097306990018423317324579088058627542808508346122556004305086094416402264250038502435976463350086438101204235240338865550280497545291170668652337657112818373171603286797589688997746285439117926048720228529331057553335654664011360603185542571137071610641869657779888506520672862335883570530759770773505401163148567887965200394408714388462367311377396400010341476212039707052046650836904325797629058625298076483915893820989146228629624047683335146686029693083353867999232820641450480503657979004553958821371266545418020506986526769853351168541040649374129146169593425867056834006098164942425496571267268202102478268975397404352655339033585453676682713136873063205216130470034672389645490305369051560275397239137108189663478956523015750343013731482012202419186332745351911885317964742959659245202995135085875481066401161922903577460930265411384968930216090811120027009379952756975392461546173939092370848822039636140087030954715815081639019836885154874990041676313506542158395678734717247536030740873127629464767401972098524941934966940036661216519968448092994379717107597049784749235412238872293938997052162463840638957724967427425266562459503921367539560192759551241516621480114555543431437473724764907876228719853783393898626968144698159250729622169081952780577002505148453167292398311967485544394869092267420297469900708901035299158177875772553661256691303903377917904261004287080501838092942449000486026457932998243978286277441583887968523860655038468332374033909748263779689327272313635058206561687170202550625674196628508782657580949540245176941409266357627371635931843819534052840071489165391836353067338088943414323401177289908951071318067128899881281948062615201986132068912470757491753050174957666187590124280244795294681198757568390101397864530979063101394790493418864945694421083067323420762951958467454055936401511462989920232684284683642294713984402428244098248056371686405947217246709339663992581258639421858481645925923114376076028518481315952276428891590178806785920814954411493934457539418048806408261041930654728736557043734872863389762101411802886210831392650694865776789718198673829536070538795878561089483802733611593725065036021045939869457076939772393726422651639891141788001023233229883711317152030160818055093295404842706047944031237842685090625566620312638034202705862680030773645916489635427422593666904989382258549972238442353189906929143553531556321652652220694187507441846629973375285261279108742538272485122386858345142403710024967219844910057118927879685397841791950403848136358375240701199399530793492194732361027907216578921870805942722026420585825516749363795186586269241684417483622672151595128396016109035599927040756885520090508687899616967671534145501610610932915687551043313237761013922046045989587055162710546692160440787635413461995328578546864058284035834942911298981000599247767286878143940664210886218223713450804397540521658185846933742420412048237884546140341217665685164524880328106139630693778111789609389251323921433175246670938748640675326257766623038103374006884912852348210487824462184199435043454810466145488656693930280476659153604994670750923516339403428113211720077978705126406773233329014995926127815939986862584294172610941243054216094044887150651499553369294826962608476204877531022979944524389201950002737692388730809884419967750831169711831419610889225588587145659288824962542575803449769098528405478950326379846278089778421760926637213955457733569930311397191987054718093686486461943390748011734282628736939680151373546301688135371741217062890534005995488391043145814420414666600495879404328317531223763628724102300576491142059797464676831821349577455552828981028557949931751670289119840388094816396909881947259145841972682742274316022005120671483578281104099164866601868465918617383740842580467786020673394202680511587247261483976657952480145842392385834097483391779286657528768846555359197822653014599334157641058628818321690019127790057878369609018477770322569925271835841018227457035791306102674153080339512891478855184044292043752560632460872718174985664886739809772715810747780086502594894521554257928782164537099349517762248552059517648760403878402935634641913519042748086551869131630784845470089058135437629992810454196904438689866319558557919178721352618636058424338096370538298659176107707878881116104' is set on object 'Object Repository/Step_3/input_text_days'

2018-04-03 10:30:32 - [TEST_STEP][PASSED] - delay: Delayed 2 second(s)

2018-04-03 10:30:34 - [MESSAGE][PASSED] - Delayed 2 second(s)

2018-04-03 10:30:34 - [TEST_STEP][PASSED] - click: Object: 'Object Repository/Step_3/but_add_Youtube' is clicked on

2018-04-03 10:30:34 - [MESSAGE][PASSED] - Object: 'Object Repository/Step_3/but_add_Youtube' is clicked on

2018-04-03 10:30:34 - [TEST_STEP][PASSED] - waitForElementVisible: Object 'Object Repository/Step_3/input_video_code' is visible

2018-04-03 10:30:34 - [MESSAGE][PASSED] - Object 'Object Repository/Step_3/input_video_code' is visible

2018-04-03 10:30:34 - [TEST_STEP][PASSED] - setText: Text 'https://youtu.be/2VjmdTtcEQE' is set on object 'Object Repository/Step_3/input_video_code'

2018-04-03 10:30:35 - [MESSAGE][PASSED] - Text 'https://youtu.be/2VjmdTtcEQE' is set on object 'Object Repository/Step_3/input_video_code'

2018-04-03 10:30:35 - [TEST_STEP][PASSED] - click: Object: 'Object Repository/Step_3/but_save_video_youtube' is clicked on

2018-04-03 10:30:35 - [MESSAGE][PASSED] - Object: 'Object Repository/Step_3/but_save_video_youtube' is clicked on

2018-04-03 10:30:35 - [TEST_STEP][PASSED] - delay: Delayed 2 second(s)

2018-04-03 10:30:37 - [MESSAGE][PASSED] - Delayed 2 second(s)

2018-04-03 10:30:37 - [TEST_STEP][PASSED] - closeBrowser: Browser is closed

2018-04-03 10:30:38 - [MESSAGE][PASSED] - Browser is closed]]></system-out>
         <system-err><![CDATA[]]></system-err>
      </testcase>
      <testcase name="Test Cases/Create_report/Step 4-5" classname="Test Cases/Create_report/Step 4-5" status="PASSED">
         <system-out><![CDATA[2018-04-03 10:30:38 - [TEST_CASE][PASSED] - Test Cases/Create_report/Step 4-5: Test Cases/Create_report/Step 4-5

2018-04-03 10:30:38 - [TEST_STEP][PASSED] - openBrowser: Browser is opened with url: ''

2018-04-03 10:30:40 - [MESSAGE][PASSED] - Browser is opened with url: ''

2018-04-03 10:30:40 - [TEST_STEP][PASSED] - navigateToUrl: Navigate to 'https://www.route-report.com/' successfully

2018-04-03 10:30:44 - [MESSAGE][PASSED] - Navigate to 'https://www.route-report.com/' successfully

2018-04-03 10:30:44 - [TEST_STEP][PASSED] - maximizeWindow: Current window maximized

2018-04-03 10:30:45 - [MESSAGE][PASSED] - Current window maximized

2018-04-03 10:30:45 - [TEST_STEP][PASSED] - Statement - mail = "rostyslav.biliaiev@route-report.com": null

2018-04-03 10:30:45 - [TEST_STEP][PASSED] - Statement - pass = "111111": null

2018-04-03 10:30:45 - [TEST_STEP][PASSED] - Statement - bigtext = org.apache.commons.lang.RandomStringUtils.randomNumeric(2000): null

2018-04-03 10:30:45 - [TEST_STEP][PASSED] - Statement - mydate = new java.util.Date(): null

2018-04-03 10:30:45 - [TEST_STEP][PASSED] - Statement - formattedDate = mydate.format("MMdd"): null

2018-04-03 10:30:45 - [TEST_STEP][PASSED] - Statement - dateHour = mydate.format("HHmmss"): null

2018-04-03 10:30:45 - [TEST_STEP][PASSED] - Statement - x = "_date_" + formattedDate + "_time_" + dateHour: null

2018-04-03 10:30:45 - [TEST_STEP][PASSED] - Statement - title = "Automated test was executed" + x: null

2018-04-03 10:30:45 - [TEST_STEP][PASSED] - Statement - authors_text = "Text from authors Text from authors Text from authors Text from authors Text from authors Text from authors Text from authors Text from authors Text from authors ": null

2018-04-03 10:30:45 - [TEST_STEP][PASSED] - Statement - youtube = "https://youtu.be/2VjmdTtcEQE": null

2018-04-03 10:30:45 - [TEST_STEP][PASSED] - click: Object: 'Object Repository/Login_registration/span_Login' is clicked on

2018-04-03 10:30:45 - [MESSAGE][PASSED] - Object: 'Object Repository/Login_registration/span_Login' is clicked on

2018-04-03 10:30:45 - [TEST_STEP][PASSED] - setText: Text 'rostyslav.biliaiev@route-report.com' is set on object 'Object Repository/Login_registration/input_in_login'

2018-04-03 10:30:46 - [MESSAGE][PASSED] - Text 'rostyslav.biliaiev@route-report.com' is set on object 'Object Repository/Login_registration/input_in_login'

2018-04-03 10:30:46 - [TEST_STEP][PASSED] - setText: Text '111111' is set on object 'Object Repository/Login_registration/input_in_password'

2018-04-03 10:30:46 - [MESSAGE][PASSED] - Text '111111' is set on object 'Object Repository/Login_registration/input_in_password'

2018-04-03 10:30:46 - [TEST_STEP][PASSED] - click: Object: 'Object Repository/Login_registration/button_LOG IN' is clicked on

2018-04-03 10:30:47 - [MESSAGE][PASSED] - Object: 'Object Repository/Login_registration/button_LOG IN' is clicked on

2018-04-03 10:30:47 - [TEST_STEP][PASSED] - verifyElementPresent: Object 'Object Repository/Login_registration/span_My spoken languages' is present

2018-04-03 10:30:51 - [MESSAGE][PASSED] - Object 'Object Repository/Login_registration/span_My spoken languages' is present

2018-04-03 10:30:51 - [TEST_STEP][PASSED] - delay: Delayed 2 second(s)

2018-04-03 10:30:53 - [MESSAGE][PASSED] - Delayed 2 second(s)

2018-04-03 10:30:53 - [TEST_STEP][PASSED] - click: Object: 'Object Repository/Account/Buttons/button_Edit_report_first' is clicked on

2018-04-03 10:30:53 - [MESSAGE][PASSED] - Object: 'Object Repository/Account/Buttons/button_Edit_report_first' is clicked on

2018-04-03 10:30:53 - [TEST_STEP][PASSED] - switchToWindowTitle: Switched to window with title: 'Write report - Route Report'

2018-04-03 10:30:57 - [MESSAGE][PASSED] - Switched to window with title: 'Write report - Route Report'

2018-04-03 10:30:57 - [TEST_STEP][PASSED] - delay: Delayed 1 second(s)

2018-04-03 10:30:58 - [MESSAGE][PASSED] - Delayed 1 second(s)

2018-04-03 10:30:58 - [TEST_STEP][PASSED] - click: Object: 'Object Repository/Step_1/but_Step4' is clicked on

2018-04-03 10:30:59 - [MESSAGE][PASSED] - Object: 'Object Repository/Step_1/but_Step4' is clicked on

2018-04-03 10:30:59 - [TEST_STEP][PASSED] - waitForElementVisible: Object 'Object Repository/Step_4/ver_step4_isloaded' is visible

2018-04-03 10:30:59 - [MESSAGE][PASSED] - Object 'Object Repository/Step_4/ver_step4_isloaded' is visible

2018-04-03 10:30:59 - [TEST_STEP][PASSED] - delay: Delayed 2 second(s)

2018-04-03 10:31:01 - [MESSAGE][PASSED] - Delayed 2 second(s)

2018-04-03 10:31:01 - [TEST_STEP][PASSED] - click: Object: 'Object Repository/Step_4/but_add_language' is clicked on

2018-04-03 10:31:01 - [MESSAGE][PASSED] - Object: 'Object Repository/Step_4/but_add_language' is clicked on

2018-04-03 10:31:01 - [TEST_STEP][PASSED] - click: Object: 'Object Repository/Step_4/EN_lang' is clicked on

2018-04-03 10:31:01 - [MESSAGE][PASSED] - Object: 'Object Repository/Step_4/EN_lang' is clicked on

2018-04-03 10:31:01 - [TEST_STEP][PASSED] - setText: Text '13245678' is set on object 'Object Repository/Step_4/input_phone'

2018-04-03 10:31:01 - [MESSAGE][PASSED] - Text '13245678' is set on object 'Object Repository/Step_4/input_phone'

2018-04-03 10:31:01 - [TEST_STEP][PASSED] - setText: Text 'mail@com.com' is set on object 'Object Repository/Step_4/input_mail'

2018-04-03 10:31:02 - [MESSAGE][PASSED] - Text 'mail@com.com' is set on object 'Object Repository/Step_4/input_mail'

2018-04-03 10:31:02 - [TEST_STEP][PASSED] - setText: Text 'FB' is set on object 'Object Repository/Step_4/input_FB'

2018-04-03 10:31:02 - [MESSAGE][PASSED] - Text 'FB' is set on object 'Object Repository/Step_4/input_FB'

2018-04-03 10:31:02 - [TEST_STEP][PASSED] - setText: Text 'Skype' is set on object 'Object Repository/Step_4/input_Skype'

2018-04-03 10:31:02 - [MESSAGE][PASSED] - Text 'Skype' is set on object 'Object Repository/Step_4/input_Skype'

2018-04-03 10:31:02 - [TEST_STEP][PASSED] - setText: Text '132132' is set on object 'Object Repository/Step_4/inpuit_viber'

2018-04-03 10:31:02 - [MESSAGE][PASSED] - Text '132132' is set on object 'Object Repository/Step_4/inpuit_viber'

2018-04-03 10:31:02 - [TEST_STEP][PASSED] - setText: Text '32123' is set on object 'Object Repository/Step_4/input_Whatapp'

2018-04-03 10:31:02 - [MESSAGE][PASSED] - Text '32123' is set on object 'Object Repository/Step_4/input_Whatapp'

2018-04-03 10:31:02 - [TEST_STEP][PASSED] - setText: Text 'x' is set on object 'Object Repository/Step_4/input_coment'

2018-04-03 10:31:02 - [MESSAGE][PASSED] - Text 'x' is set on object 'Object Repository/Step_4/input_coment'

2018-04-03 10:31:02 - [TEST_STEP][PASSED] - click: Object: 'Object Repository/Step_4/button_Next_step5' is clicked on

2018-04-03 10:31:03 - [MESSAGE][PASSED] - Object: 'Object Repository/Step_4/button_Next_step5' is clicked on

2018-04-03 10:31:03 - [TEST_STEP][PASSED] - waitForElementVisible: Object 'Object Repository/Step_5/ver_Step5_isloaded' is visible

2018-04-03 10:31:04 - [MESSAGE][PASSED] - Object 'Object Repository/Step_5/ver_Step5_isloaded' is visible

2018-04-03 10:31:04 - [TEST_STEP][PASSED] - delay: Delayed 2 second(s)

2018-04-03 10:31:06 - [MESSAGE][PASSED] - Delayed 2 second(s)

2018-04-03 10:31:06 - [TEST_STEP][PASSED] - click: Object: 'Object Repository/Step_5/but_Publish_report' is clicked on

2018-04-03 10:31:06 - [MESSAGE][PASSED] - Object: 'Object Repository/Step_5/but_Publish_report' is clicked on

2018-04-03 10:31:06 - [TEST_STEP][PASSED] - delay: Delayed 2 second(s)

2018-04-03 10:31:08 - [MESSAGE][PASSED] - Delayed 2 second(s)

2018-04-03 10:31:08 - [TEST_STEP][PASSED] - waitForElementVisible: Object 'Object Repository/Step_5/ver_publish_ok' is visible

2018-04-03 10:31:08 - [MESSAGE][PASSED] - Object 'Object Repository/Step_5/ver_publish_ok' is visible

2018-04-03 10:31:08 - [TEST_STEP][PASSED] - delay: Delayed 3 second(s)

2018-04-03 10:31:11 - [MESSAGE][PASSED] - Delayed 3 second(s)

2018-04-03 10:31:11 - [TEST_STEP][PASSED] - click: Object: 'Object Repository/Step_5/but_OK_cong' is clicked on

2018-04-03 10:31:13 - [MESSAGE][PASSED] - Object: 'Object Repository/Step_5/but_OK_cong' is clicked on

2018-04-03 10:31:13 - [TEST_STEP][PASSED] - closeBrowser: Browser is closed

2018-04-03 10:31:14 - [MESSAGE][PASSED] - Browser is closed]]></system-out>
         <system-err><![CDATA[]]></system-err>
      </testcase>
      <system-out><![CDATA[2018-04-03 10:21:08 - [TEST_SUITE][PASSED] - Add_report: Test Cases/Create_report/Step 4-5]]></system-out>
      <system-err><![CDATA[]]></system-err>
   </testsuite>
</testsuites>
