<?xml version="1.0" encoding="UTF-8"?>
<testsuites name="Login_Registration" time="139" tests="10" failures="0" errors="0">
   <testsuite name="Login_Registration" tests="10" failures="0" errors="0" time="139" timestamp="2018-03-23 15:40:24" hostname="user - BrainPc" id="Test Suites/Login_Registration">
      <properties>
         <property name="deviceName" value=""/>
         <property name="devicePlatform" value=""/>
         <property name="logFolder" value="C:\\Users\\user\\Katalon Studio\\Route_report_WEB\\Reports\\Login_Registration\\20180323_154022"/>
         <property name="logFiles" value="C:\\Users\\user\\Katalon Studio\\Route_report_WEB\\Reports\\Login_Registration\\20180323_154022\\execution0.log"/>
         <property name="attachments" value=""/>
         <property name="hostName" value="user - BrainPc"/>
         <property name="os" value="Windows 8.1 64bit"/>
         <property name="katalonVersion" value="5.3.1.1"/>
         <property name="browser" value="Chrome 65.0.3325.181"/>
         <property name="hostAddress" value="10.1.2.105"/>
         <property name="sessionId" value="7308c74139b39059bf2c2ef62284929a"/>
         <property name="seleniumVersion" value="3.7.1"/>
         <property name="proxyInformation" value="ProxyInformation{proxyOption=NO_PROXY, proxyServerType=HTTP, password=, proxyServerAddress=, proxyServerPort=0}"/>
         <property name="platform" value="Windows 8.1"/>
      </properties>
      <testcase name="Test Cases/Login_Reg-Login with a valid email and password" classname="Test Cases/Login_Reg-Login with a valid email and password" status="PASSED">
         <system-out><![CDATA[2018-03-23 15:40:25 - [TEST_CASE][PASSED] - Test Cases/Login_Reg-Login with a valid email and password: Test Cases/Login_Reg-Login with a valid email and password

2018-03-23 15:40:25 - [TEST_STEP][PASSED] - openBrowser: Browser is opened with url: ''

2018-03-23 15:40:28 - [MESSAGE][PASSED] - Browser is opened with url: ''

2018-03-23 15:40:28 - [TEST_STEP][PASSED] - navigateToUrl: Navigate to 'https://www.route-report.com/' successfully

2018-03-23 15:40:31 - [MESSAGE][PASSED] - Navigate to 'https://www.route-report.com/' successfully

2018-03-23 15:40:31 - [TEST_STEP][PASSED] - maximizeWindow: Current window maximized

2018-03-23 15:40:32 - [MESSAGE][PASSED] - Current window maximized

2018-03-23 15:40:32 - [TEST_STEP][PASSED] - click: Object: 'Object Repository/Login_registration/span_Login' is clicked on

2018-03-23 15:40:33 - [MESSAGE][PASSED] - Object: 'Object Repository/Login_registration/span_Login' is clicked on

2018-03-23 15:40:33 - [TEST_STEP][PASSED] - setText: Text 'rostyslav.biliaiev@route-report.com' is set on object 'Object Repository/Login_registration/input_in_login'

2018-03-23 15:40:34 - [MESSAGE][PASSED] - Text 'rostyslav.biliaiev@route-report.com' is set on object 'Object Repository/Login_registration/input_in_login'

2018-03-23 15:40:34 - [TEST_STEP][PASSED] - setText: Text '111111' is set on object 'Object Repository/Login_registration/input_in_password'

2018-03-23 15:40:34 - [MESSAGE][PASSED] - Text '111111' is set on object 'Object Repository/Login_registration/input_in_password'

2018-03-23 15:40:34 - [TEST_STEP][PASSED] - click: Object: 'Object Repository/Login_registration/button_LOG IN' is clicked on

2018-03-23 15:40:34 - [MESSAGE][PASSED] - Object: 'Object Repository/Login_registration/button_LOG IN' is clicked on

2018-03-23 15:40:34 - [TEST_STEP][PASSED] - verifyElementPresent: Object 'Object Repository/Login_registration/span_My spoken languages' is present

2018-03-23 15:40:41 - [MESSAGE][PASSED] - Object 'Object Repository/Login_registration/span_My spoken languages' is present

2018-03-23 15:40:41 - [TEST_STEP][PASSED] - closeBrowser: Browser is closed

2018-03-23 15:40:42 - [MESSAGE][PASSED] - Browser is closed]]></system-out>
         <system-err><![CDATA[]]></system-err>
      </testcase>
      <testcase name="Test Cases/Login_Reg-Log in with incorrect invalid email or password" classname="Test Cases/Login_Reg-Log in with incorrect invalid email or password" status="PASSED">
         <system-out><![CDATA[2018-03-23 15:40:42 - [TEST_CASE][PASSED] - Test Cases/Login_Reg-Log in with incorrect invalid email or password: Test Cases/Login_Reg-Log in with incorrect invalid email or password

2018-03-23 15:40:42 - [TEST_STEP][PASSED] - openBrowser: Browser is opened with url: ''

2018-03-23 15:40:44 - [MESSAGE][PASSED] - Browser is opened with url: ''

2018-03-23 15:40:44 - [TEST_STEP][PASSED] - navigateToUrl: Navigate to 'https://www.route-report.com/' successfully

2018-03-23 15:40:48 - [MESSAGE][PASSED] - Navigate to 'https://www.route-report.com/' successfully

2018-03-23 15:40:48 - [TEST_STEP][PASSED] - maximizeWindow: Current window maximized

2018-03-23 15:40:49 - [MESSAGE][PASSED] - Current window maximized

2018-03-23 15:40:49 - [TEST_STEP][PASSED] - click: Object: 'Object Repository/Login_registration/span_Login' is clicked on

2018-03-23 15:40:49 - [MESSAGE][PASSED] - Object: 'Object Repository/Login_registration/span_Login' is clicked on

2018-03-23 15:40:49 - [TEST_STEP][PASSED] - setText: Text 'wrongmail@mail.mail' is set on object 'Object Repository/Login_registration/input_in_login'

2018-03-23 15:40:50 - [MESSAGE][PASSED] - Text 'wrongmail@mail.mail' is set on object 'Object Repository/Login_registration/input_in_login'

2018-03-23 15:40:50 - [TEST_STEP][PASSED] - setText: Text '1111111' is set on object 'Object Repository/Login_registration/input_in_password'

2018-03-23 15:40:50 - [MESSAGE][PASSED] - Text '1111111' is set on object 'Object Repository/Login_registration/input_in_password'

2018-03-23 15:40:50 - [TEST_STEP][PASSED] - click: Object: 'Object Repository/Login_registration/button_LOG IN' is clicked on

2018-03-23 15:40:51 - [MESSAGE][PASSED] - Object: 'Object Repository/Login_registration/button_LOG IN' is clicked on

2018-03-23 15:40:51 - [TEST_STEP][PASSED] - verifyElementPresent: Object 'Object Repository/Login_registration/Error_message_Verify_pass_and_email' is present

2018-03-23 15:40:51 - [MESSAGE][PASSED] - Object 'Object Repository/Login_registration/Error_message_Verify_pass_and_email' is present

2018-03-23 15:40:51 - [TEST_STEP][PASSED] - closeBrowser: Browser is closed

2018-03-23 15:40:52 - [MESSAGE][PASSED] - Browser is closed]]></system-out>
         <system-err><![CDATA[]]></system-err>
      </testcase>
      <testcase name="Test Cases/Login_Reg-Entering non-valid mail in the mail input field" classname="Test Cases/Login_Reg-Entering non-valid mail in the mail input field" status="PASSED">
         <system-out><![CDATA[2018-03-23 15:40:52 - [TEST_CASE][PASSED] - Test Cases/Login_Reg-Entering non-valid mail in the mail input field: Test Cases/Login_Reg-Entering non-valid mail in the mail input field

2018-03-23 15:40:52 - [TEST_STEP][PASSED] - openBrowser: Browser is opened with url: ''

2018-03-23 15:40:54 - [MESSAGE][PASSED] - Browser is opened with url: ''

2018-03-23 15:40:54 - [TEST_STEP][PASSED] - navigateToUrl: Navigate to 'https://www.route-report.com/' successfully

2018-03-23 15:40:58 - [MESSAGE][PASSED] - Navigate to 'https://www.route-report.com/' successfully

2018-03-23 15:40:58 - [TEST_STEP][PASSED] - maximizeWindow: Current window maximized

2018-03-23 15:40:59 - [MESSAGE][PASSED] - Current window maximized

2018-03-23 15:40:59 - [TEST_STEP][PASSED] - click: Object: 'Object Repository/Login_registration/a_JOIN US NOW' is clicked on

2018-03-23 15:40:59 - [MESSAGE][PASSED] - Object: 'Object Repository/Login_registration/a_JOIN US NOW' is clicked on

2018-03-23 15:40:59 - [TEST_STEP][PASSED] - setText: Text 'sgfsjhdgf' is set on object 'Object Repository/Login_registration/input_in_login'

2018-03-23 15:41:00 - [MESSAGE][PASSED] - Text 'sgfsjhdgf' is set on object 'Object Repository/Login_registration/input_in_login'

2018-03-23 15:41:00 - [TEST_STEP][PASSED] - verifyElementPresent: Object 'Object Repository/Login_registration/Error_message_Please enter a valid email' is present

2018-03-23 15:41:02 - [MESSAGE][PASSED] - Object 'Object Repository/Login_registration/Error_message_Please enter a valid email' is present

2018-03-23 15:41:02 - [TEST_STEP][PASSED] - closeBrowser: Browser is closed

2018-03-23 15:41:03 - [MESSAGE][PASSED] - Browser is closed]]></system-out>
         <system-err><![CDATA[]]></system-err>
      </testcase>
      <testcase name="Test Cases/Login_Reg-Login with input only mail (no password)" classname="Test Cases/Login_Reg-Login with input only mail (no password)" status="PASSED">
         <system-out><![CDATA[2018-03-23 15:41:03 - [TEST_CASE][PASSED] - Test Cases/Login_Reg-Login with input only mail (no password): Test Cases/Login_Reg-Login with input only mail (no password)

2018-03-23 15:41:03 - [TEST_STEP][PASSED] - openBrowser: Browser is opened with url: ''

2018-03-23 15:41:05 - [MESSAGE][PASSED] - Browser is opened with url: ''

2018-03-23 15:41:05 - [TEST_STEP][PASSED] - navigateToUrl: Navigate to 'https://www.route-report.com/' successfully

2018-03-23 15:41:09 - [MESSAGE][PASSED] - Navigate to 'https://www.route-report.com/' successfully

2018-03-23 15:41:09 - [TEST_STEP][PASSED] - maximizeWindow: Current window maximized

2018-03-23 15:41:10 - [MESSAGE][PASSED] - Current window maximized

2018-03-23 15:41:10 - [TEST_STEP][PASSED] - click: Object: 'Object Repository/Login_registration/span_Login' is clicked on

2018-03-23 15:41:10 - [MESSAGE][PASSED] - Object: 'Object Repository/Login_registration/span_Login' is clicked on

2018-03-23 15:41:10 - [TEST_STEP][PASSED] - setText: Text 'rostyslav.biliaiev@route-report.com' is set on object 'Object Repository/Login_registration/input_in_login'

2018-03-23 15:41:11 - [MESSAGE][PASSED] - Text 'rostyslav.biliaiev@route-report.com' is set on object 'Object Repository/Login_registration/input_in_login'

2018-03-23 15:41:11 - [TEST_STEP][PASSED] - click: Object: 'Object Repository/Login_registration/button_LOG IN' is clicked on

2018-03-23 15:41:11 - [MESSAGE][PASSED] - Object: 'Object Repository/Login_registration/button_LOG IN' is clicked on

2018-03-23 15:41:11 - [TEST_STEP][PASSED] - verifyElementPresent: Object 'Object Repository/Login_registration/Error_message_Required field' is present

2018-03-23 15:41:11 - [MESSAGE][PASSED] - Object 'Object Repository/Login_registration/Error_message_Required field' is present

2018-03-23 15:41:11 - [TEST_STEP][PASSED] - closeBrowser: Browser is closed

2018-03-23 15:41:12 - [MESSAGE][PASSED] - Browser is closed]]></system-out>
         <system-err><![CDATA[]]></system-err>
      </testcase>
      <testcase name="Test Cases/Login_Reg-Login with password only (no mail)" classname="Test Cases/Login_Reg-Login with password only (no mail)" status="PASSED">
         <system-out><![CDATA[2018-03-23 15:41:12 - [TEST_CASE][PASSED] - Test Cases/Login_Reg-Login with password only (no mail): Test Cases/Login_Reg-Login with password only (no mail)

2018-03-23 15:41:12 - [TEST_STEP][PASSED] - openBrowser: Browser is opened with url: ''

2018-03-23 15:41:15 - [MESSAGE][PASSED] - Browser is opened with url: ''

2018-03-23 15:41:15 - [TEST_STEP][PASSED] - navigateToUrl: Navigate to 'https://www.route-report.com/' successfully

2018-03-23 15:41:18 - [MESSAGE][PASSED] - Navigate to 'https://www.route-report.com/' successfully

2018-03-23 15:41:18 - [TEST_STEP][PASSED] - maximizeWindow: Current window maximized

2018-03-23 15:41:19 - [MESSAGE][PASSED] - Current window maximized

2018-03-23 15:41:19 - [TEST_STEP][PASSED] - click: Object: 'Object Repository/Login_registration/span_Login' is clicked on

2018-03-23 15:41:19 - [MESSAGE][PASSED] - Object: 'Object Repository/Login_registration/span_Login' is clicked on

2018-03-23 15:41:19 - [TEST_STEP][PASSED] - setText: Text '111111' is set on object 'Object Repository/Login_registration/input_in_password'

2018-03-23 15:41:20 - [MESSAGE][PASSED] - Text '111111' is set on object 'Object Repository/Login_registration/input_in_password'

2018-03-23 15:41:20 - [TEST_STEP][PASSED] - delay: Delayed 2 second(s)

2018-03-23 15:41:22 - [MESSAGE][PASSED] - Delayed 2 second(s)

2018-03-23 15:41:22 - [TEST_STEP][PASSED] - click: Object: 'Object Repository/Login_registration/button_LOG IN' is clicked on

2018-03-23 15:41:22 - [MESSAGE][PASSED] - Object: 'Object Repository/Login_registration/button_LOG IN' is clicked on

2018-03-23 15:41:22 - [TEST_STEP][PASSED] - verifyElementPresent: Object 'Object Repository/Login_registration/Error_message_Required field' is present

2018-03-23 15:41:22 - [MESSAGE][PASSED] - Object 'Object Repository/Login_registration/Error_message_Required field' is present

2018-03-23 15:41:22 - [TEST_STEP][PASSED] - closeBrowser: Browser is closed

2018-03-23 15:41:23 - [MESSAGE][PASSED] - Browser is closed]]></system-out>
         <system-err><![CDATA[]]></system-err>
      </testcase>
      <testcase name="Test Cases/Login_Reg-Recovering the password with the wrong key" classname="Test Cases/Login_Reg-Recovering the password with the wrong key" status="PASSED">
         <system-out><![CDATA[2018-03-23 15:41:23 - [TEST_CASE][PASSED] - Test Cases/Login_Reg-Recovering the password with the wrong key: Test Cases/Login_Reg-Recovering the password with the wrong key

2018-03-23 15:41:23 - [TEST_STEP][PASSED] - openBrowser: Browser is opened with url: ''

2018-03-23 15:41:26 - [MESSAGE][PASSED] - Browser is opened with url: ''

2018-03-23 15:41:26 - [TEST_STEP][PASSED] - navigateToUrl: Navigate to 'https://www.route-report.com/' successfully

2018-03-23 15:41:29 - [MESSAGE][PASSED] - Navigate to 'https://www.route-report.com/' successfully

2018-03-23 15:41:29 - [TEST_STEP][PASSED] - maximizeWindow: Current window maximized

2018-03-23 15:41:30 - [MESSAGE][PASSED] - Current window maximized

2018-03-23 15:41:30 - [TEST_STEP][PASSED] - click: Object: 'Object Repository/Login_registration/span_Login' is clicked on

2018-03-23 15:41:30 - [MESSAGE][PASSED] - Object: 'Object Repository/Login_registration/span_Login' is clicked on

2018-03-23 15:41:30 - [TEST_STEP][PASSED] - setText: Text 'rostyslav.biliaiev@route-report.com' is set on object 'Object Repository/Login_registration/input_in_login'

2018-03-23 15:41:31 - [MESSAGE][PASSED] - Text 'rostyslav.biliaiev@route-report.com' is set on object 'Object Repository/Login_registration/input_in_login'

2018-03-23 15:41:31 - [TEST_STEP][PASSED] - click: Object: 'Object Repository/Login_registration/div_Forgot password' is clicked on

2018-03-23 15:41:32 - [MESSAGE][PASSED] - Object: 'Object Repository/Login_registration/div_Forgot password' is clicked on

2018-03-23 15:41:32 - [TEST_STEP][PASSED] - delay: Delayed 2 second(s)

2018-03-23 15:41:34 - [MESSAGE][PASSED] - Delayed 2 second(s)

2018-03-23 15:41:34 - [TEST_STEP][PASSED] - setText: Text '111111' is set on object 'Object Repository/Login_registration/input_in_key_password_recover'

2018-03-23 15:41:34 - [MESSAGE][PASSED] - Text '111111' is set on object 'Object Repository/Login_registration/input_in_key_password_recover'

2018-03-23 15:41:34 - [TEST_STEP][PASSED] - setText: Text '111111' is set on object 'Object Repository/Login_registration/input_in_password_new'

2018-03-23 15:41:34 - [MESSAGE][PASSED] - Text '111111' is set on object 'Object Repository/Login_registration/input_in_password_new'

2018-03-23 15:41:34 - [TEST_STEP][PASSED] - setText: Text '111111111' is set on object 'Object Repository/Login_registration/input_in_password_confirm'

2018-03-23 15:41:34 - [MESSAGE][PASSED] - Text '111111111' is set on object 'Object Repository/Login_registration/input_in_password_confirm'

2018-03-23 15:41:34 - [TEST_STEP][PASSED] - click: Object: 'Object Repository/Login_registration/button_LOG IN_recover_password' is clicked on

2018-03-23 15:41:35 - [MESSAGE][PASSED] - Object: 'Object Repository/Login_registration/button_LOG IN_recover_password' is clicked on

2018-03-23 15:41:35 - [TEST_STEP][PASSED] - waitForElementPresent: Object 'Object Repository/Login_registration/Error_message_Passwords do not match' is present

2018-03-23 15:41:36 - [MESSAGE][PASSED] - Object 'Object Repository/Login_registration/Error_message_Passwords do not match' is present

2018-03-23 15:41:36 - [TEST_STEP][PASSED] - closeBrowser: Browser is closed

2018-03-23 15:41:36 - [MESSAGE][PASSED] - Browser is closed]]></system-out>
         <system-err><![CDATA[]]></system-err>
      </testcase>
      <testcase name="Test Cases/Login_Reg-Password recovery with no key input" classname="Test Cases/Login_Reg-Password recovery with no key input" status="PASSED">
         <system-out><![CDATA[2018-03-23 15:41:36 - [TEST_CASE][PASSED] - Test Cases/Login_Reg-Password recovery with no key input: Test Cases/Login_Reg-Password recovery with no key input

2018-03-23 15:41:37 - [TEST_STEP][PASSED] - openBrowser: Browser is opened with url: ''

2018-03-23 15:41:39 - [MESSAGE][PASSED] - Browser is opened with url: ''

2018-03-23 15:41:39 - [TEST_STEP][PASSED] - navigateToUrl: Navigate to 'https://www.route-report.com/' successfully

2018-03-23 15:41:43 - [MESSAGE][PASSED] - Navigate to 'https://www.route-report.com/' successfully

2018-03-23 15:41:43 - [TEST_STEP][PASSED] - maximizeWindow: Current window maximized

2018-03-23 15:41:44 - [MESSAGE][PASSED] - Current window maximized

2018-03-23 15:41:44 - [TEST_STEP][PASSED] - click: Object: 'Object Repository/Login_registration/span_Login' is clicked on

2018-03-23 15:41:45 - [MESSAGE][PASSED] - Object: 'Object Repository/Login_registration/span_Login' is clicked on

2018-03-23 15:41:45 - [TEST_STEP][PASSED] - setText: Text 'rostyslav.biliaiev@route-report.com' is set on object 'Object Repository/Login_registration/input_in_login'

2018-03-23 15:41:45 - [MESSAGE][PASSED] - Text 'rostyslav.biliaiev@route-report.com' is set on object 'Object Repository/Login_registration/input_in_login'

2018-03-23 15:41:45 - [TEST_STEP][PASSED] - click: Object: 'Object Repository/Login_registration/div_Forgot password' is clicked on

2018-03-23 15:41:46 - [MESSAGE][PASSED] - Object: 'Object Repository/Login_registration/div_Forgot password' is clicked on

2018-03-23 15:41:46 - [TEST_STEP][PASSED] - delay: Delayed 2 second(s)

2018-03-23 15:41:48 - [MESSAGE][PASSED] - Delayed 2 second(s)

2018-03-23 15:41:48 - [TEST_STEP][PASSED] - setText: Text '111111' is set on object 'Object Repository/Login_registration/input_in_password_new'

2018-03-23 15:41:48 - [MESSAGE][PASSED] - Text '111111' is set on object 'Object Repository/Login_registration/input_in_password_new'

2018-03-23 15:41:48 - [TEST_STEP][PASSED] - setText: Text '111111' is set on object 'Object Repository/Login_registration/input_in_password_confirm'

2018-03-23 15:41:48 - [MESSAGE][PASSED] - Text '111111' is set on object 'Object Repository/Login_registration/input_in_password_confirm'

2018-03-23 15:41:48 - [TEST_STEP][PASSED] - click: Object: 'Object Repository/Login_registration/button_LOG IN_recover_password' is clicked on

2018-03-23 15:41:48 - [MESSAGE][PASSED] - Object: 'Object Repository/Login_registration/button_LOG IN_recover_password' is clicked on

2018-03-23 15:41:48 - [TEST_STEP][PASSED] - waitForElementPresent: Object 'Object Repository/Login_registration/Error_message_Required field' is present

2018-03-23 15:41:48 - [MESSAGE][PASSED] - Object 'Object Repository/Login_registration/Error_message_Required field' is present

2018-03-23 15:41:48 - [TEST_STEP][PASSED] - closeBrowser: Browser is closed

2018-03-23 15:41:49 - [MESSAGE][PASSED] - Browser is closed]]></system-out>
         <system-err><![CDATA[]]></system-err>
      </testcase>
      <testcase name="Test Cases/Login_reg- Password recovery with different new passwords" classname="Test Cases/Login_reg- Password recovery with different new passwords" status="PASSED">
         <system-out><![CDATA[2018-03-23 15:41:49 - [TEST_CASE][PASSED] - Test Cases/Login_reg- Password recovery with different new passwords: Test Cases/Login_reg- Password recovery with different new passwords

2018-03-23 15:41:49 - [TEST_STEP][PASSED] - openBrowser: Browser is opened with url: ''

2018-03-23 15:41:55 - [MESSAGE][PASSED] - Browser is opened with url: ''

2018-03-23 15:41:55 - [TEST_STEP][PASSED] - navigateToUrl: Navigate to 'https://www.route-report.com/' successfully

2018-03-23 15:42:04 - [MESSAGE][PASSED] - Navigate to 'https://www.route-report.com/' successfully

2018-03-23 15:42:04 - [TEST_STEP][PASSED] - maximizeWindow: Current window maximized

2018-03-23 15:42:05 - [MESSAGE][PASSED] - Current window maximized

2018-03-23 15:42:05 - [TEST_STEP][PASSED] - click: Object: 'Object Repository/Login_registration/span_Login' is clicked on

2018-03-23 15:42:05 - [MESSAGE][PASSED] - Object: 'Object Repository/Login_registration/span_Login' is clicked on

2018-03-23 15:42:05 - [TEST_STEP][PASSED] - setText: Text 'rostyslav.biliaiev@route-report.com' is set on object 'Object Repository/Login_registration/input_in_login'

2018-03-23 15:42:06 - [MESSAGE][PASSED] - Text 'rostyslav.biliaiev@route-report.com' is set on object 'Object Repository/Login_registration/input_in_login'

2018-03-23 15:42:06 - [TEST_STEP][PASSED] - delay: Delayed 1 second(s)

2018-03-23 15:42:07 - [MESSAGE][PASSED] - Delayed 1 second(s)

2018-03-23 15:42:07 - [TEST_STEP][PASSED] - click: Object: 'Object Repository/Login_registration/div_Forgot password' is clicked on

2018-03-23 15:42:07 - [MESSAGE][PASSED] - Object: 'Object Repository/Login_registration/div_Forgot password' is clicked on

2018-03-23 15:42:07 - [TEST_STEP][PASSED] - delay: Delayed 1 second(s)

2018-03-23 15:42:08 - [MESSAGE][PASSED] - Delayed 1 second(s)

2018-03-23 15:42:08 - [TEST_STEP][PASSED] - setText: Text '111111' is set on object 'Object Repository/Login_registration/input_in_key_password_recover'

2018-03-23 15:42:08 - [MESSAGE][PASSED] - Text '111111' is set on object 'Object Repository/Login_registration/input_in_key_password_recover'

2018-03-23 15:42:08 - [TEST_STEP][PASSED] - setText: Text '111111' is set on object 'Object Repository/Login_registration/input_in_password_new'

2018-03-23 15:42:08 - [MESSAGE][PASSED] - Text '111111' is set on object 'Object Repository/Login_registration/input_in_password_new'

2018-03-23 15:42:08 - [TEST_STEP][PASSED] - setText: Text '1111111' is set on object 'Object Repository/Login_registration/input_in_password_confirm'

2018-03-23 15:42:09 - [MESSAGE][PASSED] - Text '1111111' is set on object 'Object Repository/Login_registration/input_in_password_confirm'

2018-03-23 15:42:09 - [TEST_STEP][PASSED] - click: Object: 'Object Repository/Login_registration/button_LOG IN_recover_password' is clicked on

2018-03-23 15:42:09 - [MESSAGE][PASSED] - Object: 'Object Repository/Login_registration/button_LOG IN_recover_password' is clicked on

2018-03-23 15:42:09 - [TEST_STEP][PASSED] - waitForElementPresent: Object 'Object Repository/Login_registration/Error_message_Key entered incorrectly' is not present after 5 second(s)

2018-03-23 15:42:14 - [MESSAGE][WARNING] - Object 'Object Repository/Login_registration/Error_message_Key entered incorrectly' is not present after 5 second(s)

2018-03-23 15:42:14 - [TEST_STEP][PASSED] - closeBrowser: Browser is closed

2018-03-23 15:42:15 - [MESSAGE][PASSED] - Browser is closed]]></system-out>
         <system-err><![CDATA[]]></system-err>
      </testcase>
      <testcase name="Test Cases/Login_Reg-Registration using valid Nick and Mail" classname="Test Cases/Login_Reg-Registration using valid Nick and Mail" status="PASSED">
         <system-out><![CDATA[2018-03-23 15:42:15 - [TEST_CASE][PASSED] - Test Cases/Login_Reg-Registration using valid Nick and Mail: Test Cases/Login_Reg-Registration using valid Nick and Mail

2018-03-23 15:42:15 - [TEST_STEP][PASSED] - openBrowser: Browser is opened with url: ''

2018-03-23 15:42:17 - [MESSAGE][PASSED] - Browser is opened with url: ''

2018-03-23 15:42:17 - [TEST_STEP][PASSED] - navigateToUrl: Navigate to 'https://www.route-report.com/' successfully

2018-03-23 15:42:22 - [MESSAGE][PASSED] - Navigate to 'https://www.route-report.com/' successfully

2018-03-23 15:42:22 - [TEST_STEP][PASSED] - maximizeWindow: Current window maximized

2018-03-23 15:42:23 - [MESSAGE][PASSED] - Current window maximized

2018-03-23 15:42:23 - [TEST_STEP][PASSED] - click: Object: 'Object Repository/Login_registration/span_Login' is clicked on

2018-03-23 15:42:23 - [MESSAGE][PASSED] - Object: 'Object Repository/Login_registration/span_Login' is clicked on

2018-03-23 15:42:23 - [TEST_STEP][PASSED] - Statement - x = org.apache.commons.lang.RandomStringUtils.randomNumeric(8): null

2018-03-23 15:42:23 - [TEST_STEP][PASSED] - setText: Text '69960812' is set on object 'Object Repository/Login_registration/input_in_nickname'

2018-03-23 15:42:24 - [MESSAGE][PASSED] - Text '69960812' is set on object 'Object Repository/Login_registration/input_in_nickname'

2018-03-23 15:42:24 - [TEST_STEP][PASSED] - setText: Text '69960812@randommail.com' is set on object 'Object Repository/Login_registration/input_in_email_registration_field'

2018-03-23 15:42:25 - [MESSAGE][PASSED] - Text '69960812@randommail.com' is set on object 'Object Repository/Login_registration/input_in_email_registration_field'

2018-03-23 15:42:25 - [TEST_STEP][PASSED] - click: Object: 'Object Repository/Login_registration/button_SIGN UP' is clicked on

2018-03-23 15:42:25 - [MESSAGE][PASSED] - Object: 'Object Repository/Login_registration/button_SIGN UP' is clicked on

2018-03-23 15:42:25 - [TEST_STEP][PASSED] - waitForElementPresent: Object 'Object Repository/Login_registration/span_My spoken languages' is present

2018-03-23 15:42:29 - [MESSAGE][PASSED] - Object 'Object Repository/Login_registration/span_My spoken languages' is present

2018-03-23 15:42:29 - [TEST_STEP][PASSED] - verifyElementText: Actual text and expected text of test object 'Object Repository/Login_registration/span_mail_field_account' are matched.

2018-03-23 15:42:29 - [MESSAGE][PASSED] - Actual text and expected text of test object 'Object Repository/Login_registration/span_mail_field_account' are matched.

2018-03-23 15:42:29 - [TEST_STEP][PASSED] - closeBrowser: Browser is closed

2018-03-23 15:42:30 - [MESSAGE][PASSED] - Browser is closed]]></system-out>
         <system-err><![CDATA[]]></system-err>
      </testcase>
      <testcase name="Test Cases/Login_Reg-Entering a non-valid nickname" classname="Test Cases/Login_Reg-Entering a non-valid nickname" status="PASSED">
         <system-out><![CDATA[2018-03-23 15:42:30 - [TEST_CASE][PASSED] - Test Cases/Login_Reg-Entering a non-valid nickname: Test Cases/Login_Reg-Entering a non-valid nickname

2018-03-23 15:42:30 - [TEST_STEP][PASSED] - openBrowser: Browser is opened with url: ''

2018-03-23 15:42:33 - [MESSAGE][PASSED] - Browser is opened with url: ''

2018-03-23 15:42:33 - [TEST_STEP][PASSED] - navigateToUrl: Navigate to 'https://www.route-report.com/' successfully

2018-03-23 15:42:39 - [MESSAGE][PASSED] - Navigate to 'https://www.route-report.com/' successfully

2018-03-23 15:42:39 - [TEST_STEP][PASSED] - maximizeWindow: Current window maximized

2018-03-23 15:42:40 - [MESSAGE][PASSED] - Current window maximized

2018-03-23 15:42:40 - [TEST_STEP][PASSED] - click: Object: 'Object Repository/Login_registration/span_Login' is clicked on

2018-03-23 15:42:40 - [MESSAGE][PASSED] - Object: 'Object Repository/Login_registration/span_Login' is clicked on

2018-03-23 15:42:40 - [TEST_STEP][PASSED] - setText: Text 'kajsghfja@^&%#$роывпа' is set on object 'Object Repository/Login_registration/input_in_nickname'

2018-03-23 15:42:41 - [MESSAGE][PASSED] - Text 'kajsghfja@^&%#$роывпа' is set on object 'Object Repository/Login_registration/input_in_nickname'

2018-03-23 15:42:41 - [TEST_STEP][PASSED] - waitForElementPresent: Object 'Object Repository/Login_registration/Error_message_non_valid_nick' is present

2018-03-23 15:42:41 - [MESSAGE][WARNING] - Timeout '0' is invalid. Using default page load timeout: '30'

2018-03-23 15:42:43 - [MESSAGE][PASSED] - Object 'Object Repository/Login_registration/Error_message_non_valid_nick' is present

2018-03-23 15:42:43 - [TEST_STEP][PASSED] - closeBrowser: Browser is closed

2018-03-23 15:42:43 - [MESSAGE][PASSED] - Browser is closed]]></system-out>
         <system-err><![CDATA[]]></system-err>
      </testcase>
      <system-out><![CDATA[2018-03-23 15:40:24 - [TEST_SUITE][PASSED] - Login_Registration: Test Cases/Login_Reg-Entering a non-valid nickname]]></system-out>
      <system-err><![CDATA[]]></system-err>
   </testsuite>
</testsuites>
