<?xml version="1.0" encoding="UTF-8"?>
<testsuites name="Clicks_without_logging" time="373" tests="11" failures="0" errors="0">
   <testsuite name="Clicks_without_logging" tests="11" failures="0" errors="0" time="373" timestamp="2018-03-29 09:11:54" hostname="user - BrainPc" id="Test Suites/Clicks_without_logging">
      <properties>
         <property name="deviceName" value=""/>
         <property name="devicePlatform" value=""/>
         <property name="logFolder" value="C:\\Users\\user\\Katalon Studio\\Route_report_WEB\\Reports\\Clicks_without_logging\\20180329_091151"/>
         <property name="logFiles" value="C:\\Users\\user\\Katalon Studio\\Route_report_WEB\\Reports\\Clicks_without_logging\\20180329_091151\\execution0.log"/>
         <property name="attachments" value=""/>
         <property name="hostName" value="user - BrainPc"/>
         <property name="os" value="Windows 8.1 64bit"/>
         <property name="katalonVersion" value="5.3.1.1"/>
         <property name="browser" value="Chrome 65.0.3325.181"/>
         <property name="hostAddress" value="10.1.2.105"/>
         <property name="sessionId" value="5295e6475328b6d47d0ace460ee6ef6e"/>
         <property name="seleniumVersion" value="3.7.1"/>
         <property name="proxyInformation" value="ProxyInformation{proxyOption=NO_PROXY, proxyServerType=HTTP, password=, proxyServerAddress=, proxyServerPort=0}"/>
         <property name="platform" value="Windows 8.1"/>
      </properties>
      <testcase name="Test Cases/Clicks_with_out_login/Clicks (About Us) - without logging" classname="Test Cases/Clicks_with_out_login/Clicks (About Us) - without logging" status="PASSED">
         <system-out><![CDATA[2018-03-29 09:11:54 - [TEST_CASE][PASSED] - Test Cases/Clicks_with_out_login/Clicks (About Us) - without logging: Test Cases/Clicks_with_out_login/Clicks (About Us) - without logging

2018-03-29 09:11:55 - [TEST_STEP][PASSED] - openBrowser: Browser is opened with url: ''

2018-03-29 09:12:10 - [MESSAGE][PASSED] - Browser is opened with url: ''

2018-03-29 09:12:10 - [TEST_STEP][PASSED] - navigateToUrl: Navigate to 'https://www.route-report.com/' successfully

2018-03-29 09:12:13 - [MESSAGE][PASSED] - Navigate to 'https://www.route-report.com/' successfully

2018-03-29 09:12:13 - [TEST_STEP][PASSED] - maximizeWindow: Current window maximized

2018-03-29 09:12:15 - [MESSAGE][PASSED] - Current window maximized

2018-03-29 09:12:15 - [TEST_STEP][PASSED] - click: Object: 'Object Repository/About US/Button_JOIN US NOW' is clicked on

2018-03-29 09:12:17 - [MESSAGE][PASSED] - Object: 'Object Repository/About US/Button_JOIN US NOW' is clicked on

2018-03-29 09:12:17 - [TEST_STEP][PASSED] - delay: Delayed 1 second(s)

2018-03-29 09:12:18 - [MESSAGE][PASSED] - Delayed 1 second(s)

2018-03-29 09:12:18 - [TEST_STEP][PASSED] - verifyElementPresent: Object 'Object Repository/About US/Close_button_registration_pop-up' is present

2018-03-29 09:12:20 - [MESSAGE][PASSED] - Object 'Object Repository/About US/Close_button_registration_pop-up' is present

2018-03-29 09:12:20 - [TEST_STEP][PASSED] - click: Object: 'Object Repository/About US/Close_button_registration_pop-up' is clicked on

2018-03-29 09:12:21 - [MESSAGE][PASSED] - Object: 'Object Repository/About US/Close_button_registration_pop-up' is clicked on

2018-03-29 09:12:21 - [TEST_STEP][PASSED] - click: Object: 'Object Repository/About US/Button_Sign_Up' is clicked on

2018-03-29 09:12:21 - [MESSAGE][PASSED] - Object: 'Object Repository/About US/Button_Sign_Up' is clicked on

2018-03-29 09:12:21 - [TEST_STEP][PASSED] - delay: Delayed 1 second(s)

2018-03-29 09:12:22 - [MESSAGE][PASSED] - Delayed 1 second(s)

2018-03-29 09:12:22 - [TEST_STEP][PASSED] - verifyElementPresent: Object 'Object Repository/About US/Close_button_registration_pop-up' is present

2018-03-29 09:12:22 - [MESSAGE][PASSED] - Object 'Object Repository/About US/Close_button_registration_pop-up' is present

2018-03-29 09:12:22 - [TEST_STEP][PASSED] - click: Object: 'Object Repository/About US/Close_button_registration_pop-up' is clicked on

2018-03-29 09:12:22 - [MESSAGE][PASSED] - Object: 'Object Repository/About US/Close_button_registration_pop-up' is clicked on

2018-03-29 09:12:22 - [TEST_STEP][PASSED] - click: Object: 'Object Repository/About US/Icon_Button_Sign_Up' is clicked on

2018-03-29 09:12:22 - [MESSAGE][PASSED] - Object: 'Object Repository/About US/Icon_Button_Sign_Up' is clicked on

2018-03-29 09:12:22 - [TEST_STEP][PASSED] - delay: Delayed 1 second(s)

2018-03-29 09:12:23 - [MESSAGE][PASSED] - Delayed 1 second(s)

2018-03-29 09:12:23 - [TEST_STEP][PASSED] - verifyElementPresent: Object 'Object Repository/About US/Close_button_registration_pop-up' is present

2018-03-29 09:12:23 - [MESSAGE][PASSED] - Object 'Object Repository/About US/Close_button_registration_pop-up' is present

2018-03-29 09:12:23 - [TEST_STEP][PASSED] - click: Object: 'Object Repository/About US/Close_button_registration_pop-up' is clicked on

2018-03-29 09:12:23 - [MESSAGE][PASSED] - Object: 'Object Repository/About US/Close_button_registration_pop-up' is clicked on

2018-03-29 09:12:23 - [TEST_STEP][PASSED] - click: Object: 'Object Repository/About US/Botton_Manual' is clicked on

2018-03-29 09:12:24 - [MESSAGE][PASSED] - Object: 'Object Repository/About US/Botton_Manual' is clicked on

2018-03-29 09:12:24 - [TEST_STEP][PASSED] - switchToWindowTitle: Switched to window with title: 'User manual - Route Report'

2018-03-29 09:12:25 - [MESSAGE][PASSED] - Switched to window with title: 'User manual - Route Report'

2018-03-29 09:12:25 - [TEST_STEP][PASSED] - Statement - titleWindowManual_1 = com.kms.katalon.core.webui.keyword.WebUiBuiltInKeywords.getWindowTitle(): Current window's title is: 'User manual - Route Report'

2018-03-29 09:12:25 - [MESSAGE][PASSED] - Current window's title is: 'User manual - Route Report'

2018-03-29 09:12:25 - [TEST_STEP][PASSED] - verifyMatch: Actual text 'User manual - Route Report' and expected text 'User manual - Route Report' are matched 

2018-03-29 09:12:25 - [MESSAGE][PASSED] - Actual text 'User manual - Route Report' and expected text 'User manual - Route Report' are matched 

2018-03-29 09:12:25 - [TEST_STEP][PASSED] - closeWindowTitle: Window with title: 'User manual - Route Report' is closed

2018-03-29 09:12:25 - [MESSAGE][PASSED] - Window with title: 'User manual - Route Report' is closed

2018-03-29 09:12:25 - [TEST_STEP][PASSED] - switchToWindowTitle: Switched to window with title: 'Route Report - Earn money while traveling'

2018-03-29 09:12:26 - [MESSAGE][PASSED] - Switched to window with title: 'Route Report - Earn money while traveling'

2018-03-29 09:12:26 - [TEST_STEP][PASSED] - click: Object: 'Object Repository/About US/Icon_Button_Manual' is clicked on

2018-03-29 09:12:26 - [MESSAGE][PASSED] - Object: 'Object Repository/About US/Icon_Button_Manual' is clicked on

2018-03-29 09:12:26 - [TEST_STEP][PASSED] - switchToWindowTitle: Switched to window with title: 'User manual - Route Report'

2018-03-29 09:12:27 - [MESSAGE][PASSED] - Switched to window with title: 'User manual - Route Report'

2018-03-29 09:12:27 - [TEST_STEP][PASSED] - Statement - titleWindowManual_2 = com.kms.katalon.core.webui.keyword.WebUiBuiltInKeywords.getWindowTitle(): Current window's title is: 'User manual - Route Report'

2018-03-29 09:12:27 - [MESSAGE][PASSED] - Current window's title is: 'User manual - Route Report'

2018-03-29 09:12:27 - [TEST_STEP][PASSED] - verifyMatch: Actual text 'User manual - Route Report' and expected text 'User manual - Route Report' are matched 

2018-03-29 09:12:27 - [MESSAGE][PASSED] - Actual text 'User manual - Route Report' and expected text 'User manual - Route Report' are matched 

2018-03-29 09:12:27 - [TEST_STEP][PASSED] - closeWindowTitle: Window with title: 'User manual - Route Report' is closed

2018-03-29 09:12:27 - [MESSAGE][PASSED] - Window with title: 'User manual - Route Report' is closed

2018-03-29 09:12:27 - [TEST_STEP][PASSED] - switchToWindowTitle: Switched to window with title: 'Route Report - Earn money while traveling'

2018-03-29 09:12:27 - [MESSAGE][PASSED] - Switched to window with title: 'Route Report - Earn money while traveling'

2018-03-29 09:12:27 - [TEST_STEP][PASSED] - click: Object: 'Object Repository/About US/Button_Add_report' is clicked on

2018-03-29 09:12:27 - [MESSAGE][PASSED] - Object: 'Object Repository/About US/Button_Add_report' is clicked on

2018-03-29 09:12:27 - [TEST_STEP][PASSED] - waitForElementPresent: Object 'Object Repository/About US/Pop_up_select_kind_of_travel' is not present after 5 second(s)

2018-03-29 09:12:33 - [MESSAGE][WARNING] - Object 'Object Repository/About US/Pop_up_select_kind_of_travel' is not present after 5 second(s)

2018-03-29 09:12:33 - [TEST_STEP][PASSED] - Statement - titleWindowAdd_report_1 = com.kms.katalon.core.webui.keyword.WebUiBuiltInKeywords.getWindowTitle(): Current window's title is: 'Write report - Route Report'

2018-03-29 09:12:33 - [MESSAGE][PASSED] - Current window's title is: 'Write report - Route Report'

2018-03-29 09:12:33 - [TEST_STEP][PASSED] - back: Navigate back successfully

2018-03-29 09:12:33 - [MESSAGE][PASSED] - Navigate back successfully

2018-03-29 09:12:33 - [TEST_STEP][PASSED] - click: Object: 'Object Repository/About US/Icon_Button_Add_report' is clicked on

2018-03-29 09:12:34 - [MESSAGE][PASSED] - Object: 'Object Repository/About US/Icon_Button_Add_report' is clicked on

2018-03-29 09:12:34 - [TEST_STEP][PASSED] - waitForElementPresent: Object 'Object Repository/About US/Pop_up_select_kind_of_travel' is not present after 5 second(s)

2018-03-29 09:12:39 - [MESSAGE][WARNING] - Object 'Object Repository/About US/Pop_up_select_kind_of_travel' is not present after 5 second(s)

2018-03-29 09:12:39 - [TEST_STEP][PASSED] - closeWindowTitle: Window with title: 'Write report - Route Report' is closed

2018-03-29 09:12:41 - [MESSAGE][PASSED] - Window with title: 'Write report - Route Report' is closed

2018-03-29 09:12:41 - [TEST_STEP][PASSED] - switchToWindowTitle: Switched to window with title: 'Route Report - Earn money while traveling'

2018-03-29 09:12:41 - [MESSAGE][PASSED] - Switched to window with title: 'Route Report - Earn money while traveling'

2018-03-29 09:12:41 - [TEST_STEP][PASSED] - click: Object: 'Object Repository/About US/Icon_FAQ' is clicked on

2018-03-29 09:12:41 - [MESSAGE][PASSED] - Object: 'Object Repository/About US/Icon_FAQ' is clicked on

2018-03-29 09:12:41 - [TEST_STEP][PASSED] - switchToWindowTitle: Switched to window with title: 'FAQ - Route Report'

2018-03-29 09:12:42 - [MESSAGE][PASSED] - Switched to window with title: 'FAQ - Route Report'

2018-03-29 09:12:42 - [TEST_STEP][PASSED] - Statement - titleWindowFAQ_1 = com.kms.katalon.core.webui.keyword.WebUiBuiltInKeywords.getWindowTitle(): Current window's title is: 'FAQ - Route Report'

2018-03-29 09:12:42 - [MESSAGE][PASSED] - Current window's title is: 'FAQ - Route Report'

2018-03-29 09:12:42 - [TEST_STEP][PASSED] - verifyMatch: Actual text 'FAQ - Route Report' and expected text 'FAQ - Route Report' are matched 

2018-03-29 09:12:42 - [MESSAGE][PASSED] - Actual text 'FAQ - Route Report' and expected text 'FAQ - Route Report' are matched 

2018-03-29 09:12:42 - [TEST_STEP][PASSED] - closeWindowTitle: Window with title: 'FAQ - Route Report' is closed

2018-03-29 09:12:42 - [MESSAGE][PASSED] - Window with title: 'FAQ - Route Report' is closed

2018-03-29 09:12:42 - [TEST_STEP][PASSED] - switchToWindowTitle: Switched to window with title: 'Route Report - Earn money while traveling'

2018-03-29 09:12:42 - [MESSAGE][PASSED] - Switched to window with title: 'Route Report - Earn money while traveling'

2018-03-29 09:12:42 - [TEST_STEP][PASSED] - click: Object: 'Object Repository/About US/Button_Get_paid' is clicked on

2018-03-29 09:12:43 - [MESSAGE][PASSED] - Object: 'Object Repository/About US/Button_Get_paid' is clicked on

2018-03-29 09:12:43 - [TEST_STEP][PASSED] - switchToWindowTitle: Switched to window with title: 'FAQ - Route Report'

2018-03-29 09:12:44 - [MESSAGE][PASSED] - Switched to window with title: 'FAQ - Route Report'

2018-03-29 09:12:44 - [TEST_STEP][PASSED] - Statement - titleWindowFAQ_2 = com.kms.katalon.core.webui.keyword.WebUiBuiltInKeywords.getWindowTitle(): Current window's title is: 'FAQ - Route Report'

2018-03-29 09:12:44 - [MESSAGE][PASSED] - Current window's title is: 'FAQ - Route Report'

2018-03-29 09:12:44 - [TEST_STEP][PASSED] - verifyMatch: Actual text 'FAQ - Route Report' and expected text 'FAQ - Route Report' are matched 

2018-03-29 09:12:44 - [MESSAGE][PASSED] - Actual text 'FAQ - Route Report' and expected text 'FAQ - Route Report' are matched 

2018-03-29 09:12:44 - [TEST_STEP][PASSED] - closeBrowser: Browser is closed

2018-03-29 09:12:45 - [MESSAGE][PASSED] - Browser is closed]]></system-out>
         <system-err><![CDATA[]]></system-err>
      </testcase>
      <testcase name="Test Cases/Clicks_with_out_login/Clicks (Author-page) - without logging" classname="Test Cases/Clicks_with_out_login/Clicks (Author-page) - without logging" status="PASSED">
         <system-out><![CDATA[2018-03-29 09:12:45 - [TEST_CASE][PASSED] - Test Cases/Clicks_with_out_login/Clicks (Author-page) - without logging: Test Cases/Clicks_with_out_login/Clicks (Author-page) - without logging

2018-03-29 09:12:45 - [TEST_STEP][PASSED] - openBrowser: Browser is opened with url: ''

2018-03-29 09:12:47 - [MESSAGE][PASSED] - Browser is opened with url: ''

2018-03-29 09:12:47 - [TEST_STEP][PASSED] - navigateToUrl: Navigate to 'https://www.route-report.com/' successfully

2018-03-29 09:12:51 - [MESSAGE][PASSED] - Navigate to 'https://www.route-report.com/' successfully

2018-03-29 09:12:51 - [TEST_STEP][PASSED] - maximizeWindow: Current window maximized

2018-03-29 09:12:52 - [MESSAGE][PASSED] - Current window maximized

2018-03-29 09:12:52 - [TEST_STEP][PASSED] - click: Object: 'Object Repository/Header-Footer/Header buttons/Header_Button__Authors' is clicked on

2018-03-29 09:12:54 - [MESSAGE][PASSED] - Object: 'Object Repository/Header-Footer/Header buttons/Header_Button__Authors' is clicked on

2018-03-29 09:12:54 - [TEST_STEP][PASSED] - waitForElementPresent: Object 'Object Repository/Header-Footer/Ver_Buttons/ver_block_TOP AUTHORS' is present

2018-03-29 09:12:54 - [MESSAGE][PASSED] - Object 'Object Repository/Header-Footer/Ver_Buttons/ver_block_TOP AUTHORS' is present

2018-03-29 09:12:54 - [TEST_STEP][PASSED] - click: Object: 'Object Repository/Search_Authors/link_Ana Maria Diez Venezuela01' is clicked on

2018-03-29 09:12:54 - [MESSAGE][PASSED] - Object: 'Object Repository/Search_Authors/link_Ana Maria Diez Venezuela01' is clicked on

2018-03-29 09:12:54 - [TEST_STEP][PASSED] - switchToWindowIndex: Switched to window with index: '1'

2018-03-29 09:12:55 - [MESSAGE][PASSED] - Switched to window with index: '1'

2018-03-29 09:12:55 - [TEST_STEP][PASSED] - waitForElementPresent: Object 'Object Repository/Header-Footer/Ver_Buttons/ver_Authors_page' is present

2018-03-29 09:13:01 - [MESSAGE][PASSED] - Object 'Object Repository/Header-Footer/Ver_Buttons/ver_Authors_page' is present

2018-03-29 09:13:01 - [TEST_STEP][PASSED] - click: Object: 'Object Repository/Author_page/Button_follow' is clicked on

2018-03-29 09:13:02 - [MESSAGE][PASSED] - Object: 'Object Repository/Author_page/Button_follow' is clicked on

2018-03-29 09:13:02 - [TEST_STEP][PASSED] - delay: Delayed 1 second(s)

2018-03-29 09:13:03 - [MESSAGE][PASSED] - Delayed 1 second(s)

2018-03-29 09:13:03 - [TEST_STEP][PASSED] - click: Object: 'Object Repository/Author_page/Close_button_registration_pop-up' is clicked on

2018-03-29 09:13:03 - [MESSAGE][PASSED] - Object: 'Object Repository/Author_page/Close_button_registration_pop-up' is clicked on

2018-03-29 09:13:03 - [TEST_STEP][PASSED] - click: Object: 'Object Repository/Author_page/Button_cart' is clicked on

2018-03-29 09:13:03 - [MESSAGE][PASSED] - Object: 'Object Repository/Author_page/Button_cart' is clicked on

2018-03-29 09:13:03 - [TEST_STEP][PASSED] - delay: Delayed 1 second(s)

2018-03-29 09:13:04 - [MESSAGE][PASSED] - Delayed 1 second(s)

2018-03-29 09:13:04 - [TEST_STEP][PASSED] - click: Object: 'Object Repository/Author_page/Close_button_registration_pop-up' is clicked on

2018-03-29 09:13:04 - [MESSAGE][PASSED] - Object: 'Object Repository/Author_page/Close_button_registration_pop-up' is clicked on

2018-03-29 09:13:04 - [TEST_STEP][PASSED] - click: Object: 'Object Repository/Author_page/Button_favorite' is clicked on

2018-03-29 09:13:05 - [MESSAGE][PASSED] - Object: 'Object Repository/Author_page/Button_favorite' is clicked on

2018-03-29 09:13:05 - [TEST_STEP][PASSED] - delay: Delayed 1 second(s)

2018-03-29 09:13:06 - [MESSAGE][PASSED] - Delayed 1 second(s)

2018-03-29 09:13:06 - [TEST_STEP][PASSED] - click: Object: 'Object Repository/Author_page/Close_button_registration_pop-up' is clicked on

2018-03-29 09:13:06 - [MESSAGE][PASSED] - Object: 'Object Repository/Author_page/Close_button_registration_pop-up' is clicked on

2018-03-29 09:13:06 - [TEST_STEP][PASSED] - click: Object: 'Object Repository/Author_page/button_compare' is clicked on

2018-03-29 09:13:06 - [MESSAGE][PASSED] - Object: 'Object Repository/Author_page/button_compare' is clicked on

2018-03-29 09:13:06 - [TEST_STEP][PASSED] - delay: Delayed 1 second(s)

2018-03-29 09:13:07 - [MESSAGE][PASSED] - Delayed 1 second(s)

2018-03-29 09:13:07 - [TEST_STEP][PASSED] - click: Object: 'Object Repository/Author_page/Close_button_registration_pop-up' is clicked on

2018-03-29 09:13:07 - [MESSAGE][PASSED] - Object: 'Object Repository/Author_page/Close_button_registration_pop-up' is clicked on

2018-03-29 09:13:07 - [TEST_STEP][PASSED] - click: Object: 'Object Repository/Author_page/button_posts' is clicked on

2018-03-29 09:13:07 - [MESSAGE][PASSED] - Object: 'Object Repository/Author_page/button_posts' is clicked on

2018-03-29 09:13:07 - [TEST_STEP][PASSED] - delay: Delayed 1 second(s)

2018-03-29 09:13:08 - [MESSAGE][PASSED] - Delayed 1 second(s)

2018-03-29 09:13:08 - [TEST_STEP][PASSED] - click: Object: 'Object Repository/Author_page/button_reports' is clicked on

2018-03-29 09:13:08 - [MESSAGE][PASSED] - Object: 'Object Repository/Author_page/button_reports' is clicked on

2018-03-29 09:13:08 - [TEST_STEP][PASSED] - delay: Delayed 1 second(s)

2018-03-29 09:13:09 - [MESSAGE][PASSED] - Delayed 1 second(s)

2018-03-29 09:13:09 - [TEST_STEP][PASSED] - click: Object: 'Object Repository/Author_page/button_detail_report_inf' is clicked on

2018-03-29 09:13:10 - [MESSAGE][PASSED] - Object: 'Object Repository/Author_page/button_detail_report_inf' is clicked on

2018-03-29 09:13:10 - [TEST_STEP][PASSED] - switchToWindowIndex: Switched to window with index: '2'

2018-03-29 09:13:10 - [MESSAGE][PASSED] - Switched to window with index: '2'

2018-03-29 09:13:10 - [TEST_STEP][PASSED] - verifyElementPresent: Object 'Object Repository/Author_page/ver_detail_page_loaded' is present

2018-03-29 09:13:10 - [MESSAGE][WARNING] - Timeout '0' is invalid. Using default page load timeout: '30'

2018-03-29 09:13:12 - [MESSAGE][PASSED] - Object 'Object Repository/Author_page/ver_detail_page_loaded' is present

2018-03-29 09:13:12 - [TEST_STEP][PASSED] - closeBrowser: Browser is closed

2018-03-29 09:13:13 - [MESSAGE][PASSED] - Browser is closed]]></system-out>
         <system-err><![CDATA[]]></system-err>
      </testcase>
      <testcase name="Test Cases/Clicks_with_out_login/Clicks (Authors) - without logging" classname="Test Cases/Clicks_with_out_login/Clicks (Authors) - without logging" status="PASSED">
         <system-out><![CDATA[2018-03-29 09:13:13 - [TEST_CASE][PASSED] - Test Cases/Clicks_with_out_login/Clicks (Authors) - without logging: Test Cases/Clicks_with_out_login/Clicks (Authors) - without logging

2018-03-29 09:13:13 - [TEST_STEP][PASSED] - openBrowser: Browser is opened with url: ''

2018-03-29 09:13:16 - [MESSAGE][PASSED] - Browser is opened with url: ''

2018-03-29 09:13:16 - [TEST_STEP][PASSED] - navigateToUrl: Navigate to 'https://www.route-report.com/' successfully

2018-03-29 09:13:19 - [MESSAGE][PASSED] - Navigate to 'https://www.route-report.com/' successfully

2018-03-29 09:13:19 - [TEST_STEP][PASSED] - maximizeWindow: Current window maximized

2018-03-29 09:13:20 - [MESSAGE][PASSED] - Current window maximized

2018-03-29 09:13:20 - [TEST_STEP][PASSED] - click: Object: 'Object Repository/Search_Authors/a_Authors' is clicked on

2018-03-29 09:13:23 - [MESSAGE][PASSED] - Object: 'Object Repository/Search_Authors/a_Authors' is clicked on

2018-03-29 09:13:23 - [TEST_STEP][PASSED] - waitForElementPresent: Object 'Object Repository/Search_Authors/price_button_authors' is present

2018-03-29 09:13:28 - [MESSAGE][PASSED] - Object 'Object Repository/Search_Authors/price_button_authors' is present

2018-03-29 09:13:28 - [TEST_STEP][PASSED] - click: Object: 'Object Repository/Search_Authors/price_button_authors' is clicked on

2018-03-29 09:13:28 - [MESSAGE][PASSED] - Object: 'Object Repository/Search_Authors/price_button_authors' is clicked on

2018-03-29 09:13:28 - [TEST_STEP][PASSED] - delay: Delayed 1 second(s)

2018-03-29 09:13:29 - [MESSAGE][PASSED] - Delayed 1 second(s)

2018-03-29 09:13:29 - [TEST_STEP][PASSED] - click: Object: 'Object Repository/Search_Authors/Close_button_registration_pop-up' is clicked on

2018-03-29 09:13:30 - [MESSAGE][PASSED] - Object: 'Object Repository/Search_Authors/Close_button_registration_pop-up' is clicked on

2018-03-29 09:13:30 - [TEST_STEP][PASSED] - click: Object: 'Object Repository/Search_Authors/Button_add_to_favorite_Search_page' is clicked on

2018-03-29 09:13:30 - [MESSAGE][PASSED] - Object: 'Object Repository/Search_Authors/Button_add_to_favorite_Search_page' is clicked on

2018-03-29 09:13:30 - [TEST_STEP][PASSED] - waitForElementPresent: Object 'Object Repository/Search_Authors/button_SIGN UP' is present

2018-03-29 09:13:31 - [MESSAGE][PASSED] - Object 'Object Repository/Search_Authors/button_SIGN UP' is present

2018-03-29 09:13:31 - [TEST_STEP][PASSED] - delay: Delayed 1 second(s)

2018-03-29 09:13:32 - [MESSAGE][PASSED] - Delayed 1 second(s)

2018-03-29 09:13:32 - [TEST_STEP][PASSED] - click: Object: 'Object Repository/Search_Authors/Close_button_registration_pop-up' is clicked on

2018-03-29 09:13:32 - [MESSAGE][PASSED] - Object: 'Object Repository/Search_Authors/Close_button_registration_pop-up' is clicked on

2018-03-29 09:13:32 - [TEST_STEP][PASSED] - click: Object: 'Object Repository/Search_Authors/Button_Compare_report_row_Search_page' is clicked on

2018-03-29 09:13:32 - [MESSAGE][PASSED] - Object: 'Object Repository/Search_Authors/Button_Compare_report_row_Search_page' is clicked on

2018-03-29 09:13:32 - [TEST_STEP][PASSED] - waitForElementPresent: Object 'Object Repository/Search_Authors/button_SIGN UP' is present

2018-03-29 09:13:32 - [MESSAGE][PASSED] - Object 'Object Repository/Search_Authors/button_SIGN UP' is present

2018-03-29 09:13:32 - [TEST_STEP][PASSED] - delay: Delayed 1 second(s)

2018-03-29 09:13:33 - [MESSAGE][PASSED] - Delayed 1 second(s)

2018-03-29 09:13:33 - [TEST_STEP][PASSED] - click: Object: 'Object Repository/Search_Authors/Close_button_registration_pop-up' is clicked on

2018-03-29 09:13:33 - [MESSAGE][PASSED] - Object: 'Object Repository/Search_Authors/Close_button_registration_pop-up' is clicked on

2018-03-29 09:13:33 - [TEST_STEP][PASSED] - click: Object: 'Object Repository/Search_Authors/Button_Follow author_Authors_page ' is clicked on

2018-03-29 09:13:34 - [MESSAGE][PASSED] - Object: 'Object Repository/Search_Authors/Button_Follow author_Authors_page ' is clicked on

2018-03-29 09:13:34 - [TEST_STEP][PASSED] - waitForElementPresent: Object 'Object Repository/Search_Authors/button_SIGN UP' is present

2018-03-29 09:13:34 - [MESSAGE][PASSED] - Object 'Object Repository/Search_Authors/button_SIGN UP' is present

2018-03-29 09:13:34 - [TEST_STEP][PASSED] - delay: Delayed 1 second(s)

2018-03-29 09:13:35 - [MESSAGE][PASSED] - Delayed 1 second(s)

2018-03-29 09:13:35 - [TEST_STEP][PASSED] - click: Object: 'Object Repository/Search_Authors/Close_button_registration_pop-up' is clicked on

2018-03-29 09:13:35 - [MESSAGE][PASSED] - Object: 'Object Repository/Search_Authors/Close_button_registration_pop-up' is clicked on

2018-03-29 09:13:35 - [TEST_STEP][PASSED] - click: Object: 'Object Repository/Search_Authors/Button_Like_Authors' is clicked on

2018-03-29 09:13:35 - [MESSAGE][PASSED] - Object: 'Object Repository/Search_Authors/Button_Like_Authors' is clicked on

2018-03-29 09:13:35 - [TEST_STEP][PASSED] - waitForElementPresent: Object 'Object Repository/Search_Authors/button_SIGN UP' is present

2018-03-29 09:13:36 - [MESSAGE][PASSED] - Object 'Object Repository/Search_Authors/button_SIGN UP' is present

2018-03-29 09:13:36 - [TEST_STEP][PASSED] - delay: Delayed 1 second(s)

2018-03-29 09:13:37 - [MESSAGE][PASSED] - Delayed 1 second(s)

2018-03-29 09:13:37 - [TEST_STEP][PASSED] - click: Object: 'Object Repository/Search_Authors/Close_button_registration_pop-up' is clicked on

2018-03-29 09:13:37 - [MESSAGE][PASSED] - Object: 'Object Repository/Search_Authors/Close_button_registration_pop-up' is clicked on

2018-03-29 09:13:37 - [TEST_STEP][PASSED] - click: Object: 'Object Repository/Search_Authors/Button_Add_comment_Authors' is clicked on

2018-03-29 09:13:37 - [MESSAGE][PASSED] - Object: 'Object Repository/Search_Authors/Button_Add_comment_Authors' is clicked on

2018-03-29 09:13:37 - [TEST_STEP][PASSED] - waitForElementPresent: Object 'Object Repository/Search_Authors/button_SIGN UP' is present

2018-03-29 09:13:37 - [MESSAGE][PASSED] - Object 'Object Repository/Search_Authors/button_SIGN UP' is present

2018-03-29 09:13:37 - [TEST_STEP][PASSED] - delay: Delayed 1 second(s)

2018-03-29 09:13:38 - [MESSAGE][PASSED] - Delayed 1 second(s)

2018-03-29 09:13:38 - [TEST_STEP][PASSED] - click: Object: 'Object Repository/Search_Authors/Close_button_registration_pop-up' is clicked on

2018-03-29 09:13:38 - [MESSAGE][PASSED] - Object: 'Object Repository/Search_Authors/Close_button_registration_pop-up' is clicked on

2018-03-29 09:13:38 - [TEST_STEP][PASSED] - closeBrowser: Browser is closed

2018-03-29 09:13:39 - [MESSAGE][PASSED] - Browser is closed]]></system-out>
         <system-err><![CDATA[]]></system-err>
      </testcase>
      <testcase name="Test Cases/Clicks_with_out_login/Clicks (Contact US) - without logging" classname="Test Cases/Clicks_with_out_login/Clicks (Contact US) - without logging" status="PASSED">
         <system-out><![CDATA[2018-03-29 09:13:39 - [TEST_CASE][PASSED] - Test Cases/Clicks_with_out_login/Clicks (Contact US) - without logging: Test Cases/Clicks_with_out_login/Clicks (Contact US) - without logging

2018-03-29 09:13:39 - [TEST_STEP][PASSED] - openBrowser: Browser is opened with url: ''

2018-03-29 09:13:42 - [MESSAGE][PASSED] - Browser is opened with url: ''

2018-03-29 09:13:42 - [TEST_STEP][PASSED] - navigateToUrl: Navigate to 'https://www.route-report.com/' successfully

2018-03-29 09:13:46 - [MESSAGE][PASSED] - Navigate to 'https://www.route-report.com/' successfully

2018-03-29 09:13:46 - [TEST_STEP][PASSED] - maximizeWindow: Current window maximized

2018-03-29 09:13:47 - [MESSAGE][PASSED] - Current window maximized

2018-03-29 09:13:47 - [TEST_STEP][PASSED] - click: Object: 'Object Repository/Header-Footer/Header buttons/Header_Button_Contact us' is clicked on

2018-03-29 09:13:48 - [MESSAGE][PASSED] - Object: 'Object Repository/Header-Footer/Header buttons/Header_Button_Contact us' is clicked on

2018-03-29 09:13:48 - [TEST_STEP][PASSED] - waitForElementPresent: Object 'Object Repository/Header-Footer/Ver_Buttons/ver_Contact form' is present

2018-03-29 09:13:48 - [MESSAGE][PASSED] - Object 'Object Repository/Header-Footer/Ver_Buttons/ver_Contact form' is present

2018-03-29 09:13:48 - [TEST_STEP][PASSED] - click: Object: 'Object Repository/Page_Contact us - Route Report/button_Send' is clicked on

2018-03-29 09:13:48 - [MESSAGE][PASSED] - Object: 'Object Repository/Page_Contact us - Route Report/button_Send' is clicked on

2018-03-29 09:13:48 - [TEST_STEP][PASSED] - verifyElementPresent: Object 'Object Repository/Page_Contact us - Route Report/error_Please provide your email' is present

2018-03-29 09:13:48 - [MESSAGE][WARNING] - Timeout '0' is invalid. Using default page load timeout: '30'

2018-03-29 09:13:48 - [MESSAGE][PASSED] - Object 'Object Repository/Page_Contact us - Route Report/error_Please provide your email' is present

2018-03-29 09:13:48 - [TEST_STEP][PASSED] - verifyElementPresent: Object 'Object Repository/Page_Contact us - Route Report/error_Please write your message' is present

2018-03-29 09:13:49 - [MESSAGE][WARNING] - Timeout '0' is invalid. Using default page load timeout: '30'

2018-03-29 09:13:49 - [MESSAGE][PASSED] - Object 'Object Repository/Page_Contact us - Route Report/error_Please write your message' is present

2018-03-29 09:13:49 - [TEST_STEP][PASSED] - verifyElementPresent: Object 'Object Repository/Page_Contact us - Route Report/error_Select the subject of your' is present

2018-03-29 09:13:49 - [MESSAGE][WARNING] - Timeout '0' is invalid. Using default page load timeout: '30'

2018-03-29 09:13:49 - [MESSAGE][PASSED] - Object 'Object Repository/Page_Contact us - Route Report/error_Select the subject of your' is present

2018-03-29 09:13:49 - [TEST_STEP][PASSED] - setText: Text 'rostyslav.biliaiev@route-report.com' is set on object 'Object Repository/Page_Contact us - Route Report/input_email'

2018-03-29 09:13:49 - [MESSAGE][PASSED] - Text 'rostyslav.biliaiev@route-report.com' is set on object 'Object Repository/Page_Contact us - Route Report/input_email'

2018-03-29 09:13:49 - [TEST_STEP][PASSED] - click: Object: 'Object Repository/Page_Contact us - Route Report/input_subject-name-input' is clicked on

2018-03-29 09:13:49 - [MESSAGE][PASSED] - Object: 'Object Repository/Page_Contact us - Route Report/input_subject-name-input' is clicked on

2018-03-29 09:13:49 - [TEST_STEP][PASSED] - click: Object: 'Object Repository/Page_Contact us - Route Report/Dropdown_element' is clicked on

2018-03-29 09:13:49 - [MESSAGE][PASSED] - Object: 'Object Repository/Page_Contact us - Route Report/Dropdown_element' is clicked on

2018-03-29 09:13:49 - [TEST_STEP][PASSED] - setText: Text 'Automated test executed' is set on object 'Object Repository/Page_Contact us - Route Report/textarea_message'

2018-03-29 09:13:50 - [MESSAGE][PASSED] - Text 'Automated test executed' is set on object 'Object Repository/Page_Contact us - Route Report/textarea_message'

2018-03-29 09:13:50 - [TEST_STEP][PASSED] - click: Object: 'Object Repository/Page_Contact us - Route Report/button_Send' is clicked on

2018-03-29 09:13:50 - [MESSAGE][PASSED] - Object: 'Object Repository/Page_Contact us - Route Report/button_Send' is clicked on

2018-03-29 09:13:50 - [TEST_STEP][PASSED] - delay: Delayed 1 second(s)

2018-03-29 09:13:51 - [MESSAGE][PASSED] - Delayed 1 second(s)

2018-03-29 09:13:51 - [TEST_STEP][PASSED] - verifyElementVisible: Object 'Object Repository/Page_Contact us - Route Report/Message is sent Thank you' is visible

2018-03-29 09:13:51 - [MESSAGE][PASSED] - Object 'Object Repository/Page_Contact us - Route Report/Message is sent Thank you' is visible

2018-03-29 09:13:51 - [TEST_STEP][PASSED] - closeBrowser: Browser is closed

2018-03-29 09:13:52 - [MESSAGE][PASSED] - Browser is closed]]></system-out>
         <system-err><![CDATA[]]></system-err>
      </testcase>
      <testcase name="Test Cases/Clicks_with_out_login/Clicks (Detail_report_page)" classname="Test Cases/Clicks_with_out_login/Clicks (Detail_report_page)" status="PASSED">
         <system-out><![CDATA[2018-03-29 09:13:52 - [TEST_CASE][PASSED] - Test Cases/Clicks_with_out_login/Clicks (Detail_report_page): Test Cases/Clicks_with_out_login/Clicks (Detail_report_page)

2018-03-29 09:13:52 - [TEST_STEP][PASSED] - openBrowser: Browser is opened with url: ''

2018-03-29 09:13:54 - [MESSAGE][PASSED] - Browser is opened with url: ''

2018-03-29 09:13:54 - [TEST_STEP][PASSED] - navigateToUrl: Navigate to 'https://www.route-report.com/' successfully

2018-03-29 09:13:57 - [MESSAGE][PASSED] - Navigate to 'https://www.route-report.com/' successfully

2018-03-29 09:13:57 - [TEST_STEP][PASSED] - maximizeWindow: Current window maximized

2018-03-29 09:13:58 - [MESSAGE][PASSED] - Current window maximized

2018-03-29 09:13:58 - [TEST_STEP][PASSED] - click: Object: 'Object Repository/Header-Footer/Header buttons/Header_Button__Authors' is clicked on

2018-03-29 09:14:00 - [MESSAGE][PASSED] - Object: 'Object Repository/Header-Footer/Header buttons/Header_Button__Authors' is clicked on

2018-03-29 09:14:00 - [TEST_STEP][PASSED] - waitForElementPresent: Object 'Object Repository/Header-Footer/Ver_Buttons/ver_block_TOP AUTHORS' is present

2018-03-29 09:14:00 - [MESSAGE][PASSED] - Object 'Object Repository/Header-Footer/Ver_Buttons/ver_block_TOP AUTHORS' is present

2018-03-29 09:14:00 - [TEST_STEP][PASSED] - delay: Delayed 2 second(s)

2018-03-29 09:14:02 - [MESSAGE][PASSED] - Delayed 2 second(s)

2018-03-29 09:14:02 - [TEST_STEP][PASSED] - click: Object: 'Object Repository/Search_Authors/link_Ana Maria Diez Venezuela01' is clicked on

2018-03-29 09:14:06 - [MESSAGE][PASSED] - Object: 'Object Repository/Search_Authors/link_Ana Maria Diez Venezuela01' is clicked on

2018-03-29 09:14:06 - [TEST_STEP][PASSED] - switchToWindowIndex: Switched to window with index: '1'

2018-03-29 09:14:06 - [MESSAGE][PASSED] - Switched to window with index: '1'

2018-03-29 09:14:06 - [TEST_STEP][PASSED] - waitForElementPresent: Object 'Object Repository/Header-Footer/Ver_Buttons/ver_Authors_page' is present

2018-03-29 09:14:07 - [MESSAGE][PASSED] - Object 'Object Repository/Header-Footer/Ver_Buttons/ver_Authors_page' is present

2018-03-29 09:14:07 - [TEST_STEP][PASSED] - click: Object: 'Object Repository/Author_page/button_detail_report_inf' is clicked on

2018-03-29 09:14:08 - [MESSAGE][PASSED] - Object: 'Object Repository/Author_page/button_detail_report_inf' is clicked on

2018-03-29 09:14:08 - [TEST_STEP][PASSED] - switchToWindowIndex: Switched to window with index: '2'

2018-03-29 09:14:08 - [MESSAGE][PASSED] - Switched to window with index: '2'

2018-03-29 09:14:08 - [TEST_STEP][PASSED] - verifyElementPresent: Object 'Object Repository/Author_page/ver_detail_page_loaded' is present

2018-03-29 09:14:08 - [MESSAGE][WARNING] - Timeout '0' is invalid. Using default page load timeout: '30'

2018-03-29 09:14:11 - [MESSAGE][PASSED] - Object 'Object Repository/Author_page/ver_detail_page_loaded' is present

2018-03-29 09:14:11 - [TEST_STEP][PASSED] - click: Object: 'Object Repository/Detail_report_page/Button_favorite' is clicked on

2018-03-29 09:14:11 - [MESSAGE][PASSED] - Object: 'Object Repository/Detail_report_page/Button_favorite' is clicked on

2018-03-29 09:14:11 - [TEST_STEP][PASSED] - delay: Delayed 1 second(s)

2018-03-29 09:14:12 - [MESSAGE][PASSED] - Delayed 1 second(s)

2018-03-29 09:14:12 - [TEST_STEP][PASSED] - click: Object: 'Object Repository/Detail_report_page/Close_button_registration_pop-up' is clicked on

2018-03-29 09:14:12 - [MESSAGE][PASSED] - Object: 'Object Repository/Detail_report_page/Close_button_registration_pop-up' is clicked on

2018-03-29 09:14:12 - [TEST_STEP][PASSED] - click: Object: 'Object Repository/Detail_report_page/button_compare' is clicked on

2018-03-29 09:14:12 - [MESSAGE][PASSED] - Object: 'Object Repository/Detail_report_page/button_compare' is clicked on

2018-03-29 09:14:12 - [TEST_STEP][PASSED] - delay: Delayed 1 second(s)

2018-03-29 09:14:13 - [MESSAGE][PASSED] - Delayed 1 second(s)

2018-03-29 09:14:13 - [TEST_STEP][PASSED] - click: Object: 'Object Repository/Detail_report_page/Close_button_registration_pop-up' is clicked on

2018-03-29 09:14:14 - [MESSAGE][PASSED] - Object: 'Object Repository/Detail_report_page/Close_button_registration_pop-up' is clicked on

2018-03-29 09:14:14 - [TEST_STEP][PASSED] - click: Object: 'Object Repository/Detail_report_page/Button_cart' is clicked on

2018-03-29 09:14:14 - [MESSAGE][PASSED] - Object: 'Object Repository/Detail_report_page/Button_cart' is clicked on

2018-03-29 09:14:14 - [TEST_STEP][PASSED] - delay: Delayed 1 second(s)

2018-03-29 09:14:15 - [MESSAGE][PASSED] - Delayed 1 second(s)

2018-03-29 09:14:15 - [TEST_STEP][PASSED] - click: Object: 'Object Repository/Detail_report_page/Close_button_registration_pop-up' is clicked on

2018-03-29 09:14:15 - [MESSAGE][PASSED] - Object: 'Object Repository/Detail_report_page/Close_button_registration_pop-up' is clicked on

2018-03-29 09:14:15 - [TEST_STEP][PASSED] - click: Object: 'Object Repository/Detail_report_page/Photos_link' is clicked on

2018-03-29 09:14:15 - [MESSAGE][PASSED] - Object: 'Object Repository/Detail_report_page/Photos_link' is clicked on

2018-03-29 09:14:15 - [TEST_STEP][PASSED] - verifyElementPresent: Object 'Object Repository/Detail_report_page/ver_photo' is present

2018-03-29 09:14:15 - [MESSAGE][PASSED] - Object 'Object Repository/Detail_report_page/ver_photo' is present

2018-03-29 09:14:15 - [TEST_STEP][PASSED] - delay: Delayed 2 second(s)

2018-03-29 09:14:17 - [MESSAGE][PASSED] - Delayed 2 second(s)

2018-03-29 09:14:17 - [TEST_STEP][PASSED] - click: Object: 'Object Repository/Detail_report_page/Button_close_images' is clicked on

2018-03-29 09:14:17 - [MESSAGE][PASSED] - Object: 'Object Repository/Detail_report_page/Button_close_images' is clicked on

2018-03-29 09:14:17 - [TEST_STEP][PASSED] - click: Object: 'Object Repository/Detail_report_page/Button_more' is clicked on

2018-03-29 09:14:17 - [MESSAGE][PASSED] - Object: 'Object Repository/Detail_report_page/Button_more' is clicked on

2018-03-29 09:14:17 - [TEST_STEP][PASSED] - switchToWindowIndex: Switched to window with index: '3'

2018-03-29 09:14:18 - [MESSAGE][PASSED] - Switched to window with index: '3'

2018-03-29 09:14:18 - [TEST_STEP][PASSED] - verifyElementPresent: Object 'Object Repository/Detail_report_page/ver_view_report' is present

2018-03-29 09:14:20 - [MESSAGE][PASSED] - Object 'Object Repository/Detail_report_page/ver_view_report' is present

2018-03-29 09:14:20 - [TEST_STEP][PASSED] - closeWindowIndex: Window with index 3 is closed

2018-03-29 09:14:20 - [MESSAGE][PASSED] - Window with index 3 is closed

2018-03-29 09:14:20 - [TEST_STEP][PASSED] - switchToWindowIndex: Switched to window with index: '2'

2018-03-29 09:14:20 - [MESSAGE][PASSED] - Switched to window with index: '2'

2018-03-29 09:14:20 - [TEST_STEP][PASSED] - click: Object: 'Object Repository/Detail_report_page/Avatar_photo_link' is clicked on

2018-03-29 09:14:20 - [MESSAGE][PASSED] - Object: 'Object Repository/Detail_report_page/Avatar_photo_link' is clicked on

2018-03-29 09:14:20 - [TEST_STEP][PASSED] - switchToWindowIndex: Switched to window with index: '3'

2018-03-29 09:14:20 - [MESSAGE][PASSED] - Switched to window with index: '3'

2018-03-29 09:14:20 - [TEST_STEP][PASSED] - verifyElementPresent: Object 'Object Repository/Detail_report_page/ver_Authors_page_loaded' is present

2018-03-29 09:14:22 - [MESSAGE][PASSED] - Object 'Object Repository/Detail_report_page/ver_Authors_page_loaded' is present

2018-03-29 09:14:22 - [TEST_STEP][PASSED] - closeBrowser: Browser is closed

2018-03-29 09:14:23 - [MESSAGE][PASSED] - Browser is closed]]></system-out>
         <system-err><![CDATA[]]></system-err>
      </testcase>
      <testcase name="Test Cases/Clicks_with_out_login/Clicks (FAQ)" classname="Test Cases/Clicks_with_out_login/Clicks (FAQ)" status="PASSED">
         <system-out><![CDATA[2018-03-29 09:14:23 - [TEST_CASE][PASSED] - Test Cases/Clicks_with_out_login/Clicks (FAQ): Test Cases/Clicks_with_out_login/Clicks (FAQ)

2018-03-29 09:14:23 - [TEST_STEP][PASSED] - openBrowser: Browser is opened with url: ''

2018-03-29 09:14:26 - [MESSAGE][PASSED] - Browser is opened with url: ''

2018-03-29 09:14:26 - [TEST_STEP][PASSED] - navigateToUrl: Navigate to 'https://www.route-report.com/' successfully

2018-03-29 09:14:29 - [MESSAGE][PASSED] - Navigate to 'https://www.route-report.com/' successfully

2018-03-29 09:14:29 - [TEST_STEP][PASSED] - maximizeWindow: Current window maximized

2018-03-29 09:14:31 - [MESSAGE][PASSED] - Current window maximized

2018-03-29 09:14:31 - [TEST_STEP][PASSED] - click: Object: 'Object Repository/Header-Footer/Footer buttons/Footer_Button_FAQ' is clicked on

2018-03-29 09:14:32 - [MESSAGE][PASSED] - Object: 'Object Repository/Header-Footer/Footer buttons/Footer_Button_FAQ' is clicked on

2018-03-29 09:14:32 - [TEST_STEP][PASSED] - waitForElementPresent: Object 'Object Repository/Header-Footer/Ver_Buttons/ver_FAQ' is present

2018-03-29 09:14:32 - [MESSAGE][PASSED] - Object 'Object Repository/Header-Footer/Ver_Buttons/ver_FAQ' is present

2018-03-29 09:14:32 - [TEST_STEP][PASSED] - click: Object: 'Object Repository/Page_FAQ/div_BUYING REPORT' is clicked on

2018-03-29 09:14:32 - [MESSAGE][PASSED] - Object: 'Object Repository/Page_FAQ/div_BUYING REPORT' is clicked on

2018-03-29 09:14:33 - [TEST_STEP][PASSED] - click: Object: 'Object Repository/Page_FAQ/div_SELLING A REPORT' is clicked on

2018-03-29 09:14:33 - [MESSAGE][PASSED] - Object: 'Object Repository/Page_FAQ/div_SELLING A REPORT' is clicked on

2018-03-29 09:14:33 - [TEST_STEP][PASSED] - click: Object: 'Object Repository/Page_FAQ/div_CREATING A REPORT' is clicked on

2018-03-29 09:14:33 - [MESSAGE][PASSED] - Object: 'Object Repository/Page_FAQ/div_CREATING A REPORT' is clicked on

2018-03-29 09:14:33 - [TEST_STEP][PASSED] - delay: Delayed 2 second(s)

2018-03-29 09:14:35 - [MESSAGE][PASSED] - Delayed 2 second(s)

2018-03-29 09:14:35 - [TEST_STEP][PASSED] - closeBrowser: Browser is closed

2018-03-29 09:14:36 - [MESSAGE][PASSED] - Browser is closed]]></system-out>
         <system-err><![CDATA[]]></system-err>
      </testcase>
      <testcase name="Test Cases/Clicks_with_out_login/Clicks (Header_Footer)" classname="Test Cases/Clicks_with_out_login/Clicks (Header_Footer)" status="PASSED">
         <system-out><![CDATA[2018-03-29 09:14:36 - [TEST_CASE][PASSED] - Test Cases/Clicks_with_out_login/Clicks (Header_Footer): Test Cases/Clicks_with_out_login/Clicks (Header_Footer)

2018-03-29 09:14:36 - [TEST_STEP][PASSED] - openBrowser: Browser is opened with url: ''

2018-03-29 09:14:38 - [MESSAGE][PASSED] - Browser is opened with url: ''

2018-03-29 09:14:38 - [TEST_STEP][PASSED] - navigateToUrl: Navigate to 'https://www.route-report.com/' successfully

2018-03-29 09:14:40 - [MESSAGE][PASSED] - Navigate to 'https://www.route-report.com/' successfully

2018-03-29 09:14:40 - [TEST_STEP][PASSED] - maximizeWindow: Current window maximized

2018-03-29 09:14:41 - [MESSAGE][PASSED] - Current window maximized

2018-03-29 09:14:41 - [TEST_STEP][PASSED] - click: Object: 'Object Repository/Header-Footer/Header buttons/Header_Button_Create a report' is clicked on

2018-03-29 09:14:42 - [MESSAGE][PASSED] - Object: 'Object Repository/Header-Footer/Header buttons/Header_Button_Create a report' is clicked on

2018-03-29 09:14:42 - [TEST_STEP][PASSED] - waitForElementPresent: Object 'Object Repository/Header-Footer/Ver_Buttons/ver_Pop_up_select_kind_of_travel' is not present after 2 second(s)

2018-03-29 09:14:50 - [MESSAGE][WARNING] - Object 'Object Repository/Header-Footer/Ver_Buttons/ver_Pop_up_select_kind_of_travel' is not present after 2 second(s)

2018-03-29 09:14:50 - [TEST_STEP][PASSED] - back: Navigate back successfully

2018-03-29 09:14:50 - [MESSAGE][PASSED] - Navigate back successfully

2018-03-29 09:14:50 - [TEST_STEP][PASSED] - click: Object: 'Object Repository/Header-Footer/Header buttons/Header_Button_Create a report' is clicked on

2018-03-29 09:14:51 - [MESSAGE][PASSED] - Object: 'Object Repository/Header-Footer/Header buttons/Header_Button_Create a report' is clicked on

2018-03-29 09:14:51 - [TEST_STEP][PASSED] - waitForElementPresent: Object 'Object Repository/Header-Footer/Ver_Buttons/ver_Pop_up_select_kind_of_travel' is not present after 2 second(s)

2018-03-29 09:14:54 - [MESSAGE][WARNING] - Object 'Object Repository/Header-Footer/Ver_Buttons/ver_Pop_up_select_kind_of_travel' is not present after 2 second(s)

2018-03-29 09:14:54 - [TEST_STEP][PASSED] - back: Navigate back successfully

2018-03-29 09:14:54 - [MESSAGE][PASSED] - Navigate back successfully

2018-03-29 09:14:54 - [TEST_STEP][PASSED] - click: Object: 'Object Repository/Header-Footer/Header buttons/Header_Button_About us' is clicked on

2018-03-29 09:14:55 - [MESSAGE][PASSED] - Object: 'Object Repository/Header-Footer/Header buttons/Header_Button_About us' is clicked on

2018-03-29 09:14:55 - [TEST_STEP][PASSED] - waitForElementPresent: Object 'Object Repository/Header-Footer/Ver_Buttons/ver_JOIN US NOW' is present

2018-03-29 09:14:55 - [MESSAGE][PASSED] - Object 'Object Repository/Header-Footer/Ver_Buttons/ver_JOIN US NOW' is present

2018-03-29 09:14:55 - [TEST_STEP][PASSED] - click: Object: 'Object Repository/Header-Footer/Header buttons/Header_Button_Search report' is clicked on

2018-03-29 09:14:57 - [MESSAGE][PASSED] - Object: 'Object Repository/Header-Footer/Header buttons/Header_Button_Search report' is clicked on

2018-03-29 09:14:57 - [TEST_STEP][PASSED] - waitForElementPresent: Object 'Object Repository/Header-Footer/Ver_Buttons/ver_Search block' is not present after 2 second(s)

2018-03-29 09:15:00 - [MESSAGE][WARNING] - Object 'Object Repository/Header-Footer/Ver_Buttons/ver_Search block' is not present after 2 second(s)

2018-03-29 09:15:00 - [TEST_STEP][PASSED] - click: Object: 'Object Repository/Header-Footer/Header buttons/Header_Button__Authors' is clicked on

2018-03-29 09:15:03 - [MESSAGE][PASSED] - Object: 'Object Repository/Header-Footer/Header buttons/Header_Button__Authors' is clicked on

2018-03-29 09:15:03 - [TEST_STEP][PASSED] - waitForElementPresent: Object 'Object Repository/Header-Footer/Ver_Buttons/ver_block_TOP AUTHORS' is present

2018-03-29 09:15:03 - [MESSAGE][PASSED] - Object 'Object Repository/Header-Footer/Ver_Buttons/ver_block_TOP AUTHORS' is present

2018-03-29 09:15:03 - [TEST_STEP][PASSED] - click: Object: 'Object Repository/Header-Footer/Header buttons/Header_Button_User Manual' is clicked on

2018-03-29 09:15:07 - [MESSAGE][PASSED] - Object: 'Object Repository/Header-Footer/Header buttons/Header_Button_User Manual' is clicked on

2018-03-29 09:15:07 - [TEST_STEP][PASSED] - waitForElementPresent: Object 'Object Repository/Header-Footer/Ver_Buttons/ver_Users Manual' is present

2018-03-29 09:15:07 - [MESSAGE][PASSED] - Object 'Object Repository/Header-Footer/Ver_Buttons/ver_Users Manual' is present

2018-03-29 09:15:07 - [TEST_STEP][PASSED] - click: Object: 'Object Repository/Header-Footer/Header buttons/Header_Button_FAQ' is clicked on

2018-03-29 09:15:08 - [MESSAGE][PASSED] - Object: 'Object Repository/Header-Footer/Header buttons/Header_Button_FAQ' is clicked on

2018-03-29 09:15:08 - [TEST_STEP][PASSED] - waitForElementPresent: Object 'Object Repository/Header-Footer/Ver_Buttons/ver_FAQ' is present

2018-03-29 09:15:08 - [MESSAGE][PASSED] - Object 'Object Repository/Header-Footer/Ver_Buttons/ver_FAQ' is present

2018-03-29 09:15:08 - [TEST_STEP][PASSED] - click: Object: 'Object Repository/Header-Footer/Header buttons/Header_Button_Contact us' is clicked on

2018-03-29 09:15:09 - [MESSAGE][PASSED] - Object: 'Object Repository/Header-Footer/Header buttons/Header_Button_Contact us' is clicked on

2018-03-29 09:15:09 - [TEST_STEP][PASSED] - waitForElementPresent: Object 'Object Repository/Header-Footer/Ver_Buttons/ver_Contact form' is present

2018-03-29 09:15:09 - [MESSAGE][PASSED] - Object 'Object Repository/Header-Footer/Ver_Buttons/ver_Contact form' is present

2018-03-29 09:15:09 - [TEST_STEP][PASSED] - click: Object: 'Object Repository/Header-Footer/Header buttons/Header_Button_NewsOffers' is clicked on

2018-03-29 09:15:10 - [MESSAGE][PASSED] - Object: 'Object Repository/Header-Footer/Header buttons/Header_Button_NewsOffers' is clicked on

2018-03-29 09:15:10 - [TEST_STEP][PASSED] - waitForElementPresent: Object 'Object Repository/Header-Footer/Ver_Buttons/ver_news' is present

2018-03-29 09:15:11 - [MESSAGE][PASSED] - Object 'Object Repository/Header-Footer/Ver_Buttons/ver_news' is present

2018-03-29 09:15:11 - [TEST_STEP][PASSED] - click: Object: 'Object Repository/Header-Footer/Footer buttons/Footer_Button_About us' is clicked on

2018-03-29 09:15:11 - [MESSAGE][PASSED] - Object: 'Object Repository/Header-Footer/Footer buttons/Footer_Button_About us' is clicked on

2018-03-29 09:15:11 - [TEST_STEP][PASSED] - waitForElementPresent: Object 'Object Repository/Header-Footer/Ver_Buttons/ver_JOIN US NOW' is present

2018-03-29 09:15:11 - [MESSAGE][PASSED] - Object 'Object Repository/Header-Footer/Ver_Buttons/ver_JOIN US NOW' is present

2018-03-29 09:15:11 - [TEST_STEP][PASSED] - click: Object: 'Object Repository/Header-Footer/Footer buttons/Footer_Button_Search report' is clicked on

2018-03-29 09:15:13 - [MESSAGE][PASSED] - Object: 'Object Repository/Header-Footer/Footer buttons/Footer_Button_Search report' is clicked on

2018-03-29 09:15:13 - [TEST_STEP][PASSED] - waitForElementPresent: Object 'Object Repository/Header-Footer/Ver_Buttons/ver_Search block' is not present after 2 second(s)

2018-03-29 09:15:15 - [MESSAGE][WARNING] - Object 'Object Repository/Header-Footer/Ver_Buttons/ver_Search block' is not present after 2 second(s)

2018-03-29 09:15:15 - [TEST_STEP][PASSED] - click: Object: 'Object Repository/Header-Footer/Footer buttons/Footer_Button_Authors' is clicked on

2018-03-29 09:15:24 - [MESSAGE][PASSED] - Object: 'Object Repository/Header-Footer/Footer buttons/Footer_Button_Authors' is clicked on

2018-03-29 09:15:24 - [TEST_STEP][PASSED] - waitForElementPresent: Object 'Object Repository/Header-Footer/Ver_Buttons/ver_block_TOP AUTHORS' is present

2018-03-29 09:15:24 - [MESSAGE][PASSED] - Object 'Object Repository/Header-Footer/Ver_Buttons/ver_block_TOP AUTHORS' is present

2018-03-29 09:15:24 - [TEST_STEP][PASSED] - click: Object: 'Object Repository/Header-Footer/Footer buttons/Footer_Button_User Manual' is clicked on

2018-03-29 09:15:25 - [MESSAGE][PASSED] - Object: 'Object Repository/Header-Footer/Footer buttons/Footer_Button_User Manual' is clicked on

2018-03-29 09:15:25 - [TEST_STEP][PASSED] - waitForElementPresent: Object 'Object Repository/Header-Footer/Ver_Buttons/ver_Users Manual' is present

2018-03-29 09:15:25 - [MESSAGE][PASSED] - Object 'Object Repository/Header-Footer/Ver_Buttons/ver_Users Manual' is present

2018-03-29 09:15:25 - [TEST_STEP][PASSED] - click: Object: 'Object Repository/Header-Footer/Footer buttons/Footer_Button_FAQ' is clicked on

2018-03-29 09:15:26 - [MESSAGE][PASSED] - Object: 'Object Repository/Header-Footer/Footer buttons/Footer_Button_FAQ' is clicked on

2018-03-29 09:15:26 - [TEST_STEP][PASSED] - waitForElementPresent: Object 'Object Repository/Header-Footer/Ver_Buttons/ver_FAQ' is present

2018-03-29 09:15:26 - [MESSAGE][PASSED] - Object 'Object Repository/Header-Footer/Ver_Buttons/ver_FAQ' is present

2018-03-29 09:15:26 - [TEST_STEP][PASSED] - click: Object: 'Object Repository/Header-Footer/Footer buttons/Footer_Button_Contact us' is clicked on

2018-03-29 09:15:27 - [MESSAGE][PASSED] - Object: 'Object Repository/Header-Footer/Footer buttons/Footer_Button_Contact us' is clicked on

2018-03-29 09:15:27 - [TEST_STEP][PASSED] - waitForElementPresent: Object 'Object Repository/Header-Footer/Ver_Buttons/ver_Contact form' is present

2018-03-29 09:15:27 - [MESSAGE][PASSED] - Object 'Object Repository/Header-Footer/Ver_Buttons/ver_Contact form' is present

2018-03-29 09:15:27 - [TEST_STEP][PASSED] - click: Object: 'Object Repository/Header-Footer/Footer buttons/Footer_Button_NewsOffers' is clicked on

2018-03-29 09:15:28 - [MESSAGE][PASSED] - Object: 'Object Repository/Header-Footer/Footer buttons/Footer_Button_NewsOffers' is clicked on

2018-03-29 09:15:28 - [TEST_STEP][PASSED] - waitForElementPresent: Object 'Object Repository/Header-Footer/Ver_Buttons/ver_news' is present

2018-03-29 09:15:28 - [MESSAGE][PASSED] - Object 'Object Repository/Header-Footer/Ver_Buttons/ver_news' is present

2018-03-29 09:15:28 - [TEST_STEP][PASSED] - closeBrowser: Browser is closed

2018-03-29 09:15:29 - [MESSAGE][PASSED] - Browser is closed]]></system-out>
         <system-err><![CDATA[]]></system-err>
      </testcase>
      <testcase name="Test Cases/Clicks_with_out_login/Clicks (Manual)" classname="Test Cases/Clicks_with_out_login/Clicks (Manual)" status="PASSED">
         <system-out><![CDATA[2018-03-29 09:15:29 - [TEST_CASE][PASSED] - Test Cases/Clicks_with_out_login/Clicks (Manual): Test Cases/Clicks_with_out_login/Clicks (Manual)

2018-03-29 09:15:29 - [TEST_STEP][PASSED] - openBrowser: Browser is opened with url: ''

2018-03-29 09:15:31 - [MESSAGE][PASSED] - Browser is opened with url: ''

2018-03-29 09:15:31 - [TEST_STEP][PASSED] - navigateToUrl: Navigate to 'https://www.route-report.com/' successfully

2018-03-29 09:15:34 - [MESSAGE][PASSED] - Navigate to 'https://www.route-report.com/' successfully

2018-03-29 09:15:34 - [TEST_STEP][PASSED] - maximizeWindow: Current window maximized

2018-03-29 09:15:35 - [MESSAGE][PASSED] - Current window maximized

2018-03-29 09:15:35 - [TEST_STEP][PASSED] - click: Object: 'Object Repository/Header-Footer/Footer buttons/Footer_Button_User Manual' is clicked on

2018-03-29 09:15:37 - [MESSAGE][PASSED] - Object: 'Object Repository/Header-Footer/Footer buttons/Footer_Button_User Manual' is clicked on

2018-03-29 09:15:37 - [TEST_STEP][PASSED] - waitForElementPresent: Object 'Object Repository/Header-Footer/Ver_Buttons/ver_Users Manual' is present

2018-03-29 09:15:37 - [MESSAGE][PASSED] - Object 'Object Repository/Header-Footer/Ver_Buttons/ver_Users Manual' is present

2018-03-29 09:15:37 - [TEST_STEP][PASSED] - click: Object: 'Object Repository/Header-Footer/Manual/nav_button_Trip vocabulary_manual' is clicked on

2018-03-29 09:15:37 - [MESSAGE][PASSED] - Object: 'Object Repository/Header-Footer/Manual/nav_button_Trip vocabulary_manual' is clicked on

2018-03-29 09:15:37 - [TEST_STEP][PASSED] - waitForElementVisible: Object 'Object Repository/Header-Footer/Manual/nav_button_Types of trips_manual' is visible

2018-03-29 09:15:38 - [MESSAGE][PASSED] - Object 'Object Repository/Header-Footer/Manual/nav_button_Types of trips_manual' is visible

2018-03-29 09:15:38 - [TEST_STEP][PASSED] - closeBrowser: Browser is closed

2018-03-29 09:15:38 - [MESSAGE][PASSED] - Browser is closed]]></system-out>
         <system-err><![CDATA[]]></system-err>
      </testcase>
      <testcase name="Test Cases/Clicks_with_out_login/Clicks (News) - without logging" classname="Test Cases/Clicks_with_out_login/Clicks (News) - without logging" status="PASSED">
         <system-out><![CDATA[2018-03-29 09:15:38 - [TEST_CASE][PASSED] - Test Cases/Clicks_with_out_login/Clicks (News) - without logging: Test Cases/Clicks_with_out_login/Clicks (News) - without logging

2018-03-29 09:15:38 - [TEST_STEP][PASSED] - openBrowser: Browser is opened with url: ''

2018-03-29 09:15:40 - [MESSAGE][PASSED] - Browser is opened with url: ''

2018-03-29 09:15:40 - [TEST_STEP][PASSED] - navigateToUrl: Navigate to 'https://www.route-report.com/' successfully

2018-03-29 09:15:43 - [MESSAGE][PASSED] - Navigate to 'https://www.route-report.com/' successfully

2018-03-29 09:15:43 - [TEST_STEP][PASSED] - maximizeWindow: Current window maximized

2018-03-29 09:15:44 - [MESSAGE][PASSED] - Current window maximized

2018-03-29 09:15:44 - [TEST_STEP][PASSED] - click: Object: 'Object Repository/Header-Footer/Header buttons/Header_Button_NewsOffers' is clicked on

2018-03-29 09:15:46 - [MESSAGE][PASSED] - Object: 'Object Repository/Header-Footer/Header buttons/Header_Button_NewsOffers' is clicked on

2018-03-29 09:15:46 - [TEST_STEP][PASSED] - verifyElementPresent: Object 'Object Repository/Header-Footer/Ver_Buttons/ver_news' is present

2018-03-29 09:15:46 - [MESSAGE][PASSED] - Object 'Object Repository/Header-Footer/Ver_Buttons/ver_news' is present

2018-03-29 09:15:46 - [TEST_STEP][PASSED] - click: Object: 'Object Repository/Page_NewsOffers/Icon-likes news' is clicked on

2018-03-29 09:15:46 - [MESSAGE][PASSED] - Object: 'Object Repository/Page_NewsOffers/Icon-likes news' is clicked on

2018-03-29 09:15:46 - [TEST_STEP][PASSED] - verifyElementPresent: Object 'Object Repository/Page_NewsOffers/ver-pop up login' is present

2018-03-29 09:15:47 - [MESSAGE][PASSED] - Object 'Object Repository/Page_NewsOffers/ver-pop up login' is present

2018-03-29 09:15:47 - [TEST_STEP][PASSED] - delay: Delayed 2 second(s)

2018-03-29 09:15:49 - [MESSAGE][PASSED] - Delayed 2 second(s)

2018-03-29 09:15:49 - [TEST_STEP][PASSED] - click: Object: 'Object Repository/Page_NewsOffers/Close_button_registration_pop-up' is clicked on

2018-03-29 09:15:49 - [MESSAGE][PASSED] - Object: 'Object Repository/Page_NewsOffers/Close_button_registration_pop-up' is clicked on

2018-03-29 09:15:49 - [TEST_STEP][PASSED] - click: Object: 'Object Repository/Page_NewsOffers/Icon-comments news' is clicked on

2018-03-29 09:15:49 - [MESSAGE][PASSED] - Object: 'Object Repository/Page_NewsOffers/Icon-comments news' is clicked on

2018-03-29 09:15:49 - [TEST_STEP][PASSED] - verifyElementPresent: Object 'Object Repository/Page_NewsOffers/ver-pop up login' is present

2018-03-29 09:15:49 - [MESSAGE][PASSED] - Object 'Object Repository/Page_NewsOffers/ver-pop up login' is present

2018-03-29 09:15:49 - [TEST_STEP][PASSED] - delay: Delayed 2 second(s)

2018-03-29 09:15:51 - [MESSAGE][PASSED] - Delayed 2 second(s)

2018-03-29 09:15:51 - [TEST_STEP][PASSED] - click: Object: 'Object Repository/Page_NewsOffers/Close_button_registration_pop-up' is clicked on

2018-03-29 09:15:51 - [MESSAGE][PASSED] - Object: 'Object Repository/Page_NewsOffers/Close_button_registration_pop-up' is clicked on

2018-03-29 09:15:51 - [TEST_STEP][PASSED] - click: Object: 'Object Repository/Page_NewsOffers/News_How to travel with passive' is clicked on

2018-03-29 09:15:52 - [MESSAGE][PASSED] - Object: 'Object Repository/Page_NewsOffers/News_How to travel with passive' is clicked on

2018-03-29 09:15:52 - [TEST_STEP][PASSED] - switchToWindowIndex: Switched to window with index: '1'

2018-03-29 09:15:52 - [MESSAGE][PASSED] - Switched to window with index: '1'

2018-03-29 09:15:52 - [TEST_STEP][PASSED] - verifyElementPresent: Object 'Object Repository/Page_NewsOffers/ver_new is loaded' is present

2018-03-29 09:15:53 - [MESSAGE][PASSED] - Object 'Object Repository/Page_NewsOffers/ver_new is loaded' is present

2018-03-29 09:15:53 - [TEST_STEP][PASSED] - click: Object: 'Object Repository/Page_NewsOffers/Icon likes vi news inside top' is clicked on

2018-03-29 09:15:53 - [MESSAGE][PASSED] - Object: 'Object Repository/Page_NewsOffers/Icon likes vi news inside top' is clicked on

2018-03-29 09:15:53 - [TEST_STEP][PASSED] - verifyElementPresent: Object 'Object Repository/Page_NewsOffers/ver-pop up login' is present

2018-03-29 09:15:53 - [MESSAGE][PASSED] - Object 'Object Repository/Page_NewsOffers/ver-pop up login' is present

2018-03-29 09:15:53 - [TEST_STEP][PASSED] - delay: Delayed 2 second(s)

2018-03-29 09:15:55 - [MESSAGE][PASSED] - Delayed 2 second(s)

2018-03-29 09:15:55 - [TEST_STEP][PASSED] - click: Object: 'Object Repository/Page_NewsOffers/Close_button_registration_pop-up' is clicked on

2018-03-29 09:15:56 - [MESSAGE][PASSED] - Object: 'Object Repository/Page_NewsOffers/Close_button_registration_pop-up' is clicked on

2018-03-29 09:15:56 - [TEST_STEP][PASSED] - click: Object: 'Object Repository/Page_NewsOffers/Icon-comments news inside' is clicked on

2018-03-29 09:15:56 - [MESSAGE][PASSED] - Object: 'Object Repository/Page_NewsOffers/Icon-comments news inside' is clicked on

2018-03-29 09:15:56 - [TEST_STEP][PASSED] - verifyElementPresent: Object 'Object Repository/Page_NewsOffers/ver-pop up login' is present

2018-03-29 09:15:56 - [MESSAGE][PASSED] - Object 'Object Repository/Page_NewsOffers/ver-pop up login' is present

2018-03-29 09:15:56 - [TEST_STEP][PASSED] - delay: Delayed 2 second(s)

2018-03-29 09:15:58 - [MESSAGE][PASSED] - Delayed 2 second(s)

2018-03-29 09:15:58 - [TEST_STEP][PASSED] - click: Object: 'Object Repository/Page_NewsOffers/Close_button_registration_pop-up' is clicked on

2018-03-29 09:15:58 - [MESSAGE][PASSED] - Object: 'Object Repository/Page_NewsOffers/Close_button_registration_pop-up' is clicked on

2018-03-29 09:15:58 - [TEST_STEP][PASSED] - click: Object: 'Object Repository/Page_NewsOffers/Icon likes vi news inside bottom ' is clicked on

2018-03-29 09:15:58 - [MESSAGE][PASSED] - Object: 'Object Repository/Page_NewsOffers/Icon likes vi news inside bottom ' is clicked on

2018-03-29 09:15:58 - [TEST_STEP][PASSED] - verifyElementPresent: Object 'Object Repository/Page_NewsOffers/ver-pop up login' is present

2018-03-29 09:15:58 - [MESSAGE][PASSED] - Object 'Object Repository/Page_NewsOffers/ver-pop up login' is present

2018-03-29 09:15:58 - [TEST_STEP][PASSED] - delay: Delayed 2 second(s)

2018-03-29 09:16:00 - [MESSAGE][PASSED] - Delayed 2 second(s)

2018-03-29 09:16:00 - [TEST_STEP][PASSED] - click: Object: 'Object Repository/Page_NewsOffers/Close_button_registration_pop-up' is clicked on

2018-03-29 09:16:00 - [MESSAGE][PASSED] - Object: 'Object Repository/Page_NewsOffers/Close_button_registration_pop-up' is clicked on

2018-03-29 09:16:00 - [TEST_STEP][PASSED] - closeBrowser: Browser is closed

2018-03-29 09:16:01 - [MESSAGE][PASSED] - Browser is closed]]></system-out>
         <system-err><![CDATA[]]></system-err>
      </testcase>
      <testcase name="Test Cases/Clicks_with_out_login/Clicks (Seach) - without logging" classname="Test Cases/Clicks_with_out_login/Clicks (Seach) - without logging" status="PASSED">
         <system-out><![CDATA[2018-03-29 09:16:01 - [TEST_CASE][PASSED] - Test Cases/Clicks_with_out_login/Clicks (Seach) - without logging: Test Cases/Clicks_with_out_login/Clicks (Seach) - without logging

2018-03-29 09:16:01 - [TEST_STEP][PASSED] - openBrowser: Browser is opened with url: ''

2018-03-29 09:16:03 - [MESSAGE][PASSED] - Browser is opened with url: ''

2018-03-29 09:16:03 - [TEST_STEP][PASSED] - navigateToUrl: Navigate to 'https://www.route-report.com/' successfully

2018-03-29 09:16:06 - [MESSAGE][PASSED] - Navigate to 'https://www.route-report.com/' successfully

2018-03-29 09:16:06 - [TEST_STEP][PASSED] - maximizeWindow: Current window maximized

2018-03-29 09:16:07 - [MESSAGE][PASSED] - Current window maximized

2018-03-29 09:16:07 - [TEST_STEP][PASSED] - click: Object: 'Object Repository/Search_Authors/a_Search report' is clicked on

2018-03-29 09:16:11 - [MESSAGE][PASSED] - Object: 'Object Repository/Search_Authors/a_Search report' is clicked on

2018-03-29 09:16:11 - [TEST_STEP][PASSED] - setText: Text 'Chacagua' is set on object 'Object Repository/Search_Authors/input_search'

2018-03-29 09:16:11 - [MESSAGE][PASSED] - Text 'Chacagua' is set on object 'Object Repository/Search_Authors/input_search'

2018-03-29 09:16:11 - [TEST_STEP][PASSED] - delay: Delayed 5 second(s)

2018-03-29 09:16:16 - [MESSAGE][PASSED] - Delayed 5 second(s)

2018-03-29 09:16:16 - [TEST_STEP][PASSED] - click: Object: 'Object Repository/Search_Authors/price_button_search' is clicked on

2018-03-29 09:16:17 - [MESSAGE][PASSED] - Object: 'Object Repository/Search_Authors/price_button_search' is clicked on

2018-03-29 09:16:17 - [TEST_STEP][PASSED] - waitForElementPresent: Object 'Object Repository/Search_Authors/button_SIGN UP' is present

2018-03-29 09:16:17 - [MESSAGE][PASSED] - Object 'Object Repository/Search_Authors/button_SIGN UP' is present

2018-03-29 09:16:17 - [TEST_STEP][PASSED] - delay: Delayed 1 second(s)

2018-03-29 09:16:18 - [MESSAGE][PASSED] - Delayed 1 second(s)

2018-03-29 09:16:18 - [TEST_STEP][PASSED] - click: Object: 'Object Repository/Search_Authors/Close_button_registration_pop-up' is clicked on

2018-03-29 09:16:18 - [MESSAGE][PASSED] - Object: 'Object Repository/Search_Authors/Close_button_registration_pop-up' is clicked on

2018-03-29 09:16:18 - [TEST_STEP][PASSED] - click: Object: 'Object Repository/Search_Authors/Button_Follow author_Search_page' is clicked on

2018-03-29 09:16:18 - [MESSAGE][PASSED] - Object: 'Object Repository/Search_Authors/Button_Follow author_Search_page' is clicked on

2018-03-29 09:16:18 - [TEST_STEP][PASSED] - waitForElementPresent: Object 'Object Repository/Search_Authors/button_SIGN UP' is present

2018-03-29 09:16:18 - [MESSAGE][PASSED] - Object 'Object Repository/Search_Authors/button_SIGN UP' is present

2018-03-29 09:16:18 - [TEST_STEP][PASSED] - delay: Delayed 1 second(s)

2018-03-29 09:16:19 - [MESSAGE][PASSED] - Delayed 1 second(s)

2018-03-29 09:16:19 - [TEST_STEP][PASSED] - click: Object: 'Object Repository/Search_Authors/Close_button_registration_pop-up' is clicked on

2018-03-29 09:16:20 - [MESSAGE][PASSED] - Object: 'Object Repository/Search_Authors/Close_button_registration_pop-up' is clicked on

2018-03-29 09:16:20 - [TEST_STEP][PASSED] - click: Object: 'Object Repository/Search_Authors/Button_add_to_favorite_Search_page' is clicked on

2018-03-29 09:16:20 - [MESSAGE][PASSED] - Object: 'Object Repository/Search_Authors/Button_add_to_favorite_Search_page' is clicked on

2018-03-29 09:16:20 - [TEST_STEP][PASSED] - waitForElementPresent: Object 'Object Repository/Search_Authors/button_SIGN UP' is present

2018-03-29 09:16:20 - [MESSAGE][PASSED] - Object 'Object Repository/Search_Authors/button_SIGN UP' is present

2018-03-29 09:16:20 - [TEST_STEP][PASSED] - delay: Delayed 1 second(s)

2018-03-29 09:16:21 - [MESSAGE][PASSED] - Delayed 1 second(s)

2018-03-29 09:16:21 - [TEST_STEP][PASSED] - click: Object: 'Object Repository/Search_Authors/Close_button_registration_pop-up' is clicked on

2018-03-29 09:16:21 - [MESSAGE][PASSED] - Object: 'Object Repository/Search_Authors/Close_button_registration_pop-up' is clicked on

2018-03-29 09:16:21 - [TEST_STEP][PASSED] - click: Object: 'Object Repository/Search_Authors/Button_Compare_report_row_Search_page' is clicked on

2018-03-29 09:16:21 - [MESSAGE][PASSED] - Object: 'Object Repository/Search_Authors/Button_Compare_report_row_Search_page' is clicked on

2018-03-29 09:16:21 - [TEST_STEP][PASSED] - waitForElementPresent: Object 'Object Repository/Search_Authors/button_SIGN UP' is present

2018-03-29 09:16:21 - [MESSAGE][PASSED] - Object 'Object Repository/Search_Authors/button_SIGN UP' is present

2018-03-29 09:16:21 - [TEST_STEP][PASSED] - delay: Delayed 1 second(s)

2018-03-29 09:16:22 - [MESSAGE][PASSED] - Delayed 1 second(s)

2018-03-29 09:16:22 - [TEST_STEP][PASSED] - click: Object: 'Object Repository/Search_Authors/Close_button_registration_pop-up' is clicked on

2018-03-29 09:16:22 - [MESSAGE][PASSED] - Object: 'Object Repository/Search_Authors/Close_button_registration_pop-up' is clicked on

2018-03-29 09:16:22 - [TEST_STEP][PASSED] - click: Object: 'Object Repository/Search_Authors/Button_Cart_top_section_Search' is clicked on

2018-03-29 09:16:22 - [MESSAGE][PASSED] - Object: 'Object Repository/Search_Authors/Button_Cart_top_section_Search' is clicked on

2018-03-29 09:16:22 - [TEST_STEP][PASSED] - waitForElementPresent: Object 'Object Repository/Search_Authors/button_SIGN UP' is present

2018-03-29 09:16:23 - [MESSAGE][PASSED] - Object 'Object Repository/Search_Authors/button_SIGN UP' is present

2018-03-29 09:16:23 - [TEST_STEP][PASSED] - delay: Delayed 1 second(s)

2018-03-29 09:16:24 - [MESSAGE][PASSED] - Delayed 1 second(s)

2018-03-29 09:16:24 - [TEST_STEP][PASSED] - closeBrowser: Browser is closed

2018-03-29 09:16:25 - [MESSAGE][PASSED] - Browser is closed]]></system-out>
         <system-err><![CDATA[]]></system-err>
      </testcase>
      <testcase name="Test Cases/Clicks_with_out_login/Clicks (View report) - without logging" classname="Test Cases/Clicks_with_out_login/Clicks (View report) - without logging" status="PASSED">
         <system-out><![CDATA[2018-03-29 09:16:25 - [TEST_CASE][PASSED] - Test Cases/Clicks_with_out_login/Clicks (View report) - without logging: Test Cases/Clicks_with_out_login/Clicks (View report) - without logging

2018-03-29 09:16:26 - [TEST_STEP][PASSED] - openBrowser: Browser is opened with url: ''

2018-03-29 09:16:28 - [MESSAGE][PASSED] - Browser is opened with url: ''

2018-03-29 09:16:28 - [TEST_STEP][PASSED] - navigateToUrl: Navigate to 'https://www.route-report.com/' successfully

2018-03-29 09:16:31 - [MESSAGE][PASSED] - Navigate to 'https://www.route-report.com/' successfully

2018-03-29 09:16:31 - [TEST_STEP][PASSED] - maximizeWindow: Current window maximized

2018-03-29 09:16:32 - [MESSAGE][PASSED] - Current window maximized

2018-03-29 09:16:32 - [TEST_STEP][PASSED] - click: Object: 'Object Repository/Search_Authors/a_Search report' is clicked on

2018-03-29 09:16:35 - [MESSAGE][PASSED] - Object: 'Object Repository/Search_Authors/a_Search report' is clicked on

2018-03-29 09:16:35 - [TEST_STEP][PASSED] - click: Object: 'Object Repository/View_report/Report_row_link_to_details' is clicked on

2018-03-29 09:16:39 - [MESSAGE][PASSED] - Object: 'Object Repository/View_report/Report_row_link_to_details' is clicked on

2018-03-29 09:16:39 - [TEST_STEP][PASSED] - switchToWindowIndex: Switched to window with index: '1'

2018-03-29 09:16:39 - [MESSAGE][PASSED] - Switched to window with index: '1'

2018-03-29 09:16:39 - [TEST_STEP][PASSED] - verifyElementPresent: Object 'Object Repository/View_report/buttons ver/ver_detail_report_page' is present

2018-03-29 09:16:42 - [MESSAGE][PASSED] - Object 'Object Repository/View_report/buttons ver/ver_detail_report_page' is present

2018-03-29 09:16:42 - [TEST_STEP][PASSED] - click: Object: 'Object Repository/View_report/Button_more' is clicked on

2018-03-29 09:16:42 - [MESSAGE][PASSED] - Object: 'Object Repository/View_report/Button_more' is clicked on

2018-03-29 09:16:42 - [TEST_STEP][PASSED] - switchToWindowIndex: Switched to window with index: '2'

2018-03-29 09:16:42 - [MESSAGE][PASSED] - Switched to window with index: '2'

2018-03-29 09:16:42 - [TEST_STEP][PASSED] - verifyElementPresent: Object 'Object Repository/View_report/buttons ver/ver_View_report_loaded' is present

2018-03-29 09:16:45 - [MESSAGE][PASSED] - Object 'Object Repository/View_report/buttons ver/ver_View_report_loaded' is present

2018-03-29 09:16:45 - [TEST_STEP][PASSED] - delay: Delayed 1 second(s)

2018-03-29 09:16:46 - [MESSAGE][PASSED] - Delayed 1 second(s)

2018-03-29 09:16:46 - [TEST_STEP][PASSED] - click: Object: 'Object Repository/View_report/Button_cart' is clicked on

2018-03-29 09:16:46 - [MESSAGE][PASSED] - Object: 'Object Repository/View_report/Button_cart' is clicked on

2018-03-29 09:16:46 - [TEST_STEP][PASSED] - verifyElementPresent: Object 'Object Repository/View_report/buttons ver/ver_pop_up_login_show' is present

2018-03-29 09:16:47 - [MESSAGE][PASSED] - Object 'Object Repository/View_report/buttons ver/ver_pop_up_login_show' is present

2018-03-29 09:16:47 - [TEST_STEP][PASSED] - delay: Delayed 2 second(s)

2018-03-29 09:16:49 - [MESSAGE][PASSED] - Delayed 2 second(s)

2018-03-29 09:16:49 - [TEST_STEP][PASSED] - click: Object: 'Object Repository/View_report/button_close_pop_up_login' is clicked on

2018-03-29 09:16:49 - [MESSAGE][PASSED] - Object: 'Object Repository/View_report/button_close_pop_up_login' is clicked on

2018-03-29 09:16:49 - [TEST_STEP][PASSED] - click: Object: 'Object Repository/View_report/Buttons_top/button_Home_top_navmenu' is clicked on

2018-03-29 09:16:51 - [MESSAGE][PASSED] - Object: 'Object Repository/View_report/Buttons_top/button_Home_top_navmenu' is clicked on

2018-03-29 09:16:51 - [TEST_STEP][PASSED] - delay: Delayed 2 second(s)

2018-03-29 09:16:53 - [MESSAGE][PASSED] - Delayed 2 second(s)

2018-03-29 09:16:53 - [TEST_STEP][PASSED] - click: Object: 'Object Repository/View_report/Buttons_top/Button_Route_top_navmenu' is clicked on

2018-03-29 09:16:57 - [MESSAGE][PASSED] - Object: 'Object Repository/View_report/Buttons_top/Button_Route_top_navmenu' is clicked on

2018-03-29 09:16:57 - [TEST_STEP][PASSED] - verifyElementPresent: Object 'Object Repository/View_report/buttons ver/ver_Route_loaded(map)' is present

2018-03-29 09:16:57 - [MESSAGE][PASSED] - Object 'Object Repository/View_report/buttons ver/ver_Route_loaded(map)' is present

2018-03-29 09:16:57 - [TEST_STEP][PASSED] - click: Object: 'Object Repository/View_report/Drop_button_route_top' is clicked on

2018-03-29 09:16:58 - [MESSAGE][PASSED] - Object: 'Object Repository/View_report/Drop_button_route_top' is clicked on

2018-03-29 09:16:58 - [TEST_STEP][PASSED] - click: Object: 'Object Repository/View_report/buttons Submenu/Button_submenu_Route_Stats' is clicked on

2018-03-29 09:16:58 - [MESSAGE][PASSED] - Object: 'Object Repository/View_report/buttons Submenu/Button_submenu_Route_Stats' is clicked on

2018-03-29 09:16:58 - [TEST_STEP][PASSED] - delay: Delayed 1 second(s)

2018-03-29 09:16:59 - [MESSAGE][PASSED] - Delayed 1 second(s)

2018-03-29 09:16:59 - [TEST_STEP][PASSED] - click: Object: 'Object Repository/View_report/Drop_button_route_top' is clicked on

2018-03-29 09:16:59 - [MESSAGE][PASSED] - Object: 'Object Repository/View_report/Drop_button_route_top' is clicked on

2018-03-29 09:16:59 - [TEST_STEP][PASSED] - delay: Delayed 1 second(s)

2018-03-29 09:17:00 - [MESSAGE][PASSED] - Delayed 1 second(s)

2018-03-29 09:17:00 - [TEST_STEP][PASSED] - click: Object: 'Object Repository/View_report/buttons Submenu/Button_submenu_Route_Map' is clicked on

2018-03-29 09:17:00 - [MESSAGE][PASSED] - Object: 'Object Repository/View_report/buttons Submenu/Button_submenu_Route_Map' is clicked on

2018-03-29 09:17:00 - [TEST_STEP][PASSED] - delay: Delayed 2 second(s)

2018-03-29 09:17:02 - [MESSAGE][PASSED] - Delayed 2 second(s)

2018-03-29 09:17:02 - [TEST_STEP][PASSED] - click: Object: 'Object Repository/View_report/Buttons_top/Button_Description_top_navmenu' is clicked on

2018-03-29 09:17:06 - [MESSAGE][PASSED] - Object: 'Object Repository/View_report/Buttons_top/Button_Description_top_navmenu' is clicked on

2018-03-29 09:17:06 - [TEST_STEP][PASSED] - verifyElementPresent: Object 'Object Repository/View_report/buttons ver/ver_Description_is_loaded' is present

2018-03-29 09:17:06 - [MESSAGE][PASSED] - Object 'Object Repository/View_report/buttons ver/ver_Description_is_loaded' is present

2018-03-29 09:17:06 - [TEST_STEP][PASSED] - click: Object: 'Object Repository/View_report/Drop_button_description_top' is clicked on

2018-03-29 09:17:06 - [MESSAGE][PASSED] - Object: 'Object Repository/View_report/Drop_button_description_top' is clicked on

2018-03-29 09:17:06 - [TEST_STEP][PASSED] - delay: Delayed 2 second(s)

2018-03-29 09:17:08 - [MESSAGE][PASSED] - Delayed 2 second(s)

2018-03-29 09:17:08 - [TEST_STEP][PASSED] - click: Object: 'Object Repository/View_report/buttons Submenu/Button_submenu_Description_top_preparation' is clicked on

2018-03-29 09:17:08 - [MESSAGE][PASSED] - Object: 'Object Repository/View_report/buttons Submenu/Button_submenu_Description_top_preparation' is clicked on

2018-03-29 09:17:08 - [TEST_STEP][PASSED] - delay: Delayed 1 second(s)

2018-03-29 09:17:09 - [MESSAGE][PASSED] - Delayed 1 second(s)

2018-03-29 09:17:09 - [TEST_STEP][PASSED] - click: Object: 'Object Repository/View_report/Drop_button_description_top' is clicked on

2018-03-29 09:17:09 - [MESSAGE][PASSED] - Object: 'Object Repository/View_report/Drop_button_description_top' is clicked on

2018-03-29 09:17:09 - [TEST_STEP][PASSED] - click: Object: 'Object Repository/View_report/buttons Submenu/Button_submenu_Description_top_days' is clicked on

2018-03-29 09:17:10 - [MESSAGE][PASSED] - Object: 'Object Repository/View_report/buttons Submenu/Button_submenu_Description_top_days' is clicked on

2018-03-29 09:17:10 - [TEST_STEP][PASSED] - click: Object: 'Object Repository/View_report/Drop_button_description_top' is clicked on

2018-03-29 09:17:10 - [MESSAGE][PASSED] - Object: 'Object Repository/View_report/Drop_button_description_top' is clicked on

2018-03-29 09:17:10 - [TEST_STEP][PASSED] - delay: Delayed 2 second(s)

2018-03-29 09:17:12 - [MESSAGE][PASSED] - Delayed 2 second(s)

2018-03-29 09:17:12 - [TEST_STEP][PASSED] - click: Object: 'Object Repository/View_report/buttons Submenu/Button_submenu_Description_top_summary' is clicked on

2018-03-29 09:17:12 - [MESSAGE][PASSED] - Object: 'Object Repository/View_report/buttons Submenu/Button_submenu_Description_top_summary' is clicked on

2018-03-29 09:17:12 - [TEST_STEP][PASSED] - delay: Delayed 3 second(s)

2018-03-29 09:17:15 - [MESSAGE][PASSED] - Delayed 3 second(s)

2018-03-29 09:17:15 - [TEST_STEP][PASSED] - click: Object: 'Object Repository/View_report/Buttons_top/Button_Details_top_navmenu' is clicked on

2018-03-29 09:17:17 - [MESSAGE][PASSED] - Object: 'Object Repository/View_report/Buttons_top/Button_Details_top_navmenu' is clicked on

2018-03-29 09:17:17 - [TEST_STEP][PASSED] - verifyElementPresent: Object 'Object Repository/View_report/buttons ver/ver_Details_is_loaded' is present

2018-03-29 09:17:17 - [MESSAGE][PASSED] - Object 'Object Repository/View_report/buttons ver/ver_Details_is_loaded' is present

2018-03-29 09:17:17 - [TEST_STEP][PASSED] - click: Object: 'Object Repository/View_report/Drop_button_details_top ' is clicked on

2018-03-29 09:17:17 - [MESSAGE][PASSED] - Object: 'Object Repository/View_report/Drop_button_details_top ' is clicked on

2018-03-29 09:17:17 - [TEST_STEP][PASSED] - click: Object: 'Object Repository/View_report/buttons Submenu/Button_submenu_Details_top_ORA' is clicked on

2018-03-29 09:17:17 - [MESSAGE][PASSED] - Object: 'Object Repository/View_report/buttons Submenu/Button_submenu_Details_top_ORA' is clicked on

2018-03-29 09:17:17 - [TEST_STEP][PASSED] - delay: Delayed 1 second(s)

2018-03-29 09:17:18 - [MESSAGE][PASSED] - Delayed 1 second(s)

2018-03-29 09:17:18 - [TEST_STEP][PASSED] - click: Object: 'Object Repository/View_report/Drop_button_details_top ' is clicked on

2018-03-29 09:17:19 - [MESSAGE][PASSED] - Object: 'Object Repository/View_report/Drop_button_details_top ' is clicked on

2018-03-29 09:17:19 - [TEST_STEP][PASSED] - click: Object: 'Object Repository/View_report/buttons Submenu/Button_submenu_Details_top_FSE' is clicked on

2018-03-29 09:17:19 - [MESSAGE][PASSED] - Object: 'Object Repository/View_report/buttons Submenu/Button_submenu_Details_top_FSE' is clicked on

2018-03-29 09:17:19 - [TEST_STEP][PASSED] - delay: Delayed 1 second(s)

2018-03-29 09:17:20 - [MESSAGE][PASSED] - Delayed 1 second(s)

2018-03-29 09:17:20 - [TEST_STEP][PASSED] - click: Object: 'Object Repository/View_report/Drop_button_details_top ' is clicked on

2018-03-29 09:17:20 - [MESSAGE][PASSED] - Object: 'Object Repository/View_report/Drop_button_details_top ' is clicked on

2018-03-29 09:17:20 - [TEST_STEP][PASSED] - click: Object: 'Object Repository/View_report/buttons Submenu/Button_submenu_Details_top_US' is clicked on

2018-03-29 09:17:20 - [MESSAGE][PASSED] - Object: 'Object Repository/View_report/buttons Submenu/Button_submenu_Details_top_US' is clicked on

2018-03-29 09:17:20 - [TEST_STEP][PASSED] - delay: Delayed 1 second(s)

2018-03-29 09:17:21 - [MESSAGE][PASSED] - Delayed 1 second(s)

2018-03-29 09:17:21 - [TEST_STEP][PASSED] - click: Object: 'Object Repository/View_report/Drop_button_details_top ' is clicked on

2018-03-29 09:17:21 - [MESSAGE][PASSED] - Object: 'Object Repository/View_report/Drop_button_details_top ' is clicked on

2018-03-29 09:17:21 - [TEST_STEP][PASSED] - click: Object: 'Object Repository/View_report/buttons Submenu/Button_submenu_Details_top_ACC' is clicked on

2018-03-29 09:17:21 - [MESSAGE][PASSED] - Object: 'Object Repository/View_report/buttons Submenu/Button_submenu_Details_top_ACC' is clicked on

2018-03-29 09:17:21 - [TEST_STEP][PASSED] - delay: Delayed 1 second(s)

2018-03-29 09:17:22 - [MESSAGE][PASSED] - Delayed 1 second(s)

2018-03-29 09:17:22 - [TEST_STEP][PASSED] - click: Object: 'Object Repository/View_report/Drop_button_details_top ' is clicked on

2018-03-29 09:17:23 - [MESSAGE][PASSED] - Object: 'Object Repository/View_report/Drop_button_details_top ' is clicked on

2018-03-29 09:17:23 - [TEST_STEP][PASSED] - click: Object: 'Object Repository/View_report/buttons Submenu/Button_submenu_Details_top_ACont' is clicked on

2018-03-29 09:17:23 - [MESSAGE][PASSED] - Object: 'Object Repository/View_report/buttons Submenu/Button_submenu_Details_top_ACont' is clicked on

2018-03-29 09:17:23 - [TEST_STEP][PASSED] - delay: Delayed 1 second(s)

2018-03-29 09:17:24 - [MESSAGE][PASSED] - Delayed 1 second(s)

2018-03-29 09:17:24 - [TEST_STEP][PASSED] - click: Object: 'Object Repository/View_report/Drop_button_details_top ' is clicked on

2018-03-29 09:17:24 - [MESSAGE][PASSED] - Object: 'Object Repository/View_report/Drop_button_details_top ' is clicked on

2018-03-29 09:17:24 - [TEST_STEP][PASSED] - click: Object: 'Object Repository/View_report/buttons Submenu/Button_submenu_Details_top_CR' is clicked on

2018-03-29 09:17:24 - [MESSAGE][PASSED] - Object: 'Object Repository/View_report/buttons Submenu/Button_submenu_Details_top_CR' is clicked on

2018-03-29 09:17:24 - [TEST_STEP][PASSED] - delay: Delayed 3 second(s)

2018-03-29 09:17:27 - [MESSAGE][PASSED] - Delayed 3 second(s)

2018-03-29 09:17:27 - [TEST_STEP][PASSED] - click: Object: 'Object Repository/View_report/Buttons_top/Button_Files_top_navmenu ' is clicked on

2018-03-29 09:17:29 - [MESSAGE][PASSED] - Object: 'Object Repository/View_report/Buttons_top/Button_Files_top_navmenu ' is clicked on

2018-03-29 09:17:29 - [TEST_STEP][PASSED] - verifyElementPresent: Object 'Object Repository/View_report/buttons ver/ver_File_is_loaded' is present

2018-03-29 09:17:29 - [MESSAGE][PASSED] - Object 'Object Repository/View_report/buttons ver/ver_File_is_loaded' is present

2018-03-29 09:17:29 - [TEST_STEP][PASSED] - click: Object: 'Object Repository/View_report/Drop_button_files_top' is clicked on

2018-03-29 09:17:29 - [MESSAGE][PASSED] - Object: 'Object Repository/View_report/Drop_button_files_top' is clicked on

2018-03-29 09:17:29 - [TEST_STEP][PASSED] - click: Object: 'Object Repository/View_report/buttons Submenu/Button_submenu_Files_top_image_video' is clicked on

2018-03-29 09:17:29 - [MESSAGE][PASSED] - Object: 'Object Repository/View_report/buttons Submenu/Button_submenu_Files_top_image_video' is clicked on

2018-03-29 09:17:29 - [TEST_STEP][PASSED] - delay: Delayed 1 second(s)

2018-03-29 09:17:30 - [MESSAGE][PASSED] - Delayed 1 second(s)

2018-03-29 09:17:30 - [TEST_STEP][PASSED] - click: Object: 'Object Repository/View_report/Drop_button_files_top' is clicked on

2018-03-29 09:17:30 - [MESSAGE][PASSED] - Object: 'Object Repository/View_report/Drop_button_files_top' is clicked on

2018-03-29 09:17:30 - [TEST_STEP][PASSED] - click: Object: 'Object Repository/View_report/buttons Submenu/Button_submenu_Files_top_Maps' is clicked on

2018-03-29 09:17:31 - [MESSAGE][PASSED] - Object: 'Object Repository/View_report/buttons Submenu/Button_submenu_Files_top_Maps' is clicked on

2018-03-29 09:17:31 - [TEST_STEP][PASSED] - delay: Delayed 1 second(s)

2018-03-29 09:17:32 - [MESSAGE][PASSED] - Delayed 1 second(s)

2018-03-29 09:17:32 - [TEST_STEP][PASSED] - click: Object: 'Object Repository/View_report/Drop_button_files_top' is clicked on

2018-03-29 09:17:32 - [MESSAGE][PASSED] - Object: 'Object Repository/View_report/Drop_button_files_top' is clicked on

2018-03-29 09:17:32 - [TEST_STEP][PASSED] - click: Object: 'Object Repository/View_report/buttons Submenu/Button_submenu_Files_top_Docs' is clicked on

2018-03-29 09:17:32 - [MESSAGE][PASSED] - Object: 'Object Repository/View_report/buttons Submenu/Button_submenu_Files_top_Docs' is clicked on

2018-03-29 09:17:32 - [TEST_STEP][PASSED] - delay: Delayed 2 second(s)

2018-03-29 09:17:34 - [MESSAGE][PASSED] - Delayed 2 second(s)

2018-03-29 09:17:34 - [TEST_STEP][PASSED] - click: Object: 'Object Repository/View_report/Buttons_top/Button_Services_top_navmenu' is clicked on

2018-03-29 09:17:38 - [MESSAGE][PASSED] - Object: 'Object Repository/View_report/Buttons_top/Button_Services_top_navmenu' is clicked on

2018-03-29 09:17:38 - [TEST_STEP][PASSED] - verifyElementPresent: Object 'Object Repository/View_report/buttons ver/ver_Services_is_loaded' is present

2018-03-29 09:17:38 - [MESSAGE][PASSED] - Object 'Object Repository/View_report/buttons ver/ver_Services_is_loaded' is present

2018-03-29 09:17:38 - [TEST_STEP][PASSED] - click: Object: 'Object Repository/View_report/Drop_button_services_top' is clicked on

2018-03-29 09:17:38 - [MESSAGE][PASSED] - Object: 'Object Repository/View_report/Drop_button_services_top' is clicked on

2018-03-29 09:17:38 - [TEST_STEP][PASSED] - click: Object: 'Object Repository/View_report/buttons Submenu/Button_submenu_Services_top_reports' is clicked on

2018-03-29 09:17:38 - [MESSAGE][PASSED] - Object: 'Object Repository/View_report/buttons Submenu/Button_submenu_Services_top_reports' is clicked on

2018-03-29 09:17:38 - [TEST_STEP][PASSED] - delay: Delayed 1 second(s)

2018-03-29 09:17:39 - [MESSAGE][PASSED] - Delayed 1 second(s)

2018-03-29 09:17:39 - [TEST_STEP][PASSED] - click: Object: 'Object Repository/View_report/Drop_button_services_top' is clicked on

2018-03-29 09:17:39 - [MESSAGE][PASSED] - Object: 'Object Repository/View_report/Drop_button_services_top' is clicked on

2018-03-29 09:17:39 - [TEST_STEP][PASSED] - click: Object: 'Object Repository/View_report/buttons Submenu/Button_submenu_Services_top_About_country' is clicked on

2018-03-29 09:17:40 - [MESSAGE][PASSED] - Object: 'Object Repository/View_report/buttons Submenu/Button_submenu_Services_top_About_country' is clicked on

2018-03-29 09:17:40 - [TEST_STEP][PASSED] - click: Object: 'Object Repository/View_report/Buttons_footer/Button_Home_footer_navmenu' is clicked on

2018-03-29 09:17:42 - [MESSAGE][PASSED] - Object: 'Object Repository/View_report/Buttons_footer/Button_Home_footer_navmenu' is clicked on

2018-03-29 09:17:42 - [TEST_STEP][PASSED] - verifyElementPresent: Object 'Object Repository/View_report/buttons ver/ver_View_report_loaded' is present

2018-03-29 09:17:42 - [MESSAGE][PASSED] - Object 'Object Repository/View_report/buttons ver/ver_View_report_loaded' is present

2018-03-29 09:17:42 - [TEST_STEP][PASSED] - delay: Delayed 1 second(s)

2018-03-29 09:17:43 - [MESSAGE][PASSED] - Delayed 1 second(s)

2018-03-29 09:17:43 - [TEST_STEP][PASSED] - scrollToElement: Scroll to object 'Object Repository/View_report/Buttons_footer/Button_Home_footer_navmenu' successfully

2018-03-29 09:17:43 - [MESSAGE][PASSED] - Scroll to object 'Object Repository/View_report/Buttons_footer/Button_Home_footer_navmenu' successfully

2018-03-29 09:17:43 - [TEST_STEP][PASSED] - delay: Delayed 2 second(s)

2018-03-29 09:17:45 - [MESSAGE][PASSED] - Delayed 2 second(s)

2018-03-29 09:17:45 - [TEST_STEP][PASSED] - click: Object: 'Object Repository/View_report/Buttons_footer/Button_Route_footer_navmenu' is clicked on

2018-03-29 09:17:47 - [MESSAGE][PASSED] - Object: 'Object Repository/View_report/Buttons_footer/Button_Route_footer_navmenu' is clicked on

2018-03-29 09:17:47 - [TEST_STEP][PASSED] - verifyElementPresent: Object 'Object Repository/View_report/buttons ver/ver_Route_loaded(map)' is present

2018-03-29 09:17:48 - [MESSAGE][PASSED] - Object 'Object Repository/View_report/buttons ver/ver_Route_loaded(map)' is present

2018-03-29 09:17:48 - [TEST_STEP][PASSED] - delay: Delayed 1 second(s)

2018-03-29 09:17:49 - [MESSAGE][PASSED] - Delayed 1 second(s)

2018-03-29 09:17:49 - [TEST_STEP][PASSED] - scrollToElement: Scroll to object 'Object Repository/View_report/Buttons_footer/Button_Home_footer_navmenu' successfully

2018-03-29 09:17:49 - [MESSAGE][PASSED] - Scroll to object 'Object Repository/View_report/Buttons_footer/Button_Home_footer_navmenu' successfully

2018-03-29 09:17:49 - [TEST_STEP][PASSED] - click: Object: 'Object Repository/View_report/Buttons_footer/Button_Description_footer_navmenu' is clicked on

2018-03-29 09:17:52 - [MESSAGE][PASSED] - Object: 'Object Repository/View_report/Buttons_footer/Button_Description_footer_navmenu' is clicked on

2018-03-29 09:17:52 - [TEST_STEP][PASSED] - verifyElementPresent: Object 'Object Repository/View_report/buttons ver/ver_Description_is_loaded' is present

2018-03-29 09:17:52 - [MESSAGE][PASSED] - Object 'Object Repository/View_report/buttons ver/ver_Description_is_loaded' is present

2018-03-29 09:17:52 - [TEST_STEP][PASSED] - click: Object: 'Object Repository/View_report/Drop_button_description_top' is clicked on

2018-03-29 09:17:52 - [MESSAGE][PASSED] - Object: 'Object Repository/View_report/Drop_button_description_top' is clicked on

2018-03-29 09:17:52 - [TEST_STEP][PASSED] - click: Object: 'Object Repository/View_report/buttons Submenu/Button_submenu_Description_top_days' is clicked on

2018-03-29 09:17:52 - [MESSAGE][PASSED] - Object: 'Object Repository/View_report/buttons Submenu/Button_submenu_Description_top_days' is clicked on

2018-03-29 09:17:52 - [TEST_STEP][PASSED] - delay: Delayed 1 second(s)

2018-03-29 09:17:53 - [MESSAGE][PASSED] - Delayed 1 second(s)

2018-03-29 09:17:53 - [TEST_STEP][PASSED] - click: Object: 'Object Repository/View_report/Drop_button_description_top' is clicked on

2018-03-29 09:17:54 - [MESSAGE][PASSED] - Object: 'Object Repository/View_report/Drop_button_description_top' is clicked on

2018-03-29 09:17:54 - [TEST_STEP][PASSED] - click: Object: 'Object Repository/View_report/buttons Submenu/Button_submenu_Description_top_summary' is clicked on

2018-03-29 09:17:54 - [MESSAGE][PASSED] - Object: 'Object Repository/View_report/buttons Submenu/Button_submenu_Description_top_summary' is clicked on

2018-03-29 09:17:54 - [TEST_STEP][PASSED] - delay: Delayed 1 second(s)

2018-03-29 09:17:55 - [MESSAGE][PASSED] - Delayed 1 second(s)

2018-03-29 09:17:55 - [TEST_STEP][PASSED] - scrollToElement: Scroll to object 'Object Repository/View_report/Buttons_footer/Button_Details_footer_navmenu' successfully

2018-03-29 09:17:55 - [MESSAGE][PASSED] - Scroll to object 'Object Repository/View_report/Buttons_footer/Button_Details_footer_navmenu' successfully

2018-03-29 09:17:55 - [TEST_STEP][PASSED] - delay: Delayed 1 second(s)

2018-03-29 09:17:56 - [MESSAGE][PASSED] - Delayed 1 second(s)

2018-03-29 09:17:56 - [TEST_STEP][PASSED] - click: Object: 'Object Repository/View_report/Buttons_footer/Button_Details_footer_navmenu' is clicked on

2018-03-29 09:17:57 - [MESSAGE][PASSED] - Object: 'Object Repository/View_report/Buttons_footer/Button_Details_footer_navmenu' is clicked on

2018-03-29 09:17:57 - [TEST_STEP][PASSED] - delay: Delayed 1 second(s)

2018-03-29 09:17:58 - [MESSAGE][PASSED] - Delayed 1 second(s)

2018-03-29 09:17:58 - [TEST_STEP][PASSED] - verifyElementPresent: Object 'Object Repository/View_report/buttons ver/ver_Details_is_loaded' is present

2018-03-29 09:17:59 - [MESSAGE][PASSED] - Object 'Object Repository/View_report/buttons ver/ver_Details_is_loaded' is present

2018-03-29 09:17:59 - [TEST_STEP][PASSED] - delay: Delayed 1 second(s)

2018-03-29 09:18:00 - [MESSAGE][PASSED] - Delayed 1 second(s)

2018-03-29 09:18:00 - [TEST_STEP][PASSED] - scrollToElement: Scroll to object 'Object Repository/View_report/Buttons_footer/Button_Home_footer_navmenu' successfully

2018-03-29 09:18:00 - [MESSAGE][PASSED] - Scroll to object 'Object Repository/View_report/Buttons_footer/Button_Home_footer_navmenu' successfully

2018-03-29 09:18:00 - [TEST_STEP][PASSED] - click: Object: 'Object Repository/View_report/Buttons_footer/Button_Files_footer_navmenu' is clicked on

2018-03-29 09:18:01 - [MESSAGE][PASSED] - Object: 'Object Repository/View_report/Buttons_footer/Button_Files_footer_navmenu' is clicked on

2018-03-29 09:18:01 - [TEST_STEP][PASSED] - verifyElementPresent: Object 'Object Repository/View_report/buttons ver/ver_File_is_loaded' is present

2018-03-29 09:18:01 - [MESSAGE][PASSED] - Object 'Object Repository/View_report/buttons ver/ver_File_is_loaded' is present

2018-03-29 09:18:01 - [TEST_STEP][PASSED] - delay: Delayed 2 second(s)

2018-03-29 09:18:03 - [MESSAGE][PASSED] - Delayed 2 second(s)

2018-03-29 09:18:03 - [TEST_STEP][PASSED] - scrollToElement: Scroll to object 'Object Repository/View_report/Buttons_footer/Button_Home_footer_navmenu' successfully

2018-03-29 09:18:03 - [MESSAGE][PASSED] - Scroll to object 'Object Repository/View_report/Buttons_footer/Button_Home_footer_navmenu' successfully

2018-03-29 09:18:03 - [TEST_STEP][PASSED] - click: Object: 'Object Repository/View_report/Buttons_footer/Button_Services_footer_navmenu' is clicked on

2018-03-29 09:18:07 - [MESSAGE][PASSED] - Object: 'Object Repository/View_report/Buttons_footer/Button_Services_footer_navmenu' is clicked on

2018-03-29 09:18:07 - [TEST_STEP][PASSED] - verifyElementPresent: Object 'Object Repository/View_report/buttons ver/ver_Services_is_loaded' is present

2018-03-29 09:18:07 - [MESSAGE][PASSED] - Object 'Object Repository/View_report/buttons ver/ver_Services_is_loaded' is present

2018-03-29 09:18:07 - [TEST_STEP][PASSED] - closeBrowser: Browser is closed

2018-03-29 09:18:07 - [MESSAGE][PASSED] - Browser is closed]]></system-out>
         <system-err><![CDATA[]]></system-err>
      </testcase>
      <system-out><![CDATA[2018-03-29 09:11:54 - [TEST_SUITE][PASSED] - Clicks_without_logging: Test Cases/Clicks_with_out_login/Clicks (View report) - without logging]]></system-out>
      <system-err><![CDATA[]]></system-err>
   </testsuite>
</testsuites>
