<?xml version="1.0" encoding="UTF-8"?>
<testsuites name="Language_test_cases" time="437" tests="8" failures="3" errors="0">
   <testsuite name="Language_test_cases" tests="8" failures="3" errors="0" time="437" timestamp="2018-03-29 15:42:06" hostname="user - BrainPc" id="Test Suites/Language_test_cases">
      <properties>
         <property name="deviceName" value=""/>
         <property name="devicePlatform" value=""/>
         <property name="logFolder" value="C:\\Users\\user\\Katalon Studio\\Route_report_WEB\\Reports\\Language_test_cases\\20180329_153550"/>
         <property name="logFiles" value="C:\\Users\\user\\Katalon Studio\\Route_report_WEB\\Reports\\Language_test_cases\\20180329_153550\\execution0.log"/>
         <property name="attachments" value="C:\\Users\\user\\Katalon Studio\\Route_report_WEB\\Reports\\Language_test_cases\\20180329_153550\\1522327551813.png, C:\\Users\\user\\Katalon Studio\\Route_report_WEB\\Reports\\Language_test_cases\\20180329_153550\\1522327552396.png, C:\\Users\\user\\Katalon Studio\\Route_report_WEB\\Reports\\Language_test_cases\\20180329_153550\\1522327601370.png, C:\\Users\\user\\Katalon Studio\\Route_report_WEB\\Reports\\Language_test_cases\\20180329_153550\\1522327710993.png"/>
         <property name="hostName" value="user - BrainPc"/>
         <property name="os" value="Windows 8.1 64bit"/>
         <property name="katalonVersion" value="5.3.1.1"/>
         <property name="browser" value="Chrome 65.0.3325.181"/>
         <property name="hostAddress" value="192.168.137.2"/>
         <property name="sessionId" value="d36017eaf67bf7ccf776107eda16fa32"/>
         <property name="seleniumVersion" value="3.7.1"/>
         <property name="proxyInformation" value="ProxyInformation{proxyOption=NO_PROXY, proxyServerType=HTTP, password=, proxyServerAddress=, proxyServerPort=0}"/>
         <property name="platform" value="Windows 8.1"/>
      </properties>
      <testcase name="Test Cases/Language_test_cases/Language_Change_About_Us" classname="Test Cases/Language_test_cases/Language_Change_About_Us" status="PASSED">
         <system-out><![CDATA[2018-03-29 15:42:06 - [TEST_CASE][PASSED] - Test Cases/Language_test_cases/Language_Change_About_Us: Test Cases/Language_test_cases/Language_Change_About_Us

2018-03-29 15:42:07 - [TEST_STEP][PASSED] - openBrowser: Browser is opened with url: ''

2018-03-29 15:42:10 - [MESSAGE][PASSED] - Browser is opened with url: ''

2018-03-29 15:42:10 - [TEST_STEP][PASSED] - navigateToUrl: Navigate to 'https://www.route-report.com/' successfully

2018-03-29 15:42:13 - [MESSAGE][PASSED] - Navigate to 'https://www.route-report.com/' successfully

2018-03-29 15:42:13 - [TEST_STEP][PASSED] - maximizeWindow: Current window maximized

2018-03-29 15:42:14 - [MESSAGE][PASSED] - Current window maximized

2018-03-29 15:42:14 - [TEST_STEP][PASSED] - click: Object: 'Object Repository/Header-Footer/Header buttons/Header_Button_About us' is clicked on

2018-03-29 15:42:15 - [MESSAGE][PASSED] - Object: 'Object Repository/Header-Footer/Header buttons/Header_Button_About us' is clicked on

2018-03-29 15:42:15 - [TEST_STEP][PASSED] - waitForElementPresent: Object 'Object Repository/Header-Footer/Ver_Buttons/ver_JOIN US NOW' is present

2018-03-29 15:42:15 - [MESSAGE][PASSED] - Object 'Object Repository/Header-Footer/Ver_Buttons/ver_JOIN US NOW' is present

2018-03-29 15:42:15 - [TEST_STEP][PASSED] - click: Object: 'Object Repository/Header-Footer/Header buttons/Language_Button_DE' is clicked on

2018-03-29 15:42:16 - [MESSAGE][PASSED] - Object: 'Object Repository/Header-Footer/Header buttons/Language_Button_DE' is clicked on

2018-03-29 15:42:16 - [TEST_STEP][PASSED] - verifyElementText: Actual text and expected text of test object 'Object Repository/Header-Footer/Header buttons/Header_Button_About us' are matched.

2018-03-29 15:42:16 - [MESSAGE][PASSED] - Actual text and expected text of test object 'Object Repository/Header-Footer/Header buttons/Header_Button_About us' are matched.

2018-03-29 15:42:16 - [TEST_STEP][PASSED] - click: Object: 'Object Repository/Header-Footer/Header buttons/Language_Button_RU' is clicked on

2018-03-29 15:42:17 - [MESSAGE][PASSED] - Object: 'Object Repository/Header-Footer/Header buttons/Language_Button_RU' is clicked on

2018-03-29 15:42:17 - [TEST_STEP][PASSED] - waitForElementPresent: Object 'Object Repository/Header-Footer/Header buttons/Header_Button_Create a report' is not present after 2 second(s)

2018-03-29 15:42:19 - [MESSAGE][WARNING] - Object 'Object Repository/Header-Footer/Header buttons/Header_Button_Create a report' is not present after 2 second(s)

2018-03-29 15:42:19 - [TEST_STEP][PASSED] - verifyElementText: Actual text and expected text of test object 'Object Repository/Header-Footer/Header buttons/Header_Button_About us' are matched.

2018-03-29 15:42:19 - [MESSAGE][PASSED] - Actual text and expected text of test object 'Object Repository/Header-Footer/Header buttons/Header_Button_About us' are matched.

2018-03-29 15:42:19 - [TEST_STEP][PASSED] - click: Object: 'Object Repository/Header-Footer/Header buttons/Language_Button_FR' is clicked on

2018-03-29 15:42:20 - [MESSAGE][PASSED] - Object: 'Object Repository/Header-Footer/Header buttons/Language_Button_FR' is clicked on

2018-03-29 15:42:20 - [TEST_STEP][PASSED] - waitForElementPresent: Object 'Object Repository/Header-Footer/Header buttons/Header_Button_Create a report' is not present after 2 second(s)

2018-03-29 15:42:22 - [MESSAGE][WARNING] - Object 'Object Repository/Header-Footer/Header buttons/Header_Button_Create a report' is not present after 2 second(s)

2018-03-29 15:42:22 - [TEST_STEP][PASSED] - verifyElementText: Actual text and expected text of test object 'Object Repository/Header-Footer/Header buttons/Header_Button_About us' are matched.

2018-03-29 15:42:22 - [MESSAGE][PASSED] - Actual text and expected text of test object 'Object Repository/Header-Footer/Header buttons/Header_Button_About us' are matched.

2018-03-29 15:42:22 - [TEST_STEP][PASSED] - click: Object: 'Object Repository/Header-Footer/Header buttons/Language_Button_ES' is clicked on

2018-03-29 15:42:22 - [MESSAGE][PASSED] - Object: 'Object Repository/Header-Footer/Header buttons/Language_Button_ES' is clicked on

2018-03-29 15:42:22 - [TEST_STEP][PASSED] - waitForElementPresent: Object 'Object Repository/Header-Footer/Header buttons/Header_Button_Create a report' is not present after 2 second(s)

2018-03-29 15:42:24 - [MESSAGE][WARNING] - Object 'Object Repository/Header-Footer/Header buttons/Header_Button_Create a report' is not present after 2 second(s)

2018-03-29 15:42:24 - [TEST_STEP][PASSED] - verifyElementText: Actual text and expected text of test object 'Object Repository/Header-Footer/Header buttons/Header_Button_About us' are matched.

2018-03-29 15:42:25 - [MESSAGE][PASSED] - Actual text and expected text of test object 'Object Repository/Header-Footer/Header buttons/Header_Button_About us' are matched.

2018-03-29 15:42:25 - [TEST_STEP][PASSED] - click: Object: 'Object Repository/Header-Footer/Header buttons/Language_Button_IT' is clicked on

2018-03-29 15:42:26 - [MESSAGE][PASSED] - Object: 'Object Repository/Header-Footer/Header buttons/Language_Button_IT' is clicked on

2018-03-29 15:42:26 - [TEST_STEP][PASSED] - waitForElementPresent: Object 'Object Repository/Header-Footer/Header buttons/Header_Button_Create a report' is not present after 2 second(s)

2018-03-29 15:42:28 - [MESSAGE][WARNING] - Object 'Object Repository/Header-Footer/Header buttons/Header_Button_Create a report' is not present after 2 second(s)

2018-03-29 15:42:28 - [TEST_STEP][PASSED] - verifyElementText: Actual text and expected text of test object 'Object Repository/Header-Footer/Header buttons/Header_Button_About us' are matched.

2018-03-29 15:42:28 - [MESSAGE][PASSED] - Actual text and expected text of test object 'Object Repository/Header-Footer/Header buttons/Header_Button_About us' are matched.

2018-03-29 15:42:28 - [TEST_STEP][PASSED] - click: Object: 'Object Repository/Header-Footer/Header buttons/Language_Button_PL' is clicked on

2018-03-29 15:42:28 - [MESSAGE][PASSED] - Object: 'Object Repository/Header-Footer/Header buttons/Language_Button_PL' is clicked on

2018-03-29 15:42:28 - [TEST_STEP][PASSED] - waitForElementPresent: Object 'Object Repository/Header-Footer/Header buttons/Header_Button_Create a report' is not present after 2 second(s)

2018-03-29 15:42:31 - [MESSAGE][WARNING] - Object 'Object Repository/Header-Footer/Header buttons/Header_Button_Create a report' is not present after 2 second(s)

2018-03-29 15:42:31 - [TEST_STEP][PASSED] - verifyElementText: Actual text and expected text of test object 'Object Repository/Header-Footer/Header buttons/Header_Button_About us' are matched.

2018-03-29 15:42:31 - [MESSAGE][PASSED] - Actual text and expected text of test object 'Object Repository/Header-Footer/Header buttons/Header_Button_About us' are matched.

2018-03-29 15:42:31 - [TEST_STEP][PASSED] - click: Object: 'Object Repository/Header-Footer/Header buttons/Language_Button_EN' is clicked on

2018-03-29 15:42:31 - [MESSAGE][PASSED] - Object: 'Object Repository/Header-Footer/Header buttons/Language_Button_EN' is clicked on

2018-03-29 15:42:31 - [TEST_STEP][PASSED] - waitForElementPresent: Object 'Object Repository/Header-Footer/Header buttons/Header_Button_Create a report' is present

2018-03-29 15:42:31 - [MESSAGE][PASSED] - Object 'Object Repository/Header-Footer/Header buttons/Header_Button_Create a report' is present

2018-03-29 15:42:31 - [TEST_STEP][PASSED] - verifyElementText: Actual text and expected text of test object 'Object Repository/Header-Footer/Header buttons/Header_Button_About us' are matched.

2018-03-29 15:42:31 - [MESSAGE][PASSED] - Actual text and expected text of test object 'Object Repository/Header-Footer/Header buttons/Header_Button_About us' are matched.

2018-03-29 15:42:31 - [TEST_STEP][PASSED] - closeBrowser: Browser is closed

2018-03-29 15:42:32 - [MESSAGE][PASSED] - Browser is closed]]></system-out>
         <system-err><![CDATA[]]></system-err>
      </testcase>
      <testcase name="Test Cases/Language_test_cases/Language_Change_Authors" classname="Test Cases/Language_test_cases/Language_Change_Authors" status="PASSED">
         <system-out><![CDATA[2018-03-29 15:42:32 - [TEST_CASE][PASSED] - Test Cases/Language_test_cases/Language_Change_Authors: Test Cases/Language_test_cases/Language_Change_Authors

2018-03-29 15:42:32 - [TEST_STEP][PASSED] - openBrowser: Browser is opened with url: ''

2018-03-29 15:42:34 - [MESSAGE][PASSED] - Browser is opened with url: ''

2018-03-29 15:42:34 - [TEST_STEP][PASSED] - navigateToUrl: Navigate to 'https://www.route-report.com/' successfully

2018-03-29 15:42:37 - [MESSAGE][PASSED] - Navigate to 'https://www.route-report.com/' successfully

2018-03-29 15:42:37 - [TEST_STEP][PASSED] - maximizeWindow: Current window maximized

2018-03-29 15:42:38 - [MESSAGE][PASSED] - Current window maximized

2018-03-29 15:42:38 - [TEST_STEP][PASSED] - click: Object: 'Object Repository/Header-Footer/Header buttons/Header_Button__Authors' is clicked on

2018-03-29 15:42:41 - [MESSAGE][PASSED] - Object: 'Object Repository/Header-Footer/Header buttons/Header_Button__Authors' is clicked on

2018-03-29 15:42:41 - [TEST_STEP][PASSED] - waitForElementPresent: Object 'Object Repository/Header-Footer/Ver_Buttons/ver_block_TOP AUTHORS' is present

2018-03-29 15:42:41 - [MESSAGE][PASSED] - Object 'Object Repository/Header-Footer/Ver_Buttons/ver_block_TOP AUTHORS' is present

2018-03-29 15:42:41 - [TEST_STEP][PASSED] - delay: Delayed 4 second(s)

2018-03-29 15:42:45 - [MESSAGE][PASSED] - Delayed 4 second(s)

2018-03-29 15:42:45 - [TEST_STEP][PASSED] - click: Object: 'Object Repository/Header-Footer/Header buttons/Language_Button_DE' is clicked on

2018-03-29 15:42:54 - [MESSAGE][PASSED] - Object: 'Object Repository/Header-Footer/Header buttons/Language_Button_DE' is clicked on

2018-03-29 15:42:54 - [TEST_STEP][PASSED] - waitForElementPresent: Object 'Object Repository/Header-Footer/Header buttons/Header_Button_Create a report' is not present after 2 second(s)

2018-03-29 15:42:56 - [MESSAGE][WARNING] - Object 'Object Repository/Header-Footer/Header buttons/Header_Button_Create a report' is not present after 2 second(s)

2018-03-29 15:42:56 - [TEST_STEP][PASSED] - verifyElementText: Actual text and expected text of test object 'Object Repository/Header-Footer/Header buttons/Header_Button_About us' are matched.

2018-03-29 15:42:56 - [MESSAGE][PASSED] - Actual text and expected text of test object 'Object Repository/Header-Footer/Header buttons/Header_Button_About us' are matched.

2018-03-29 15:42:56 - [TEST_STEP][PASSED] - click: Object: 'Object Repository/Header-Footer/Header buttons/Language_Button_RU' is clicked on

2018-03-29 15:43:05 - [MESSAGE][PASSED] - Object: 'Object Repository/Header-Footer/Header buttons/Language_Button_RU' is clicked on

2018-03-29 15:43:05 - [TEST_STEP][PASSED] - waitForElementPresent: Object 'Object Repository/Header-Footer/Header buttons/Header_Button_Create a report' is not present after 2 second(s)

2018-03-29 15:43:07 - [MESSAGE][WARNING] - Object 'Object Repository/Header-Footer/Header buttons/Header_Button_Create a report' is not present after 2 second(s)

2018-03-29 15:43:07 - [TEST_STEP][PASSED] - verifyElementText: Actual text and expected text of test object 'Object Repository/Header-Footer/Header buttons/Header_Button_About us' are matched.

2018-03-29 15:43:07 - [MESSAGE][PASSED] - Actual text and expected text of test object 'Object Repository/Header-Footer/Header buttons/Header_Button_About us' are matched.

2018-03-29 15:43:07 - [TEST_STEP][PASSED] - click: Object: 'Object Repository/Header-Footer/Header buttons/Language_Button_FR' is clicked on

2018-03-29 15:43:16 - [MESSAGE][PASSED] - Object: 'Object Repository/Header-Footer/Header buttons/Language_Button_FR' is clicked on

2018-03-29 15:43:16 - [TEST_STEP][PASSED] - waitForElementPresent: Object 'Object Repository/Header-Footer/Header buttons/Header_Button_Create a report' is not present after 3 second(s)

2018-03-29 15:43:19 - [MESSAGE][WARNING] - Object 'Object Repository/Header-Footer/Header buttons/Header_Button_Create a report' is not present after 3 second(s)

2018-03-29 15:43:19 - [TEST_STEP][PASSED] - verifyElementText: Actual text and expected text of test object 'Object Repository/Header-Footer/Header buttons/Header_Button_About us' are matched.

2018-03-29 15:43:19 - [MESSAGE][PASSED] - Actual text and expected text of test object 'Object Repository/Header-Footer/Header buttons/Header_Button_About us' are matched.

2018-03-29 15:43:19 - [TEST_STEP][PASSED] - click: Object: 'Object Repository/Header-Footer/Header buttons/Language_Button_ES' is clicked on

2018-03-29 15:43:28 - [MESSAGE][PASSED] - Object: 'Object Repository/Header-Footer/Header buttons/Language_Button_ES' is clicked on

2018-03-29 15:43:28 - [TEST_STEP][PASSED] - waitForElementPresent: Object 'Object Repository/Header-Footer/Header buttons/Header_Button_Create a report' is not present after 3 second(s)

2018-03-29 15:43:31 - [MESSAGE][WARNING] - Object 'Object Repository/Header-Footer/Header buttons/Header_Button_Create a report' is not present after 3 second(s)

2018-03-29 15:43:31 - [TEST_STEP][PASSED] - verifyElementText: Actual text and expected text of test object 'Object Repository/Header-Footer/Header buttons/Header_Button_About us' are matched.

2018-03-29 15:43:32 - [MESSAGE][PASSED] - Actual text and expected text of test object 'Object Repository/Header-Footer/Header buttons/Header_Button_About us' are matched.

2018-03-29 15:43:32 - [TEST_STEP][PASSED] - click: Object: 'Object Repository/Header-Footer/Header buttons/Language_Button_IT' is clicked on

2018-03-29 15:43:40 - [MESSAGE][PASSED] - Object: 'Object Repository/Header-Footer/Header buttons/Language_Button_IT' is clicked on

2018-03-29 15:43:40 - [TEST_STEP][PASSED] - waitForElementPresent: Object 'Object Repository/Header-Footer/Header buttons/Header_Button_Create a report' is not present after 2 second(s)

2018-03-29 15:43:42 - [MESSAGE][WARNING] - Object 'Object Repository/Header-Footer/Header buttons/Header_Button_Create a report' is not present after 2 second(s)

2018-03-29 15:43:42 - [TEST_STEP][PASSED] - verifyElementText: Actual text and expected text of test object 'Object Repository/Header-Footer/Header buttons/Header_Button_About us' are matched.

2018-03-29 15:43:42 - [MESSAGE][PASSED] - Actual text and expected text of test object 'Object Repository/Header-Footer/Header buttons/Header_Button_About us' are matched.

2018-03-29 15:43:42 - [TEST_STEP][PASSED] - click: Object: 'Object Repository/Header-Footer/Header buttons/Language_Button_PL' is clicked on

2018-03-29 15:43:52 - [MESSAGE][PASSED] - Object: 'Object Repository/Header-Footer/Header buttons/Language_Button_PL' is clicked on

2018-03-29 15:43:52 - [TEST_STEP][PASSED] - waitForElementPresent: Object 'Object Repository/Header-Footer/Header buttons/Header_Button_Create a report' is not present after 2 second(s)

2018-03-29 15:43:54 - [MESSAGE][WARNING] - Object 'Object Repository/Header-Footer/Header buttons/Header_Button_Create a report' is not present after 2 second(s)

2018-03-29 15:43:54 - [TEST_STEP][PASSED] - verifyElementText: Actual text and expected text of test object 'Object Repository/Header-Footer/Header buttons/Header_Button_About us' are matched.

2018-03-29 15:43:54 - [MESSAGE][PASSED] - Actual text and expected text of test object 'Object Repository/Header-Footer/Header buttons/Header_Button_About us' are matched.

2018-03-29 15:43:54 - [TEST_STEP][PASSED] - click: Object: 'Object Repository/Header-Footer/Header buttons/Language_Button_EN' is clicked on

2018-03-29 15:44:04 - [MESSAGE][PASSED] - Object: 'Object Repository/Header-Footer/Header buttons/Language_Button_EN' is clicked on

2018-03-29 15:44:04 - [TEST_STEP][PASSED] - waitForElementPresent: Object 'Object Repository/Header-Footer/Header buttons/Header_Button_Create a report' is present

2018-03-29 15:44:04 - [MESSAGE][PASSED] - Object 'Object Repository/Header-Footer/Header buttons/Header_Button_Create a report' is present

2018-03-29 15:44:04 - [TEST_STEP][PASSED] - verifyElementText: Actual text and expected text of test object 'Object Repository/Header-Footer/Header buttons/Header_Button_About us' are matched.

2018-03-29 15:44:04 - [MESSAGE][PASSED] - Actual text and expected text of test object 'Object Repository/Header-Footer/Header buttons/Header_Button_About us' are matched.

2018-03-29 15:44:04 - [TEST_STEP][PASSED] - closeBrowser: Browser is closed

2018-03-29 15:44:05 - [MESSAGE][PASSED] - Browser is closed]]></system-out>
         <system-err><![CDATA[]]></system-err>
      </testcase>
      <testcase name="Test Cases/Language_test_cases/Language_Change_Contacts_Us" classname="Test Cases/Language_test_cases/Language_Change_Contacts_Us" status="PASSED">
         <system-out><![CDATA[2018-03-29 15:44:05 - [TEST_CASE][PASSED] - Test Cases/Language_test_cases/Language_Change_Contacts_Us: Test Cases/Language_test_cases/Language_Change_Contacts_Us

2018-03-29 15:44:05 - [TEST_STEP][PASSED] - openBrowser: Browser is opened with url: ''

2018-03-29 15:44:07 - [MESSAGE][PASSED] - Browser is opened with url: ''

2018-03-29 15:44:07 - [TEST_STEP][PASSED] - navigateToUrl: Navigate to 'https://www.route-report.com/' successfully

2018-03-29 15:44:12 - [MESSAGE][PASSED] - Navigate to 'https://www.route-report.com/' successfully

2018-03-29 15:44:12 - [TEST_STEP][PASSED] - maximizeWindow: Current window maximized

2018-03-29 15:44:13 - [MESSAGE][PASSED] - Current window maximized

2018-03-29 15:44:13 - [TEST_STEP][PASSED] - click: Object: 'Object Repository/Header-Footer/Header buttons/Header_Button_Contact us' is clicked on

2018-03-29 15:44:14 - [MESSAGE][PASSED] - Object: 'Object Repository/Header-Footer/Header buttons/Header_Button_Contact us' is clicked on

2018-03-29 15:44:14 - [TEST_STEP][PASSED] - waitForElementPresent: Object 'Object Repository/Header-Footer/Ver_Buttons/ver_Contact form' is present

2018-03-29 15:44:14 - [MESSAGE][PASSED] - Object 'Object Repository/Header-Footer/Ver_Buttons/ver_Contact form' is present

2018-03-29 15:44:14 - [TEST_STEP][PASSED] - click: Object: 'Object Repository/Header-Footer/Header buttons/Language_Button_DE' is clicked on

2018-03-29 15:44:15 - [MESSAGE][PASSED] - Object: 'Object Repository/Header-Footer/Header buttons/Language_Button_DE' is clicked on

2018-03-29 15:44:15 - [TEST_STEP][PASSED] - waitForElementPresent: Object 'Object Repository/Header-Footer/Header buttons/Header_Button_Create a report' is not present after 2 second(s)

2018-03-29 15:44:17 - [MESSAGE][WARNING] - Object 'Object Repository/Header-Footer/Header buttons/Header_Button_Create a report' is not present after 2 second(s)

2018-03-29 15:44:17 - [TEST_STEP][PASSED] - verifyElementText: Actual text and expected text of test object 'Object Repository/Header-Footer/Header buttons/Header_Button_About us' are matched.

2018-03-29 15:44:17 - [MESSAGE][PASSED] - Actual text and expected text of test object 'Object Repository/Header-Footer/Header buttons/Header_Button_About us' are matched.

2018-03-29 15:44:17 - [TEST_STEP][PASSED] - click: Object: 'Object Repository/Header-Footer/Header buttons/Language_Button_RU' is clicked on

2018-03-29 15:44:17 - [MESSAGE][PASSED] - Object: 'Object Repository/Header-Footer/Header buttons/Language_Button_RU' is clicked on

2018-03-29 15:44:17 - [TEST_STEP][PASSED] - waitForElementPresent: Object 'Object Repository/Header-Footer/Header buttons/Header_Button_Create a report' is not present after 2 second(s)

2018-03-29 15:44:19 - [MESSAGE][WARNING] - Object 'Object Repository/Header-Footer/Header buttons/Header_Button_Create a report' is not present after 2 second(s)

2018-03-29 15:44:19 - [TEST_STEP][PASSED] - verifyElementText: Actual text and expected text of test object 'Object Repository/Header-Footer/Header buttons/Header_Button_About us' are matched.

2018-03-29 15:44:20 - [MESSAGE][PASSED] - Actual text and expected text of test object 'Object Repository/Header-Footer/Header buttons/Header_Button_About us' are matched.

2018-03-29 15:44:20 - [TEST_STEP][PASSED] - click: Object: 'Object Repository/Header-Footer/Header buttons/Language_Button_FR' is clicked on

2018-03-29 15:44:20 - [MESSAGE][PASSED] - Object: 'Object Repository/Header-Footer/Header buttons/Language_Button_FR' is clicked on

2018-03-29 15:44:20 - [TEST_STEP][PASSED] - waitForElementPresent: Object 'Object Repository/Header-Footer/Header buttons/Header_Button_Create a report' is not present after 2 second(s)

2018-03-29 15:44:23 - [MESSAGE][WARNING] - Object 'Object Repository/Header-Footer/Header buttons/Header_Button_Create a report' is not present after 2 second(s)

2018-03-29 15:44:23 - [TEST_STEP][PASSED] - verifyElementText: Actual text and expected text of test object 'Object Repository/Header-Footer/Header buttons/Header_Button_About us' are matched.

2018-03-29 15:44:23 - [MESSAGE][PASSED] - Actual text and expected text of test object 'Object Repository/Header-Footer/Header buttons/Header_Button_About us' are matched.

2018-03-29 15:44:23 - [TEST_STEP][PASSED] - click: Object: 'Object Repository/Header-Footer/Header buttons/Language_Button_ES' is clicked on

2018-03-29 15:44:24 - [MESSAGE][PASSED] - Object: 'Object Repository/Header-Footer/Header buttons/Language_Button_ES' is clicked on

2018-03-29 15:44:24 - [TEST_STEP][PASSED] - waitForElementPresent: Object 'Object Repository/Header-Footer/Header buttons/Header_Button_Create a report' is not present after 2 second(s)

2018-03-29 15:44:26 - [MESSAGE][WARNING] - Object 'Object Repository/Header-Footer/Header buttons/Header_Button_Create a report' is not present after 2 second(s)

2018-03-29 15:44:26 - [TEST_STEP][PASSED] - verifyElementText: Actual text and expected text of test object 'Object Repository/Header-Footer/Header buttons/Header_Button_About us' are matched.

2018-03-29 15:44:26 - [MESSAGE][PASSED] - Actual text and expected text of test object 'Object Repository/Header-Footer/Header buttons/Header_Button_About us' are matched.

2018-03-29 15:44:26 - [TEST_STEP][PASSED] - click: Object: 'Object Repository/Header-Footer/Header buttons/Language_Button_IT' is clicked on

2018-03-29 15:44:26 - [MESSAGE][PASSED] - Object: 'Object Repository/Header-Footer/Header buttons/Language_Button_IT' is clicked on

2018-03-29 15:44:26 - [TEST_STEP][PASSED] - waitForElementPresent: Object 'Object Repository/Header-Footer/Header buttons/Header_Button_Create a report' is not present after 2 second(s)

2018-03-29 15:44:28 - [MESSAGE][WARNING] - Object 'Object Repository/Header-Footer/Header buttons/Header_Button_Create a report' is not present after 2 second(s)

2018-03-29 15:44:28 - [TEST_STEP][PASSED] - verifyElementText: Actual text and expected text of test object 'Object Repository/Header-Footer/Header buttons/Header_Button_About us' are matched.

2018-03-29 15:44:29 - [MESSAGE][PASSED] - Actual text and expected text of test object 'Object Repository/Header-Footer/Header buttons/Header_Button_About us' are matched.

2018-03-29 15:44:29 - [TEST_STEP][PASSED] - click: Object: 'Object Repository/Header-Footer/Header buttons/Language_Button_PL' is clicked on

2018-03-29 15:44:29 - [MESSAGE][PASSED] - Object: 'Object Repository/Header-Footer/Header buttons/Language_Button_PL' is clicked on

2018-03-29 15:44:29 - [TEST_STEP][PASSED] - waitForElementPresent: Object 'Object Repository/Header-Footer/Header buttons/Header_Button_Create a report' is not present after 2 second(s)

2018-03-29 15:44:31 - [MESSAGE][WARNING] - Object 'Object Repository/Header-Footer/Header buttons/Header_Button_Create a report' is not present after 2 second(s)

2018-03-29 15:44:31 - [TEST_STEP][PASSED] - verifyElementText: Actual text and expected text of test object 'Object Repository/Header-Footer/Header buttons/Header_Button_About us' are matched.

2018-03-29 15:44:31 - [MESSAGE][PASSED] - Actual text and expected text of test object 'Object Repository/Header-Footer/Header buttons/Header_Button_About us' are matched.

2018-03-29 15:44:31 - [TEST_STEP][PASSED] - click: Object: 'Object Repository/Header-Footer/Header buttons/Language_Button_EN' is clicked on

2018-03-29 15:44:32 - [MESSAGE][PASSED] - Object: 'Object Repository/Header-Footer/Header buttons/Language_Button_EN' is clicked on

2018-03-29 15:44:32 - [TEST_STEP][PASSED] - waitForElementPresent: Object 'Object Repository/Header-Footer/Header buttons/Header_Button_Create a report' is present

2018-03-29 15:44:33 - [MESSAGE][PASSED] - Object 'Object Repository/Header-Footer/Header buttons/Header_Button_Create a report' is present

2018-03-29 15:44:33 - [TEST_STEP][PASSED] - verifyElementText: Actual text and expected text of test object 'Object Repository/Header-Footer/Header buttons/Header_Button_About us' are matched.

2018-03-29 15:44:33 - [MESSAGE][PASSED] - Actual text and expected text of test object 'Object Repository/Header-Footer/Header buttons/Header_Button_About us' are matched.

2018-03-29 15:44:33 - [TEST_STEP][PASSED] - closeBrowser: Browser is closed

2018-03-29 15:44:33 - [MESSAGE][PASSED] - Browser is closed]]></system-out>
         <system-err><![CDATA[]]></system-err>
      </testcase>
      <testcase name="Test Cases/Language_test_cases/Language_Change_FAQ" classname="Test Cases/Language_test_cases/Language_Change_FAQ" status="PASSED">
         <system-out><![CDATA[2018-03-29 15:44:33 - [TEST_CASE][PASSED] - Test Cases/Language_test_cases/Language_Change_FAQ: Test Cases/Language_test_cases/Language_Change_FAQ

2018-03-29 15:44:33 - [TEST_STEP][PASSED] - openBrowser: Browser is opened with url: ''

2018-03-29 15:44:35 - [MESSAGE][PASSED] - Browser is opened with url: ''

2018-03-29 15:44:35 - [TEST_STEP][PASSED] - navigateToUrl: Navigate to 'https://www.route-report.com/' successfully

2018-03-29 15:44:38 - [MESSAGE][PASSED] - Navigate to 'https://www.route-report.com/' successfully

2018-03-29 15:44:38 - [TEST_STEP][PASSED] - maximizeWindow: Current window maximized

2018-03-29 15:44:39 - [MESSAGE][PASSED] - Current window maximized

2018-03-29 15:44:39 - [TEST_STEP][PASSED] - click: Object: 'Object Repository/Header-Footer/Header buttons/Header_Button_FAQ' is clicked on

2018-03-29 15:44:40 - [MESSAGE][PASSED] - Object: 'Object Repository/Header-Footer/Header buttons/Header_Button_FAQ' is clicked on

2018-03-29 15:44:40 - [TEST_STEP][PASSED] - waitForElementPresent: Object 'Object Repository/Header-Footer/Ver_Buttons/ver_FAQ' is present

2018-03-29 15:44:40 - [MESSAGE][PASSED] - Object 'Object Repository/Header-Footer/Ver_Buttons/ver_FAQ' is present

2018-03-29 15:44:40 - [TEST_STEP][PASSED] - click: Object: 'Object Repository/Header-Footer/Header buttons/Language_Button_DE' is clicked on

2018-03-29 15:44:41 - [MESSAGE][PASSED] - Object: 'Object Repository/Header-Footer/Header buttons/Language_Button_DE' is clicked on

2018-03-29 15:44:41 - [TEST_STEP][PASSED] - waitForElementPresent: Object 'Object Repository/Header-Footer/Header buttons/Header_Button_Create a report' is not present after 2 second(s)

2018-03-29 15:44:43 - [MESSAGE][WARNING] - Object 'Object Repository/Header-Footer/Header buttons/Header_Button_Create a report' is not present after 2 second(s)

2018-03-29 15:44:43 - [TEST_STEP][PASSED] - verifyElementText: Actual text and expected text of test object 'Object Repository/Header-Footer/Header buttons/Header_Button_About us' are matched.

2018-03-29 15:44:43 - [MESSAGE][PASSED] - Actual text and expected text of test object 'Object Repository/Header-Footer/Header buttons/Header_Button_About us' are matched.

2018-03-29 15:44:43 - [TEST_STEP][PASSED] - click: Object: 'Object Repository/Header-Footer/Header buttons/Language_Button_RU' is clicked on

2018-03-29 15:44:44 - [MESSAGE][PASSED] - Object: 'Object Repository/Header-Footer/Header buttons/Language_Button_RU' is clicked on

2018-03-29 15:44:44 - [TEST_STEP][PASSED] - waitForElementPresent: Object 'Object Repository/Header-Footer/Header buttons/Header_Button_Create a report' is not present after 2 second(s)

2018-03-29 15:44:46 - [MESSAGE][WARNING] - Object 'Object Repository/Header-Footer/Header buttons/Header_Button_Create a report' is not present after 2 second(s)

2018-03-29 15:44:46 - [TEST_STEP][PASSED] - verifyElementText: Actual text and expected text of test object 'Object Repository/Header-Footer/Header buttons/Header_Button_About us' are matched.

2018-03-29 15:44:46 - [MESSAGE][PASSED] - Actual text and expected text of test object 'Object Repository/Header-Footer/Header buttons/Header_Button_About us' are matched.

2018-03-29 15:44:46 - [TEST_STEP][PASSED] - click: Object: 'Object Repository/Header-Footer/Header buttons/Language_Button_FR' is clicked on

2018-03-29 15:44:47 - [MESSAGE][PASSED] - Object: 'Object Repository/Header-Footer/Header buttons/Language_Button_FR' is clicked on

2018-03-29 15:44:47 - [TEST_STEP][PASSED] - waitForElementPresent: Object 'Object Repository/Header-Footer/Header buttons/Header_Button_Create a report' is not present after 2 second(s)

2018-03-29 15:44:49 - [MESSAGE][WARNING] - Object 'Object Repository/Header-Footer/Header buttons/Header_Button_Create a report' is not present after 2 second(s)

2018-03-29 15:44:49 - [TEST_STEP][PASSED] - verifyElementText: Actual text and expected text of test object 'Object Repository/Header-Footer/Header buttons/Header_Button_About us' are matched.

2018-03-29 15:44:49 - [MESSAGE][PASSED] - Actual text and expected text of test object 'Object Repository/Header-Footer/Header buttons/Header_Button_About us' are matched.

2018-03-29 15:44:49 - [TEST_STEP][PASSED] - click: Object: 'Object Repository/Header-Footer/Header buttons/Language_Button_ES' is clicked on

2018-03-29 15:44:50 - [MESSAGE][PASSED] - Object: 'Object Repository/Header-Footer/Header buttons/Language_Button_ES' is clicked on

2018-03-29 15:44:50 - [TEST_STEP][PASSED] - waitForElementPresent: Object 'Object Repository/Header-Footer/Header buttons/Header_Button_Create a report' is not present after 2 second(s)

2018-03-29 15:44:52 - [MESSAGE][WARNING] - Object 'Object Repository/Header-Footer/Header buttons/Header_Button_Create a report' is not present after 2 second(s)

2018-03-29 15:44:52 - [TEST_STEP][PASSED] - verifyElementText: Actual text and expected text of test object 'Object Repository/Header-Footer/Header buttons/Header_Button_About us' are matched.

2018-03-29 15:44:52 - [MESSAGE][PASSED] - Actual text and expected text of test object 'Object Repository/Header-Footer/Header buttons/Header_Button_About us' are matched.

2018-03-29 15:44:52 - [TEST_STEP][PASSED] - click: Object: 'Object Repository/Header-Footer/Header buttons/Language_Button_IT' is clicked on

2018-03-29 15:44:53 - [MESSAGE][PASSED] - Object: 'Object Repository/Header-Footer/Header buttons/Language_Button_IT' is clicked on

2018-03-29 15:44:53 - [TEST_STEP][PASSED] - waitForElementPresent: Object 'Object Repository/Header-Footer/Header buttons/Header_Button_Create a report' is not present after 2 second(s)

2018-03-29 15:44:55 - [MESSAGE][WARNING] - Object 'Object Repository/Header-Footer/Header buttons/Header_Button_Create a report' is not present after 2 second(s)

2018-03-29 15:44:55 - [TEST_STEP][PASSED] - verifyElementText: Actual text and expected text of test object 'Object Repository/Header-Footer/Header buttons/Header_Button_About us' are matched.

2018-03-29 15:44:55 - [MESSAGE][PASSED] - Actual text and expected text of test object 'Object Repository/Header-Footer/Header buttons/Header_Button_About us' are matched.

2018-03-29 15:44:55 - [TEST_STEP][PASSED] - click: Object: 'Object Repository/Header-Footer/Header buttons/Language_Button_PL' is clicked on

2018-03-29 15:44:56 - [MESSAGE][PASSED] - Object: 'Object Repository/Header-Footer/Header buttons/Language_Button_PL' is clicked on

2018-03-29 15:44:56 - [TEST_STEP][PASSED] - waitForElementPresent: Object 'Object Repository/Header-Footer/Header buttons/Header_Button_Create a report' is not present after 2 second(s)

2018-03-29 15:44:58 - [MESSAGE][WARNING] - Object 'Object Repository/Header-Footer/Header buttons/Header_Button_Create a report' is not present after 2 second(s)

2018-03-29 15:44:58 - [TEST_STEP][PASSED] - verifyElementText: Actual text and expected text of test object 'Object Repository/Header-Footer/Header buttons/Header_Button_About us' are matched.

2018-03-29 15:44:58 - [MESSAGE][PASSED] - Actual text and expected text of test object 'Object Repository/Header-Footer/Header buttons/Header_Button_About us' are matched.

2018-03-29 15:44:58 - [TEST_STEP][PASSED] - click: Object: 'Object Repository/Header-Footer/Header buttons/Language_Button_EN' is clicked on

2018-03-29 15:44:59 - [MESSAGE][PASSED] - Object: 'Object Repository/Header-Footer/Header buttons/Language_Button_EN' is clicked on

2018-03-29 15:44:59 - [TEST_STEP][PASSED] - waitForElementPresent: Object 'Object Repository/Header-Footer/Header buttons/Header_Button_Create a report' is present

2018-03-29 15:44:59 - [MESSAGE][PASSED] - Object 'Object Repository/Header-Footer/Header buttons/Header_Button_Create a report' is present

2018-03-29 15:44:59 - [TEST_STEP][PASSED] - verifyElementText: Actual text and expected text of test object 'Object Repository/Header-Footer/Header buttons/Header_Button_About us' are matched.

2018-03-29 15:44:59 - [MESSAGE][PASSED] - Actual text and expected text of test object 'Object Repository/Header-Footer/Header buttons/Header_Button_About us' are matched.

2018-03-29 15:44:59 - [TEST_STEP][PASSED] - closeBrowser: Browser is closed

2018-03-29 15:44:59 - [MESSAGE][PASSED] - Browser is closed]]></system-out>
         <system-err><![CDATA[]]></system-err>
      </testcase>
      <testcase name="Test Cases/Language_test_cases/Language_Change_Manual" classname="Test Cases/Language_test_cases/Language_Change_Manual" status="PASSED">
         <system-out><![CDATA[2018-03-29 15:44:59 - [TEST_CASE][PASSED] - Test Cases/Language_test_cases/Language_Change_Manual: Test Cases/Language_test_cases/Language_Change_Manual

2018-03-29 15:45:00 - [TEST_STEP][PASSED] - openBrowser: Browser is opened with url: ''

2018-03-29 15:45:02 - [MESSAGE][PASSED] - Browser is opened with url: ''

2018-03-29 15:45:02 - [TEST_STEP][PASSED] - navigateToUrl: Navigate to 'https://www.route-report.com/' successfully

2018-03-29 15:45:04 - [MESSAGE][PASSED] - Navigate to 'https://www.route-report.com/' successfully

2018-03-29 15:45:04 - [TEST_STEP][PASSED] - maximizeWindow: Current window maximized

2018-03-29 15:45:06 - [MESSAGE][PASSED] - Current window maximized

2018-03-29 15:45:06 - [TEST_STEP][PASSED] - click: Object: 'Object Repository/Header-Footer/Header buttons/Header_Button_User Manual' is clicked on

2018-03-29 15:45:07 - [MESSAGE][PASSED] - Object: 'Object Repository/Header-Footer/Header buttons/Header_Button_User Manual' is clicked on

2018-03-29 15:45:07 - [TEST_STEP][PASSED] - waitForElementPresent: Object 'Object Repository/Header-Footer/Ver_Buttons/ver_Users Manual' is present

2018-03-29 15:45:07 - [MESSAGE][PASSED] - Object 'Object Repository/Header-Footer/Ver_Buttons/ver_Users Manual' is present

2018-03-29 15:45:07 - [TEST_STEP][PASSED] - click: Object: 'Object Repository/Header-Footer/Header buttons/Language_Button_DE' is clicked on

2018-03-29 15:45:08 - [MESSAGE][PASSED] - Object: 'Object Repository/Header-Footer/Header buttons/Language_Button_DE' is clicked on

2018-03-29 15:45:08 - [TEST_STEP][PASSED] - waitForElementPresent: Object 'Object Repository/Header-Footer/Header buttons/Header_Button_Create a report' is not present after 2 second(s)

2018-03-29 15:45:10 - [MESSAGE][WARNING] - Object 'Object Repository/Header-Footer/Header buttons/Header_Button_Create a report' is not present after 2 second(s)

2018-03-29 15:45:10 - [TEST_STEP][PASSED] - verifyElementText: Actual text and expected text of test object 'Object Repository/Header-Footer/Header buttons/Header_Button_About us' are matched.

2018-03-29 15:45:10 - [MESSAGE][PASSED] - Actual text and expected text of test object 'Object Repository/Header-Footer/Header buttons/Header_Button_About us' are matched.

2018-03-29 15:45:10 - [TEST_STEP][PASSED] - click: Object: 'Object Repository/Header-Footer/Header buttons/Language_Button_RU' is clicked on

2018-03-29 15:45:11 - [MESSAGE][PASSED] - Object: 'Object Repository/Header-Footer/Header buttons/Language_Button_RU' is clicked on

2018-03-29 15:45:11 - [TEST_STEP][PASSED] - waitForElementPresent: Object 'Object Repository/Header-Footer/Header buttons/Header_Button_Create a report' is not present after 2 second(s)

2018-03-29 15:45:13 - [MESSAGE][WARNING] - Object 'Object Repository/Header-Footer/Header buttons/Header_Button_Create a report' is not present after 2 second(s)

2018-03-29 15:45:13 - [TEST_STEP][PASSED] - verifyElementText: Actual text and expected text of test object 'Object Repository/Header-Footer/Header buttons/Header_Button_About us' are matched.

2018-03-29 15:45:13 - [MESSAGE][PASSED] - Actual text and expected text of test object 'Object Repository/Header-Footer/Header buttons/Header_Button_About us' are matched.

2018-03-29 15:45:13 - [TEST_STEP][PASSED] - click: Object: 'Object Repository/Header-Footer/Header buttons/Language_Button_FR' is clicked on

2018-03-29 15:45:14 - [MESSAGE][PASSED] - Object: 'Object Repository/Header-Footer/Header buttons/Language_Button_FR' is clicked on

2018-03-29 15:45:14 - [TEST_STEP][PASSED] - waitForElementPresent: Object 'Object Repository/Header-Footer/Header buttons/Header_Button_Create a report' is not present after 2 second(s)

2018-03-29 15:45:16 - [MESSAGE][WARNING] - Object 'Object Repository/Header-Footer/Header buttons/Header_Button_Create a report' is not present after 2 second(s)

2018-03-29 15:45:16 - [TEST_STEP][PASSED] - verifyElementText: Actual text and expected text of test object 'Object Repository/Header-Footer/Header buttons/Header_Button_About us' are matched.

2018-03-29 15:45:16 - [MESSAGE][PASSED] - Actual text and expected text of test object 'Object Repository/Header-Footer/Header buttons/Header_Button_About us' are matched.

2018-03-29 15:45:16 - [TEST_STEP][PASSED] - click: Object: 'Object Repository/Header-Footer/Header buttons/Language_Button_ES' is clicked on

2018-03-29 15:45:17 - [MESSAGE][PASSED] - Object: 'Object Repository/Header-Footer/Header buttons/Language_Button_ES' is clicked on

2018-03-29 15:45:17 - [TEST_STEP][PASSED] - waitForElementPresent: Object 'Object Repository/Header-Footer/Header buttons/Header_Button_Create a report' is not present after 2 second(s)

2018-03-29 15:45:19 - [MESSAGE][WARNING] - Object 'Object Repository/Header-Footer/Header buttons/Header_Button_Create a report' is not present after 2 second(s)

2018-03-29 15:45:19 - [TEST_STEP][PASSED] - verifyElementText: Actual text and expected text of test object 'Object Repository/Header-Footer/Header buttons/Header_Button_About us' are matched.

2018-03-29 15:45:19 - [MESSAGE][PASSED] - Actual text and expected text of test object 'Object Repository/Header-Footer/Header buttons/Header_Button_About us' are matched.

2018-03-29 15:45:19 - [TEST_STEP][PASSED] - click: Object: 'Object Repository/Header-Footer/Header buttons/Language_Button_IT' is clicked on

2018-03-29 15:45:20 - [MESSAGE][PASSED] - Object: 'Object Repository/Header-Footer/Header buttons/Language_Button_IT' is clicked on

2018-03-29 15:45:20 - [TEST_STEP][PASSED] - waitForElementPresent: Object 'Object Repository/Header-Footer/Header buttons/Header_Button_Create a report' is not present after 2 second(s)

2018-03-29 15:45:22 - [MESSAGE][WARNING] - Object 'Object Repository/Header-Footer/Header buttons/Header_Button_Create a report' is not present after 2 second(s)

2018-03-29 15:45:22 - [TEST_STEP][PASSED] - verifyElementText: Actual text and expected text of test object 'Object Repository/Header-Footer/Header buttons/Header_Button_About us' are matched.

2018-03-29 15:45:22 - [MESSAGE][PASSED] - Actual text and expected text of test object 'Object Repository/Header-Footer/Header buttons/Header_Button_About us' are matched.

2018-03-29 15:45:22 - [TEST_STEP][PASSED] - click: Object: 'Object Repository/Header-Footer/Header buttons/Language_Button_PL' is clicked on

2018-03-29 15:45:23 - [MESSAGE][PASSED] - Object: 'Object Repository/Header-Footer/Header buttons/Language_Button_PL' is clicked on

2018-03-29 15:45:23 - [TEST_STEP][PASSED] - waitForElementPresent: Object 'Object Repository/Header-Footer/Header buttons/Header_Button_Create a report' is not present after 2 second(s)

2018-03-29 15:45:25 - [MESSAGE][WARNING] - Object 'Object Repository/Header-Footer/Header buttons/Header_Button_Create a report' is not present after 2 second(s)

2018-03-29 15:45:25 - [TEST_STEP][PASSED] - verifyElementText: Actual text and expected text of test object 'Object Repository/Header-Footer/Header buttons/Header_Button_About us' are matched.

2018-03-29 15:45:25 - [MESSAGE][PASSED] - Actual text and expected text of test object 'Object Repository/Header-Footer/Header buttons/Header_Button_About us' are matched.

2018-03-29 15:45:25 - [TEST_STEP][PASSED] - click: Object: 'Object Repository/Header-Footer/Header buttons/Language_Button_EN' is clicked on

2018-03-29 15:45:26 - [MESSAGE][PASSED] - Object: 'Object Repository/Header-Footer/Header buttons/Language_Button_EN' is clicked on

2018-03-29 15:45:26 - [TEST_STEP][PASSED] - waitForElementPresent: Object 'Object Repository/Header-Footer/Header buttons/Header_Button_Create a report' is present

2018-03-29 15:45:26 - [MESSAGE][PASSED] - Object 'Object Repository/Header-Footer/Header buttons/Header_Button_Create a report' is present

2018-03-29 15:45:26 - [TEST_STEP][PASSED] - verifyElementText: Actual text and expected text of test object 'Object Repository/Header-Footer/Header buttons/Header_Button_About us' are matched.

2018-03-29 15:45:26 - [MESSAGE][PASSED] - Actual text and expected text of test object 'Object Repository/Header-Footer/Header buttons/Header_Button_About us' are matched.

2018-03-29 15:45:26 - [TEST_STEP][PASSED] - closeBrowser: Browser is closed

2018-03-29 15:45:27 - [MESSAGE][PASSED] - Browser is closed]]></system-out>
         <system-err><![CDATA[]]></system-err>
      </testcase>
      <testcase name="Test Cases/Language_test_cases/Language_Change_News" classname="Test Cases/Language_test_cases/Language_Change_News" status="FAILED">
         <failure type="FAILED" message="Verify element text of test object 'Object Repository/Header-Footer/Header buttons/Header_Button_About us' FAILED. (Root cause: Actual text 'SOBRE NOSOTROS' and expected text 'SU DI NOI' of test object 'Object Repository/Header-Footer/Header buttons/Header_Button_About us' are NOT matched.)"/>
         <system-out><![CDATA[2018-03-29 15:45:27 - [TEST_CASE][FAILED] - Test Cases/Language_test_cases/Language_Change_News: Test Cases/Language_test_cases/Language_Change_News FAILED because (of) Verify element text of test object 'Object Repository/Header-Footer/Header buttons/Header_Button_About us' FAILED. (Root cause: Actual text 'SOBRE NOSOTROS' and expected text 'SU DI NOI' of test object 'Object Repository/Header-Footer/Header buttons/Header_Button_About us' are NOT matched.)

2018-03-29 15:45:27 - [TEST_STEP][PASSED] - openBrowser: Browser is opened with url: ''

2018-03-29 15:45:29 - [MESSAGE][PASSED] - Browser is opened with url: ''

2018-03-29 15:45:29 - [TEST_STEP][PASSED] - navigateToUrl: Navigate to 'https://www.route-report.com/' successfully

2018-03-29 15:45:32 - [MESSAGE][PASSED] - Navigate to 'https://www.route-report.com/' successfully

2018-03-29 15:45:32 - [TEST_STEP][PASSED] - maximizeWindow: Current window maximized

2018-03-29 15:45:33 - [MESSAGE][PASSED] - Current window maximized

2018-03-29 15:45:33 - [TEST_STEP][PASSED] - click: Object: 'Object Repository/Header-Footer/Header buttons/Header_Button_NewsOffers' is clicked on

2018-03-29 15:45:34 - [MESSAGE][PASSED] - Object: 'Object Repository/Header-Footer/Header buttons/Header_Button_NewsOffers' is clicked on

2018-03-29 15:45:34 - [TEST_STEP][PASSED] - waitForElementPresent: Object 'Object Repository/Header-Footer/Ver_Buttons/ver_news' is present

2018-03-29 15:45:34 - [MESSAGE][PASSED] - Object 'Object Repository/Header-Footer/Ver_Buttons/ver_news' is present

2018-03-29 15:45:34 - [TEST_STEP][PASSED] - click: Object: 'Object Repository/Header-Footer/Header buttons/Language_Button_DE' is clicked on

2018-03-29 15:45:35 - [MESSAGE][PASSED] - Object: 'Object Repository/Header-Footer/Header buttons/Language_Button_DE' is clicked on

2018-03-29 15:45:35 - [TEST_STEP][PASSED] - waitForElementPresent: Object 'Object Repository/Header-Footer/Header buttons/Header_Button_Create a report' is not present after 2 second(s)

2018-03-29 15:45:38 - [MESSAGE][WARNING] - Object 'Object Repository/Header-Footer/Header buttons/Header_Button_Create a report' is not present after 2 second(s)

2018-03-29 15:45:38 - [TEST_STEP][PASSED] - verifyElementText: Actual text and expected text of test object 'Object Repository/Header-Footer/Header buttons/Header_Button_About us' are matched.

2018-03-29 15:45:38 - [MESSAGE][PASSED] - Actual text and expected text of test object 'Object Repository/Header-Footer/Header buttons/Header_Button_About us' are matched.

2018-03-29 15:45:38 - [TEST_STEP][PASSED] - click: Object: 'Object Repository/Header-Footer/Header buttons/Language_Button_RU' is clicked on

2018-03-29 15:45:39 - [MESSAGE][PASSED] - Object: 'Object Repository/Header-Footer/Header buttons/Language_Button_RU' is clicked on

2018-03-29 15:45:39 - [TEST_STEP][PASSED] - waitForElementPresent: Object 'Object Repository/Header-Footer/Header buttons/Header_Button_Create a report' is not present after 2 second(s)

2018-03-29 15:45:41 - [MESSAGE][WARNING] - Object 'Object Repository/Header-Footer/Header buttons/Header_Button_Create a report' is not present after 2 second(s)

2018-03-29 15:45:41 - [TEST_STEP][PASSED] - verifyElementText: Actual text and expected text of test object 'Object Repository/Header-Footer/Header buttons/Header_Button_About us' are matched.

2018-03-29 15:45:41 - [MESSAGE][PASSED] - Actual text and expected text of test object 'Object Repository/Header-Footer/Header buttons/Header_Button_About us' are matched.

2018-03-29 15:45:41 - [TEST_STEP][PASSED] - click: Object: 'Object Repository/Header-Footer/Header buttons/Language_Button_FR' is clicked on

2018-03-29 15:45:42 - [MESSAGE][PASSED] - Object: 'Object Repository/Header-Footer/Header buttons/Language_Button_FR' is clicked on

2018-03-29 15:45:42 - [TEST_STEP][PASSED] - waitForElementPresent: Object 'Object Repository/Header-Footer/Header buttons/Header_Button_Create a report' is not present after 2 second(s)

2018-03-29 15:45:44 - [MESSAGE][WARNING] - Object 'Object Repository/Header-Footer/Header buttons/Header_Button_Create a report' is not present after 2 second(s)

2018-03-29 15:45:44 - [TEST_STEP][PASSED] - verifyElementText: Actual text and expected text of test object 'Object Repository/Header-Footer/Header buttons/Header_Button_About us' are matched.

2018-03-29 15:45:45 - [MESSAGE][PASSED] - Actual text and expected text of test object 'Object Repository/Header-Footer/Header buttons/Header_Button_About us' are matched.

2018-03-29 15:45:45 - [TEST_STEP][PASSED] - click: Object: 'Object Repository/Header-Footer/Header buttons/Language_Button_ES' is clicked on

2018-03-29 15:45:47 - [MESSAGE][PASSED] - Object: 'Object Repository/Header-Footer/Header buttons/Language_Button_ES' is clicked on

2018-03-29 15:45:47 - [TEST_STEP][PASSED] - waitForElementPresent: Object 'Object Repository/Header-Footer/Header buttons/Header_Button_Create a report' is not present after 2 second(s)

2018-03-29 15:45:49 - [MESSAGE][WARNING] - Object 'Object Repository/Header-Footer/Header buttons/Header_Button_Create a report' is not present after 2 second(s)

2018-03-29 15:45:49 - [TEST_STEP][PASSED] - verifyElementText: Actual text and expected text of test object 'Object Repository/Header-Footer/Header buttons/Header_Button_About us' are matched.

2018-03-29 15:45:49 - [MESSAGE][PASSED] - Actual text and expected text of test object 'Object Repository/Header-Footer/Header buttons/Header_Button_About us' are matched.

2018-03-29 15:45:49 - [TEST_STEP][PASSED] - click: Object: 'Object Repository/Header-Footer/Header buttons/Language_Button_IT' is clicked on

2018-03-29 15:45:49 - [MESSAGE][PASSED] - Object: 'Object Repository/Header-Footer/Header buttons/Language_Button_IT' is clicked on

2018-03-29 15:45:49 - [TEST_STEP][PASSED] - waitForElementPresent: Object 'Object Repository/Header-Footer/Header buttons/Header_Button_Create a report' is not present after 2 second(s)

2018-03-29 15:45:51 - [MESSAGE][WARNING] - Object 'Object Repository/Header-Footer/Header buttons/Header_Button_Create a report' is not present after 2 second(s)

2018-03-29 15:45:51 - [TEST_STEP][FAILED] - verifyElementText: Verify element text of test object 'Object Repository/Header-Footer/Header buttons/Header_Button_About us' FAILED. (Root cause: Actual text 'SOBRE NOSOTROS' and expected text 'SU DI NOI' of test object 'Object Repository/Header-Footer/Header buttons/Header_Button_About us' are NOT matched.)

2018-03-29 15:45:52 - [MESSAGE][FAILED] - Actual text 'SOBRE NOSOTROS' and expected text 'SU DI NOI' of test object 'Object Repository/Header-Footer/Header buttons/Header_Button_About us' are NOT matched.
[[ATTACHMENT|C:\\Users\\user\\Katalon Studio\\Route_report_WEB\\Reports\\Language_test_cases\\20180329_153550\\1522327551813.png]]

2018-03-29 15:45:52 - [MESSAGE][FAILED] - Verify element text of test object 'Object Repository/Header-Footer/Header buttons/Header_Button_About us' FAILED. (Root cause: Actual text 'SOBRE NOSOTROS' and expected text 'SU DI NOI' of test object 'Object Repository/Header-Footer/Header buttons/Header_Button_About us' are NOT matched.)
[[ATTACHMENT|C:\\Users\\user\\Katalon Studio\\Route_report_WEB\\Reports\\Language_test_cases\\20180329_153550\\1522327552396.png]]]]></system-out>
         <system-err><![CDATA[2018-03-29 15:45:27 - [TEST_CASE][FAILED] - Test Cases/Language_test_cases/Language_Change_News: Test Cases/Language_test_cases/Language_Change_News FAILED because (of) Verify element text of test object 'Object Repository/Header-Footer/Header buttons/Header_Button_About us' FAILED. (Root cause: Actual text 'SOBRE NOSOTROS' and expected text 'SU DI NOI' of test object 'Object Repository/Header-Footer/Header buttons/Header_Button_About us' are NOT matched.)]]></system-err>
      </testcase>
      <testcase name="Test Cases/Language_test_cases/Language_Change_Search" classname="Test Cases/Language_test_cases/Language_Change_Search" status="PASSED">
         <system-out><![CDATA[2018-03-29 15:45:52 - [TEST_CASE][PASSED] - Test Cases/Language_test_cases/Language_Change_Search: Test Cases/Language_test_cases/Language_Change_Search

2018-03-29 15:45:52 - [TEST_STEP][PASSED] - openBrowser: Browser is opened with url: ''

2018-03-29 15:45:52 - [MESSAGE][WARNING] - A browser is already opened. Closing browser and opening a new one

2018-03-29 15:45:55 - [MESSAGE][PASSED] - Browser is opened with url: ''

2018-03-29 15:45:55 - [TEST_STEP][PASSED] - navigateToUrl: Navigate to 'https://www.route-report.com/' successfully

2018-03-29 15:45:58 - [MESSAGE][PASSED] - Navigate to 'https://www.route-report.com/' successfully

2018-03-29 15:45:58 - [TEST_STEP][PASSED] - maximizeWindow: Current window maximized

2018-03-29 15:45:59 - [MESSAGE][PASSED] - Current window maximized

2018-03-29 15:45:59 - [TEST_STEP][PASSED] - click: Object: 'Object Repository/Header-Footer/Header buttons/Header_Button_Search report' is clicked on

2018-03-29 15:46:02 - [MESSAGE][PASSED] - Object: 'Object Repository/Header-Footer/Header buttons/Header_Button_Search report' is clicked on

2018-03-29 15:46:02 - [TEST_STEP][PASSED] - waitForElementPresent: Object 'Object Repository/Header-Footer/Ver_Buttons/ver_Search block' is not present after 2 second(s)

2018-03-29 15:46:04 - [MESSAGE][WARNING] - Object 'Object Repository/Header-Footer/Ver_Buttons/ver_Search block' is not present after 2 second(s)

2018-03-29 15:46:04 - [TEST_STEP][PASSED] - click: Object: 'Object Repository/Header-Footer/Header buttons/Language_Button_DE' is clicked on

2018-03-29 15:46:05 - [MESSAGE][PASSED] - Object: 'Object Repository/Header-Footer/Header buttons/Language_Button_DE' is clicked on

2018-03-29 15:46:05 - [TEST_STEP][PASSED] - waitForElementPresent: Object 'Object Repository/Header-Footer/Header buttons/Header_Button_Create a report' is not present after 2 second(s)

2018-03-29 15:46:07 - [MESSAGE][WARNING] - Object 'Object Repository/Header-Footer/Header buttons/Header_Button_Create a report' is not present after 2 second(s)

2018-03-29 15:46:07 - [TEST_STEP][PASSED] - verifyElementText: Actual text and expected text of test object 'Object Repository/Header-Footer/Header buttons/Header_Button_About us' are matched.

2018-03-29 15:46:08 - [MESSAGE][PASSED] - Actual text and expected text of test object 'Object Repository/Header-Footer/Header buttons/Header_Button_About us' are matched.

2018-03-29 15:46:08 - [TEST_STEP][PASSED] - click: Object: 'Object Repository/Header-Footer/Header buttons/Language_Button_RU' is clicked on

2018-03-29 15:46:09 - [MESSAGE][PASSED] - Object: 'Object Repository/Header-Footer/Header buttons/Language_Button_RU' is clicked on

2018-03-29 15:46:09 - [TEST_STEP][PASSED] - waitForElementPresent: Object 'Object Repository/Header-Footer/Header buttons/Header_Button_Create a report' is not present after 2 second(s)

2018-03-29 15:46:11 - [MESSAGE][WARNING] - Object 'Object Repository/Header-Footer/Header buttons/Header_Button_Create a report' is not present after 2 second(s)

2018-03-29 15:46:11 - [TEST_STEP][PASSED] - verifyElementText: Actual text and expected text of test object 'Object Repository/Header-Footer/Header buttons/Header_Button_About us' are matched.

2018-03-29 15:46:12 - [MESSAGE][PASSED] - Actual text and expected text of test object 'Object Repository/Header-Footer/Header buttons/Header_Button_About us' are matched.

2018-03-29 15:46:12 - [TEST_STEP][PASSED] - click: Object: 'Object Repository/Header-Footer/Header buttons/Language_Button_FR' is clicked on

2018-03-29 15:46:13 - [MESSAGE][PASSED] - Object: 'Object Repository/Header-Footer/Header buttons/Language_Button_FR' is clicked on

2018-03-29 15:46:13 - [TEST_STEP][PASSED] - waitForElementPresent: Object 'Object Repository/Header-Footer/Header buttons/Header_Button_Create a report' is not present after 2 second(s)

2018-03-29 15:46:15 - [MESSAGE][WARNING] - Object 'Object Repository/Header-Footer/Header buttons/Header_Button_Create a report' is not present after 2 second(s)

2018-03-29 15:46:15 - [TEST_STEP][PASSED] - verifyElementText: Actual text and expected text of test object 'Object Repository/Header-Footer/Header buttons/Header_Button_About us' are matched.

2018-03-29 15:46:16 - [MESSAGE][PASSED] - Actual text and expected text of test object 'Object Repository/Header-Footer/Header buttons/Header_Button_About us' are matched.

2018-03-29 15:46:16 - [TEST_STEP][PASSED] - click: Object: 'Object Repository/Header-Footer/Header buttons/Language_Button_ES' is clicked on

2018-03-29 15:46:17 - [MESSAGE][PASSED] - Object: 'Object Repository/Header-Footer/Header buttons/Language_Button_ES' is clicked on

2018-03-29 15:46:17 - [TEST_STEP][PASSED] - waitForElementPresent: Object 'Object Repository/Header-Footer/Header buttons/Header_Button_Create a report' is not present after 2 second(s)

2018-03-29 15:46:19 - [MESSAGE][WARNING] - Object 'Object Repository/Header-Footer/Header buttons/Header_Button_Create a report' is not present after 2 second(s)

2018-03-29 15:46:19 - [TEST_STEP][PASSED] - verifyElementText: Actual text and expected text of test object 'Object Repository/Header-Footer/Header buttons/Header_Button_About us' are matched.

2018-03-29 15:46:20 - [MESSAGE][PASSED] - Actual text and expected text of test object 'Object Repository/Header-Footer/Header buttons/Header_Button_About us' are matched.

2018-03-29 15:46:20 - [TEST_STEP][PASSED] - click: Object: 'Object Repository/Header-Footer/Header buttons/Language_Button_IT' is clicked on

2018-03-29 15:46:21 - [MESSAGE][PASSED] - Object: 'Object Repository/Header-Footer/Header buttons/Language_Button_IT' is clicked on

2018-03-29 15:46:21 - [TEST_STEP][PASSED] - waitForElementPresent: Object 'Object Repository/Header-Footer/Header buttons/Header_Button_Create a report' is not present after 2 second(s)

2018-03-29 15:46:23 - [MESSAGE][WARNING] - Object 'Object Repository/Header-Footer/Header buttons/Header_Button_Create a report' is not present after 2 second(s)

2018-03-29 15:46:23 - [TEST_STEP][PASSED] - verifyElementText: Actual text and expected text of test object 'Object Repository/Header-Footer/Header buttons/Header_Button_About us' are matched.

2018-03-29 15:46:24 - [MESSAGE][PASSED] - Actual text and expected text of test object 'Object Repository/Header-Footer/Header buttons/Header_Button_About us' are matched.

2018-03-29 15:46:24 - [TEST_STEP][PASSED] - click: Object: 'Object Repository/Header-Footer/Header buttons/Language_Button_PL' is clicked on

2018-03-29 15:46:25 - [MESSAGE][PASSED] - Object: 'Object Repository/Header-Footer/Header buttons/Language_Button_PL' is clicked on

2018-03-29 15:46:25 - [TEST_STEP][PASSED] - waitForElementPresent: Object 'Object Repository/Header-Footer/Header buttons/Header_Button_Create a report' is not present after 2 second(s)

2018-03-29 15:46:27 - [MESSAGE][WARNING] - Object 'Object Repository/Header-Footer/Header buttons/Header_Button_Create a report' is not present after 2 second(s)

2018-03-29 15:46:27 - [TEST_STEP][PASSED] - verifyElementText: Actual text and expected text of test object 'Object Repository/Header-Footer/Header buttons/Header_Button_About us' are matched.

2018-03-29 15:46:28 - [MESSAGE][PASSED] - Actual text and expected text of test object 'Object Repository/Header-Footer/Header buttons/Header_Button_About us' are matched.

2018-03-29 15:46:28 - [TEST_STEP][PASSED] - click: Object: 'Object Repository/Header-Footer/Header buttons/Language_Button_EN' is clicked on

2018-03-29 15:46:29 - [MESSAGE][PASSED] - Object: 'Object Repository/Header-Footer/Header buttons/Language_Button_EN' is clicked on

2018-03-29 15:46:29 - [TEST_STEP][PASSED] - waitForElementPresent: Object 'Object Repository/Header-Footer/Header buttons/Header_Button_Create a report' is present

2018-03-29 15:46:29 - [MESSAGE][PASSED] - Object 'Object Repository/Header-Footer/Header buttons/Header_Button_Create a report' is present

2018-03-29 15:46:29 - [TEST_STEP][PASSED] - verifyElementText: Actual text and expected text of test object 'Object Repository/Header-Footer/Header buttons/Header_Button_About us' are matched.

2018-03-29 15:46:29 - [MESSAGE][PASSED] - Actual text and expected text of test object 'Object Repository/Header-Footer/Header buttons/Header_Button_About us' are matched.

2018-03-29 15:46:29 - [TEST_STEP][PASSED] - closeBrowser: Browser is closed

2018-03-29 15:46:30 - [MESSAGE][PASSED] - Browser is closed]]></system-out>
         <system-err><![CDATA[]]></system-err>
      </testcase>
      <testcase name="Test Cases/Language_test_cases/Language_Change_Account" classname="Test Cases/Language_test_cases/Language_Change_Account" status="FAILED">
         <failure type="FAILED" message="Unable to click on object 'Object Repository/Header-Footer/Header buttons/Language_Button_DE' (Root cause: org.openqa.selenium.WebDriverException: unknown error: Element &lt;a href=&quot;https://www.route-report.com/de/personal-cabinet/&quot; class=&quot;lang_item_l hfg-de-DE&quot; data-language=&quot;de-DE&quot;>&lt;/a> is not clickable at point (1277, 19). Other element would receive the click: &lt;div class=&quot;srm_loading&quot;>...&lt;/div>
  (Session info: chrome=65.0.3325.181)
  (Driver info: chromedriver=2.35.528161 (5b82f2d2aae0ca24b877009200ced9065a772e73),platform=Windows NT 6.3.9600 x86_64) (WARNING: The server did not provide any stacktrace information)
Command duration or timeout: 0 milliseconds
Build info: version: '3.7.1', revision: '8a0099a', time: '2017-11-06T21:07:36.161Z'
System info: host: 'BRAINPC', ip: '192.168.137.2', os.name: 'Windows 8.1', os.arch: 'amd64', os.version: '6.3', java.version: '1.8.0_102'
Driver info: com.kms.katalon.selenium.driver.CChromeDriver
Capabilities {acceptInsecureCerts: false, acceptSslCerts: false, applicationCacheEnabled: false, browserConnectionEnabled: false, browserName: chrome, chrome: {chromedriverVersion: 2.35.528161 (5b82f2d2aae0ca..., userDataDir: C:\Users\user\AppData\Local...}, cssSelectorsEnabled: true, databaseEnabled: false, handlesAlerts: true, hasTouchScreen: false, javascriptEnabled: true, locationContextEnabled: true, mobileEmulationEnabled: false, nativeEvents: true, networkConnectionEnabled: false, pageLoadStrategy: normal, platform: XP, platformName: XP, rotatable: false, setWindowRect: true, takesHeapSnapshot: true, takesScreenshot: true, unexpectedAlertBehaviour: , unhandledPromptBehavior: , version: 65.0.3325.181, webStorageEnabled: true}
Session ID: eb5a546f5c936d72a8b144671c6de0d6)"/>
         <system-out><![CDATA[2018-03-29 15:46:30 - [TEST_CASE][FAILED] - Test Cases/Language_test_cases/Language_Change_Account: Test Cases/Language_test_cases/Language_Change_Account FAILED because (of) Unable to click on object 'Object Repository/Header-Footer/Header buttons/Language_Button_DE' (Root cause: org.openqa.selenium.WebDriverException: unknown error: Element <a href="https://www.route-report.com/de/personal-cabinet/" class="lang_item_l hfg-de-DE" data-language="de-DE"></a> is not clickable at point (1277, 19). Other element would receive the click: <div class="srm_loading">...</div>
  (Session info: chrome=65.0.3325.181)
  (Driver info: chromedriver=2.35.528161 (5b82f2d2aae0ca24b877009200ced9065a772e73),platform=Windows NT 6.3.9600 x86_64) (WARNING: The server did not provide any stacktrace information)
Command duration or timeout: 0 milliseconds
Build info: version: '3.7.1', revision: '8a0099a', time: '2017-11-06T21:07:36.161Z'
System info: host: 'BRAINPC', ip: '192.168.137.2', os.name: 'Windows 8.1', os.arch: 'amd64', os.version: '6.3', java.version: '1.8.0_102'
Driver info: com.kms.katalon.selenium.driver.CChromeDriver
Capabilities {acceptInsecureCerts: false, acceptSslCerts: false, applicationCacheEnabled: false, browserConnectionEnabled: false, browserName: chrome, chrome: {chromedriverVersion: 2.35.528161 (5b82f2d2aae0ca..., userDataDir: C:\Users\user\AppData\Local...}, cssSelectorsEnabled: true, databaseEnabled: false, handlesAlerts: true, hasTouchScreen: false, javascriptEnabled: true, locationContextEnabled: true, mobileEmulationEnabled: false, nativeEvents: true, networkConnectionEnabled: false, pageLoadStrategy: normal, platform: XP, platformName: XP, rotatable: false, setWindowRect: true, takesHeapSnapshot: true, takesScreenshot: true, unexpectedAlertBehaviour: , unhandledPromptBehavior: , version: 65.0.3325.181, webStorageEnabled: true}
Session ID: eb5a546f5c936d72a8b144671c6de0d6)

2018-03-29 15:46:30 - [TEST_STEP][PASSED] - openBrowser: Browser is opened with url: ''

2018-03-29 15:46:32 - [MESSAGE][PASSED] - Browser is opened with url: ''

2018-03-29 15:46:32 - [TEST_STEP][PASSED] - navigateToUrl: Navigate to 'https://www.route-report.com/' successfully

2018-03-29 15:46:34 - [MESSAGE][PASSED] - Navigate to 'https://www.route-report.com/' successfully

2018-03-29 15:46:34 - [TEST_STEP][PASSED] - maximizeWindow: Current window maximized

2018-03-29 15:46:36 - [MESSAGE][PASSED] - Current window maximized

2018-03-29 15:46:36 - [TEST_STEP][PASSED] - click: Object: 'Object Repository/Login_registration/span_Login' is clicked on

2018-03-29 15:46:36 - [MESSAGE][PASSED] - Object: 'Object Repository/Login_registration/span_Login' is clicked on

2018-03-29 15:46:36 - [TEST_STEP][PASSED] - setText: Text 'rostyslav.biliaiev@route-report.com' is set on object 'Object Repository/Login_registration/input_in_login'

2018-03-29 15:46:36 - [MESSAGE][PASSED] - Text 'rostyslav.biliaiev@route-report.com' is set on object 'Object Repository/Login_registration/input_in_login'

2018-03-29 15:46:36 - [TEST_STEP][PASSED] - setText: Text '111111' is set on object 'Object Repository/Login_registration/input_in_password'

2018-03-29 15:46:37 - [MESSAGE][PASSED] - Text '111111' is set on object 'Object Repository/Login_registration/input_in_password'

2018-03-29 15:46:37 - [TEST_STEP][PASSED] - click: Object: 'Object Repository/Login_registration/button_LOG IN' is clicked on

2018-03-29 15:46:37 - [MESSAGE][PASSED] - Object: 'Object Repository/Login_registration/button_LOG IN' is clicked on

2018-03-29 15:46:37 - [TEST_STEP][PASSED] - verifyElementPresent: Object 'Object Repository/Login_registration/span_My spoken languages' is present

2018-03-29 15:46:41 - [MESSAGE][PASSED] - Object 'Object Repository/Login_registration/span_My spoken languages' is present

2018-03-29 15:46:41 - [TEST_STEP][FAILED] - click: Unable to click on object 'Object Repository/Header-Footer/Header buttons/Language_Button_DE' (Root cause: org.openqa.selenium.WebDriverException: unknown error: Element <a href="https://www.route-report.com/de/personal-cabinet/" class="lang_item_l hfg-de-DE" data-language="de-DE"></a> is not clickable at point (1277, 19). Other element would receive the click: <div class="srm_loading">...</div>
  (Session info: chrome=65.0.3325.181)
  (Driver info: chromedriver=2.35.528161 (5b82f2d2aae0ca24b877009200ced9065a772e73),platform=Windows NT 6.3.9600 x86_64) (WARNING: The server did not provide any stacktrace information)
Command duration or timeout: 0 milliseconds
Build info: version: '3.7.1', revision: '8a0099a', time: '2017-11-06T21:07:36.161Z'
System info: host: 'BRAINPC', ip: '192.168.137.2', os.name: 'Windows 8.1', os.arch: 'amd64', os.version: '6.3', java.version: '1.8.0_102'
Driver info: com.kms.katalon.selenium.driver.CChromeDriver
Capabilities {acceptInsecureCerts: false, acceptSslCerts: false, applicationCacheEnabled: false, browserConnectionEnabled: false, browserName: chrome, chrome: {chromedriverVersion: 2.35.528161 (5b82f2d2aae0ca..., userDataDir: C:\Users\user\AppData\Local...}, cssSelectorsEnabled: true, databaseEnabled: false, handlesAlerts: true, hasTouchScreen: false, javascriptEnabled: true, locationContextEnabled: true, mobileEmulationEnabled: false, nativeEvents: true, networkConnectionEnabled: false, pageLoadStrategy: normal, platform: XP, platformName: XP, rotatable: false, setWindowRect: true, takesHeapSnapshot: true, takesScreenshot: true, unexpectedAlertBehaviour: , unhandledPromptBehavior: , version: 65.0.3325.181, webStorageEnabled: true}
Session ID: eb5a546f5c936d72a8b144671c6de0d6)

2018-03-29 15:46:41 - [MESSAGE][FAILED] - Unable to click on object 'Object Repository/Header-Footer/Header buttons/Language_Button_DE' (Root cause: org.openqa.selenium.WebDriverException: unknown error: Element <a href="https://www.route-report.com/de/personal-cabinet/" class="lang_item_l hfg-de-DE" data-language="de-DE"></a> is not clickable at point (1277, 19). Other element would receive the click: <div class="srm_loading">...</div>
  (Session info: chrome=65.0.3325.181)
  (Driver info: chromedriver=2.35.528161 (5b82f2d2aae0ca24b877009200ced9065a772e73),platform=Windows NT 6.3.9600 x86_64) (WARNING: The server did not provide any stacktrace information)
Command duration or timeout: 0 milliseconds
Build info: version: '3.7.1', revision: '8a0099a', time: '2017-11-06T21:07:36.161Z'
System info: host: 'BRAINPC', ip: '192.168.137.2', os.name: 'Windows 8.1', os.arch: 'amd64', os.version: '6.3', java.version: '1.8.0_102'
Driver info: com.kms.katalon.selenium.driver.CChromeDriver
Capabilities {acceptInsecureCerts: false, acceptSslCerts: false, applicationCacheEnabled: false, browserConnectionEnabled: false, browserName: chrome, chrome: {chromedriverVersion: 2.35.528161 (5b82f2d2aae0ca..., userDataDir: C:\Users\user\AppData\Local...}, cssSelectorsEnabled: true, databaseEnabled: false, handlesAlerts: true, hasTouchScreen: false, javascriptEnabled: true, locationContextEnabled: true, mobileEmulationEnabled: false, nativeEvents: true, networkConnectionEnabled: false, pageLoadStrategy: normal, platform: XP, platformName: XP, rotatable: false, setWindowRect: true, takesHeapSnapshot: true, takesScreenshot: true, unexpectedAlertBehaviour: , unhandledPromptBehavior: , version: 65.0.3325.181, webStorageEnabled: true}
Session ID: eb5a546f5c936d72a8b144671c6de0d6)
[[ATTACHMENT|C:\\Users\\user\\Katalon Studio\\Route_report_WEB\\Reports\\Language_test_cases\\20180329_153550\\1522327601370.png]]]]></system-out>
         <system-err><![CDATA[2018-03-29 15:46:30 - [TEST_CASE][FAILED] - Test Cases/Language_test_cases/Language_Change_Account: Test Cases/Language_test_cases/Language_Change_Account FAILED because (of) Unable to click on object 'Object Repository/Header-Footer/Header buttons/Language_Button_DE' (Root cause: org.openqa.selenium.WebDriverException: unknown error: Element <a href="https://www.route-report.com/de/personal-cabinet/" class="lang_item_l hfg-de-DE" data-language="de-DE"></a> is not clickable at point (1277, 19). Other element would receive the click: <div class="srm_loading">...</div>
  (Session info: chrome=65.0.3325.181)
  (Driver info: chromedriver=2.35.528161 (5b82f2d2aae0ca24b877009200ced9065a772e73),platform=Windows NT 6.3.9600 x86_64) (WARNING: The server did not provide any stacktrace information)
Command duration or timeout: 0 milliseconds
Build info: version: '3.7.1', revision: '8a0099a', time: '2017-11-06T21:07:36.161Z'
System info: host: 'BRAINPC', ip: '192.168.137.2', os.name: 'Windows 8.1', os.arch: 'amd64', os.version: '6.3', java.version: '1.8.0_102'
Driver info: com.kms.katalon.selenium.driver.CChromeDriver
Capabilities {acceptInsecureCerts: false, acceptSslCerts: false, applicationCacheEnabled: false, browserConnectionEnabled: false, browserName: chrome, chrome: {chromedriverVersion: 2.35.528161 (5b82f2d2aae0ca..., userDataDir: C:\Users\user\AppData\Local...}, cssSelectorsEnabled: true, databaseEnabled: false, handlesAlerts: true, hasTouchScreen: false, javascriptEnabled: true, locationContextEnabled: true, mobileEmulationEnabled: false, nativeEvents: true, networkConnectionEnabled: false, pageLoadStrategy: normal, platform: XP, platformName: XP, rotatable: false, setWindowRect: true, takesHeapSnapshot: true, takesScreenshot: true, unexpectedAlertBehaviour: , unhandledPromptBehavior: , version: 65.0.3325.181, webStorageEnabled: true}
Session ID: eb5a546f5c936d72a8b144671c6de0d6)]]></system-err>
      </testcase>
      <testcase name="Test Cases/Language_test_cases/Language_change_report_Detail_page" classname="Test Cases/Language_test_cases/Language_change_report_Detail_page" status="PASSED">
         <system-out><![CDATA[2018-03-29 15:46:41 - [TEST_CASE][PASSED] - Test Cases/Language_test_cases/Language_change_report_Detail_page: Test Cases/Language_test_cases/Language_change_report_Detail_page

2018-03-29 15:46:42 - [TEST_STEP][PASSED] - openBrowser: Browser is opened with url: ''

2018-03-29 15:46:42 - [MESSAGE][WARNING] - A browser is already opened. Closing browser and opening a new one

2018-03-29 15:46:44 - [MESSAGE][PASSED] - Browser is opened with url: ''

2018-03-29 15:46:44 - [TEST_STEP][PASSED] - navigateToUrl: Navigate to 'https://www.route-report.com/' successfully

2018-03-29 15:46:47 - [MESSAGE][PASSED] - Navigate to 'https://www.route-report.com/' successfully

2018-03-29 15:46:47 - [TEST_STEP][PASSED] - maximizeWindow: Current window maximized

2018-03-29 15:46:48 - [MESSAGE][PASSED] - Current window maximized

2018-03-29 15:46:48 - [TEST_STEP][PASSED] - click: Object: 'Object Repository/Header-Footer/Header buttons/Header_Button__Authors' is clicked on

2018-03-29 15:46:51 - [MESSAGE][PASSED] - Object: 'Object Repository/Header-Footer/Header buttons/Header_Button__Authors' is clicked on

2018-03-29 15:46:51 - [TEST_STEP][PASSED] - waitForElementPresent: Object 'Object Repository/Header-Footer/Ver_Buttons/ver_block_TOP AUTHORS' is present

2018-03-29 15:46:51 - [MESSAGE][PASSED] - Object 'Object Repository/Header-Footer/Ver_Buttons/ver_block_TOP AUTHORS' is present

2018-03-29 15:46:51 - [TEST_STEP][PASSED] - click: Object: 'Object Repository/Search_Authors/link_Ana Maria Diez Venezuela01' is clicked on

2018-03-29 15:46:51 - [MESSAGE][PASSED] - Object: 'Object Repository/Search_Authors/link_Ana Maria Diez Venezuela01' is clicked on

2018-03-29 15:46:51 - [TEST_STEP][PASSED] - switchToWindowIndex: Switched to window with index: '1'

2018-03-29 15:46:51 - [MESSAGE][PASSED] - Switched to window with index: '1'

2018-03-29 15:46:51 - [TEST_STEP][PASSED] - waitForElementPresent: Object 'Object Repository/Header-Footer/Ver_Buttons/ver_Authors_page' is present

2018-03-29 15:46:58 - [MESSAGE][PASSED] - Object 'Object Repository/Header-Footer/Ver_Buttons/ver_Authors_page' is present

2018-03-29 15:46:58 - [TEST_STEP][PASSED] - click: Object: 'Object Repository/Header-Footer/link-details detail' is clicked on

2018-03-29 15:46:58 - [MESSAGE][PASSED] - Object: 'Object Repository/Header-Footer/link-details detail' is clicked on

2018-03-29 15:46:58 - [TEST_STEP][PASSED] - switchToWindowIndex: Switched to window with index: '2'

2018-03-29 15:46:58 - [MESSAGE][PASSED] - Switched to window with index: '2'

2018-03-29 15:46:58 - [TEST_STEP][PASSED] - waitForElementPresent: Object 'Object Repository/Header-Footer/Ver_Buttons/ver_detail_report_page' is present

2018-03-29 15:46:58 - [MESSAGE][WARNING] - Timeout '0' is invalid. Using default page load timeout: '30'

2018-03-29 15:47:01 - [MESSAGE][PASSED] - Object 'Object Repository/Header-Footer/Ver_Buttons/ver_detail_report_page' is present

2018-03-29 15:47:01 - [TEST_STEP][PASSED] - click: Object: 'Object Repository/Header-Footer/Header buttons/Language_Button_DE' is clicked on

2018-03-29 15:47:04 - [MESSAGE][PASSED] - Object: 'Object Repository/Header-Footer/Header buttons/Language_Button_DE' is clicked on

2018-03-29 15:47:04 - [TEST_STEP][PASSED] - waitForElementPresent: Object 'Object Repository/Header-Footer/Header buttons/Header_Button_Create a report' is not present after 2 second(s)

2018-03-29 15:47:06 - [MESSAGE][WARNING] - Object 'Object Repository/Header-Footer/Header buttons/Header_Button_Create a report' is not present after 2 second(s)

2018-03-29 15:47:06 - [TEST_STEP][PASSED] - verifyElementText: Actual text and expected text of test object 'Object Repository/Header-Footer/Header buttons/Header_Button_About us' are matched.

2018-03-29 15:47:06 - [MESSAGE][PASSED] - Actual text and expected text of test object 'Object Repository/Header-Footer/Header buttons/Header_Button_About us' are matched.

2018-03-29 15:47:06 - [TEST_STEP][PASSED] - click: Object: 'Object Repository/Header-Footer/Header buttons/Language_Button_RU' is clicked on

2018-03-29 15:47:09 - [MESSAGE][PASSED] - Object: 'Object Repository/Header-Footer/Header buttons/Language_Button_RU' is clicked on

2018-03-29 15:47:09 - [TEST_STEP][PASSED] - waitForElementPresent: Object 'Object Repository/Header-Footer/Header buttons/Header_Button_Create a report' is not present after 2 second(s)

2018-03-29 15:47:11 - [MESSAGE][WARNING] - Object 'Object Repository/Header-Footer/Header buttons/Header_Button_Create a report' is not present after 2 second(s)

2018-03-29 15:47:11 - [TEST_STEP][PASSED] - verifyElementText: Actual text and expected text of test object 'Object Repository/Header-Footer/Header buttons/Header_Button_About us' are matched.

2018-03-29 15:47:11 - [MESSAGE][PASSED] - Actual text and expected text of test object 'Object Repository/Header-Footer/Header buttons/Header_Button_About us' are matched.

2018-03-29 15:47:11 - [TEST_STEP][PASSED] - click: Object: 'Object Repository/Header-Footer/Header buttons/Language_Button_FR' is clicked on

2018-03-29 15:47:14 - [MESSAGE][PASSED] - Object: 'Object Repository/Header-Footer/Header buttons/Language_Button_FR' is clicked on

2018-03-29 15:47:14 - [TEST_STEP][PASSED] - waitForElementPresent: Object 'Object Repository/Header-Footer/Header buttons/Header_Button_Create a report' is not present after 3 second(s)

2018-03-29 15:47:17 - [MESSAGE][WARNING] - Object 'Object Repository/Header-Footer/Header buttons/Header_Button_Create a report' is not present after 3 second(s)

2018-03-29 15:47:17 - [TEST_STEP][PASSED] - verifyElementText: Actual text and expected text of test object 'Object Repository/Header-Footer/Header buttons/Header_Button_About us' are matched.

2018-03-29 15:47:17 - [MESSAGE][PASSED] - Actual text and expected text of test object 'Object Repository/Header-Footer/Header buttons/Header_Button_About us' are matched.

2018-03-29 15:47:17 - [TEST_STEP][PASSED] - click: Object: 'Object Repository/Header-Footer/Header buttons/Language_Button_ES' is clicked on

2018-03-29 15:47:20 - [MESSAGE][PASSED] - Object: 'Object Repository/Header-Footer/Header buttons/Language_Button_ES' is clicked on

2018-03-29 15:47:20 - [TEST_STEP][PASSED] - waitForElementPresent: Object 'Object Repository/Header-Footer/Header buttons/Header_Button_Create a report' is not present after 3 second(s)

2018-03-29 15:47:23 - [MESSAGE][WARNING] - Object 'Object Repository/Header-Footer/Header buttons/Header_Button_Create a report' is not present after 3 second(s)

2018-03-29 15:47:23 - [TEST_STEP][PASSED] - verifyElementText: Actual text and expected text of test object 'Object Repository/Header-Footer/Header buttons/Header_Button_About us' are matched.

2018-03-29 15:47:23 - [MESSAGE][PASSED] - Actual text and expected text of test object 'Object Repository/Header-Footer/Header buttons/Header_Button_About us' are matched.

2018-03-29 15:47:23 - [TEST_STEP][PASSED] - click: Object: 'Object Repository/Header-Footer/Header buttons/Language_Button_IT' is clicked on

2018-03-29 15:47:26 - [MESSAGE][PASSED] - Object: 'Object Repository/Header-Footer/Header buttons/Language_Button_IT' is clicked on

2018-03-29 15:47:26 - [TEST_STEP][PASSED] - waitForElementPresent: Object 'Object Repository/Header-Footer/Header buttons/Header_Button_Create a report' is not present after 2 second(s)

2018-03-29 15:47:28 - [MESSAGE][WARNING] - Object 'Object Repository/Header-Footer/Header buttons/Header_Button_Create a report' is not present after 2 second(s)

2018-03-29 15:47:28 - [TEST_STEP][PASSED] - verifyElementText: Actual text and expected text of test object 'Object Repository/Header-Footer/Header buttons/Header_Button_About us' are matched.

2018-03-29 15:47:28 - [MESSAGE][PASSED] - Actual text and expected text of test object 'Object Repository/Header-Footer/Header buttons/Header_Button_About us' are matched.

2018-03-29 15:47:28 - [TEST_STEP][PASSED] - click: Object: 'Object Repository/Header-Footer/Header buttons/Language_Button_PL' is clicked on

2018-03-29 15:47:31 - [MESSAGE][PASSED] - Object: 'Object Repository/Header-Footer/Header buttons/Language_Button_PL' is clicked on

2018-03-29 15:47:31 - [TEST_STEP][PASSED] - waitForElementPresent: Object 'Object Repository/Header-Footer/Header buttons/Header_Button_Create a report' is not present after 2 second(s)

2018-03-29 15:47:33 - [MESSAGE][WARNING] - Object 'Object Repository/Header-Footer/Header buttons/Header_Button_Create a report' is not present after 2 second(s)

2018-03-29 15:47:33 - [TEST_STEP][PASSED] - verifyElementText: Actual text and expected text of test object 'Object Repository/Header-Footer/Header buttons/Header_Button_About us' are matched.

2018-03-29 15:47:33 - [MESSAGE][PASSED] - Actual text and expected text of test object 'Object Repository/Header-Footer/Header buttons/Header_Button_About us' are matched.

2018-03-29 15:47:33 - [TEST_STEP][PASSED] - click: Object: 'Object Repository/Header-Footer/Header buttons/Language_Button_EN' is clicked on

2018-03-29 15:47:38 - [MESSAGE][PASSED] - Object: 'Object Repository/Header-Footer/Header buttons/Language_Button_EN' is clicked on

2018-03-29 15:47:38 - [TEST_STEP][PASSED] - waitForElementPresent: Object 'Object Repository/Header-Footer/Header buttons/Header_Button_Create a report' is present

2018-03-29 15:47:38 - [MESSAGE][PASSED] - Object 'Object Repository/Header-Footer/Header buttons/Header_Button_Create a report' is present

2018-03-29 15:47:38 - [TEST_STEP][PASSED] - verifyElementText: Actual text and expected text of test object 'Object Repository/Header-Footer/Header buttons/Header_Button_About us' are matched.

2018-03-29 15:47:38 - [MESSAGE][PASSED] - Actual text and expected text of test object 'Object Repository/Header-Footer/Header buttons/Header_Button_About us' are matched.

2018-03-29 15:47:38 - [TEST_STEP][PASSED] - closeBrowser: Browser is closed

2018-03-29 15:47:39 - [MESSAGE][PASSED] - Browser is closed]]></system-out>
         <system-err><![CDATA[]]></system-err>
      </testcase>
      <testcase name="Test Cases/Language_test_cases/Languge_Change_Report_View" classname="Test Cases/Language_test_cases/Languge_Change_Report_View" status="FAILED">
         <failure type="FAILED" message="Unable to click on object 'Object Repository/Header-Footer/View report language buttons/View_report_a_lang_item_l de' (Root cause: com.kms.katalon.core.webui.exception.WebElementNotFoundException: Web element with id: 'Object Repository/Header-Footer/View report language buttons/View_report_a_lang_item_l de' located by 'By.xpath: .//div[@class='languages_box']/a[2]' not found)"/>
         <system-out><![CDATA[2018-03-29 15:47:39 - [TEST_CASE][FAILED] - Test Cases/Language_test_cases/Languge_Change_Report_View: Test Cases/Language_test_cases/Languge_Change_Report_View FAILED because (of) Unable to click on object 'Object Repository/Header-Footer/View report language buttons/View_report_a_lang_item_l de' (Root cause: com.kms.katalon.core.webui.exception.WebElementNotFoundException: Web element with id: 'Object Repository/Header-Footer/View report language buttons/View_report_a_lang_item_l de' located by 'By.xpath: .//div[@class='languages_box']/a[2]' not found)

2018-03-29 15:47:39 - [TEST_STEP][PASSED] - openBrowser: Browser is opened with url: ''

2018-03-29 15:47:42 - [MESSAGE][PASSED] - Browser is opened with url: ''

2018-03-29 15:47:42 - [TEST_STEP][PASSED] - navigateToUrl: Navigate to 'https://www.route-report.com/' successfully

2018-03-29 15:47:45 - [MESSAGE][PASSED] - Navigate to 'https://www.route-report.com/' successfully

2018-03-29 15:47:45 - [TEST_STEP][PASSED] - maximizeWindow: Current window maximized

2018-03-29 15:47:46 - [MESSAGE][PASSED] - Current window maximized

2018-03-29 15:47:46 - [TEST_STEP][PASSED] - click: Object: 'Object Repository/Login_registration/span_Login' is clicked on

2018-03-29 15:47:46 - [MESSAGE][PASSED] - Object: 'Object Repository/Login_registration/span_Login' is clicked on

2018-03-29 15:47:46 - [TEST_STEP][PASSED] - setText: Text 'rostyslav.biliaiev@route-report.com' is set on object 'Object Repository/Login_registration/input_in_login'

2018-03-29 15:47:47 - [MESSAGE][PASSED] - Text 'rostyslav.biliaiev@route-report.com' is set on object 'Object Repository/Login_registration/input_in_login'

2018-03-29 15:47:47 - [TEST_STEP][PASSED] - setText: Text '111111' is set on object 'Object Repository/Login_registration/input_in_password'

2018-03-29 15:47:47 - [MESSAGE][PASSED] - Text '111111' is set on object 'Object Repository/Login_registration/input_in_password'

2018-03-29 15:47:47 - [TEST_STEP][PASSED] - click: Object: 'Object Repository/Login_registration/button_LOG IN' is clicked on

2018-03-29 15:47:47 - [MESSAGE][PASSED] - Object: 'Object Repository/Login_registration/button_LOG IN' is clicked on

2018-03-29 15:47:47 - [TEST_STEP][PASSED] - verifyElementPresent: Object 'Object Repository/Login_registration/span_My spoken languages' is present

2018-03-29 15:47:52 - [MESSAGE][PASSED] - Object 'Object Repository/Login_registration/span_My spoken languages' is present

2018-03-29 15:47:52 - [TEST_STEP][PASSED] - delay: Delayed 1 second(s)

2018-03-29 15:47:53 - [MESSAGE][PASSED] - Delayed 1 second(s)

2018-03-29 15:47:53 - [TEST_STEP][PASSED] - click: Object: 'Object Repository/Header-Footer/Block_Purchased reports' is clicked on

2018-03-29 15:47:53 - [MESSAGE][PASSED] - Object: 'Object Repository/Header-Footer/Block_Purchased reports' is clicked on

2018-03-29 15:47:53 - [TEST_STEP][PASSED] - waitForElementPresent: Object 'Object Repository/Header-Footer/Button_More' is present

2018-03-29 15:47:53 - [MESSAGE][WARNING] - Timeout '0' is invalid. Using default page load timeout: '30'

2018-03-29 15:47:54 - [MESSAGE][PASSED] - Object 'Object Repository/Header-Footer/Button_More' is present

2018-03-29 15:47:54 - [TEST_STEP][PASSED] - click: Object: 'Object Repository/Header-Footer/Button_More' is clicked on

2018-03-29 15:47:55 - [MESSAGE][PASSED] - Object: 'Object Repository/Header-Footer/Button_More' is clicked on

2018-03-29 15:47:55 - [TEST_STEP][PASSED] - switchToWindowIndex: Switched to window with index: '1'

2018-03-29 15:47:55 - [MESSAGE][PASSED] - Switched to window with index: '1'

2018-03-29 15:47:55 - [TEST_STEP][PASSED] - waitForPageLoad: Wait for page load successfully

2018-03-29 15:47:56 - [MESSAGE][PASSED] - Wait for page load successfully

2018-03-29 15:47:56 - [TEST_STEP][PASSED] - delay: Delayed 2 second(s)

2018-03-29 15:47:58 - [MESSAGE][PASSED] - Delayed 2 second(s)

2018-03-29 15:47:58 - [TEST_STEP][FAILED] - click: Unable to click on object 'Object Repository/Header-Footer/View report language buttons/View_report_a_lang_item_l de' (Root cause: com.kms.katalon.core.webui.exception.WebElementNotFoundException: Web element with id: 'Object Repository/Header-Footer/View report language buttons/View_report_a_lang_item_l de' located by 'By.xpath: .//div[@class='languages_box']/a[2]' not found)

2018-03-29 15:48:31 - [MESSAGE][FAILED] - Unable to click on object 'Object Repository/Header-Footer/View report language buttons/View_report_a_lang_item_l de' (Root cause: com.kms.katalon.core.webui.exception.WebElementNotFoundException: Web element with id: 'Object Repository/Header-Footer/View report language buttons/View_report_a_lang_item_l de' located by 'By.xpath: .//div[@class='languages_box']/a[2]' not found)
[[ATTACHMENT|C:\\Users\\user\\Katalon Studio\\Route_report_WEB\\Reports\\Language_test_cases\\20180329_153550\\1522327710993.png]]]]></system-out>
         <system-err><![CDATA[2018-03-29 15:47:39 - [TEST_CASE][FAILED] - Test Cases/Language_test_cases/Languge_Change_Report_View: Test Cases/Language_test_cases/Languge_Change_Report_View FAILED because (of) Unable to click on object 'Object Repository/Header-Footer/View report language buttons/View_report_a_lang_item_l de' (Root cause: com.kms.katalon.core.webui.exception.WebElementNotFoundException: Web element with id: 'Object Repository/Header-Footer/View report language buttons/View_report_a_lang_item_l de' located by 'By.xpath: .//div[@class='languages_box']/a[2]' not found)]]></system-err>
      </testcase>
      <testcase name="Test Cases/Language_test_cases/Language_Change_Authors_page" classname="Test Cases/Language_test_cases/Language_Change_Authors_page" status="PASSED">
         <system-out><![CDATA[2018-03-29 15:48:31 - [TEST_CASE][PASSED] - Test Cases/Language_test_cases/Language_Change_Authors_page: Test Cases/Language_test_cases/Language_Change_Authors_page

2018-03-29 15:48:31 - [TEST_STEP][PASSED] - openBrowser: Browser is opened with url: ''

2018-03-29 15:48:31 - [MESSAGE][WARNING] - A browser is already opened. Closing browser and opening a new one

2018-03-29 15:48:34 - [MESSAGE][PASSED] - Browser is opened with url: ''

2018-03-29 15:48:34 - [TEST_STEP][PASSED] - navigateToUrl: Navigate to 'https://www.route-report.com/' successfully

2018-03-29 15:48:37 - [MESSAGE][PASSED] - Navigate to 'https://www.route-report.com/' successfully

2018-03-29 15:48:37 - [TEST_STEP][PASSED] - maximizeWindow: Current window maximized

2018-03-29 15:48:38 - [MESSAGE][PASSED] - Current window maximized

2018-03-29 15:48:38 - [TEST_STEP][PASSED] - click: Object: 'Object Repository/Header-Footer/Header buttons/Header_Button__Authors' is clicked on

2018-03-29 15:48:40 - [MESSAGE][PASSED] - Object: 'Object Repository/Header-Footer/Header buttons/Header_Button__Authors' is clicked on

2018-03-29 15:48:40 - [TEST_STEP][PASSED] - waitForElementPresent: Object 'Object Repository/Header-Footer/Ver_Buttons/ver_block_TOP AUTHORS' is present

2018-03-29 15:48:40 - [MESSAGE][PASSED] - Object 'Object Repository/Header-Footer/Ver_Buttons/ver_block_TOP AUTHORS' is present

2018-03-29 15:48:40 - [TEST_STEP][PASSED] - click: Object: 'Object Repository/Search_Authors/link_Ana Maria Diez Venezuela01' is clicked on

2018-03-29 15:48:40 - [MESSAGE][PASSED] - Object: 'Object Repository/Search_Authors/link_Ana Maria Diez Venezuela01' is clicked on

2018-03-29 15:48:40 - [TEST_STEP][PASSED] - switchToWindowIndex: Switched to window with index: '1'

2018-03-29 15:48:40 - [MESSAGE][PASSED] - Switched to window with index: '1'

2018-03-29 15:48:40 - [TEST_STEP][PASSED] - waitForElementPresent: Object 'Object Repository/Header-Footer/Ver_Buttons/ver_Authors_page' is present

2018-03-29 15:48:47 - [MESSAGE][PASSED] - Object 'Object Repository/Header-Footer/Ver_Buttons/ver_Authors_page' is present

2018-03-29 15:48:47 - [TEST_STEP][PASSED] - click: Object: 'Object Repository/Header-Footer/Header buttons/Language_Button_DE' is clicked on

2018-03-29 15:48:50 - [MESSAGE][PASSED] - Object: 'Object Repository/Header-Footer/Header buttons/Language_Button_DE' is clicked on

2018-03-29 15:48:50 - [TEST_STEP][PASSED] - waitForElementPresent: Object 'Object Repository/Header-Footer/Header buttons/Header_Button_Create a report' is not present after 2 second(s)

2018-03-29 15:48:52 - [MESSAGE][WARNING] - Object 'Object Repository/Header-Footer/Header buttons/Header_Button_Create a report' is not present after 2 second(s)

2018-03-29 15:48:52 - [TEST_STEP][PASSED] - verifyElementText: Actual text and expected text of test object 'Object Repository/Header-Footer/Header buttons/Header_Button_About us' are matched.

2018-03-29 15:48:52 - [MESSAGE][PASSED] - Actual text and expected text of test object 'Object Repository/Header-Footer/Header buttons/Header_Button_About us' are matched.

2018-03-29 15:48:52 - [TEST_STEP][PASSED] - click: Object: 'Object Repository/Header-Footer/Header buttons/Language_Button_RU' is clicked on

2018-03-29 15:48:55 - [MESSAGE][PASSED] - Object: 'Object Repository/Header-Footer/Header buttons/Language_Button_RU' is clicked on

2018-03-29 15:48:55 - [TEST_STEP][PASSED] - waitForElementPresent: Object 'Object Repository/Header-Footer/Header buttons/Header_Button_Create a report' is not present after 2 second(s)

2018-03-29 15:48:57 - [MESSAGE][WARNING] - Object 'Object Repository/Header-Footer/Header buttons/Header_Button_Create a report' is not present after 2 second(s)

2018-03-29 15:48:57 - [TEST_STEP][PASSED] - verifyElementText: Actual text and expected text of test object 'Object Repository/Header-Footer/Header buttons/Header_Button_About us' are matched.

2018-03-29 15:48:57 - [MESSAGE][PASSED] - Actual text and expected text of test object 'Object Repository/Header-Footer/Header buttons/Header_Button_About us' are matched.

2018-03-29 15:48:57 - [TEST_STEP][PASSED] - click: Object: 'Object Repository/Header-Footer/Header buttons/Language_Button_FR' is clicked on

2018-03-29 15:49:00 - [MESSAGE][PASSED] - Object: 'Object Repository/Header-Footer/Header buttons/Language_Button_FR' is clicked on

2018-03-29 15:49:00 - [TEST_STEP][PASSED] - waitForElementPresent: Object 'Object Repository/Header-Footer/Header buttons/Header_Button_Create a report' is not present after 3 second(s)

2018-03-29 15:49:03 - [MESSAGE][WARNING] - Object 'Object Repository/Header-Footer/Header buttons/Header_Button_Create a report' is not present after 3 second(s)

2018-03-29 15:49:03 - [TEST_STEP][PASSED] - verifyElementText: Actual text and expected text of test object 'Object Repository/Header-Footer/Header buttons/Header_Button_About us' are matched.

2018-03-29 15:49:03 - [MESSAGE][PASSED] - Actual text and expected text of test object 'Object Repository/Header-Footer/Header buttons/Header_Button_About us' are matched.

2018-03-29 15:49:03 - [TEST_STEP][PASSED] - click: Object: 'Object Repository/Header-Footer/Header buttons/Language_Button_ES' is clicked on

2018-03-29 15:49:05 - [MESSAGE][PASSED] - Object: 'Object Repository/Header-Footer/Header buttons/Language_Button_ES' is clicked on

2018-03-29 15:49:05 - [TEST_STEP][PASSED] - waitForElementPresent: Object 'Object Repository/Header-Footer/Header buttons/Header_Button_Create a report' is not present after 3 second(s)

2018-03-29 15:49:09 - [MESSAGE][WARNING] - Object 'Object Repository/Header-Footer/Header buttons/Header_Button_Create a report' is not present after 3 second(s)

2018-03-29 15:49:09 - [TEST_STEP][PASSED] - verifyElementText: Actual text and expected text of test object 'Object Repository/Header-Footer/Header buttons/Header_Button_About us' are matched.

2018-03-29 15:49:09 - [MESSAGE][PASSED] - Actual text and expected text of test object 'Object Repository/Header-Footer/Header buttons/Header_Button_About us' are matched.

2018-03-29 15:49:09 - [TEST_STEP][PASSED] - click: Object: 'Object Repository/Header-Footer/Header buttons/Language_Button_IT' is clicked on

2018-03-29 15:49:12 - [MESSAGE][PASSED] - Object: 'Object Repository/Header-Footer/Header buttons/Language_Button_IT' is clicked on

2018-03-29 15:49:12 - [TEST_STEP][PASSED] - waitForElementPresent: Object 'Object Repository/Header-Footer/Header buttons/Header_Button_Create a report' is not present after 2 second(s)

2018-03-29 15:49:14 - [MESSAGE][WARNING] - Object 'Object Repository/Header-Footer/Header buttons/Header_Button_Create a report' is not present after 2 second(s)

2018-03-29 15:49:14 - [TEST_STEP][PASSED] - verifyElementText: Actual text and expected text of test object 'Object Repository/Header-Footer/Header buttons/Header_Button_About us' are matched.

2018-03-29 15:49:14 - [MESSAGE][PASSED] - Actual text and expected text of test object 'Object Repository/Header-Footer/Header buttons/Header_Button_About us' are matched.

2018-03-29 15:49:14 - [TEST_STEP][PASSED] - click: Object: 'Object Repository/Header-Footer/Header buttons/Language_Button_PL' is clicked on

2018-03-29 15:49:16 - [MESSAGE][PASSED] - Object: 'Object Repository/Header-Footer/Header buttons/Language_Button_PL' is clicked on

2018-03-29 15:49:16 - [TEST_STEP][PASSED] - waitForElementPresent: Object 'Object Repository/Header-Footer/Header buttons/Header_Button_Create a report' is not present after 2 second(s)

2018-03-29 15:49:19 - [MESSAGE][WARNING] - Object 'Object Repository/Header-Footer/Header buttons/Header_Button_Create a report' is not present after 2 second(s)

2018-03-29 15:49:19 - [TEST_STEP][PASSED] - verifyElementText: Actual text and expected text of test object 'Object Repository/Header-Footer/Header buttons/Header_Button_About us' are matched.

2018-03-29 15:49:19 - [MESSAGE][PASSED] - Actual text and expected text of test object 'Object Repository/Header-Footer/Header buttons/Header_Button_About us' are matched.

2018-03-29 15:49:19 - [TEST_STEP][PASSED] - click: Object: 'Object Repository/Header-Footer/Header buttons/Language_Button_EN' is clicked on

2018-03-29 15:49:22 - [MESSAGE][PASSED] - Object: 'Object Repository/Header-Footer/Header buttons/Language_Button_EN' is clicked on

2018-03-29 15:49:22 - [TEST_STEP][PASSED] - waitForElementPresent: Object 'Object Repository/Header-Footer/Header buttons/Header_Button_Create a report' is present

2018-03-29 15:49:22 - [MESSAGE][PASSED] - Object 'Object Repository/Header-Footer/Header buttons/Header_Button_Create a report' is present

2018-03-29 15:49:22 - [TEST_STEP][PASSED] - verifyElementText: Actual text and expected text of test object 'Object Repository/Header-Footer/Header buttons/Header_Button_About us' are matched.

2018-03-29 15:49:22 - [MESSAGE][PASSED] - Actual text and expected text of test object 'Object Repository/Header-Footer/Header buttons/Header_Button_About us' are matched.

2018-03-29 15:49:22 - [TEST_STEP][PASSED] - closeBrowser: Browser is closed

2018-03-29 15:49:23 - [MESSAGE][PASSED] - Browser is closed]]></system-out>
         <system-err><![CDATA[]]></system-err>
      </testcase>
      <system-out><![CDATA[2018-03-29 15:42:06 - [TEST_SUITE][FAILED] - Language_test_cases: Test Cases/Language_test_cases/Language_Change_News FAILED because (of) Verify element text of test object 'Object Repository/Header-Footer/Header buttons/Header_Button_About us' FAILED. (Root cause: Actual text 'SOBRE NOSOTROS' and expected text 'SU DI NOI' of test object 'Object Repository/Header-Footer/Header buttons/Header_Button_About us' are NOT matched.)]]></system-out>
      <system-err><![CDATA[2018-03-29 15:42:06 - [TEST_SUITE][FAILED] - Language_test_cases: Test Cases/Language_test_cases/Language_Change_News FAILED because (of) Verify element text of test object 'Object Repository/Header-Footer/Header buttons/Header_Button_About us' FAILED. (Root cause: Actual text 'SOBRE NOSOTROS' and expected text 'SU DI NOI' of test object 'Object Repository/Header-Footer/Header buttons/Header_Button_About us' are NOT matched.)]]></system-err>
   </testsuite>
</testsuites>
